DV_date	QTOT	QGW_fixed	QGW_slide	QGW_locmin
10D	12N	12N	12N	12N
10/01/1990	    0.02	    0.02	    0.02	    0.00
10/02/1990	    0.02	    0.02	    0.02	    0.00
10/03/1990	    0.02	    0.02	    0.02	    0.02
10/04/1990	    0.03	    0.02	    0.02	    0.02
10/05/1990	    0.03	    0.02	    0.02	    0.02
10/06/1990	    0.02	    0.02	    0.02	    0.02
10/07/1990	    0.02	    0.02	    0.02	    0.02
10/08/1990	    0.02	    0.02	    0.02	    0.02
10/09/1990	    0.02	    0.02	    0.02	    0.02
10/10/1990	    0.03	    0.03	    0.02	    0.03
10/11/1990	    0.06	    0.03	    0.03	    0.04
10/12/1990	    0.09	    0.03	    0.06	    0.05
10/13/1990	    0.06	    0.06	    0.06	    0.06
10/14/1990	    0.09	    0.06	    0.06	    0.07
10/15/1990	    0.17	    0.06	    0.09	    0.08
10/16/1990	    0.14	    0.12	    0.12	    0.10
10/17/1990	    0.12	    0.12	    0.12	    0.12
10/18/1990	    9.67	    0.12	    0.12	    0.15
10/19/1990	    2.21	    0.25	    0.25	    0.19
10/20/1990	    0.25	    0.25	    0.25	    0.25
10/21/1990	    0.76	    0.25	    0.25	    0.21
10/22/1990	    0.49	    0.10	    0.14	    0.18
10/23/1990	    0.14	    0.10	    0.10	    0.14
10/24/1990	    0.10	    0.10	    0.08	    0.10
10/25/1990	    0.08	    0.05	    0.06	    0.08
10/26/1990	    0.06	    0.05	    0.05	    0.06
10/27/1990	    0.05	    0.05	    0.05	    0.05
10/28/1990	    0.05	    0.04	    0.04	    0.05
10/29/1990	    0.04	    0.04	    0.04	    0.04
10/30/1990	    0.04	    0.04	    0.03	    0.04
10/31/1990	    0.03	    0.03	    0.03	    0.03
11/01/1990	    0.03	    0.03	    0.03	    0.03
11/02/1990	    0.03	    0.03	    0.03	    0.03
11/03/1990	    0.07	    0.07	    0.03	    0.05
11/04/1990	    0.46	    0.07	    0.07	    0.06
11/05/1990	    0.91	    0.07	    0.46	    0.08
11/06/1990	    2.29	    0.36	    0.84	    0.11
11/07/1990	    0.84	    0.36	    0.36	    0.13
11/08/1990	    0.36	    0.36	    0.22	    0.17
11/09/1990	    0.22	    0.22	    0.22	    0.22
11/10/1990	    0.38	    0.22	    0.22	    0.18
11/11/1990	    0.32	    0.22	    0.16	    0.14
11/12/1990	    0.16	    0.07	    0.10	    0.12
11/13/1990	    0.10	    0.07	    0.07	    0.09
11/14/1990	    0.07	    0.07	    0.06	    0.07
11/15/1990	    0.06	    0.06	    0.06	    0.06
11/16/1990	    0.07	    0.06	    0.06	    0.06
11/17/1990	    0.06	    0.06	    0.06	    0.06
11/18/1990	    0.06	    0.05	    0.06	    0.06
11/19/1990	    0.06	    0.05	    0.05	    0.06
11/20/1990	    0.05	    0.05	    0.05	    0.05
11/21/1990	    0.09	    0.09	    0.05	    0.05
11/22/1990	    0.20	    0.09	    0.09	    0.05
11/23/1990	    0.19	    0.09	    0.12	    0.05
11/24/1990	    0.12	    0.05	    0.08	    0.05
11/25/1990	    0.08	    0.05	    0.05	    0.05
11/26/1990	    0.05	    0.05	    0.05	    0.05
11/27/1990	    0.05	    0.05	    0.05	    0.05
11/28/1990	    0.18	    0.05	    0.05	    0.04
11/29/1990	    0.14	    0.05	    0.07	    0.04
11/30/1990	    0.07	    0.03	    0.04	    0.04
12/01/1990	    0.04	    0.03	    0.03	    0.03
12/02/1990	    0.03	    0.03	    0.03	    0.03
12/03/1990	    0.10	    0.03	    0.03	    0.03
12/04/1990	    0.34	    0.03	    0.03	    0.03
12/05/1990	    0.03	    0.03	    0.03	    0.03
12/06/1990	    0.04	    0.02	    0.02	    0.03
12/07/1990	    0.02	    0.02	    0.02	    0.02
12/08/1990	    0.02	    0.02	    0.01	    0.02
12/09/1990	    0.01	    0.01	    0.01	    0.01
12/10/1990	    0.02	    0.01	    0.01	    0.02
12/11/1990	    0.07	    0.01	    0.02	    0.02
12/12/1990	    0.70	    0.70	    0.07	    0.02
12/13/1990	    2.09	    0.70	    0.70	    0.02
12/14/1990	    0.76	    0.70	    0.07	    0.02
12/15/1990	    0.07	    0.04	    0.05	    0.02
12/16/1990	    0.05	    0.04	    0.04	    0.03
12/17/1990	    0.04	    0.04	    0.04	    0.03
12/18/1990	    0.04	    0.04	    0.04	    0.03
12/19/1990	    0.04	    0.04	    0.04	    0.04
12/20/1990	    0.04	    0.04	    0.03	    0.03
12/21/1990	    0.03	    0.02	    0.03	    0.03
12/22/1990	    0.03	    0.02	    0.02	    0.03
12/23/1990	    0.02	    0.02	    0.02	    0.02
12/24/1990	    0.02	    0.02	    0.02	    0.02
12/25/1990	    0.02	    0.02	    0.02	    0.02
12/26/1990	    0.02	    0.02	    0.02	    0.02
12/27/1990	    0.02	    0.02	    0.02	    0.02
12/28/1990	    0.02	    0.02	    0.02	    0.02
12/29/1990	    0.03	    0.02	    0.02	    0.02
12/30/1990	    0.03	    0.02	    0.02	    0.01
12/31/1990	    0.02	    0.02	    0.02	    0.01
01/01/1991	    0.02	    0.02	    0.02	    0.01
01/02/1991	    0.02	    0.02	    0.02	    0.01
01/03/1991	    0.02	    0.02	    0.02	    0.01
01/04/1991	    0.02	    0.02	    0.01	    0.01
01/05/1991	    0.01	    0.01	    0.01	    0.01
01/06/1991	    0.01	    0.01	    0.01	    0.01
01/07/1991	    0.01	    0.01	    0.01	    0.01
01/08/1991	    0.01	    0.01	    0.01	    0.01
01/09/1991	    0.01	    0.01	    0.01	    0.01
01/10/1991	    0.01	    0.01	    0.01	    0.01
01/11/1991	    0.01	    0.01	    0.01	    0.01
01/12/1991	    0.01	    0.01	    0.01	    0.01
01/13/1991	    0.01	    0.01	    0.01	    0.01
01/14/1991	    0.01	    0.01	    0.01	    0.01
01/15/1991	    0.01	    0.01	    0.01	    0.01
01/16/1991	    0.01	    0.01	    0.01	    0.01
01/17/1991	    0.01	    0.01	    0.01	    0.01
01/18/1991	    0.02	    0.01	    0.01	    0.01
01/19/1991	    0.02	    0.01	    0.02	    0.01
01/20/1991	    0.02	    0.01	    0.01	    0.01
01/21/1991	    0.01	    0.01	    0.01	    0.01
01/22/1991	    0.01	    0.01	    0.01	    0.01
01/23/1991	    0.01	    0.01	    0.01	    0.01
01/24/1991	    0.01	    0.01	    0.01	    0.01
01/25/1991	    0.01	    0.01	    0.01	    0.01
01/26/1991	    0.01	    0.00	    0.01	    0.01
01/27/1991	    0.01	    0.00	    0.00	    0.01
01/28/1991	    0.00	    0.00	    0.00	    0.00
01/29/1991	    0.00	    0.00	    0.00	    0.00
01/30/1991	    0.00	    0.00	    0.00	    0.00
01/31/1991	    0.01	    0.00	    0.00	    0.01
02/01/1991	    0.01	    0.01	    0.01	    0.01
02/02/1991	    0.01	    0.01	    0.01	    0.01
02/03/1991	    0.01	    0.01	    0.01	    0.01
02/04/1991	    0.08	    0.08	    0.01	    0.08
02/05/1991	    1.90	    0.08	    0.08	    1.00
02/06/1991	    5.83	    0.08	    1.90	    2.16
02/07/1991	    4.69	    4.69	    4.69	    4.69
02/08/1991	   13.80	    4.69	    4.69	    3.00
02/09/1991	   15.10	    4.69	    4.69	    1.92
02/10/1991	    4.69	    1.06	    2.72	    1.23
02/11/1991	    2.72	    1.06	    1.06	    0.79
02/12/1991	    1.06	    1.06	    0.17	    0.50
02/13/1991	    0.17	    0.09	    0.12	    0.17
02/14/1991	    0.12	    0.09	    0.09	    0.12
02/15/1991	    0.09	    0.09	    0.05	    0.09
02/16/1991	    0.05	    0.02	    0.04	    0.05
02/17/1991	    0.04	    0.02	    0.02	    0.04
02/18/1991	    0.02	    0.02	    0.02	    0.02
02/19/1991	    0.02	    0.01	    0.01	    0.02
02/20/1991	    0.01	    0.01	    0.01	    0.01
02/21/1991	    0.05	    0.01	    0.01	    0.02
02/22/1991	    1.37	    0.62	    0.05	    0.02
02/23/1991	    1.06	    0.62	    0.62	    0.02
02/24/1991	    0.62	    0.62	    0.07	    0.03
02/25/1991	    0.07	    0.05	    0.05	    0.03
02/26/1991	    0.05	    0.05	    0.05	    0.03
02/27/1991	    0.05	    0.05	    0.05	    0.04
02/28/1991	    0.05	    0.05	    0.05	    0.05
03/01/1991	    2.20	    0.05	    0.05	    0.08
03/02/1991	   95.81	    0.05	    2.20	    0.13
03/03/1991	    2.73	    0.69	    1.25	    0.23
03/04/1991	    1.25	    0.69	    0.69	    0.40
03/05/1991	    0.69	    0.69	    0.69	    0.69
03/06/1991	    9.48	    0.99	    0.69	    0.65
03/07/1991	    1.54	    0.99	    0.99	    0.61
03/08/1991	    0.99	    0.99	    0.53	    0.57
03/09/1991	    0.53	    0.53	    0.53	    0.53
03/10/1991	    1.25	    0.53	    0.53	    0.76
03/11/1991	    2.59	    0.53	    1.25	    1.08
03/12/1991	    2.60	    2.17	    2.17	    1.53
03/13/1991	    2.17	    2.17	    2.17	    2.17
03/14/1991	    2.39	    2.17	    2.17	    2.39
03/15/1991	    3.43	    3.43	    2.39	    3.43
03/16/1991	    7.05	    3.43	    3.43	    5.67
03/17/1991	    8.08	    3.43	    7.05	    7.81
03/18/1991	   11.27	   11.27	    8.08	   10.75
03/19/1991	   30.17	   11.27	   11.27	   14.81
03/20/1991	   20.40	   11.27	   20.40	   20.40
03/21/1991	   56.78	   10.12	   10.12	   14.37
03/22/1991	   10.12	   10.12	   10.12	   10.12
03/23/1991	   26.77	   10.12	    4.33	    4.88
03/24/1991	    4.33	    1.13	    1.13	    2.35
03/25/1991	    1.13	    1.13	    1.13	    1.13
03/26/1991	    1.14	    1.13	    1.13	    0.86
03/27/1991	    1.48	    0.44	    1.14	    0.65
03/28/1991	    1.35	    0.44	    0.44	    0.49
03/29/1991	    0.44	    0.44	    0.22	    0.37
03/30/1991	    0.22	    0.13	    0.14	    0.22
03/31/1991	    0.14	    0.13	    0.13	    0.14
04/01/1991	    0.13	    0.13	    0.11	    0.13
04/02/1991	    0.11	    0.06	    0.08	    0.11
04/03/1991	    0.08	    0.06	    0.06	    0.08
04/04/1991	    0.06	    0.06	    0.05	    0.06
04/05/1991	    0.05	    0.03	    0.04	    0.05
04/06/1991	    0.04	    0.03	    0.03	    0.04
04/07/1991	    0.03	    0.03	    0.03	    0.03
04/08/1991	    0.03	    0.03	    0.03	    0.03
04/09/1991	    0.21	    0.03	    0.03	    0.15
04/10/1991	   22.82	    0.03	    0.21	    0.34
04/11/1991	   23.00	    1.69	    1.69	    0.76
04/12/1991	    1.69	    1.69	    1.69	    1.69
04/13/1991	    6.82	    1.69	    1.69	    1.26
04/14/1991	  228.81	    2.92	    6.82	    0.94
04/15/1991	   22.52	    2.92	    2.92	    0.70
04/16/1991	    2.92	    2.92	    0.43	    0.52
04/17/1991	    0.43	    0.10	    0.14	    0.39
04/18/1991	    0.14	    0.10	    0.10	    0.14
04/19/1991	    0.10	    0.10	    0.08	    0.10
04/20/1991	    0.08	    0.06	    0.06	    0.08
04/21/1991	    0.06	    0.06	    0.06	    0.06
04/22/1991	    0.06	    0.06	    0.05	    0.06
04/23/1991	    0.05	    0.04	    0.04	    0.05
04/24/1991	    0.04	    0.04	    0.04	    0.04
04/25/1991	    0.04	    0.04	    0.04	    0.04
04/26/1991	    0.04	    0.04	    0.04	    0.03
04/27/1991	    0.04	    0.04	    0.04	    0.03
04/28/1991	    0.06	    0.04	    0.04	    0.03
04/29/1991	    0.05	    0.03	    0.04	    0.03
04/30/1991	    0.04	    0.03	    0.03	    0.03
05/01/1991	    0.03	    0.03	    0.03	    0.03
05/02/1991	    0.03	    0.02	    0.02	    0.02
05/03/1991	    0.02	    0.02	    0.02	    0.02
05/04/1991	    0.02	    0.02	    0.02	    0.02
05/05/1991	    0.03	    0.03	    0.02	    0.03
05/06/1991	    0.06	    0.03	    0.03	    0.03
05/07/1991	    0.06	    0.03	    0.05	    0.04
05/08/1991	    0.05	    0.05	    0.05	    0.05
05/09/1991	    0.09	    0.05	    0.05	    0.04
05/10/1991	    0.07	    0.05	    0.04	    0.04
05/11/1991	    0.04	    0.03	    0.04	    0.03
05/12/1991	    0.04	    0.03	    0.03	    0.03
05/13/1991	    0.03	    0.03	    0.02	    0.02
05/14/1991	    0.02	    0.02	    0.02	    0.02
05/15/1991	    0.02	    0.02	    0.02	    0.02
05/16/1991	    0.02	    0.02	    0.02	    0.02
05/17/1991	    0.42	    0.09	    0.02	    0.02
05/18/1991	    0.46	    0.09	    0.09	    0.02
05/19/1991	    0.09	    0.09	    0.03	    0.02
05/20/1991	    0.03	    0.02	    0.02	    0.02
05/21/1991	    0.02	    0.02	    0.02	    0.02
05/22/1991	    0.02	    0.02	    0.02	    0.02
05/23/1991	    0.03	    0.02	    0.02	    0.02
05/24/1991	    0.03	    0.02	    0.02	    0.02
05/25/1991	    0.02	    0.02	    0.02	    0.02
05/26/1991	    0.03	    0.03	    0.02	    0.02
05/27/1991	    0.03	    0.03	    0.03	    0.03
05/28/1991	    0.03	    0.03	    0.03	    0.03
05/29/1991	    0.04	    0.03	    0.03	    0.03
05/30/1991	    0.03	    0.03	    0.03	    0.03
05/31/1991	    0.21	    0.03	    0.03	    0.03
06/01/1991	    0.28	    0.13	    0.21	    0.03
06/02/1991	    0.41	    0.13	    0.13	    0.02
06/03/1991	    0.13	    0.13	    0.06	    0.02
06/04/1991	    0.06	    0.02	    0.04	    0.02
06/05/1991	    0.04	    0.02	    0.02	    0.02
06/06/1991	    0.02	    0.02	    0.01	    0.02
06/07/1991	    0.01	    0.00	    0.01	    0.01
06/08/1991	    0.01	    0.00	    0.00	    0.01
06/09/1991	    0.00	    0.00	    0.00	    0.00
06/10/1991	    0.00	    0.00	    0.00	    0.00
06/11/1991	    0.00	    0.00	    0.00	    0.00
06/12/1991	    0.00	    0.00	    0.00	    0.00
06/13/1991	    0.00	    0.00	    0.00	    0.00
06/14/1991	    5.22	    0.00	    0.00	    0.01
06/15/1991	    4.49	    0.00	    1.39	    0.00
06/16/1991	    1.39	    0.09	    0.33	    0.00
06/17/1991	    0.33	    0.09	    0.09	    0.00
06/18/1991	    0.09	    0.09	    0.02	    0.00
06/19/1991	    0.02	    0.00	    0.01	    0.00
06/20/1991	    0.01	    0.00	    0.00	    0.00
06/21/1991	    0.00	    0.00	    0.00	    0.00
06/22/1991	    0.00	    0.00	    0.00	    0.00
06/23/1991	    0.00	    0.00	    0.00	    0.00
06/24/1991	    0.00	    0.00	    0.00	    0.00
06/25/1991	    0.00	    0.00	    0.00	    0.00
06/26/1991	    0.00	    0.00	    0.00	    0.00
06/27/1991	    0.00	    0.00	    0.00	    0.00
06/28/1991	    0.00	    0.00	    0.00	    0.00
06/29/1991	    0.00	    0.00	    0.00	    0.00
06/30/1991	    0.00	    0.00	    0.00	    0.00
07/01/1991	    0.00	    0.00	    0.00	    0.00
07/02/1991	    0.00	    0.00	    0.00	    0.00
07/03/1991	    0.00	    0.00	    0.00	    0.00
07/04/1991	    0.00	    0.00	    0.00	    0.00
07/05/1991	    0.00	    0.00	    0.00	    0.00
07/06/1991	    0.00	    0.00	    0.00	    0.00
07/07/1991	    0.00	    0.00	    0.00	    0.00
07/08/1991	    0.00	    0.00	    0.00	    0.00
07/09/1991	    0.00	    0.00	    0.00	    0.00
07/10/1991	    0.00	    0.00	    0.00	    0.00
07/11/1991	    0.00	    0.00	    0.00	    0.00
07/12/1991	    0.00	    0.00	    0.00	    0.00
07/13/1991	    0.00	    0.00	    0.00	    0.00
07/14/1991	    0.00	    0.00	    0.00	    0.00
07/15/1991	    0.00	    0.00	    0.00	    0.00
07/16/1991	    0.00	    0.00	    0.00	    0.00
07/17/1991	    0.00	    0.00	    0.00	    0.00
07/18/1991	    0.00	    0.00	    0.00	    0.00
07/19/1991	    0.00	    0.00	    0.00	    0.00
07/20/1991	    0.00	    0.00	    0.00	    0.00
07/21/1991	    0.00	    0.00	    0.00	    0.00
07/22/1991	    0.00	    0.00	    0.00	    0.00
07/23/1991	    0.00	    0.00	    0.00	    0.00
07/24/1991	    0.00	    0.00	    0.00	    0.00
07/25/1991	    0.00	    0.00	    0.00	    0.00
07/26/1991	    0.00	    0.00	    0.00	    0.00
07/27/1991	    0.00	    0.00	    0.00	    0.00
07/28/1991	    0.00	    0.00	    0.00	    0.00
07/29/1991	    0.00	    0.00	    0.00	    0.00
07/30/1991	    0.00	    0.00	    0.00	    0.00
07/31/1991	    0.00	    0.00	    0.00	    0.00
08/01/1991	    0.00	    0.00	    0.00	    0.00
08/02/1991	    0.00	    0.00	    0.00	    0.00
08/03/1991	    0.00	    0.00	    0.00	    0.00
08/04/1991	    0.00	    0.00	    0.00	    0.00
08/05/1991	    0.00	    0.00	    0.00	    0.00
08/06/1991	    0.00	    0.00	    0.00	    0.00
08/07/1991	    0.00	    0.00	    0.00	    0.00
08/08/1991	    0.00	    0.00	    0.00	    0.00
08/09/1991	    0.00	    0.00	    0.00	    0.00
08/10/1991	    0.00	    0.00	    0.00	    0.00
08/11/1991	    0.00	    0.00	    0.00	    0.00
08/12/1991	    0.00	    0.00	    0.00	    0.00
08/13/1991	    0.00	    0.00	    0.00	    0.00
08/14/1991	    0.00	    0.00	    0.00	    0.00
08/15/1991	    0.00	    0.00	    0.00	    0.00
08/16/1991	    0.00	    0.00	    0.00	    0.00
08/17/1991	    0.00	    0.00	    0.00	    0.00
08/18/1991	    0.00	    0.00	    0.00	    0.00
08/19/1991	    0.00	    0.00	    0.00	    0.00
08/20/1991	    0.00	    0.00	    0.00	    0.00
08/21/1991	    0.00	    0.00	    0.00	    0.00
08/22/1991	    0.00	    0.00	    0.00	    0.00
08/23/1991	    0.00	    0.00	    0.00	    0.00
08/24/1991	    0.00	    0.00	    0.00	    0.00
08/25/1991	    0.00	    0.00	    0.00	    0.00
08/26/1991	    0.00	    0.00	    0.00	    0.00
08/27/1991	    0.00	    0.00	    0.00	    0.00
08/28/1991	    0.00	    0.00	    0.00	    0.00
08/29/1991	    0.00	    0.00	    0.00	    0.00
08/30/1991	    0.00	    0.00	    0.00	    0.00
08/31/1991	    0.00	    0.00	    0.00	    0.00
09/01/1991	    0.00	    0.00	    0.00	    0.00
09/02/1991	    0.00	    0.00	    0.00	    0.00
09/03/1991	    0.00	    0.00	    0.00	    0.00
09/04/1991	    0.00	    0.00	    0.00	    0.00
09/05/1991	    0.00	    0.00	    0.00	    0.00
09/06/1991	    0.00	    0.00	    0.00	    0.00
09/07/1991	    0.00	    0.00	    0.00	    0.00
09/08/1991	    0.00	    0.00	    0.00	    0.00
09/09/1991	    0.00	    0.00	    0.00	    0.00
09/10/1991	    0.00	    0.00	    0.00	    0.00
09/11/1991	    0.00	    0.00	    0.00	    0.00
09/12/1991	    0.00	    0.00	    0.00	    0.00
09/13/1991	    0.00	    0.00	    0.00	    0.00
09/14/1991	    0.00	    0.00	    0.00	    0.00
09/15/1991	    0.00	    0.00	    0.00	    0.00
09/16/1991	    0.00	    0.00	    0.00	    0.00
09/17/1991	    0.00	    0.00	    0.00	    0.00
09/18/1991	    0.00	    0.00	    0.00	    0.00
09/19/1991	    0.00	    0.00	    0.00	    0.00
09/20/1991	    0.00	    0.00	    0.00	    0.00
09/21/1991	    0.00	    0.00	    0.00	    0.00
09/22/1991	    0.00	    0.00	    0.00	    0.00
09/23/1991	    0.00	    0.00	    0.00	    0.00
09/24/1991	    0.00	    0.00	    0.00	    0.00
09/25/1991	    0.00	    0.00	    0.00	    0.00
09/26/1991	    0.00	    0.00	    0.00	    0.00
09/27/1991	    0.00	    0.00	    0.00	    0.00
09/28/1991	    0.00	    0.00	    0.00	    0.00
09/29/1991	    0.00	    0.00	    0.00	    0.00
09/30/1991	    0.00	    0.00	    0.00	    0.00
10/01/1991	    0.00	    0.00	    0.00	    0.00
10/02/1991	    0.00	    0.00	    0.00	    0.00
10/03/1991	    0.00	    0.00	    0.00	    0.00
10/04/1991	    0.00	    0.00	    0.00	    0.00
10/05/1991	    0.00	    0.00	    0.00	    0.00
10/06/1991	    0.00	    0.00	    0.00	    0.00
10/07/1991	    0.00	    0.00	    0.00	    0.00
10/08/1991	    0.00	    0.00	    0.00	    0.00
10/09/1991	    0.00	    0.00	    0.00	    0.00
10/10/1991	    0.00	    0.00	    0.00	    0.00
10/11/1991	    0.00	    0.00	    0.00	    0.00
10/12/1991	    0.00	    0.00	    0.00	    0.00
10/13/1991	    0.00	    0.00	    0.00	    0.00
10/14/1991	    0.00	    0.00	    0.00	    0.00
10/15/1991	    0.00	    0.00	    0.00	    0.00
10/16/1991	    0.00	    0.00	    0.00	    0.00
10/17/1991	    0.00	    0.00	    0.00	    0.00
10/18/1991	    0.00	    0.00	    0.00	    0.00
10/19/1991	    0.00	    0.00	    0.00	    0.00
10/20/1991	    0.00	    0.00	    0.00	    0.00
10/21/1991	    0.00	    0.00	    0.00	    0.00
10/22/1991	    0.00	    0.00	    0.00	    0.00
10/23/1991	    0.00	    0.00	    0.00	    0.00
10/24/1991	    0.00	    0.00	    0.00	    0.00
10/25/1991	    0.00	    0.00	    0.00	    0.00
10/26/1991	    0.00	    0.00	    0.00	    0.00
10/27/1991	    0.00	    0.00	    0.00	    0.00
10/28/1991	    0.00	    0.00	    0.00	    0.00
10/29/1991	    0.72	    0.12	    0.00	    0.02
10/30/1991	    0.99	    0.12	    0.12	    0.03
10/31/1991	    0.12	    0.12	    0.07	    0.04
11/01/1991	    0.07	    0.07	    0.07	    0.07
11/02/1991	    0.42	    0.07	    0.07	    0.06
11/03/1991	    0.20	    0.07	    0.12	    0.05
11/04/1991	    0.12	    0.05	    0.07	    0.04
11/05/1991	    0.07	    0.05	    0.05	    0.03
11/06/1991	    0.05	    0.05	    0.04	    0.03
11/07/1991	    0.04	    0.01	    0.02	    0.02
11/08/1991	    0.02	    0.01	    0.01	    0.02
11/09/1991	    0.01	    0.01	    0.01	    0.01
11/10/1991	    0.01	    0.01	    0.01	    0.01
11/11/1991	    0.01	    0.01	    0.01	    0.01
11/12/1991	    0.01	    0.01	    0.01	    0.01
11/13/1991	    0.01	    0.01	    0.01	    0.01
11/14/1991	    0.01	    0.01	    0.01	    0.01
11/15/1991	    0.04	    0.01	    0.01	    0.02
11/16/1991	    0.08	    0.07	    0.04	    0.04
11/17/1991	    0.07	    0.07	    0.07	    0.07
11/18/1991	    0.09	    0.07	    0.07	    0.06
11/19/1991	    0.13	    0.04	    0.07	    0.05
11/20/1991	    0.07	    0.04	    0.04	    0.04
11/21/1991	    0.04	    0.04	    0.03	    0.03
11/22/1991	    0.03	    0.03	    0.03	    0.03
11/23/1991	    0.15	    0.03	    0.03	    0.03
11/24/1991	    1.40	    0.03	    0.15	    0.02
11/25/1991	    0.16	    0.03	    0.06	    0.02
11/26/1991	    0.06	    0.03	    0.03	    0.02
11/27/1991	    0.03	    0.03	    0.02	    0.02
11/28/1991	    0.02	    0.02	    0.02	    0.02
11/29/1991	    0.02	    0.02	    0.02	    0.02
11/30/1991	   58.89	    0.02	    0.02	    0.02
12/01/1991	    4.36	    0.13	    0.34	    0.02
12/02/1991	    0.34	    0.13	    0.13	    0.02
12/03/1991	    0.13	    0.13	    0.08	    0.03
12/04/1991	    0.08	    0.05	    0.06	    0.03
12/05/1991	    0.06	    0.05	    0.05	    0.03
12/06/1991	    0.05	    0.05	    0.04	    0.03
12/07/1991	    0.04	    0.04	    0.04	    0.04
12/08/1991	    0.04	    0.04	    0.04	    0.04
12/09/1991	    0.08	    0.04	    0.04	    0.05
12/10/1991	    0.09	    0.08	    0.08	    0.06
12/11/1991	    0.08	    0.08	    0.08	    0.08
12/12/1991	   46.64	    0.08	    0.08	    0.07
12/13/1991	   16.55	    0.11	    1.18	    0.06
12/14/1991	    1.18	    0.11	    0.11	    0.06
12/15/1991	    0.11	    0.11	    0.08	    0.05
12/16/1991	    0.08	    0.04	    0.05	    0.04
12/17/1991	    0.05	    0.04	    0.04	    0.04
12/18/1991	    0.04	    0.04	    0.03	    0.04
12/19/1991	    0.03	    0.02	    0.03	    0.03
12/20/1991	    0.03	    0.02	    0.02	    0.03
12/21/1991	    0.02	    0.02	    0.02	    0.02
12/22/1991	    0.02	    0.02	    0.02	    0.02
12/23/1991	    0.02	    0.02	    0.02	    0.02
12/24/1991	    0.02	    0.02	    0.01	    0.02
12/25/1991	    0.01	    0.01	    0.01	    0.01
12/26/1991	    0.01	    0.01	    0.01	    0.01
12/27/1991	    0.01	    0.01	    0.01	    0.01
12/28/1991	    0.01	    0.01	    0.01	    0.01
12/29/1991	    0.01	    0.01	    0.01	    0.01
12/30/1991	    0.01	    0.01	    0.01	    0.01
12/31/1991	    0.01	    0.01	    0.01	    0.01
01/01/1992	    0.01	    0.01	    0.01	    0.01
01/02/1992	    0.01	    0.01	    0.01	    0.01
01/03/1992	    0.03	    0.03	    0.01	    0.03
01/04/1992	    0.17	    0.03	    0.03	    0.03
01/05/1992	    0.14	    0.03	    0.09	    0.04
01/06/1992	    0.09	    0.05	    0.05	    0.05
01/07/1992	    0.05	    0.05	    0.05	    0.05
01/08/1992	    0.15	    0.05	    0.05	    0.07
01/09/1992	    8.40	    0.18	    0.15	    0.08
01/10/1992	    1.80	    0.18	    0.18	    0.10
01/11/1992	    0.18	    0.18	    0.16	    0.13
01/12/1992	    0.16	    0.16	    0.16	    0.16
01/13/1992	    2.60	    0.16	    0.16	    0.13
01/14/1992	    0.20	    0.16	    0.06	    0.11
01/15/1992	    0.06	    0.04	    0.06	    0.06
01/16/1992	    0.06	    0.04	    0.04	    0.06
01/17/1992	    0.04	    0.04	    0.03	    0.04
01/18/1992	    0.03	    0.02	    0.02	    0.03
01/19/1992	    0.02	    0.02	    0.02	    0.02
01/20/1992	    0.02	    0.02	    0.01	    0.02
01/21/1992	    0.01	    0.01	    0.01	    0.01
01/22/1992	    0.01	    0.01	    0.01	    0.01
01/23/1992	    0.01	    0.01	    0.01	    0.01
01/24/1992	    0.01	    0.01	    0.01	    0.01
01/25/1992	    0.01	    0.01	    0.01	    0.01
01/26/1992	    0.01	    0.01	    0.01	    0.01
01/27/1992	    0.01	    0.00	    0.01	    0.01
01/28/1992	    0.01	    0.00	    0.00	    0.01
01/29/1992	    0.00	    0.00	    0.00	    0.00
01/30/1992	    0.00	    0.00	    0.00	    0.00
01/31/1992	    0.01	    0.00	    0.00	    0.00
02/01/1992	    0.01	    0.00	    0.01	    0.00
02/02/1992	    0.01	    0.01	    0.01	    0.00
02/03/1992	    0.02	    0.01	    0.01	    0.00
02/04/1992	    0.03	    0.01	    0.02	    0.00
02/05/1992	    0.03	    0.01	    0.02	    0.00
02/06/1992	    0.02	    0.01	    0.01	    0.00
02/07/1992	    0.01	    0.01	    0.01	    0.00
02/08/1992	    0.01	    0.00	    0.01	    0.00
02/09/1992	    0.01	    0.00	    0.00	    0.00
02/10/1992	    0.00	    0.00	    0.00	    0.00
02/11/1992	    0.00	    0.00	    0.00	    0.00
02/12/1992	    0.00	    0.00	    0.00	    0.00
02/13/1992	    0.00	    0.00	    0.00	    0.00
02/14/1992	    0.00	    0.00	    0.00	    0.00
02/15/1992	    0.00	    0.00	    0.00	    0.00
02/16/1992	    0.00	    0.00	    0.00	    0.00
02/17/1992	    0.00	    0.00	    0.00	    0.00
02/18/1992	    0.00	    0.00	    0.00	    0.00
02/19/1992	    0.00	    0.00	    0.00	    0.00
02/20/1992	    0.00	    0.00	    0.00	    0.00
02/21/1992	    0.00	    0.00	    0.00	    0.00
02/22/1992	    0.00	    0.00	    0.00	    0.00
02/23/1992	    0.01	    0.01	    0.00	    0.01
02/24/1992	    0.03	    0.01	    0.01	    0.02
02/25/1992	    0.05	    0.01	    0.03	    0.05
02/26/1992	    0.07	    0.07	    0.05	    0.07
02/27/1992	    0.57	    0.07	    0.07	    0.33
02/28/1992	    7.24	    0.07	    0.57	    0.84
02/29/1992	    2.17	    2.17	    2.17	    2.17
03/01/1992	    8.50	    2.17	    2.17	    3.11
03/02/1992	    4.46	    2.17	    4.46	    4.46
03/03/1992	    4.88	    4.88	    4.46	    4.48
03/04/1992	   11.83	    4.88	    4.88	    4.51
03/05/1992	   28.32	    4.88	   11.83	    4.54
03/06/1992	  134.24	    4.63	    8.79	    4.57
03/07/1992	    8.79	    4.63	    4.63	    4.60
03/08/1992	    4.63	    4.63	    4.63	    4.63
03/09/1992	   79.00	    1.42	    4.63	    2.29
03/10/1992	    5.00	    1.42	    1.42	    1.13
03/11/1992	    1.42	    1.42	    0.50	    0.56
03/12/1992	    0.50	    0.07	    0.18	    0.28
03/13/1992	    0.18	    0.07	    0.07	    0.14
03/14/1992	    0.07	    0.07	    0.03	    0.07
03/15/1992	    0.03	    0.03	    0.03	    0.03
03/16/1992	    0.09	    0.03	    0.03	    0.03
03/17/1992	    0.27	    0.03	    0.09	    0.03
03/18/1992	    0.16	    0.07	    0.09	    0.03
03/19/1992	    0.09	    0.07	    0.07	    0.03
03/20/1992	    0.07	    0.07	    0.04	    0.03
03/21/1992	    0.04	    0.03	    0.03	    0.03
03/22/1992	    0.03	    0.03	    0.03	    0.03
03/23/1992	    0.03	    0.03	    0.03	    0.03
03/24/1992	    0.03	    0.03	    0.03	    0.03
03/25/1992	    0.09	    0.03	    0.03	    0.05
03/26/1992	    0.09	    0.03	    0.08	    0.06
03/27/1992	    0.08	    0.08	    0.08	    0.08
03/28/1992	    0.11	    0.08	    0.08	    0.08
03/29/1992	    0.36	    0.08	    0.11	    0.07
03/30/1992	    4.56	    4.56	    0.36	    0.07
03/31/1992	    6.88	    4.56	    4.56	    0.07
04/01/1992	    4.85	    4.56	    0.13	    0.06
04/02/1992	    0.13	    0.06	    0.06	    0.06
04/03/1992	    0.06	    0.06	    0.06	    0.06
04/04/1992	    0.06	    0.06	    0.06	    0.06
04/05/1992	    0.06	    0.05	    0.05	    0.05
04/06/1992	    0.05	    0.05	    0.05	    0.05
04/07/1992	    0.07	    0.05	    0.05	    0.05
04/08/1992	    0.09	    0.07	    0.07	    0.06
04/09/1992	    0.07	    0.07	    0.07	    0.06
04/10/1992	    0.07	    0.07	    0.07	    0.07
04/11/1992	   51.77	    0.68	    0.07	    0.10
04/12/1992	   22.53	    0.68	    0.68	    0.14
04/13/1992	    0.68	    0.68	    0.31	    0.21
04/14/1992	    0.31	    0.31	    0.31	    0.31
04/15/1992	    0.49	    0.31	    0.31	    0.42
04/16/1992	  706.14	    0.31	    0.49	    0.56
04/17/1992	    7.39	    1.02	    1.02	    0.76
04/18/1992	    1.02	    1.02	    1.02	    1.02
04/19/1992	    5.01	    1.02	    1.02	    0.79
04/20/1992	   15.44	    0.99	    5.01	    0.61
04/21/1992	   61.80	    0.99	    0.99	    0.47
04/22/1992	    0.99	    0.99	    0.43	    0.36
04/23/1992	    0.43	    0.19	    0.27	    0.28
04/24/1992	    0.27	    0.19	    0.19	    0.22
04/25/1992	    0.19	    0.19	    0.13	    0.17
04/26/1992	    0.13	    0.06	    0.10	    0.13
04/27/1992	    0.10	    0.06	    0.06	    0.10
04/28/1992	    0.06	    0.06	    0.05	    0.06
04/29/1992	    0.05	    0.04	    0.05	    0.05
04/30/1992	    0.05	    0.04	    0.04	    0.05
05/01/1992	    0.04	    0.04	    0.02	    0.04
05/02/1992	    0.02	    0.01	    0.02	    0.02
05/03/1992	    0.02	    0.01	    0.01	    0.02
05/04/1992	    0.01	    0.01	    0.01	    0.01
05/05/1992	    0.01	    0.01	    0.01	    0.01
05/06/1992	    0.01	    0.01	    0.01	    0.01
05/07/1992	    0.01	    0.01	    0.01	    0.01
05/08/1992	    0.01	    0.01	    0.01	    0.01
05/09/1992	    0.01	    0.01	    0.01	    0.01
05/10/1992	    0.01	    0.01	    0.00	    0.00
05/11/1992	    0.00	    0.00	    0.00	    0.00
05/12/1992	    0.00	    0.00	    0.00	    0.00
05/13/1992	    0.00	    0.00	    0.00	    0.00
05/14/1992	    0.00	    0.00	    0.00	    0.00
05/15/1992	    0.00	    0.00	    0.00	    0.00
05/16/1992	    0.00	    0.00	    0.00	    0.00
05/17/1992	    0.01	    0.01	    0.00	    0.00
05/18/1992	    0.02	    0.01	    0.01	    0.00
05/19/1992	    0.01	    0.01	    0.01	    0.00
05/20/1992	    0.01	    0.00	    0.00	    0.00
05/21/1992	    0.00	    0.00	    0.00	    0.00
05/22/1992	    0.00	    0.00	    0.00	    0.00
05/23/1992	    0.00	    0.00	    0.00	    0.00
05/24/1992	    0.00	    0.00	    0.00	    0.00
05/25/1992	    0.00	    0.00	    0.00	    0.00
05/26/1992	    0.00	    0.00	    0.00	    0.00
05/27/1992	    0.00	    0.00	    0.00	    0.00
05/28/1992	    0.00	    0.00	    0.00	    0.00
05/29/1992	    0.00	    0.00	    0.00	    0.00
05/30/1992	    0.00	    0.00	    0.00	    0.00
05/31/1992	    0.00	    0.00	    0.00	    0.00
06/01/1992	    0.00	    0.00	    0.00	    0.00
06/02/1992	    0.00	    0.00	    0.00	    0.00
06/03/1992	    0.00	    0.00	    0.00	    0.00
06/04/1992	    0.00	    0.00	    0.00	    0.00
06/05/1992	    0.00	    0.00	    0.00	    0.00
06/06/1992	    0.00	    0.00	    0.00	    0.00
06/07/1992	    0.00	    0.00	    0.00	    0.00
06/08/1992	    0.00	    0.00	    0.00	    0.00
06/09/1992	    0.00	    0.00	    0.00	    0.00
06/10/1992	    0.00	    0.00	    0.00	    0.00
06/11/1992	    0.00	    0.00	    0.00	    0.00
06/12/1992	    0.00	    0.00	    0.00	    0.00
06/13/1992	    0.00	    0.00	    0.00	    0.00
06/14/1992	    0.00	    0.00	    0.00	    0.00
06/15/1992	    0.00	    0.00	    0.00	    0.00
06/16/1992	    0.00	    0.00	    0.00	    0.00
06/17/1992	    0.00	    0.00	    0.00	    0.00
06/18/1992	    0.00	    0.00	    0.00	    0.00
06/19/1992	    0.00	    0.00	    0.00	    0.00
06/20/1992	    0.00	    0.00	    0.00	    0.00
06/21/1992	    0.00	    0.00	    0.00	    0.00
06/22/1992	    0.00	    0.00	    0.00	    0.00
06/23/1992	    0.00	    0.00	    0.00	    0.00
06/24/1992	    0.00	    0.00	    0.00	    0.00
06/25/1992	    0.00	    0.00	    0.00	    0.00
06/26/1992	    0.00	    0.00	    0.00	    0.00
06/27/1992	    0.00	    0.00	    0.00	    0.00
06/28/1992	    0.00	    0.00	    0.00	    0.00
06/29/1992	    0.00	    0.00	    0.00	    0.00
06/30/1992	    0.00	    0.00	    0.00	    0.00
07/01/1992	    0.00	    0.00	    0.00	    0.00
07/02/1992	    0.00	    0.00	    0.00	    0.00
07/03/1992	    0.00	    0.00	    0.00	    0.00
07/04/1992	    0.00	    0.00	    0.00	    0.00
07/05/1992	    0.00	    0.00	    0.00	    0.00
07/06/1992	    0.00	    0.00	    0.00	    0.00
07/07/1992	    0.00	    0.00	    0.00	    0.00
07/08/1992	    0.00	    0.00	    0.00	    0.00
07/09/1992	    0.00	    0.00	    0.00	    0.00
07/10/1992	    0.00	    0.00	    0.00	    0.00
07/11/1992	    0.00	    0.00	    0.00	    0.00
07/12/1992	    0.00	    0.00	    0.00	    0.00
07/13/1992	    0.01	    0.01	    0.00	    0.01
07/14/1992	    0.11	    0.01	    0.01	    0.01
07/15/1992	    0.11	    0.01	    0.04	    0.01
07/16/1992	    0.04	    0.01	    0.01	    0.01
07/17/1992	    0.01	    0.01	    0.01	    0.01
07/18/1992	    0.01	    0.01	    0.01	    0.01
07/19/1992	    0.01	    0.01	    0.01	    0.01
07/20/1992	    0.01	    0.01	    0.01	    0.01
07/21/1992	    0.01	    0.01	    0.00	    0.00
07/22/1992	    0.00	    0.00	    0.00	    0.00
07/23/1992	    0.00	    0.00	    0.00	    0.00
07/24/1992	    0.01	    0.00	    0.00	    0.00
07/25/1992	    0.00	    0.00	    0.00	    0.00
07/26/1992	    0.00	    0.00	    0.00	    0.00
07/27/1992	    0.00	    0.00	    0.00	    0.00
07/28/1992	    0.00	    0.00	    0.00	    0.00
07/29/1992	    0.00	    0.00	    0.00	    0.00
07/30/1992	    0.00	    0.00	    0.00	    0.00
07/31/1992	    0.00	    0.00	    0.00	    0.00
08/01/1992	    0.00	    0.00	    0.00	    0.00
08/02/1992	    0.00	    0.00	    0.00	    0.00
08/03/1992	    0.00	    0.00	    0.00	    0.00
08/04/1992	    0.00	    0.00	    0.00	    0.00
08/05/1992	    0.00	    0.00	    0.00	    0.00
08/06/1992	    0.00	    0.00	    0.00	    0.00
08/07/1992	    0.00	    0.00	    0.00	    0.00
08/08/1992	    0.00	    0.00	    0.00	    0.00
08/09/1992	    0.00	    0.00	    0.00	    0.00
08/10/1992	    0.00	    0.00	    0.00	    0.00
08/11/1992	    0.00	    0.00	    0.00	    0.00
08/12/1992	    0.00	    0.00	    0.00	    0.00
08/13/1992	    0.00	    0.00	    0.00	    0.00
08/14/1992	    0.00	    0.00	    0.00	    0.00
08/15/1992	    0.00	    0.00	    0.00	    0.00
08/16/1992	    0.00	    0.00	    0.00	    0.00
08/17/1992	    0.00	    0.00	    0.00	    0.00
08/18/1992	    0.00	    0.00	    0.00	    0.00
08/19/1992	    0.00	    0.00	    0.00	    0.00
08/20/1992	    0.00	    0.00	    0.00	    0.00
08/21/1992	    0.00	    0.00	    0.00	    0.00
08/22/1992	    0.00	    0.00	    0.00	    0.00
08/23/1992	    0.00	    0.00	    0.00	    0.00
08/24/1992	    0.00	    0.00	    0.00	    0.00
08/25/1992	    0.00	    0.00	    0.00	    0.00
08/26/1992	    0.00	    0.00	    0.00	    0.00
08/27/1992	    0.00	    0.00	    0.00	    0.00
08/28/1992	    0.00	    0.00	    0.00	    0.00
08/29/1992	    0.00	    0.00	    0.00	    0.00
08/30/1992	    0.00	    0.00	    0.00	    0.00
08/31/1992	    0.00	    0.00	    0.00	    0.00
09/01/1992	    0.00	    0.00	    0.00	    0.00
09/02/1992	    0.00	    0.00	    0.00	    0.00
09/03/1992	    0.00	    0.00	    0.00	    0.00
09/04/1992	    0.00	    0.00	    0.00	    0.00
09/05/1992	    0.00	    0.00	    0.00	    0.00
09/06/1992	    0.00	    0.00	    0.00	    0.00
09/07/1992	    0.00	    0.00	    0.00	    0.00
09/08/1992	    0.00	    0.00	    0.00	    0.00
09/09/1992	    0.00	    0.00	    0.00	    0.00
09/10/1992	    0.00	    0.00	    0.00	    0.00
09/11/1992	    0.00	    0.00	    0.00	    0.00
09/12/1992	    0.00	    0.00	    0.00	    0.00
09/13/1992	    0.00	    0.00	    0.00	    0.00
09/14/1992	    0.00	    0.00	    0.00	    0.00
09/15/1992	    0.00	    0.00	    0.00	    0.00
09/16/1992	    0.64	    0.00	    0.00	    0.00
09/17/1992	    2.21	    2.21	    0.64	    0.00
09/18/1992	   91.25	    2.21	    2.21	    0.00
09/19/1992	    5.25	    2.21	    0.50	    0.00
09/20/1992	    0.50	    0.05	    0.12	    0.00
09/21/1992	    0.12	    0.05	    0.05	    0.00
09/22/1992	    0.05	    0.05	    0.03	    0.00
09/23/1992	    0.03	    0.01	    0.02	    0.01
09/24/1992	    0.02	    0.01	    0.01	    0.01
09/25/1992	    0.01	    0.01	    0.01	    0.01
09/26/1992	    0.03	    0.03	    0.01	    0.01
09/27/1992	    1.46	    0.03	    0.03	    0.02
09/28/1992	    0.78	    0.03	    0.39	    0.02
09/29/1992	    0.39	    0.09	    0.12	    0.02
09/30/1992	    0.12	    0.09	    0.09	    0.02
10/01/1992	    0.09	    0.09	    0.07	    0.03
10/02/1992	    0.07	    0.04	    0.05	    0.03
10/03/1992	    0.05	    0.04	    0.04	    0.03
10/04/1992	    0.04	    0.04	    0.04	    0.04
10/05/1992	    0.04	    0.03	    0.04	    0.04
10/06/1992	    0.04	    0.03	    0.03	    0.03
10/07/1992	    0.03	    0.03	    0.02	    0.03
10/08/1992	    0.02	    0.02	    0.02	    0.02
10/09/1992	    0.02	    0.02	    0.02	    0.02
10/10/1992	    0.02	    0.02	    0.02	    0.02
10/11/1992	    0.02	    0.01	    0.01	    0.01
10/12/1992	    0.01	    0.01	    0.01	    0.01
10/13/1992	    0.01	    0.01	    0.01	    0.01
10/14/1992	    0.01	    0.01	    0.01	    0.01
10/15/1992	    0.01	    0.01	    0.01	    0.01
10/16/1992	    0.01	    0.01	    0.01	    0.01
10/17/1992	    0.01	    0.01	    0.01	    0.01
10/18/1992	    0.01	    0.01	    0.01	    0.01
10/19/1992	    0.01	    0.01	    0.01	    0.01
10/20/1992	    0.01	    0.01	    0.01	    0.01
10/21/1992	    0.02	    0.01	    0.01	    0.01
10/22/1992	    0.02	    0.01	    0.02	    0.01
10/23/1992	    0.02	    0.02	    0.02	    0.01
10/24/1992	    0.02	    0.02	    0.02	    0.01
10/25/1992	    0.02	    0.02	    0.01	    0.01
10/26/1992	    0.01	    0.01	    0.01	    0.01
10/27/1992	    0.01	    0.01	    0.01	    0.01
10/28/1992	    0.01	    0.01	    0.01	    0.01
10/29/1992	    0.01	    0.01	    0.01	    0.01
10/30/1992	    0.01	    0.01	    0.01	    0.01
10/31/1992	    0.01	    0.01	    0.01	    0.01
11/01/1992	    0.02	    0.02	    0.01	    0.01
11/02/1992	   30.70	    0.02	    0.02	    0.01
11/03/1992	    9.73	    0.02	    1.29	    0.02
11/04/1992	    1.29	    0.17	    0.39	    0.02
11/05/1992	    0.39	    0.17	    0.17	    0.02
11/06/1992	    0.17	    0.17	    0.07	    0.02
11/07/1992	    0.07	    0.03	    0.03	    0.02
11/08/1992	    0.03	    0.03	    0.03	    0.03
11/09/1992	    1.44	    0.03	    0.03	    0.07
11/10/1992	    1.70	    0.48	    0.48	    0.19
11/11/1992	    0.48	    0.48	    0.48	    0.48
11/12/1992	    1.70	    0.48	    0.48	    0.31
11/13/1992	    4.42	    0.17	    0.50	    0.20
11/14/1992	    0.50	    0.17	    0.17	    0.13
11/15/1992	    0.17	    0.17	    0.07	    0.09
11/16/1992	    0.07	    0.02	    0.04	    0.06
11/17/1992	    0.04	    0.02	    0.02	    0.04
11/18/1992	    0.02	    0.02	    0.02	    0.02
11/19/1992	    0.02	    0.02	    0.02	    0.02
11/20/1992	   67.03	    0.02	    0.02	    0.01
11/21/1992	  196.00	    0.02	    4.88	    0.01
11/22/1992	    4.88	    1.29	    2.21	    0.01
11/23/1992	    2.21	    1.29	    1.29	    0.01
11/24/1992	    1.29	    1.29	    0.69	    0.01
11/25/1992	    0.69	    0.23	    0.38	    0.01
11/26/1992	    0.38	    0.23	    0.23	    0.01
11/27/1992	    0.23	    0.23	    0.14	    0.01
11/28/1992	    0.14	    0.06	    0.09	    0.01
11/29/1992	    0.09	    0.06	    0.06	    0.01
11/30/1992	    0.06	    0.06	    0.05	    0.01
12/01/1992	    0.05	    0.03	    0.04	    0.01
12/02/1992	    0.04	    0.03	    0.03	    0.01
12/03/1992	    0.03	    0.03	    0.03	    0.01
12/04/1992	    0.03	    0.02	    0.02	    0.01
12/05/1992	    0.02	    0.02	    0.02	    0.01
12/06/1992	    0.02	    0.02	    0.02	    0.01
12/07/1992	    0.02	    0.01	    0.01	    0.01
12/08/1992	    0.01	    0.01	    0.01	    0.01
12/09/1992	    0.01	    0.01	    0.01	    0.01
12/10/1992	    0.02	    0.02	    0.01	    0.01
12/11/1992	    0.02	    0.02	    0.02	    0.02
12/12/1992	    0.02	    0.02	    0.02	    0.02
12/13/1992	    0.02	    0.02	    0.02	    0.02
12/14/1992	    0.03	    0.02	    0.02	    0.02
12/15/1992	   66.01	    0.02	    0.03	    0.02
12/16/1992	  105.65	    0.78	    5.32	    0.02
12/17/1992	    5.32	    0.78	    0.78	    0.02
12/18/1992	    0.78	    0.78	    0.41	    0.02
12/19/1992	    0.41	    0.16	    0.24	    0.02
12/20/1992	    0.24	    0.16	    0.16	    0.02
12/21/1992	    0.16	    0.16	    0.10	    0.02
12/22/1992	    0.10	    0.06	    0.06	    0.03
12/23/1992	    0.06	    0.06	    0.06	    0.03
12/24/1992	    0.06	    0.06	    0.05	    0.03
12/25/1992	    0.05	    0.04	    0.05	    0.03
12/26/1992	    0.05	    0.04	    0.04	    0.03
12/27/1992	    0.04	    0.04	    0.03	    0.03
12/28/1992	    0.03	    0.03	    0.03	    0.03
12/29/1992	    0.04	    0.03	    0.03	    0.04
12/30/1992	    0.34	    0.03	    0.04	    0.05
12/31/1992	    0.41	    0.27	    0.34	    0.06
01/01/1993	    0.35	    0.27	    0.27	    0.07
01/02/1993	    0.27	    0.27	    0.11	    0.09
01/03/1993	    0.11	    0.11	    0.11	    0.11
01/04/1993	    0.37	    0.11	    0.11	    0.09
01/05/1993	    0.26	    0.11	    0.14	    0.07
01/06/1993	    0.14	    0.03	    0.04	    0.06
01/07/1993	    0.04	    0.03	    0.03	    0.04
01/08/1993	    0.03	    0.03	    0.02	    0.03
01/09/1993	    0.02	    0.01	    0.02	    0.02
01/10/1993	    0.02	    0.01	    0.01	    0.02
01/11/1993	    0.01	    0.01	    0.01	    0.01
01/12/1993	    0.01	    0.01	    0.01	    0.01
01/13/1993	    0.01	    0.01	    0.01	    0.01
01/14/1993	    0.01	    0.01	    0.01	    0.01
01/15/1993	    0.01	    0.00	    0.01	    0.01
01/16/1993	    0.01	    0.00	    0.00	    0.01
01/17/1993	    0.00	    0.00	    0.00	    0.00
01/18/1993	    0.00	    0.00	    0.00	    0.00
01/19/1993	    0.00	    0.00	    0.00	    0.00
01/20/1993	    0.00	    0.00	    0.00	    0.00
01/21/1993	    0.04	    0.04	    0.00	    0.00
01/22/1993	    0.16	    0.04	    0.04	    0.01
01/23/1993	    0.18	    0.04	    0.16	    0.01
01/24/1993	    0.21	    0.16	    0.18	    0.01
01/25/1993	    0.18	    0.16	    0.16	    0.01
01/26/1993	    0.16	    0.16	    0.06	    0.01
01/27/1993	    0.06	    0.02	    0.02	    0.01
01/28/1993	    0.02	    0.02	    0.02	    0.02
01/29/1993	    0.02	    0.02	    0.02	    0.02
01/30/1993	    0.04	    0.04	    0.02	    0.03
01/31/1993	    0.05	    0.04	    0.04	    0.04
02/01/1993	    0.28	    0.04	    0.05	    0.05
02/02/1993	    0.13	    0.09	    0.09	    0.07
02/03/1993	    0.09	    0.09	    0.09	    0.09
02/04/1993	    0.10	    0.09	    0.09	    0.08
02/05/1993	    0.13	    0.05	    0.10	    0.07
02/06/1993	    0.10	    0.05	    0.05	    0.06
02/07/1993	    0.05	    0.05	    0.02	    0.05
02/08/1993	    0.02	    0.01	    0.01	    0.02
02/09/1993	    0.01	    0.01	    0.01	    0.01
02/10/1993	    0.01	    0.01	    0.01	    0.01
02/11/1993	    0.01	    0.01	    0.01	    0.01
02/12/1993	    0.01	    0.01	    0.01	    0.01
02/13/1993	    0.01	    0.01	    0.01	    0.01
02/14/1993	    0.01	    0.01	    0.01	    0.01
02/15/1993	    0.01	    0.01	    0.01	    0.01
02/16/1993	    0.01	    0.01	    0.01	    0.01
02/17/1993	    0.01	    0.01	    0.01	    0.01
02/18/1993	    0.01	    0.01	    0.01	    0.01
02/19/1993	    0.01	    0.01	    0.00	    0.01
02/20/1993	    0.00	    0.00	    0.00	    0.00
02/21/1993	    0.00	    0.00	    0.00	    0.00
02/22/1993	    0.00	    0.00	    0.00	    0.00
02/23/1993	    0.00	    0.00	    0.00	    0.00
02/24/1993	    0.00	    0.00	    0.00	    0.00
02/25/1993	    0.00	    0.00	    0.00	    0.00
02/26/1993	    0.00	    0.00	    0.00	    0.00
02/27/1993	    0.00	    0.00	    0.00	    0.00
02/28/1993	    0.00	    0.00	    0.00	    0.00
03/01/1993	    0.00	    0.00	    0.00	    0.00
03/02/1993	    0.13	    0.00	    0.00	    0.12
03/03/1993	    2.52	    0.00	    0.13	    0.39
03/04/1993	    4.62	    3.94	    2.52	    1.24
03/05/1993	    3.94	    3.94	    3.94	    3.94
03/06/1993	    5.39	    3.94	    3.94	    2.17
03/07/1993	    4.27	    1.39	    3.63	    1.20
03/08/1993	    3.63	    1.39	    1.39	    0.66
03/09/1993	    1.39	    1.39	    0.38	    0.37
03/10/1993	    0.38	    0.11	    0.11	    0.20
03/11/1993	    0.11	    0.11	    0.11	    0.11
03/12/1993	    0.14	    0.11	    0.09	    0.10
03/13/1993	    0.09	    0.09	    0.09	    0.09
03/14/1993	    0.11	    0.09	    0.09	    0.07
03/15/1993	    0.17	    0.09	    0.11	    0.06
03/16/1993	    2.15	    0.16	    0.17	    0.05
03/17/1993	    0.74	    0.16	    0.16	    0.04
03/18/1993	    0.16	    0.16	    0.08	    0.04
03/19/1993	    0.08	    0.02	    0.04	    0.03
03/20/1993	    0.04	    0.02	    0.02	    0.03
03/21/1993	    0.02	    0.02	    0.02	    0.02
03/22/1993	    0.04	    0.04	    0.02	    0.04
03/23/1993	    0.05	    0.04	    0.04	    0.05
03/24/1993	    1.44	    0.04	    0.05	    0.22
03/25/1993	    7.21	    2.14	    1.44	    0.46
03/26/1993	    4.08	    2.14	    2.14	    0.99
03/27/1993	    2.14	    2.14	    2.14	    2.14
03/28/1993	    3.45	    2.34	    2.14	    1.34
03/29/1993	    4.67	    2.34	    2.34	    0.84
03/30/1993	    2.34	    2.34	    1.37	    0.53
03/31/1993	    1.37	    0.13	    0.19	    0.33
04/01/1993	    0.19	    0.13	    0.13	    0.19
04/02/1993	    0.13	    0.13	    0.13	    0.13
04/03/1993	    0.18	    0.18	    0.13	    0.18
04/04/1993	   12.06	    0.18	    0.18	    0.29
04/05/1993	    8.59	    0.18	    1.33	    0.44
04/06/1993	    1.33	    0.98	    0.98	    0.65
04/07/1993	    0.98	    0.98	    0.98	    0.98
04/08/1993	  276.41	    0.98	    0.98	    0.71
04/09/1993	   11.65	    0.28	    0.80	    0.52
04/10/1993	    0.80	    0.28	    0.28	    0.38
04/11/1993	    0.28	    0.28	    0.28	    0.28
04/12/1993	    5.63	    0.30	    0.28	    0.28
04/13/1993	    2.08	    0.30	    0.30	    0.29
04/14/1993	    0.30	    0.30	    0.30	    0.30
04/15/1993	  207.63	   14.78	    0.30	    0.70
04/16/1993	  183.94	   14.78	   14.78	    1.63
04/17/1993	   14.78	   14.78	    8.96	    3.82
04/18/1993	    8.96	    8.96	    8.96	    8.96
04/19/1993	   29.36	    8.96	    8.96	    5.05
04/20/1993	   81.24	    8.96	   25.83	    2.85
04/21/1993	   25.83	    0.35	    2.34	    1.61
04/22/1993	    2.34	    0.35	    0.35	    0.91
04/23/1993	    0.35	    0.35	    0.17	    0.35
04/24/1993	    0.17	    0.09	    0.13	    0.17
04/25/1993	    0.13	    0.09	    0.09	    0.13
04/26/1993	    0.09	    0.09	    0.09	    0.09
04/27/1993	    0.11	    0.11	    0.09	    0.10
04/28/1993	   26.45	    0.11	    0.11	    0.11
04/29/1993	    1.01	    0.11	    0.46	    0.13
04/30/1993	    0.46	    0.18	    0.24	    0.14
05/01/1993	    0.24	    0.18	    0.18	    0.16
05/02/1993	    0.18	    0.18	    0.18	    0.18
05/03/1993	    0.18	    0.18	    0.18	    0.15
05/04/1993	    0.36	    0.18	    0.18	    0.12
05/05/1993	    0.24	    0.18	    0.12	    0.10
05/06/1993	    0.12	    0.07	    0.07	    0.08
05/07/1993	    0.07	    0.07	    0.07	    0.07
05/08/1993	    0.14	    0.07	    0.07	    0.05
05/09/1993	    0.12	    0.02	    0.04	    0.04
05/10/1993	    0.04	    0.02	    0.02	    0.03
05/11/1993	    0.02	    0.02	    0.02	    0.02
05/12/1993	    0.02	    0.01	    0.01	    0.02
05/13/1993	    0.01	    0.01	    0.01	    0.01
05/14/1993	    0.01	    0.01	    0.01	    0.01
05/15/1993	    0.01	    0.00	    0.01	    0.01
05/16/1993	    0.01	    0.00	    0.00	    0.01
05/17/1993	    0.00	    0.00	    0.00	    0.00
05/18/1993	    0.00	    0.00	    0.00	    0.00
05/19/1993	    0.00	    0.00	    0.00	    0.00
05/20/1993	    0.01	    0.00	    0.00	    0.00
05/21/1993	    0.00	    0.00	    0.00	    0.00
05/22/1993	    0.00	    0.00	    0.00	    0.00
05/23/1993	    0.01	    0.00	    0.00	    0.00
05/24/1993	    0.03	    0.02	    0.01	    0.00
05/25/1993	    0.04	    0.02	    0.02	    0.00
05/26/1993	    0.02	    0.02	    0.01	    0.01
05/27/1993	    0.01	    0.01	    0.01	    0.01
05/28/1993	    0.01	    0.01	    0.01	    0.01
05/29/1993	    0.01	    0.01	    0.01	    0.01
05/30/1993	    0.04	    0.04	    0.01	    0.01
05/31/1993	    1.73	    0.04	    0.04	    0.01
06/01/1993	    0.63	    0.04	    0.09	    0.01
06/02/1993	    0.09	    0.02	    0.04	    0.01
06/03/1993	    0.04	    0.02	    0.02	    0.01
06/04/1993	    0.02	    0.02	    0.02	    0.01
06/05/1993	    0.02	    0.01	    0.01	    0.01
06/06/1993	    0.01	    0.01	    0.01	    0.01
06/07/1993	    0.01	    0.01	    0.01	    0.01
06/08/1993	   60.14	    6.08	    0.01	    0.01
06/09/1993	  997.55	    6.08	    6.08	    0.01
06/10/1993	    6.08	    6.08	    0.19	    0.02
06/11/1993	    0.19	    0.03	    0.05	    0.02
06/12/1993	    0.05	    0.03	    0.03	    0.03
06/13/1993	    0.03	    0.03	    0.03	    0.03
06/14/1993	  107.41	    1.08	    0.03	    0.10
06/15/1993	    4.05	    1.08	    1.08	    0.33
06/16/1993	    1.08	    1.08	    1.08	    1.08
06/17/1993	 2300.00	  100.00	    1.08	    0.87
06/18/1993	 3000.00	  100.00	  100.00	    0.70
06/19/1993	  100.00	  100.00	   44.00	    0.56
06/20/1993	   44.00	    1.40	    7.80	    0.45
06/21/1993	    7.80	    1.40	    1.40	    0.36
06/22/1993	    1.40	    1.40	    0.58	    0.29
06/23/1993	    0.58	    0.19	    0.19	    0.24
06/24/1993	    0.19	    0.19	    0.19	    0.19
06/25/1993	    0.48	    0.19	    0.12	    0.15
06/26/1993	    0.12	    0.06	    0.12	    0.12
06/27/1993	    0.13	    0.06	    0.06	    0.08
06/28/1993	    0.06	    0.06	    0.04	    0.06
06/29/1993	    0.04	    0.03	    0.03	    0.04
06/30/1993	    0.03	    0.03	    0.03	    0.03
07/01/1993	    0.03	    0.03	    0.03	    0.03
07/02/1993	    0.05	    0.05	    0.03	    0.04
07/03/1993	    0.09	    0.05	    0.05	    0.05
07/04/1993	    0.15	    0.05	    0.09	    0.06
07/05/1993	  290.00	  110.00	    0.15	    0.07
07/06/1993	 2500.00	  110.00	  110.00	    0.08
07/07/1993	  110.00	  110.00	   82.00	    0.09
07/08/1993	   82.00	    2.60	   10.00	    0.11
07/09/1993	   10.00	    2.60	    2.60	    0.12
07/10/1993	    2.60	    2.60	    0.17	    0.15
07/11/1993	    0.17	    0.17	    0.17	    0.17
07/12/1993	    0.30	    0.17	    0.17	    0.15
07/13/1993	    0.20	    0.17	    0.19	    0.13
07/14/1993	    0.19	    0.10	    0.14	    0.11
07/15/1993	    0.14	    0.10	    0.10	    0.10
07/16/1993	    0.10	    0.10	    0.07	    0.08
07/17/1993	    0.07	    0.07	    0.07	    0.07
07/18/1993	    0.10	    0.07	    0.07	    0.09
07/19/1993	    0.14	    0.07	    0.10	    0.11
07/20/1993	    0.13	    0.13	    0.13	    0.13
07/21/1993	    0.17	    0.13	    0.13	    0.13
07/22/1993	    0.16	    0.13	    0.16	    0.14
07/23/1993	    0.16	    0.15	    0.15	    0.15
07/24/1993	    0.15	    0.15	    0.15	    0.15
07/25/1993	    1.62	    0.15	    0.15	    0.10
07/26/1993	    1.25	    0.11	    0.29	    0.07
07/27/1993	    0.29	    0.11	    0.11	    0.05
07/28/1993	    0.11	    0.11	    0.05	    0.03
07/29/1993	    0.05	    0.03	    0.03	    0.02
07/30/1993	    0.03	    0.03	    0.03	    0.01
07/31/1993	    0.03	    0.03	    0.02	    0.01
08/01/1993	    0.02	    0.01	    0.01	    0.01
08/02/1993	    0.01	    0.01	    0.01	    0.00
08/03/1993	    0.01	    0.01	    0.01	    0.00
08/04/1993	    0.01	    0.00	    0.00	    0.00
08/05/1993	    0.00	    0.00	    0.00	    0.00
08/06/1993	    3.08	    0.00	    0.00	    0.00
08/07/1993	    1.96	    0.01	    0.05	    0.00
08/08/1993	    0.05	    0.01	    0.01	    0.00
08/09/1993	    0.01	    0.01	    0.01	    0.00
08/10/1993	    0.01	    0.00	    0.00	    0.00
08/11/1993	    0.00	    0.00	    0.00	    0.00
08/12/1993	    0.00	    0.00	    0.00	    0.00
08/13/1993	    0.01	    0.00	    0.00	    0.00
08/14/1993	    0.00	    0.00	    0.00	    0.00
08/15/1993	    0.00	    0.00	    0.00	    0.00
08/16/1993	    0.00	    0.00	    0.00	    0.00
08/17/1993	    0.00	    0.00	    0.00	    0.00
08/18/1993	    0.00	    0.00	    0.00	    0.00
08/19/1993	    0.00	    0.00	    0.00	    0.00
08/20/1993	    0.00	    0.00	    0.00	    0.00
08/21/1993	    0.00	    0.00	    0.00	    0.00
08/22/1993	    0.00	    0.00	    0.00	    0.00
08/23/1993	    0.00	    0.00	    0.00	    0.00
08/24/1993	    0.00	    0.00	    0.00	    0.00
08/25/1993	    0.00	    0.00	    0.00	    0.00
08/26/1993	    0.00	    0.00	    0.00	    0.00
08/27/1993	    0.00	    0.00	    0.00	    0.00
08/28/1993	    0.00	    0.00	    0.00	    0.00
08/29/1993	    0.00	    0.00	    0.00	    0.00
08/30/1993	    0.00	    0.00	    0.00	    0.00
08/31/1993	    0.02	    0.00	    0.00	    0.01
09/01/1993	    0.02	    0.00	    0.00	    0.01
09/02/1993	    0.00	    0.00	    0.00	    0.00
09/03/1993	    0.00	    0.00	    0.00	    0.00
09/04/1993	    0.00	    0.00	    0.00	    0.00
09/05/1993	    0.00	    0.00	    0.00	    0.00
09/06/1993	    0.00	    0.00	    0.00	    0.00
09/07/1993	    0.00	    0.00	    0.00	    0.00
09/08/1993	    0.00	    0.00	    0.00	    0.00
09/09/1993	    0.00	    0.00	    0.00	    0.00
09/10/1993	    0.00	    0.00	    0.00	    0.00
09/11/1993	    0.00	    0.00	    0.00	    0.00
09/12/1993	    0.00	    0.00	    0.00	    0.00
09/13/1993	    0.00	    0.00	    0.00	    0.00
09/14/1993	    0.00	    0.00	    0.00	    0.00
09/15/1993	    0.12	    0.10	    0.00	    0.01
09/16/1993	    0.13	    0.10	    0.10	    0.02
09/17/1993	    0.10	    0.10	    0.05	    0.02
09/18/1993	    0.05	    0.03	    0.03	    0.02
09/19/1993	    0.03	    0.03	    0.03	    0.03
09/20/1993	    0.03	    0.03	    0.03	    0.02
09/21/1993	    0.21	    0.13	    0.03	    0.01
09/22/1993	    0.35	    0.13	    0.13	    0.01
09/23/1993	    0.13	    0.13	    0.04	    0.01
09/24/1993	    0.04	    0.01	    0.02	    0.01
09/25/1993	    0.02	    0.01	    0.01	    0.00
09/26/1993	    0.01	    0.01	    0.01	    0.00
09/27/1993	    0.01	    0.00	    0.01	    0.00
09/28/1993	    0.01	    0.00	    0.00	    0.00
09/29/1993	    0.00	    0.00	    0.00	    0.00
09/30/1993	    0.00	    0.00	    0.00	    0.00
10/01/1993	    0.00	    0.00	    0.00	    0.00
10/02/1993	    0.00	    0.00	    0.00	    0.00
10/03/1993	    0.00	    0.00	    0.00	    0.00
10/04/1993	    0.00	    0.00	    0.00	    0.00
10/05/1993	    0.00	    0.00	    0.00	    0.00
10/06/1993	    0.00	    0.00	    0.00	    0.00
10/07/1993	    0.00	    0.00	    0.00	    0.00
10/08/1993	    0.00	    0.00	    0.00	    0.00
10/09/1993	    0.00	    0.00	    0.00	    0.00
10/10/1993	    0.00	    0.00	    0.00	    0.00
10/11/1993	    0.00	    0.00	    0.00	    0.00
10/12/1993	    0.00	    0.00	    0.00	    0.00
10/13/1993	    0.00	    0.00	    0.00	    0.00
10/14/1993	    0.00	    0.00	    0.00	    0.00
10/15/1993	    0.01	    0.01	    0.00	    0.00
10/16/1993	    0.54	    0.01	    0.01	    0.00
10/17/1993	    0.62	    0.01	    0.23	    0.01
10/18/1993	    0.23	    0.02	    0.03	    0.01
10/19/1993	    0.03	    0.02	    0.02	    0.01
10/20/1993	    0.02	    0.02	    0.02	    0.02
10/21/1993	    0.55	    0.20	    0.02	    0.02
10/22/1993	    0.77	    0.20	    0.20	    0.01
10/23/1993	    0.20	    0.20	    0.01	    0.01
10/24/1993	    0.01	    0.00	    0.01	    0.01
10/25/1993	    0.01	    0.00	    0.00	    0.01
10/26/1993	    0.00	    0.00	    0.00	    0.00
10/27/1993	    0.00	    0.00	    0.00	    0.00
10/28/1993	    0.00	    0.00	    0.00	    0.00
10/29/1993	    0.00	    0.00	    0.00	    0.00
10/30/1993	    0.00	    0.00	    0.00	    0.00
10/31/1993	    0.00	    0.00	    0.00	    0.00
11/01/1993	    0.00	    0.00	    0.00	    0.00
11/02/1993	    0.00	    0.00	    0.00	    0.00
11/03/1993	    0.00	    0.00	    0.00	    0.00
11/04/1993	    0.00	    0.00	    0.00	    0.00
11/05/1993	    0.03	    0.03	    0.00	    0.00
11/06/1993	    0.28	    0.03	    0.03	    0.00
11/07/1993	    0.07	    0.03	    0.02	    0.01
11/08/1993	    0.02	    0.01	    0.01	    0.01
11/09/1993	    0.01	    0.01	    0.01	    0.01
11/10/1993	    0.01	    0.01	    0.01	    0.01
11/11/1993	    0.01	    0.01	    0.01	    0.01
11/12/1993	    0.02	    0.01	    0.01	    0.01
11/13/1993	    0.28	    0.01	    0.02	    0.01
11/14/1993	    0.36	    0.19	    0.23	    0.01
11/15/1993	    0.23	    0.19	    0.19	    0.01
11/16/1993	    0.19	    0.19	    0.09	    0.01
11/17/1993	    0.09	    0.03	    0.04	    0.01
11/18/1993	    0.04	    0.03	    0.03	    0.01
11/19/1993	    0.03	    0.03	    0.02	    0.01
11/20/1993	    0.02	    0.01	    0.01	    0.01
11/21/1993	    0.01	    0.01	    0.01	    0.01
11/22/1993	    0.01	    0.01	    0.01	    0.01
11/23/1993	    0.01	    0.01	    0.01	    0.01
11/24/1993	    0.01	    0.01	    0.01	    0.01
11/25/1993	    0.01	    0.01	    0.01	    0.01
11/26/1993	    0.64	    0.39	    0.01	    0.01
11/27/1993	    2.59	    0.39	    0.39	    0.01
11/28/1993	    0.39	    0.39	    0.02	    0.01
11/29/1993	    0.02	    0.01	    0.01	    0.01
11/30/1993	    0.01	    0.01	    0.01	    0.01
12/01/1993	    0.01	    0.01	    0.01	    0.01
12/02/1993	    0.01	    0.01	    0.01	    0.01
12/03/1993	    0.01	    0.01	    0.01	    0.01
12/04/1993	    0.01	    0.01	    0.01	    0.01
12/05/1993	    0.01	    0.01	    0.01	    0.01
12/06/1993	    0.01	    0.01	    0.01	    0.01
12/07/1993	    0.01	    0.01	    0.01	    0.01
12/08/1993	    0.01	    0.01	    0.01	    0.01
12/09/1993	    0.01	    0.01	    0.01	    0.01
12/10/1993	    0.01	    0.01	    0.01	    0.01
12/11/1993	    0.01	    0.01	    0.01	    0.01
12/12/1993	    0.01	    0.01	    0.01	    0.01
12/13/1993	    0.01	    0.01	    0.01	    0.01
12/14/1993	    0.01	    0.01	    0.01	    0.01
12/15/1993	    0.01	    0.01	    0.01	    0.01
12/16/1993	    0.01	    0.01	    0.01	    0.01
12/17/1993	    0.01	    0.00	    0.00	    0.01
12/18/1993	    0.00	    0.00	    0.00	    0.00
12/19/1993	    0.00	    0.00	    0.00	    0.00
12/20/1993	    0.00	    0.00	    0.00	    0.00
12/21/1993	    0.00	    0.00	    0.00	    0.00
12/22/1993	    0.00	    0.00	    0.00	    0.00
12/23/1993	    0.00	    0.00	    0.00	    0.00
12/24/1993	    0.00	    0.00	    0.00	    0.00
12/25/1993	    0.00	    0.00	    0.00	    0.00
12/26/1993	    0.00	    0.00	    0.00	    0.00
12/27/1993	    0.00	    0.00	    0.00	    0.00
12/28/1993	    0.00	    0.00	    0.00	    0.00
12/29/1993	    0.00	    0.00	    0.00	    0.00
12/30/1993	    0.00	    0.00	    0.00	    0.00
12/31/1993	    0.00	    0.00	    0.00	    0.00
01/01/1994	    0.00	    0.00	    0.00	    0.00
01/02/1994	    0.00	    0.00	    0.00	    0.00
01/03/1994	    0.00	    0.00	    0.00	    0.00
01/04/1994	    0.00	    0.00	    0.00	    0.00
01/05/1994	    0.00	    0.00	    0.00	    0.00
01/06/1994	    0.00	    0.00	    0.00	    0.00
01/07/1994	    0.00	    0.00	    0.00	    0.00
01/08/1994	    0.00	    0.00	    0.00	    0.00
01/09/1994	    0.00	    0.00	    0.00	    0.00
01/10/1994	    0.00	    0.00	    0.00	    0.00
01/11/1994	    0.00	    0.00	    0.00	    0.00
01/12/1994	    0.00	    0.00	    0.00	    0.00
01/13/1994	    0.00	    0.00	    0.00	    0.00
01/14/1994	    0.00	    0.00	    0.00	    0.00
01/15/1994	    0.00	    0.00	    0.00	    0.00
01/16/1994	    0.00	    0.00	    0.00	    0.00
01/17/1994	    0.00	    0.00	    0.00	    0.00
01/18/1994	    0.00	    0.00	    0.00	    0.00
01/19/1994	    0.00	    0.00	    0.00	    0.00
01/20/1994	    0.00	    0.00	    0.00	    0.00
01/21/1994	    0.00	    0.00	    0.00	    0.00
01/22/1994	    0.00	    0.00	    0.00	    0.00
01/23/1994	    0.00	    0.00	    0.00	    0.00
01/24/1994	    0.00	    0.00	    0.00	    0.00
01/25/1994	    0.00	    0.00	    0.00	    0.00
01/26/1994	    0.00	    0.00	    0.00	    0.00
01/27/1994	    0.00	    0.00	    0.00	    0.00
01/28/1994	    0.00	    0.00	    0.00	    0.00
01/29/1994	    0.00	    0.00	    0.00	    0.00
01/30/1994	    0.00	    0.00	    0.00	    0.00
01/31/1994	    0.00	    0.00	    0.00	    0.00
02/01/1994	    0.00	    0.00	    0.00	    0.00
02/02/1994	    0.00	    0.00	    0.00	    0.00
02/03/1994	    0.00	    0.00	    0.00	    0.00
02/04/1994	    0.00	    0.00	    0.00	    0.00
02/05/1994	    0.00	    0.00	    0.00	    0.00
02/06/1994	    0.00	    0.00	    0.00	    0.00
02/07/1994	    0.00	    0.00	    0.00	    0.00
02/08/1994	    0.00	    0.00	    0.00	    0.00
02/09/1994	    0.00	    0.00	    0.00	    0.00
02/10/1994	    0.00	    0.00	    0.00	    0.00
02/11/1994	    0.00	    0.00	    0.00	    0.00
02/12/1994	    0.00	    0.00	    0.00	    0.00
02/13/1994	    0.00	    0.00	    0.00	    0.00
02/14/1994	    0.00	    0.00	    0.00	    0.00
02/15/1994	    0.00	    0.00	    0.00	    0.00
02/16/1994	    0.00	    0.00	    0.00	    0.00
02/17/1994	    0.00	    0.00	    0.00	    0.00
02/18/1994	    0.04	    0.04	    0.00	    0.01
02/19/1994	    1.93	    0.04	    0.04	    0.01
02/20/1994	   30.75	    0.04	    1.93	    0.02
02/21/1994	    9.07	    1.22	    2.88	    0.02
02/22/1994	    2.88	    1.22	    1.22	    0.02
02/23/1994	    1.22	    1.22	    0.58	    0.02
02/24/1994	    0.58	    0.26	    0.33	    0.03
02/25/1994	    0.33	    0.26	    0.26	    0.03
02/26/1994	    0.26	    0.26	    0.19	    0.04
02/27/1994	    0.19	    0.12	    0.15	    0.04
02/28/1994	    0.15	    0.12	    0.12	    0.05
03/01/1994	    0.12	    0.12	    0.11	    0.06
03/02/1994	    0.11	    0.08	    0.08	    0.07
03/03/1994	    0.08	    0.08	    0.08	    0.08
03/04/1994	    0.38	    0.08	    0.08	    0.09
03/05/1994	   10.61	    5.48	    0.38	    0.10
03/06/1994	   27.14	    5.48	    5.48	    0.12
03/07/1994	    5.48	    5.48	    2.94	    0.14
03/08/1994	    2.94	    0.93	    2.02	    0.16
03/09/1994	    2.02	    0.93	    0.93	    0.19
03/10/1994	    0.93	    0.93	    0.49	    0.22
03/11/1994	    0.49	    0.30	    0.30	    0.26
03/12/1994	    0.30	    0.30	    0.30	    0.30
03/13/1994	    0.33	    0.30	    0.30	    0.24
03/14/1994	    0.59	    0.59	    0.33	    0.20
03/15/1994	    1.50	    0.59	    0.59	    0.16
03/16/1994	    1.10	    0.59	    0.33	    0.13
03/17/1994	    0.33	    0.07	    0.13	    0.11
03/18/1994	    0.13	    0.07	    0.07	    0.09
03/19/1994	    0.07	    0.07	    0.07	    0.07
03/20/1994	    0.18	    0.18	    0.07	    0.08
03/21/1994	    5.36	    0.18	    0.18	    0.08
03/22/1994	    4.60	    0.18	    2.00	    0.09
03/23/1994	    2.00	    0.29	    0.32	    0.10
03/24/1994	    0.32	    0.29	    0.29	    0.11
03/25/1994	    0.29	    0.29	    0.15	    0.11
03/26/1994	    0.15	    0.13	    0.13	    0.12
03/27/1994	    0.13	    0.13	    0.13	    0.13
03/28/1994	    0.15	    0.13	    0.13	    0.12
03/29/1994	    0.13	    0.10	    0.12	    0.11
03/30/1994	    0.12	    0.10	    0.10	    0.10
03/31/1994	    0.10	    0.10	    0.10	    0.10
04/01/1994	    0.10	    0.10	    0.10	    0.10
04/02/1994	    0.18	    0.10	    0.10	    0.12
04/03/1994	    0.16	    0.10	    0.15	    0.14
04/04/1994	    0.15	    0.15	    0.15	    0.15
04/05/1994	    1.30	    0.15	    0.15	    0.45
04/06/1994	    1.30	    0.15	    1.30	    1.30
04/07/1994	    1.50	    1.50	    1.30	    0.73
04/08/1994	    2.30	    1.50	    1.50	    0.41
04/09/1994	    1.80	    1.50	    0.69	    0.23
04/10/1994	    0.69	    0.07	    0.07	    0.13
04/11/1994	    0.07	    0.07	    0.07	    0.07
04/12/1994	    0.58	    0.07	    0.07	    0.15
04/13/1994	    6.39	    0.71	    0.58	    0.33
04/14/1994	    0.71	    0.71	    0.71	    0.71
04/15/1994	   33.70	    0.71	    0.71	    0.44
04/16/1994	    3.09	    0.13	    0.34	    0.28
04/17/1994	    0.34	    0.13	    0.13	    0.17
04/18/1994	    0.13	    0.13	    0.07	    0.11
04/19/1994	    0.07	    0.03	    0.05	    0.07
04/20/1994	    0.05	    0.03	    0.03	    0.04
04/21/1994	    0.03	    0.03	    0.02	    0.03
04/22/1994	    0.02	    0.01	    0.01	    0.02
04/23/1994	    0.01	    0.01	    0.01	    0.01
04/24/1994	    0.09	    0.01	    0.01	    0.01
04/25/1994	 2201.84	    0.97	    0.09	    0.02
04/26/1994	   31.45	    0.97	    0.97	    0.02
04/27/1994	    0.97	    0.97	    0.19	    0.03
04/28/1994	    0.19	    0.06	    0.09	    0.04
04/29/1994	    0.09	    0.06	    0.06	    0.05
04/30/1994	    0.06	    0.06	    0.06	    0.06
05/01/1994	    0.14	    0.07	    0.06	    0.05
05/02/1994	    0.16	    0.07	    0.07	    0.04
05/03/1994	    0.07	    0.07	    0.04	    0.04
05/04/1994	    0.04	    0.02	    0.03	    0.03
05/05/1994	    0.03	    0.02	    0.02	    0.02
05/06/1994	    0.02	    0.02	    0.02	    0.02
05/07/1994	    0.02	    0.01	    0.01	    0.02
05/08/1994	    0.01	    0.01	    0.01	    0.01
05/09/1994	    0.01	    0.01	    0.01	    0.01
05/10/1994	    0.01	    0.01	    0.01	    0.01
05/11/1994	    0.02	    0.01	    0.01	    0.01
05/12/1994	    0.02	    0.01	    0.01	    0.01
05/13/1994	    0.01	    0.01	    0.01	    0.01
05/14/1994	    0.01	    0.01	    0.01	    0.01
05/15/1994	    0.02	    0.01	    0.01	    0.01
05/16/1994	    0.02	    0.01	    0.01	    0.01
05/17/1994	    0.01	    0.01	    0.01	    0.01
05/18/1994	    0.01	    0.01	    0.00	    0.00
05/19/1994	    0.00	    0.00	    0.00	    0.00
05/20/1994	    0.00	    0.00	    0.00	    0.00
05/21/1994	    0.00	    0.00	    0.00	    0.00
05/22/1994	    0.00	    0.00	    0.00	    0.00
05/23/1994	    0.00	    0.00	    0.00	    0.00
05/24/1994	    0.00	    0.00	    0.00	    0.00
05/25/1994	    0.00	    0.00	    0.00	    0.00
05/26/1994	    0.01	    0.00	    0.00	    0.00
05/27/1994	    0.00	    0.00	    0.00	    0.00
05/28/1994	    0.00	    0.00	    0.00	    0.00
05/29/1994	    0.00	    0.00	    0.00	    0.00
05/30/1994	    0.00	    0.00	    0.00	    0.00
05/31/1994	    0.00	    0.00	    0.00	    0.00
06/01/1994	    0.00	    0.00	    0.00	    0.00
06/02/1994	    0.00	    0.00	    0.00	    0.00
06/03/1994	    0.00	    0.00	    0.00	    0.00
06/04/1994	    0.00	    0.00	    0.00	    0.00
06/05/1994	    0.00	    0.00	    0.00	    0.00
06/06/1994	    0.00	    0.00	    0.00	    0.00
06/07/1994	    0.00	    0.00	    0.00	    0.00
06/08/1994	    0.00	    0.00	    0.00	    0.00
06/09/1994	    0.00	    0.00	    0.00	    0.00
06/10/1994	    0.00	    0.00	    0.00	    0.00
06/11/1994	    0.00	    0.00	    0.00	    0.00
06/12/1994	    0.00	    0.00	    0.00	    0.00
06/13/1994	    0.00	    0.00	    0.00	    0.00
06/14/1994	    0.00	    0.00	    0.00	    0.00
06/15/1994	    0.00	    0.00	    0.00	    0.00
06/16/1994	    0.00	    0.00	    0.00	    0.00
06/17/1994	    0.00	    0.00	    0.00	    0.00
06/18/1994	    0.00	    0.00	    0.00	    0.00
06/19/1994	    0.00	    0.00	    0.00	    0.00
06/20/1994	    0.00	    0.00	    0.00	    0.00
06/21/1994	    0.00	    0.00	    0.00	    0.00
06/22/1994	    0.00	    0.00	    0.00	    0.00
06/23/1994	    0.00	    0.00	    0.00	    0.00
06/24/1994	    0.00	    0.00	    0.00	    0.00
06/25/1994	    0.00	    0.00	    0.00	    0.00
06/26/1994	    0.00	    0.00	    0.00	    0.00
06/27/1994	    0.00	    0.00	    0.00	    0.00
06/28/1994	    0.00	    0.00	    0.00	    0.00
06/29/1994	    0.00	    0.00	    0.00	    0.00
06/30/1994	    0.00	    0.00	    0.00	    0.00
07/01/1994	    0.00	    0.00	    0.00	    0.00
07/02/1994	    0.00	    0.00	    0.00	    0.00
07/03/1994	    0.00	    0.00	    0.00	    0.00
07/04/1994	    0.00	    0.00	    0.00	    0.00
07/05/1994	    0.81	    0.00	    0.00	    0.09
07/06/1994	    3.28	    0.77	    0.77	    0.26
07/07/1994	    0.77	    0.77	    0.77	    0.77
07/08/1994	    1.09	    0.77	    0.66	    0.29
07/09/1994	    0.66	    0.01	    0.03	    0.11
07/10/1994	    0.03	    0.01	    0.01	    0.03
07/11/1994	    0.01	    0.01	    0.00	    0.01
07/12/1994	    0.00	    0.00	    0.00	    0.00
07/13/1994	    0.00	    0.00	    0.00	    0.00
07/14/1994	    0.00	    0.00	    0.00	    0.00
07/15/1994	    0.00	    0.00	    0.00	    0.00
07/16/1994	    0.00	    0.00	    0.00	    0.00
07/17/1994	    0.00	    0.00	    0.00	    0.00
07/18/1994	    0.00	    0.00	    0.00	    0.00
07/19/1994	    0.00	    0.00	    0.00	    0.00
07/20/1994	    0.00	    0.00	    0.00	    0.00
07/21/1994	    0.00	    0.00	    0.00	    0.00
07/22/1994	    0.00	    0.00	    0.00	    0.00
07/23/1994	    0.00	    0.00	    0.00	    0.00
07/24/1994	    0.00	    0.00	    0.00	    0.00
07/25/1994	    0.02	    0.00	    0.00	    0.00
07/26/1994	    0.01	    0.00	    0.00	    0.00
07/27/1994	    0.00	    0.00	    0.00	    0.00
07/28/1994	    0.00	    0.00	    0.00	    0.00
07/29/1994	    0.00	    0.00	    0.00	    0.00
07/30/1994	    0.00	    0.00	    0.00	    0.00
07/31/1994	    0.00	    0.00	    0.00	    0.00
08/01/1994	    0.00	    0.00	    0.00	    0.00
08/02/1994	    0.01	    0.00	    0.00	    0.00
08/03/1994	    0.00	    0.00	    0.00	    0.00
08/04/1994	    0.01	    0.00	    0.00	    0.00
08/05/1994	    0.00	    0.00	    0.00	    0.00
08/06/1994	    0.00	    0.00	    0.00	    0.00
08/07/1994	    0.00	    0.00	    0.00	    0.00
08/08/1994	    0.00	    0.00	    0.00	    0.00
08/09/1994	    0.00	    0.00	    0.00	    0.00
08/10/1994	    0.00	    0.00	    0.00	    0.00
08/11/1994	    0.00	    0.00	    0.00	    0.00
08/12/1994	    0.00	    0.00	    0.00	    0.00
08/13/1994	    0.00	    0.00	    0.00	    0.00
08/14/1994	    0.00	    0.00	    0.00	    0.00
08/15/1994	    0.00	    0.00	    0.00	    0.00
08/16/1994	    0.00	    0.00	    0.00	    0.00
08/17/1994	    0.00	    0.00	    0.00	    0.00
08/18/1994	    0.00	    0.00	    0.00	    0.00
08/19/1994	    0.00	    0.00	    0.00	    0.00
08/20/1994	    0.06	    0.01	    0.00	    0.01
08/21/1994	    0.04	    0.01	    0.01	    0.01
08/22/1994	    0.01	    0.01	    0.01	    0.00
08/23/1994	    0.01	    0.00	    0.00	    0.00
08/24/1994	    0.00	    0.00	    0.00	    0.00
08/25/1994	    0.00	    0.00	    0.00	    0.00
08/26/1994	    0.00	    0.00	    0.00	    0.00
08/27/1994	    0.00	    0.00	    0.00	    0.00
08/28/1994	    0.00	    0.00	    0.00	    0.00
08/29/1994	    0.00	    0.00	    0.00	    0.00
08/30/1994	    0.00	    0.00	    0.00	    0.00
08/31/1994	    0.00	    0.00	    0.00	    0.00
09/01/1994	    0.00	    0.00	    0.00	    0.00
09/02/1994	    0.00	    0.00	    0.00	    0.00
09/03/1994	    0.00	    0.00	    0.00	    0.00
09/04/1994	    0.00	    0.00	    0.00	    0.00
09/05/1994	    0.00	    0.00	    0.00	    0.00
09/06/1994	    0.00	    0.00	    0.00	    0.00
09/07/1994	    0.00	    0.00	    0.00	    0.00
09/08/1994	    0.00	    0.00	    0.00	    0.00
09/09/1994	    0.00	    0.00	    0.00	    0.00
09/10/1994	    0.00	    0.00	    0.00	    0.00
09/11/1994	    0.00	    0.00	    0.00	    0.00
09/12/1994	    0.00	    0.00	    0.00	    0.00
09/13/1994	    0.00	    0.00	    0.00	    0.00
09/14/1994	    0.00	    0.00	    0.00	    0.00
09/15/1994	    0.00	    0.00	    0.00	    0.00
09/16/1994	    0.00	    0.00	    0.00	    0.00
09/17/1994	    0.00	    0.00	    0.00	    0.00
09/18/1994	    0.00	    0.00	    0.00	    0.00
09/19/1994	    0.00	    0.00	    0.00	    0.00
09/20/1994	    0.00	    0.00	    0.00	    0.00
09/21/1994	    0.00	    0.00	    0.00	    0.00
09/22/1994	    0.00	    0.00	    0.00	    0.00
09/23/1994	    0.00	    0.00	    0.00	    0.00
09/24/1994	    0.00	    0.00	    0.00	    0.00
09/25/1994	    0.00	    0.00	    0.00	    0.00
09/26/1994	    0.01	    0.00	    0.00	    0.00
09/27/1994	    0.05	    0.00	    0.01	    0.00
09/28/1994	    0.11	    0.03	    0.04	    0.00
09/29/1994	    0.04	    0.03	    0.03	    0.00
09/30/1994	    0.03	    0.03	    0.03	    0.00
