DV_date	QTOT	QGW_fixed	QGW_slide	QGW_locmin
10D	12N	12N	12N	12N
10/01/1990	    1.06	    1.03	    1.06	    0.00
10/02/1990	    1.32	    1.03	    1.03	    0.00
10/03/1990	    1.03	    1.03	    1.03	    1.03
10/04/1990	    1.98	    1.35	    1.03	    1.04
10/05/1990	    1.77	    1.35	    1.35	    1.06
10/06/1990	    1.35	    1.35	    1.11	    1.09
10/07/1990	    1.11	    1.11	    1.11	    1.11
10/08/1990	    1.13	    1.11	    1.11	    1.13
10/09/1990	    1.54	    1.11	    1.13	    1.54
10/10/1990	    2.24	    2.24	    1.54	    2.12
10/11/1990	    3.90	    2.24	    2.24	    2.64
10/12/1990	    6.33	    2.24	    3.90	    3.28
10/13/1990	    4.08	    4.08	    4.08	    4.08
10/14/1990	    6.32	    4.08	    4.08	    4.76
10/15/1990	   11.67	    4.08	    6.32	    5.54
10/16/1990	    9.56	    7.53	    7.53	    6.46
10/17/1990	    7.53	    7.53	    7.53	    7.53
10/18/1990	  165.43	    7.53	    7.53	   10.03
10/19/1990	   85.60	   17.77	   17.77	   13.35
10/20/1990	   17.77	   17.77	   17.77	   17.77
10/21/1990	   27.21	   17.77	   17.77	   14.88
10/22/1990	   20.81	    6.85	    9.53	   12.46
10/23/1990	    9.53	    6.85	    6.85	    9.53
10/24/1990	    6.85	    6.85	    5.41	    6.85
10/25/1990	    5.41	    3.19	    3.84	    5.41
10/26/1990	    3.84	    3.19	    3.19	    3.84
10/27/1990	    3.19	    3.19	    3.13	    3.19
10/28/1990	    3.13	    2.44	    2.59	    3.13
10/29/1990	    2.59	    2.44	    2.44	    2.59
10/30/1990	    2.44	    2.44	    2.18	    2.44
10/31/1990	    2.18	    2.11	    2.11	    2.18
11/01/1990	    2.11	    2.11	    2.11	    2.11
11/02/1990	    2.29	    2.11	    2.11	    2.29
11/03/1990	    4.86	    4.86	    2.29	    3.02
11/04/1990	   28.25	    4.86	    4.86	    3.61
11/05/1990	   53.56	    4.86	   28.25	    4.32
11/06/1990	  114.37	   16.89	   45.92	    5.17
11/07/1990	   45.92	   16.89	   16.89	    6.18
11/08/1990	   16.89	   16.89	    8.83	    7.39
11/09/1990	    8.83	    8.83	    8.83	    8.83
11/10/1990	   15.04	    8.83	    8.83	    7.13
11/11/1990	   12.74	    8.83	    6.59	    5.76
11/12/1990	    6.59	    2.66	    3.90	    4.65
11/13/1990	    3.90	    2.66	    2.66	    3.76
11/14/1990	    2.66	    2.66	    2.45	    2.66
11/15/1990	    2.45	    2.45	    2.45	    2.45
11/16/1990	    2.81	    2.45	    2.45	    2.47
11/17/1990	    2.48	    2.45	    2.48	    2.48
11/18/1990	    2.48	    2.09	    2.44	    2.34
11/19/1990	    2.44	    2.09	    2.09	    2.21
11/20/1990	    2.09	    2.09	    2.09	    2.09
11/21/1990	    3.62	    3.62	    2.09	    2.10
11/22/1990	    8.11	    3.62	    3.62	    2.11
11/23/1990	    7.59	    3.62	    4.69	    2.13
11/24/1990	    4.69	    2.17	    3.27	    2.14
11/25/1990	    3.27	    2.17	    2.17	    2.15
11/26/1990	    2.17	    2.17	    2.17	    2.17
11/27/1990	    2.53	    2.53	    2.17	    2.15
11/28/1990	    8.79	    2.53	    2.53	    2.13
11/29/1990	    7.49	    2.53	    3.84	    2.12
11/30/1990	    3.84	    2.07	    2.71	    2.10
12/01/1990	    2.71	    2.07	    2.07	    2.09
12/02/1990	    2.07	    2.07	    2.07	    2.07
12/03/1990	    4.59	    2.51	    2.07	    2.21
12/04/1990	   12.00	    2.51	    2.51	    2.36
12/05/1990	    2.51	    2.51	    2.51	    2.51
12/06/1990	    3.09	    1.75	    2.22	    2.22
12/07/1990	    2.22	    1.75	    1.75	    1.96
12/08/1990	    1.75	    1.75	    1.53	    1.73
12/09/1990	    1.53	    1.53	    1.53	    1.53
12/10/1990	    1.86	    1.53	    1.53	    1.49
12/11/1990	    3.59	    1.53	    1.86	    1.46
12/12/1990	   21.00	   21.00	    3.59	    1.43
12/13/1990	   48.60	   21.00	   21.00	    1.39
12/14/1990	   22.40	   21.00	    6.39	    1.36
12/15/1990	    6.39	    3.38	    4.17	    1.33
12/16/1990	    4.17	    3.38	    3.38	    1.30
12/17/1990	    3.38	    3.38	    3.12	    1.27
12/18/1990	    3.12	    2.85	    2.91	    1.24
12/19/1990	    2.91	    2.85	    2.85	    1.21
12/20/1990	    2.85	    2.85	    2.48	    1.19
12/21/1990	    2.48	    1.56	    1.84	    1.16
12/22/1990	    1.84	    1.56	    1.56	    1.13
12/23/1990	    1.56	    1.56	    1.38	    1.11
12/24/1990	    1.38	    1.10	    1.19	    1.08
12/25/1990	    1.19	    1.10	    1.10	    1.06
12/26/1990	    1.10	    1.10	    1.01	    1.03
12/27/1990	    1.01	    1.01	    1.01	    1.01
12/28/1990	    1.01	    1.01	    1.01	    1.01
12/29/1990	    1.84	    1.01	    1.01	    0.93
12/30/1990	    1.38	    1.01	    1.10	    0.86
12/31/1990	    1.10	    1.01	    1.01	    0.79
01/01/1991	    1.01	    1.01	    0.96	    0.73
01/02/1991	    0.96	    0.68	    0.89	    0.67
01/03/1991	    0.89	    0.68	    0.68	    0.62
01/04/1991	    0.68	    0.68	    0.53	    0.57
01/05/1991	    0.53	    0.45	    0.47	    0.53
01/06/1991	    0.47	    0.45	    0.45	    0.47
01/07/1991	    0.45	    0.45	    0.42	    0.45
01/08/1991	    0.42	    0.42	    0.42	    0.42
01/09/1991	    0.53	    0.42	    0.42	    0.41
01/10/1991	    0.44	    0.42	    0.39	    0.40
01/11/1991	    0.39	    0.39	    0.39	    0.39
01/12/1991	    0.39	    0.39	    0.39	    0.39
01/13/1991	    0.41	    0.39	    0.39	    0.39
01/14/1991	    0.40	    0.39	    0.40	    0.40
01/15/1991	    0.41	    0.39	    0.39	    0.39
01/16/1991	    0.39	    0.39	    0.39	    0.39
01/17/1991	    0.39	    0.39	    0.39	    0.39
01/18/1991	    0.41	    0.39	    0.39	    0.36
01/19/1991	    0.44	    0.39	    0.41	    0.34
01/20/1991	    0.48	    0.27	    0.32	    0.31
01/21/1991	    0.32	    0.27	    0.27	    0.29
01/22/1991	    0.27	    0.27	    0.23	    0.27
01/23/1991	    0.23	    0.20	    0.21	    0.23
01/24/1991	    0.21	    0.20	    0.20	    0.21
01/25/1991	    0.20	    0.20	    0.19	    0.20
01/26/1991	    0.19	    0.17	    0.18	    0.19
01/27/1991	    0.18	    0.17	    0.17	    0.18
01/28/1991	    0.17	    0.17	    0.16	    0.17
01/29/1991	    0.16	    0.16	    0.16	    0.16
01/30/1991	    0.19	    0.16	    0.16	    0.18
01/31/1991	    0.24	    0.16	    0.19	    0.19
02/01/1991	    0.33	    0.33	    0.24	    0.21
02/02/1991	    0.50	    0.33	    0.33	    0.23
02/03/1991	    0.83	    0.33	    0.50	    0.25
02/04/1991	    5.42	    5.42	    0.83	    0.27
02/05/1991	   61.26	    5.42	    5.42	    0.30
02/06/1991	  106.00	    5.42	   61.26	    0.32
02/07/1991	  150.00	  150.00	  106.00	    0.35
02/08/1991	  267.92	  150.00	  150.00	    0.38
02/09/1991	  253.24	  150.00	  111.94	    0.42
02/10/1991	  111.94	   39.37	   75.55	    0.45
02/11/1991	   75.55	   39.37	   39.37	    0.49
02/12/1991	   39.37	   39.37	   13.30	    0.54
02/13/1991	   13.30	    6.82	    9.89	    0.59
02/14/1991	    9.89	    6.82	    6.82	    0.64
02/15/1991	    6.82	    6.82	    4.08	    0.69
02/16/1991	    4.08	    1.65	    2.74	    0.76
02/17/1991	    2.74	    1.65	    1.65	    0.82
02/18/1991	    1.65	    1.65	    1.41	    0.89
02/19/1991	    1.41	    1.06	    1.06	    0.97
02/20/1991	    1.06	    1.06	    1.06	    1.06
02/21/1991	    3.20	    1.06	    1.06	    1.23
02/22/1991	   35.10	   19.30	    3.20	    1.42
02/23/1991	   28.80	   19.30	   19.30	    1.64
02/24/1991	   19.30	   19.30	    5.35	    1.90
02/25/1991	    5.35	    3.56	    4.05	    2.20
02/26/1991	    4.05	    3.56	    3.56	    2.54
02/27/1991	    3.56	    3.56	    3.40	    2.94
02/28/1991	    3.40	    3.40	    3.40	    3.40
03/01/1991	   25.76	    3.40	    3.40	    4.93
03/02/1991	 1713.79	    3.40	   25.76	    7.15
03/03/1991	  118.32	   21.76	   48.98	   10.36
03/04/1991	   48.98	   21.76	   21.76	   15.01
03/05/1991	   21.76	   21.76	   21.76	   21.76
03/06/1991	  399.46	   29.81	   21.76	   19.26
03/07/1991	   74.47	   29.81	   29.81	   17.04
03/08/1991	   29.81	   29.81	   13.35	   15.08
03/09/1991	   13.35	   13.35	   13.35	   13.35
03/10/1991	   29.40	   13.35	   13.35	   18.03
03/11/1991	   58.50	   13.35	   29.40	   24.36
03/12/1991	   55.95	   44.45	   44.45	   32.90
03/13/1991	   44.45	   44.45	   44.45	   44.45
03/14/1991	   46.71	   44.45	   44.45	   46.71
03/15/1991	   63.24	   63.24	   46.71	   63.24
03/16/1991	  124.12	   63.24	   63.24	   92.84
03/17/1991	  135.83	   63.24	  124.12	  118.67
03/18/1991	  175.71	  175.71	  135.83	  151.69
03/19/1991	  343.77	  175.71	  175.71	  193.89
03/20/1991	  247.84	  175.71	  247.84	  247.84
03/21/1991	  456.67	  124.27	  124.27	  175.50
03/22/1991	  124.27	  124.27	  124.27	  124.27
03/23/1991	  289.27	  124.27	  124.27	   86.89
03/24/1991	  136.69	   42.48	   42.48	   60.76
03/25/1991	   42.48	   42.48	   42.48	   42.48
03/26/1991	   45.02	   42.48	   42.48	   33.76
03/27/1991	   61.40	   20.01	   45.02	   26.83
03/28/1991	   58.38	   20.01	   20.01	   21.33
03/29/1991	   20.01	   20.01	   10.75	   16.95
03/30/1991	   10.75	    6.74	    7.00	   10.75
03/31/1991	    7.00	    6.74	    6.74	    7.00
04/01/1991	    6.74	    6.74	    5.93	    6.74
04/02/1991	    5.93	    3.71	    4.73	    5.93
04/03/1991	    4.73	    3.71	    3.71	    4.73
04/04/1991	    3.71	    3.71	    3.48	    3.71
04/05/1991	    3.48	    2.14	    2.63	    3.39
04/06/1991	    2.63	    2.14	    2.14	    2.63
04/07/1991	    2.14	    2.14	    2.14	    2.14
04/08/1991	    2.36	    2.36	    2.14	    2.36
04/09/1991	   11.49	    2.36	    2.36	    7.33
04/10/1991	  178.60	    2.36	   11.49	   13.55
04/11/1991	  227.67	   46.34	   46.34	   25.06
04/12/1991	   46.34	   46.34	   46.34	   46.34
04/13/1991	  118.95	   46.34	   46.34	   35.02
04/14/1991	 1078.06	   47.36	  118.95	   26.46
04/15/1991	  227.04	   47.36	   47.36	   20.00
04/16/1991	   47.36	   47.36	   10.74	   15.11
04/17/1991	   10.74	    3.33	    4.46	   10.74
04/18/1991	    4.46	    3.33	    3.33	    4.46
04/19/1991	    3.33	    3.33	    2.58	    3.33
04/20/1991	    2.58	    1.89	    2.05	    2.58
04/21/1991	    2.05	    1.89	    1.89	    2.05
04/22/1991	    1.89	    1.89	    1.55	    1.89
04/23/1991	    1.55	    1.22	    1.42	    1.55
04/24/1991	    1.42	    1.22	    1.22	    1.42
04/25/1991	    1.22	    1.22	    1.22	    1.22
04/26/1991	    1.29	    1.29	    1.22	    1.19
04/27/1991	    1.54	    1.29	    1.29	    1.16
04/28/1991	    2.18	    1.29	    1.54	    1.14
04/29/1991	    2.10	    1.34	    1.46	    1.12
04/30/1991	    1.46	    1.34	    1.34	    1.09
05/01/1991	    1.34	    1.34	    1.21	    1.07
05/02/1991	    1.21	    1.03	    1.03	    1.05
05/03/1991	    1.03	    1.03	    1.03	    1.03
05/04/1991	    1.04	    1.03	    1.03	    1.04
05/05/1991	    1.56	    1.56	    1.04	    1.55
05/06/1991	    3.40	    1.56	    1.56	    1.90
05/07/1991	    3.13	    1.56	    2.87	    2.34
05/08/1991	    2.87	    2.87	    2.87	    2.87
05/09/1991	    5.52	    2.87	    2.87	    2.58
05/10/1991	    4.54	    2.87	    3.00	    2.32
05/11/1991	    3.00	    2.24	    2.60	    2.08
05/12/1991	    2.60	    2.24	    2.24	    1.87
05/13/1991	    2.24	    2.24	    1.84	    1.68
05/14/1991	    1.84	    1.36	    1.36	    1.51
05/15/1991	    1.36	    1.36	    1.36	    1.36
05/16/1991	    1.99	    1.36	    1.36	    1.52
05/17/1991	   14.52	    6.24	    1.99	    1.70
05/18/1991	   15.61	    6.24	    6.24	    1.90
05/19/1991	    6.24	    6.24	    3.32	    2.13
05/20/1991	    3.32	    2.66	    2.66	    2.38
05/21/1991	    2.66	    2.66	    2.66	    2.66
05/22/1991	    2.76	    2.66	    2.66	    2.54
05/23/1991	    3.17	    2.20	    2.76	    2.42
05/24/1991	    2.96	    2.20	    2.20	    2.31
05/25/1991	    2.20	    2.20	    2.20	    2.20
05/26/1991	    2.41	    2.26	    2.20	    2.22
05/27/1991	    2.81	    2.26	    2.26	    2.24
05/28/1991	    2.26	    2.26	    2.26	    2.26
05/29/1991	    2.93	    2.30	    2.26	    2.28
05/30/1991	    2.30	    2.30	    2.30	    2.30
05/31/1991	   12.53	    2.30	    2.30	    1.46
06/01/1991	   15.21	    6.92	   12.53	    0.93
06/02/1991	   19.27	    6.92	    6.92	    0.59
06/03/1991	    6.92	    6.92	    3.06	    0.37
06/04/1991	    3.06	    1.07	    1.75	    0.24
06/05/1991	    1.75	    1.07	    1.07	    0.15
06/06/1991	    1.07	    1.07	    0.48	    0.10
06/07/1991	    0.48	    0.07	    0.28	    0.06
06/08/1991	    0.28	    0.07	    0.07	    0.04
06/09/1991	    0.07	    0.07	    0.05	    0.02
06/10/1991	    0.05	    0.00	    0.00	    0.02
06/11/1991	    0.00	    0.00	    0.00	    0.00
06/12/1991	    0.00	    0.00	    0.00	    0.00
06/13/1991	    0.00	    0.00	    0.00	    0.00
06/14/1991	   46.96	    0.00	    0.00	    0.01
06/15/1991	   22.66	    0.00	    8.20	    0.01
06/16/1991	    8.20	    1.07	    2.37	    0.01
06/17/1991	    2.37	    1.07	    1.07	    0.01
06/18/1991	    1.07	    1.07	    0.50	    0.01
06/19/1991	    0.50	    0.02	    0.31	    0.02
06/20/1991	    0.31	    0.02	    0.02	    0.02
06/21/1991	    0.02	    0.02	    0.02	    0.02
06/22/1991	    0.05	    0.00	    0.01	    0.01
06/23/1991	    0.01	    0.00	    0.00	    0.01
06/24/1991	    0.00	    0.00	    0.00	    0.00
06/25/1991	    0.00	    0.00	    0.00	    0.00
06/26/1991	    0.00	    0.00	    0.00	    0.00
06/27/1991	    0.00	    0.00	    0.00	    0.00
06/28/1991	    0.00	    0.00	    0.00	    0.00
06/29/1991	    0.00	    0.00	    0.00	    0.00
06/30/1991	    0.00	    0.00	    0.00	    0.00
07/01/1991	    0.00	    0.00	    0.00	    0.00
07/02/1991	    0.00	    0.00	    0.00	    0.00
07/03/1991	    0.00	    0.00	    0.00	    0.00
07/04/1991	    0.00	    0.00	    0.00	    0.00
07/05/1991	    0.00	    0.00	    0.00	    0.00
07/06/1991	    0.00	    0.00	    0.00	    0.00
07/07/1991	    0.00	    0.00	    0.00	    0.00
07/08/1991	    0.00	    0.00	    0.00	    0.00
07/09/1991	    0.00	    0.00	    0.00	    0.00
07/10/1991	    0.00	    0.00	    0.00	    0.00
07/11/1991	    0.00	    0.00	    0.00	    0.00
07/12/1991	    0.00	    0.00	    0.00	    0.00
07/13/1991	    0.00	    0.00	    0.00	    0.00
07/14/1991	    0.00	    0.00	    0.00	    0.00
07/15/1991	    0.00	    0.00	    0.00	    0.00
07/16/1991	    0.00	    0.00	    0.00	    0.00
07/17/1991	    0.00	    0.00	    0.00	    0.00
07/18/1991	    0.00	    0.00	    0.00	    0.00
07/19/1991	    0.00	    0.00	    0.00	    0.00
07/20/1991	    0.00	    0.00	    0.00	    0.00
07/21/1991	    0.00	    0.00	    0.00	    0.00
07/22/1991	    0.00	    0.00	    0.00	    0.00
07/23/1991	    0.00	    0.00	    0.00	    0.00
07/24/1991	    0.00	    0.00	    0.00	    0.00
07/25/1991	    0.00	    0.00	    0.00	    0.00
07/26/1991	    0.00	    0.00	    0.00	    0.00
07/27/1991	    0.00	    0.00	    0.00	    0.00
07/28/1991	    0.00	    0.00	    0.00	    0.00
07/29/1991	    0.00	    0.00	    0.00	    0.00
07/30/1991	    0.00	    0.00	    0.00	    0.00
07/31/1991	    0.00	    0.00	    0.00	    0.00
08/01/1991	    0.00	    0.00	    0.00	    0.00
08/02/1991	    0.00	    0.00	    0.00	    0.00
08/03/1991	    0.00	    0.00	    0.00	    0.00
08/04/1991	    0.00	    0.00	    0.00	    0.00
08/05/1991	    0.00	    0.00	    0.00	    0.00
08/06/1991	    0.00	    0.00	    0.00	    0.00
08/07/1991	    0.00	    0.00	    0.00	    0.00
08/08/1991	    0.00	    0.00	    0.00	    0.00
08/09/1991	    0.00	    0.00	    0.00	    0.00
08/10/1991	    0.00	    0.00	    0.00	    0.00
08/11/1991	    0.00	    0.00	    0.00	    0.00
08/12/1991	    0.00	    0.00	    0.00	    0.00
08/13/1991	    0.00	    0.00	    0.00	    0.00
08/14/1991	    0.00	    0.00	    0.00	    0.00
08/15/1991	    0.00	    0.00	    0.00	    0.00
08/16/1991	    0.00	    0.00	    0.00	    0.00
08/17/1991	    0.00	    0.00	    0.00	    0.00
08/18/1991	    0.00	    0.00	    0.00	    0.00
08/19/1991	    0.00	    0.00	    0.00	    0.00
08/20/1991	    0.00	    0.00	    0.00	    0.00
08/21/1991	    0.00	    0.00	    0.00	    0.00
08/22/1991	    0.00	    0.00	    0.00	    0.00
08/23/1991	    0.00	    0.00	    0.00	    0.00
08/24/1991	    0.00	    0.00	    0.00	    0.00
08/25/1991	    0.00	    0.00	    0.00	    0.00
08/26/1991	    0.00	    0.00	    0.00	    0.00
08/27/1991	    0.00	    0.00	    0.00	    0.00
08/28/1991	    0.00	    0.00	    0.00	    0.00
08/29/1991	    0.00	    0.00	    0.00	    0.00
08/30/1991	    0.00	    0.00	    0.00	    0.00
08/31/1991	    0.00	    0.00	    0.00	    0.00
09/01/1991	    0.00	    0.00	    0.00	    0.00
09/02/1991	    0.00	    0.00	    0.00	    0.00
09/03/1991	    0.00	    0.00	    0.00	    0.00
09/04/1991	    0.00	    0.00	    0.00	    0.00
09/05/1991	    0.00	    0.00	    0.00	    0.00
09/06/1991	    0.00	    0.00	    0.00	    0.00
09/07/1991	    0.00	    0.00	    0.00	    0.00
09/08/1991	    0.00	    0.00	    0.00	    0.00
09/09/1991	    0.00	    0.00	    0.00	    0.00
09/10/1991	    0.00	    0.00	    0.00	    0.00
09/11/1991	    0.00	    0.00	    0.00	    0.00
09/12/1991	    0.00	    0.00	    0.00	    0.00
09/13/1991	    0.00	    0.00	    0.00	    0.00
09/14/1991	    0.00	    0.00	    0.00	    0.00
09/15/1991	    0.00	    0.00	    0.00	    0.00
09/16/1991	    0.00	    0.00	    0.00	    0.00
09/17/1991	    0.00	    0.00	    0.00	    0.00
09/18/1991	    0.00	    0.00	    0.00	    0.00
09/19/1991	    0.00	    0.00	    0.00	    0.00
09/20/1991	    0.00	    0.00	    0.00	    0.00
09/21/1991	    0.00	    0.00	    0.00	    0.00
09/22/1991	    0.00	    0.00	    0.00	    0.00
09/23/1991	    0.00	    0.00	    0.00	    0.00
09/24/1991	    0.00	    0.00	    0.00	    0.00
09/25/1991	    0.00	    0.00	    0.00	    0.00
09/26/1991	    0.00	    0.00	    0.00	    0.00
09/27/1991	    0.00	    0.00	    0.00	    0.00
09/28/1991	    0.00	    0.00	    0.00	    0.00
09/29/1991	    0.00	    0.00	    0.00	    0.00
09/30/1991	    0.00	    0.00	    0.00	    0.00
10/01/1991	    0.00	    0.00	    0.00	    0.00
10/02/1991	    0.00	    0.00	    0.00	    0.00
10/03/1991	    0.00	    0.00	    0.00	    0.00
10/04/1991	    0.00	    0.00	    0.00	    0.00
10/05/1991	    0.00	    0.00	    0.00	    0.00
10/06/1991	    0.00	    0.00	    0.00	    0.00
10/07/1991	    0.00	    0.00	    0.00	    0.00
10/08/1991	    0.00	    0.00	    0.00	    0.00
10/09/1991	    0.00	    0.00	    0.00	    0.00
10/10/1991	    0.00	    0.00	    0.00	    0.00
10/11/1991	    0.00	    0.00	    0.00	    0.00
10/12/1991	    0.00	    0.00	    0.00	    0.00
10/13/1991	    0.00	    0.00	    0.00	    0.00
10/14/1991	    0.00	    0.00	    0.00	    0.00
10/15/1991	    0.00	    0.00	    0.00	    0.00
10/16/1991	    0.00	    0.00	    0.00	    0.00
10/17/1991	    0.00	    0.00	    0.00	    0.00
10/18/1991	    0.00	    0.00	    0.00	    0.00
10/19/1991	    0.00	    0.00	    0.00	    0.00
10/20/1991	    0.00	    0.00	    0.00	    0.00
10/21/1991	    0.00	    0.00	    0.00	    0.00
10/22/1991	    0.00	    0.00	    0.00	    0.00
10/23/1991	    0.00	    0.00	    0.00	    0.00
10/24/1991	    0.00	    0.00	    0.00	    0.00
10/25/1991	    0.00	    0.00	    0.00	    0.00
10/26/1991	    0.00	    0.00	    0.00	    0.00
10/27/1991	    0.00	    0.00	    0.00	    0.00
10/28/1991	    0.00	    0.00	    0.00	    0.00
10/29/1991	    8.80	    8.80	    0.00	    0.06
10/30/1991	   41.50	    8.80	    8.80	    0.34
10/31/1991	   12.58	    8.80	   11.52	    1.98
11/01/1991	   11.52	   11.52	   11.52	   11.52
11/02/1991	   55.53	   11.52	   11.52	    9.59
11/03/1991	   27.04	   11.52	   15.91	    7.98
11/04/1991	   15.91	    7.64	    9.72	    6.65
11/05/1991	    9.72	    7.64	    7.64	    5.53
11/06/1991	    7.64	    7.64	    5.17	    4.61
11/07/1991	    5.17	    2.05	    3.60	    3.84
11/08/1991	    3.60	    2.05	    2.05	    3.19
11/09/1991	    2.05	    2.05	    1.55	    2.05
11/10/1991	    1.55	    1.36	    1.45	    1.55
11/11/1991	    1.45	    1.36	    1.36	    1.45
11/12/1991	    1.36	    1.36	    1.28	    1.36
11/13/1991	    1.28	    1.28	    1.28	    1.28
11/14/1991	    1.83	    1.28	    1.28	    1.83
11/15/1991	    7.40	    1.28	    1.83	    3.61
11/16/1991	   13.29	   10.19	    7.40	    6.06
11/17/1991	   10.19	   10.19	   10.19	   10.19
11/18/1991	   11.52	   10.19	   10.19	    8.68
11/19/1991	   18.21	    6.46	   11.07	    7.40
11/20/1991	   11.07	    6.46	    6.46	    6.31
11/21/1991	    6.46	    6.46	    4.58	    5.37
11/22/1991	    4.58	    4.58	    4.58	    4.58
11/23/1991	   17.00	    4.58	    4.58	    4.26
11/24/1991	   60.00	    4.58	   17.00	    3.96
11/25/1991	   18.00	    4.53	    6.50	    3.68
11/26/1991	    6.50	    4.53	    4.53	    3.42
11/27/1991	    4.53	    4.53	    2.95	    3.18
11/28/1991	    2.95	    2.95	    2.95	    2.95
11/29/1991	    3.48	    2.95	    2.95	    2.98
11/30/1991	  500.74	    2.95	    3.48	    3.01
12/01/1991	   76.87	    7.16	   19.11	    3.04
12/02/1991	   19.11	    7.16	    7.16	    3.08
12/03/1991	    7.16	    7.16	    5.02	    3.11
12/04/1991	    5.02	    3.84	    4.42	    3.14
12/05/1991	    4.42	    3.84	    3.84	    3.17
12/06/1991	    3.84	    3.84	    3.24	    3.20
12/07/1991	    3.24	    3.24	    3.24	    3.24
12/08/1991	    3.72	    3.24	    3.24	    3.02
12/09/1991	    8.71	    3.24	    3.72	    2.81
12/10/1991	   10.86	   10.86	    8.71	    2.63
12/11/1991	   10.97	   10.86	   10.86	    2.45
12/12/1991	  386.36	   10.86	   10.97	    2.28
12/13/1991	  293.62	   10.86	   63.39	    2.13
12/14/1991	   63.39	   10.86	   10.86	    1.99
12/15/1991	   10.86	   10.86	    5.71	    1.85
12/16/1991	    5.71	    2.62	    3.47	    1.73
12/17/1991	    3.47	    2.62	    2.62	    1.61
12/18/1991	    2.62	    2.62	    2.19	    1.50
12/19/1991	    2.19	    1.55	    1.76	    1.40
12/20/1991	    1.76	    1.55	    1.55	    1.31
12/21/1991	    1.55	    1.55	    1.34	    1.22
12/22/1991	    1.34	    1.06	    1.16	    1.14
12/23/1991	    1.16	    1.06	    1.06	    1.06
12/24/1991	    1.06	    1.06	    0.97	    0.99
12/25/1991	    0.97	    0.80	    0.86	    0.92
12/26/1991	    0.86	    0.80	    0.80	    0.86
12/27/1991	    0.80	    0.80	    0.74	    0.80
12/28/1991	    0.74	    0.70	    0.70	    0.74
12/29/1991	    0.70	    0.70	    0.70	    0.70
12/30/1991	    0.70	    0.70	    0.70	    0.70
12/31/1991	    0.73	    0.73	    0.70	    0.73
01/01/1992	    0.76	    0.73	    0.73	    0.76
01/02/1992	    0.77	    0.73	    0.76	    0.77
01/03/1992	    3.40	    3.40	    0.77	    1.81
01/04/1992	   19.00	    3.40	    3.40	    2.19
01/05/1992	    9.71	    3.40	    6.39	    2.65
01/06/1992	    6.39	    3.88	    3.88	    3.20
01/07/1992	    3.88	    3.88	    3.88	    3.88
01/08/1992	   16.00	    3.88	    3.88	    5.27
01/09/1992	  160.00	   20.00	   16.00	    7.16
01/10/1992	   68.00	   20.00	   20.00	    9.74
01/11/1992	   20.00	   20.00	   18.00	   13.24
01/12/1992	   18.00	   18.00	   18.00	   18.00
01/13/1992	   84.00	   18.00	   18.00	   14.39
01/14/1992	   22.00	   18.00	    6.50	   11.50
01/15/1992	    6.50	    3.06	    4.31	    6.50
01/16/1992	    4.31	    3.06	    3.06	    4.31
01/17/1992	    3.06	    3.06	    1.92	    3.06
01/18/1992	    1.92	    1.22	    1.55	    1.92
01/19/1992	    1.55	    1.22	    1.22	    1.55
01/20/1992	    1.22	    1.22	    1.03	    1.22
01/21/1992	    1.03	    0.76	    0.89	    1.03
01/22/1992	    0.89	    0.76	    0.76	    0.89
01/23/1992	    0.76	    0.76	    0.67	    0.76
01/24/1992	    0.67	    0.54	    0.59	    0.67
01/25/1992	    0.59	    0.54	    0.54	    0.59
01/26/1992	    0.54	    0.54	    0.46	    0.54
01/27/1992	    0.46	    0.40	    0.43	    0.46
01/28/1992	    0.43	    0.40	    0.40	    0.43
01/29/1992	    0.40	    0.40	    0.40	    0.40
01/30/1992	    0.41	    0.41	    0.40	    0.39
01/31/1992	    0.48	    0.41	    0.41	    0.39
02/01/1992	    0.71	    0.41	    0.48	    0.38
02/02/1992	    1.28	    1.28	    0.71	    0.37
02/03/1992	    1.89	    1.28	    1.28	    0.36
02/04/1992	    2.48	    1.28	    1.89	    0.36
02/05/1992	    3.35	    1.09	    1.55	    0.35
02/06/1992	    1.55	    1.09	    1.09	    0.35
02/07/1992	    1.09	    1.09	    0.87	    0.34
02/08/1992	    0.87	    0.53	    0.64	    0.33
02/09/1992	    0.64	    0.53	    0.53	    0.33
02/10/1992	    0.53	    0.53	    0.44	    0.32
02/11/1992	    0.44	    0.36	    0.41	    0.32
02/12/1992	    0.41	    0.36	    0.36	    0.31
02/13/1992	    0.36	    0.36	    0.33	    0.30
02/14/1992	    0.33	    0.32	    0.32	    0.30
02/15/1992	    0.32	    0.32	    0.32	    0.29
02/16/1992	    0.32	    0.32	    0.28	    0.29
02/17/1992	    0.28	    0.28	    0.28	    0.28
02/18/1992	    0.33	    0.28	    0.28	    0.30
02/19/1992	    0.35	    0.28	    0.33	    0.33
02/20/1992	    0.43	    0.41	    0.35	    0.35
02/21/1992	    0.44	    0.41	    0.41	    0.38
02/22/1992	    0.41	    0.41	    0.41	    0.41
02/23/1992	    1.62	    1.62	    0.41	    0.87
02/24/1992	    3.37	    1.62	    1.62	    1.88
02/25/1992	    4.67	    1.62	    3.37	    4.04
02/26/1992	    5.11	    5.11	    4.67	    5.11
02/27/1992	   27.20	    5.11	    5.11	   18.67
02/28/1992	  206.31	    5.11	   27.20	   40.16
02/29/1992	   86.37	   86.37	   86.37	   86.37
03/01/1992	  173.73	   86.37	   86.37	   96.57
03/02/1992	  157.19	   86.37	  120.73	  107.98
03/03/1992	  120.73	  120.73	  120.73	  120.73
03/04/1992	  162.61	  120.73	  120.73	  106.99
03/05/1992	  216.31	  120.73	  162.61	   94.81
03/06/1992	  768.28	   65.99	  128.16	   84.02
03/07/1992	  128.16	   65.99	   65.99	   74.46
03/08/1992	   65.99	   65.99	   65.99	   65.99
03/09/1992	  489.71	   27.53	   65.99	   42.10
03/10/1992	   67.03	   27.53	   27.53	   26.86
03/11/1992	   27.53	   27.53	   14.19	   17.14
03/12/1992	   14.19	    4.08	    7.29	   10.93
03/13/1992	    7.29	    4.08	    4.08	    6.97
03/14/1992	    4.08	    4.08	    2.84	    4.08
03/15/1992	    2.84	    2.84	    2.84	    2.84
03/16/1992	    9.09	    2.84	    2.84	    2.88
03/17/1992	   27.15	    2.84	    9.09	    2.93
03/18/1992	   16.98	    7.36	    9.80	    2.98
03/19/1992	    9.80	    7.36	    7.36	    3.03
03/20/1992	    7.36	    7.36	    4.79	    3.07
03/21/1992	    4.79	    3.22	    3.43	    3.12
03/22/1992	    3.43	    3.22	    3.22	    3.17
03/23/1992	    3.22	    3.22	    3.22	    3.22
03/24/1992	    4.27	    4.27	    3.22	    4.25
03/25/1992	   11.94	    4.27	    4.27	    5.60
03/26/1992	   12.30	    4.27	    9.71	    7.37
03/27/1992	    9.71	    9.71	    9.71	    9.71
03/28/1992	   11.89	    9.71	    9.71	    9.03
03/29/1992	   21.76	    9.71	   11.89	    8.39
03/30/1992	   85.46	   67.65	   21.76	    7.80
03/31/1992	  101.04	   67.65	   67.65	    7.25
04/01/1992	   67.65	   67.65	    9.14	    6.74
04/02/1992	    9.14	    5.73	    5.75	    6.27
04/03/1992	    5.75	    5.73	    5.73	    5.75
04/04/1992	    5.73	    5.73	    5.26	    5.41
04/05/1992	    5.26	    4.68	    4.68	    5.03
04/06/1992	    4.68	    4.68	    4.68	    4.68
04/07/1992	    6.93	    4.68	    4.68	    4.87
04/08/1992	    8.63	    5.48	    6.49	    5.07
04/09/1992	    6.49	    5.48	    5.48	    5.27
04/10/1992	    5.48	    5.48	    5.48	    5.48
04/11/1992	  237.96	   30.80	    5.48	    7.37
04/12/1992	  173.73	   30.80	   30.80	    9.91
04/13/1992	   30.80	   30.80	   17.89	   13.31
04/14/1992	   17.89	   17.89	   17.89	   17.89
04/15/1992	   19.30	   17.89	   17.89	   19.30
04/16/1992	 2758.98	   17.89	   19.30	   23.80
04/17/1992	  141.66	   31.65	   31.65	   27.44
04/18/1992	   31.65	   31.65	   31.65	   31.65
04/19/1992	   46.74	   31.65	   31.65	   25.01
04/20/1992	  123.09	   36.82	   46.74	   19.76
04/21/1992	  359.71	   36.82	   36.82	   15.61
04/22/1992	   36.82	   36.82	   14.15	   12.34
04/23/1992	   14.15	    7.32	    9.49	    9.75
04/24/1992	    9.49	    7.32	    7.32	    7.70
04/25/1992	    7.32	    7.32	    5.27	    6.09
04/26/1992	    5.27	    2.88	    4.21	    4.81
04/27/1992	    4.21	    2.88	    2.88	    3.80
04/28/1992	    2.88	    2.88	    2.37	    2.88
04/29/1992	    2.37	    2.17	    2.37	    2.37
04/30/1992	    2.50	    2.17	    2.17	    1.99
05/01/1992	    2.17	    2.17	    1.36	    1.68
05/02/1992	    1.36	    1.06	    1.12	    1.36
05/03/1992	    1.12	    1.06	    1.06	    1.12
05/04/1992	    1.06	    1.06	    0.83	    1.00
05/05/1992	    0.83	    0.54	    0.69	    0.83
05/06/1992	    0.69	    0.54	    0.54	    0.69
05/07/1992	    0.54	    0.54	    0.50	    0.54
05/08/1992	    0.50	    0.43	    0.50	    0.50
05/09/1992	    0.52	    0.43	    0.43	    0.43
05/10/1992	    0.43	    0.43	    0.38	    0.38
05/11/1992	    0.38	    0.29	    0.29	    0.33
05/12/1992	    0.29	    0.29	    0.29	    0.29
05/13/1992	    0.36	    0.29	    0.27	    0.25
05/14/1992	    0.27	    0.15	    0.19	    0.21
05/15/1992	    0.19	    0.15	    0.15	    0.18
05/16/1992	    0.15	    0.15	    0.15	    0.15
05/17/1992	    1.00	    0.79	    0.15	    0.15
05/18/1992	    1.06	    0.79	    0.79	    0.15
05/19/1992	    0.79	    0.79	    0.48	    0.15
05/20/1992	    0.48	    0.16	    0.26	    0.16
05/21/1992	    0.26	    0.16	    0.16	    0.16
05/22/1992	    0.16	    0.16	    0.16	    0.16
05/23/1992	    0.16	    0.16	    0.16	    0.16
05/24/1992	    0.23	    0.16	    0.16	    0.12
05/25/1992	    0.22	    0.16	    0.20	    0.08
05/26/1992	    0.20	    0.08	    0.11	    0.06
05/27/1992	    0.11	    0.08	    0.08	    0.05
05/28/1992	    0.08	    0.08	    0.06	    0.03
05/29/1992	    0.06	    0.02	    0.03	    0.03
05/30/1992	    0.03	    0.02	    0.02	    0.02
05/31/1992	    0.02	    0.02	    0.00	    0.01
06/01/1992	    0.00	    0.00	    0.00	    0.00
06/02/1992	    0.00	    0.00	    0.00	    0.00
06/03/1992	    0.00	    0.00	    0.00	    0.00
06/04/1992	    0.00	    0.00	    0.00	    0.00
06/05/1992	    0.00	    0.00	    0.00	    0.00
06/06/1992	    0.00	    0.00	    0.00	    0.00
06/07/1992	    0.00	    0.00	    0.00	    0.00
06/08/1992	    0.00	    0.00	    0.00	    0.00
06/09/1992	    0.00	    0.00	    0.00	    0.00
06/10/1992	    0.00	    0.00	    0.00	    0.00
06/11/1992	    0.00	    0.00	    0.00	    0.00
06/12/1992	    0.00	    0.00	    0.00	    0.00
06/13/1992	    0.00	    0.00	    0.00	    0.00
06/14/1992	    0.00	    0.00	    0.00	    0.00
06/15/1992	    0.00	    0.00	    0.00	    0.00
06/16/1992	    0.00	    0.00	    0.00	    0.00
06/17/1992	    0.00	    0.00	    0.00	    0.00
06/18/1992	    0.00	    0.00	    0.00	    0.00
06/19/1992	    0.00	    0.00	    0.00	    0.00
06/20/1992	    0.00	    0.00	    0.00	    0.00
06/21/1992	    0.00	    0.00	    0.00	    0.00
06/22/1992	    0.00	    0.00	    0.00	    0.00
06/23/1992	    0.00	    0.00	    0.00	    0.00
06/24/1992	    0.00	    0.00	    0.00	    0.00
06/25/1992	    0.00	    0.00	    0.00	    0.00
06/26/1992	    0.00	    0.00	    0.00	    0.00
06/27/1992	    0.00	    0.00	    0.00	    0.00
06/28/1992	    0.00	    0.00	    0.00	    0.00
06/29/1992	    0.00	    0.00	    0.00	    0.00
06/30/1992	    0.00	    0.00	    0.00	    0.00
07/01/1992	    0.00	    0.00	    0.00	    0.00
07/02/1992	    0.00	    0.00	    0.00	    0.00
07/03/1992	    0.00	    0.00	    0.00	    0.00
07/04/1992	    0.00	    0.00	    0.00	    0.00
07/05/1992	    0.00	    0.00	    0.00	    0.00
07/06/1992	    0.00	    0.00	    0.00	    0.00
07/07/1992	    0.00	    0.00	    0.00	    0.00
07/08/1992	    0.00	    0.00	    0.00	    0.00
07/09/1992	    0.00	    0.00	    0.00	    0.00
07/10/1992	    0.00	    0.00	    0.00	    0.00
07/11/1992	    0.00	    0.00	    0.00	    0.00
07/12/1992	    0.09	    0.00	    0.00	    0.01
07/13/1992	    0.39	    0.39	    0.09	    0.01
07/14/1992	    8.11	    0.39	    0.39	    0.01
07/15/1992	    3.98	    0.39	    1.07	    0.02
07/16/1992	    1.07	    0.28	    0.35	    0.02
07/17/1992	    0.35	    0.28	    0.28	    0.02
07/18/1992	    0.28	    0.28	    0.13	    0.02
07/19/1992	    0.13	    0.12	    0.13	    0.03
07/20/1992	    0.13	    0.12	    0.12	    0.03
07/21/1992	    0.12	    0.12	    0.04	    0.03
07/22/1992	    0.04	    0.04	    0.04	    0.04
07/23/1992	    0.06	    0.04	    0.04	    0.03
07/24/1992	    0.10	    0.04	    0.01	    0.02
07/25/1992	    0.01	    0.00	    0.00	    0.01
07/26/1992	    0.00	    0.00	    0.00	    0.00
07/27/1992	    0.00	    0.00	    0.00	    0.00
07/28/1992	    0.00	    0.00	    0.00	    0.00
07/29/1992	    0.00	    0.00	    0.00	    0.00
07/30/1992	    0.00	    0.00	    0.00	    0.00
07/31/1992	    0.00	    0.00	    0.00	    0.00
08/01/1992	    0.00	    0.00	    0.00	    0.00
08/02/1992	    0.00	    0.00	    0.00	    0.00
08/03/1992	    0.00	    0.00	    0.00	    0.00
08/04/1992	    0.00	    0.00	    0.00	    0.00
08/05/1992	    0.00	    0.00	    0.00	    0.00
08/06/1992	    0.00	    0.00	    0.00	    0.00
08/07/1992	    0.00	    0.00	    0.00	    0.00
08/08/1992	    0.00	    0.00	    0.00	    0.00
08/09/1992	    0.00	    0.00	    0.00	    0.00
08/10/1992	    0.00	    0.00	    0.00	    0.00
08/11/1992	    0.00	    0.00	    0.00	    0.00
08/12/1992	    0.00	    0.00	    0.00	    0.00
08/13/1992	    0.00	    0.00	    0.00	    0.00
08/14/1992	    0.00	    0.00	    0.00	    0.00
08/15/1992	    0.00	    0.00	    0.00	    0.00
08/16/1992	    0.00	    0.00	    0.00	    0.00
08/17/1992	    0.00	    0.00	    0.00	    0.00
08/18/1992	    0.00	    0.00	    0.00	    0.00
08/19/1992	    0.00	    0.00	    0.00	    0.00
08/20/1992	    0.00	    0.00	    0.00	    0.00
08/21/1992	    0.00	    0.00	    0.00	    0.00
08/22/1992	    0.00	    0.00	    0.00	    0.00
08/23/1992	    0.00	    0.00	    0.00	    0.00
08/24/1992	    0.00	    0.00	    0.00	    0.00
08/25/1992	    0.00	    0.00	    0.00	    0.00
08/26/1992	    0.00	    0.00	    0.00	    0.00
08/27/1992	    0.00	    0.00	    0.00	    0.00
08/28/1992	    0.00	    0.00	    0.00	    0.00
08/29/1992	    0.00	    0.00	    0.00	    0.00
08/30/1992	    0.00	    0.00	    0.00	    0.00
08/31/1992	    0.00	    0.00	    0.00	    0.00
09/01/1992	    0.00	    0.00	    0.00	    0.00
09/02/1992	    0.00	    0.00	    0.00	    0.00
09/03/1992	    0.00	    0.00	    0.00	    0.00
09/04/1992	    0.00	    0.00	    0.00	    0.00
09/05/1992	    0.00	    0.00	    0.00	    0.00
09/06/1992	    0.00	    0.00	    0.00	    0.00
09/07/1992	    0.00	    0.00	    0.00	    0.00
09/08/1992	    0.00	    0.00	    0.00	    0.00
09/09/1992	    0.00	    0.00	    0.00	    0.00
09/10/1992	    0.00	    0.00	    0.00	    0.00
09/11/1992	    0.00	    0.00	    0.00	    0.00
09/12/1992	    0.00	    0.00	    0.00	    0.00
09/13/1992	    0.00	    0.00	    0.00	    0.00
09/14/1992	    0.31	    0.04	    0.00	    0.02
09/15/1992	    0.04	    0.04	    0.04	    0.04
09/16/1992	   28.01	    0.04	    0.04	    0.06
09/17/1992	   84.88	   84.88	   28.01	    0.08
09/18/1992	  764.22	   84.88	   84.88	    0.11
09/19/1992	  172.88	   84.88	   34.77	    0.15
09/20/1992	   34.77	    4.82	   11.20	    0.21
09/21/1992	   11.20	    4.82	    4.82	    0.28
09/22/1992	    4.82	    4.82	    2.95	    0.39
09/23/1992	    2.95	    0.99	    1.72	    0.53
09/24/1992	    1.72	    0.99	    0.99	    0.72
09/25/1992	    0.99	    0.99	    0.99	    0.99
09/26/1992	    1.98	    1.98	    0.99	    1.45
09/27/1992	   56.09	    1.98	    1.98	    2.14
09/28/1992	   38.98	    1.98	   18.39	    3.16
09/29/1992	   18.39	    6.87	    6.87	    4.66
09/30/1992	    6.87	    6.87	    6.87	    6.87
10/01/1992	    7.00	    6.87	    5.30	    5.71
10/02/1992	    5.30	    3.27	    3.96	    4.74
10/03/1992	    3.96	    3.27	    3.27	    3.94
10/04/1992	    3.27	    3.27	    3.27	    3.27
10/05/1992	    3.34	    2.90	    3.27	    3.08
10/06/1992	    3.73	    2.90	    2.90	    2.89
10/07/1992	    2.90	    2.90	    2.47	    2.72
10/08/1992	    2.47	    2.40	    2.40	    2.47
10/09/1992	    2.40	    2.40	    2.40	    2.40
10/10/1992	    3.15	    2.40	    2.40	    2.19
10/11/1992	    2.84	    1.82	    2.22	    2.00
10/12/1992	    2.22	    1.82	    1.82	    1.82
10/13/1992	    1.82	    1.82	    1.51	    1.66
10/14/1992	    1.51	    1.51	    1.51	    1.51
10/15/1992	    1.54	    1.51	    1.51	    1.54
10/16/1992	    2.43	    1.51	    1.54	    1.90
10/17/1992	    2.56	    2.38	    2.38	    2.13
10/18/1992	    2.38	    2.38	    2.38	    2.38
10/19/1992	    2.45	    2.38	    2.38	    2.26
10/20/1992	    2.99	    2.99	    2.45	    2.15
10/21/1992	    4.88	    2.99	    2.99	    2.04
10/22/1992	    5.18	    2.99	    3.88	    1.94
10/23/1992	    3.88	    2.68	    2.93	    1.84
10/24/1992	    2.93	    2.68	    2.68	    1.75
10/25/1992	    2.68	    2.68	    2.01	    1.66
10/26/1992	    2.01	    1.64	    1.79	    1.58
10/27/1992	    1.79	    1.64	    1.64	    1.50
10/28/1992	    1.64	    1.64	    1.31	    1.42
10/29/1992	    1.31	    1.22	    1.27	    1.31
10/30/1992	    1.27	    1.22	    1.22	    1.27
10/31/1992	    1.22	    1.22	    1.22	    1.22
11/01/1992	    1.42	    1.42	    1.22	    1.36
11/02/1992	  364.88	    1.42	    1.42	    1.51
11/03/1992	  189.85	    1.42	   50.68	    1.67
11/04/1992	   50.68	   11.55	   24.28	    1.86
11/05/1992	   24.28	   11.55	   11.55	    2.06
11/06/1992	   11.55	   11.55	    5.56	    2.29
11/07/1992	    5.56	    2.82	    2.82	    2.54
11/08/1992	    2.82	    2.82	    2.82	    2.82
11/09/1992	   44.44	    2.82	    2.82	    5.73
11/10/1992	   60.01	   23.63	   23.63	   11.64
11/11/1992	   23.63	   23.63	   23.63	   23.63
11/12/1992	   43.13	   23.63	   23.63	   16.89
11/13/1992	  114.36	   10.96	   28.51	   12.06
11/14/1992	   28.51	   10.96	   10.96	    8.62
11/15/1992	   10.96	   10.96	    5.18	    6.16
11/16/1992	    5.18	    2.01	    3.09	    4.40
11/17/1992	    3.09	    2.01	    2.01	    3.09
11/18/1992	    2.01	    2.01	    1.60	    2.01
11/19/1992	    1.60	    1.60	    1.60	    1.60
11/20/1992	  624.77	    1.60	    1.60	    1.55
11/21/1992	 1848.44	    1.60	  144.92	    1.49
11/22/1992	  144.92	   54.51	   81.77	    1.43
11/23/1992	   81.77	   54.51	   54.51	    1.38
11/24/1992	   54.51	   54.51	   34.55	    1.33
11/25/1992	   34.55	   14.84	   22.67	    1.28
11/26/1992	   22.67	   14.84	   14.84	    1.23
11/27/1992	   14.84	   14.84	    9.04	    1.19
11/28/1992	    9.04	    4.08	    5.70	    1.15
11/29/1992	    5.70	    4.08	    4.08	    1.10
11/30/1992	    4.08	    4.08	    3.03	    1.06
12/01/1992	    3.03	    1.88	    2.55	    1.02
12/02/1992	    2.55	    1.88	    1.88	    0.99
12/03/1992	    1.88	    1.88	    1.60	    0.95
12/04/1992	    1.60	    1.04	    1.45	    0.92
12/05/1992	    1.45	    1.04	    1.04	    0.88
12/06/1992	    1.04	    1.04	    0.92	    0.85
12/07/1992	    0.92	    0.79	    0.79	    0.82
12/08/1992	    0.79	    0.79	    0.79	    0.79
12/09/1992	    0.80	    0.79	    0.79	    0.80
12/10/1992	    0.89	    0.86	    0.80	    0.84
12/11/1992	    0.86	    0.86	    0.86	    0.86
12/12/1992	    0.87	    0.86	    0.86	    0.87
12/13/1992	    1.06	    1.06	    0.87	    0.96
12/14/1992	    1.81	    1.06	    1.06	    1.02
12/15/1992	  461.31	    1.06	    1.81	    1.08
12/16/1992	 1272.47	   48.16	  161.34	    1.14
12/17/1992	  161.34	   48.16	   48.16	    1.20
12/18/1992	   48.16	   48.16	   26.07	    1.27
12/19/1992	   26.07	   10.21	   15.55	    1.34
12/20/1992	   15.55	   10.21	   10.21	    1.42
12/21/1992	   10.21	   10.21	    6.33	    1.50
12/22/1992	    6.33	    3.64	    4.10	    1.58
12/23/1992	    4.10	    3.64	    3.64	    1.67
12/24/1992	    3.64	    3.64	    3.16	    1.76
12/25/1992	    3.16	    2.43	    2.92	    1.86
12/26/1992	    2.92	    2.43	    2.43	    1.97
12/27/1992	    2.43	    2.43	    2.20	    2.08
12/28/1992	    2.20	    2.20	    2.20	    2.20
12/29/1992	    2.58	    2.20	    2.20	    2.58
12/30/1992	   24.31	    2.20	    2.58	    3.45
12/31/1992	   33.68	   21.55	   24.31	    4.31
01/01/1993	   28.17	   21.55	   21.55	    5.40
01/02/1993	   21.55	   21.55	    8.48	    6.77
01/03/1993	    8.48	    8.48	    8.48	    8.48
01/04/1993	   28.53	    8.48	    8.48	    6.94
01/05/1993	   19.99	    8.48	   10.27	    5.69
01/06/1993	   10.27	    2.21	    3.01	    4.66
01/07/1993	    3.01	    2.21	    2.21	    3.01
01/08/1993	    2.21	    2.21	    1.49	    2.21
01/09/1993	    1.49	    0.80	    1.09	    1.49
01/10/1993	    1.09	    0.80	    0.80	    1.09
01/11/1993	    0.80	    0.80	    0.63	    0.80
01/12/1993	    0.63	    0.41	    0.52	    0.63
01/13/1993	    0.52	    0.41	    0.41	    0.52
01/14/1993	    0.41	    0.41	    0.37	    0.41
01/15/1993	    0.37	    0.32	    0.36	    0.37
01/16/1993	    0.36	    0.32	    0.32	    0.36
01/17/1993	    0.32	    0.32	    0.30	    0.32
01/18/1993	    0.30	    0.29	    0.29	    0.30
01/19/1993	    0.29	    0.29	    0.29	    0.29
01/20/1993	    0.29	    0.29	    0.29	    0.29
01/21/1993	    2.79	    2.79	    0.29	    0.35
01/22/1993	   12.35	    2.79	    2.79	    0.43
01/23/1993	   13.82	    2.79	   12.35	    0.53
01/24/1993	   16.61	   13.23	   13.82	    0.65
01/25/1993	   14.30	   13.23	   13.23	    0.80
01/26/1993	   13.23	   13.23	    5.38	    0.98
01/27/1993	    5.38	    1.81	    2.05	    1.20
01/28/1993	    2.05	    1.81	    1.81	    1.47
01/29/1993	    1.81	    1.81	    1.81	    1.81
01/30/1993	    3.12	    3.12	    1.81	    2.48
01/31/1993	    4.76	    3.12	    3.12	    3.38
02/01/1993	   24.93	    3.12	    4.76	    4.63
02/02/1993	   11.93	    8.65	    8.65	    6.33
02/03/1993	    8.65	    8.65	    8.65	    8.65
02/04/1993	    9.57	    8.65	    8.65	    7.24
02/05/1993	   12.56	    4.71	    9.57	    6.07
02/06/1993	    9.59	    4.71	    4.71	    5.08
02/07/1993	    4.71	    4.71	    1.98	    4.25
02/08/1993	    1.98	    1.13	    1.35	    1.98
02/09/1993	    1.35	    1.13	    1.13	    1.35
02/10/1993	    1.13	    1.13	    1.01	    1.13
02/11/1993	    1.01	    0.81	    0.89	    1.01
02/12/1993	    0.89	    0.81	    0.81	    0.89
02/13/1993	    0.81	    0.81	    0.78	    0.81
02/14/1993	    0.78	    0.74	    0.75	    0.78
02/15/1993	    0.75	    0.74	    0.74	    0.75
02/16/1993	    0.74	    0.74	    0.72	    0.74
02/17/1993	    0.72	    0.72	    0.72	    0.72
02/18/1993	    0.72	    0.72	    0.72	    0.72
02/19/1993	    0.72	    0.72	    0.70	    0.71
02/20/1993	    0.70	    0.70	    0.70	    0.70
02/21/1993	    0.70	    0.70	    0.70	    0.70
02/22/1993	    0.70	    0.70	    0.70	    0.70
02/23/1993	    0.70	    0.69	    0.69	    0.70
02/24/1993	    0.69	    0.69	    0.69	    0.69
02/25/1993	    0.72	    0.69	    0.69	    0.70
02/26/1993	    0.71	    0.71	    0.71	    0.71
02/27/1993	    0.73	    0.71	    0.71	    0.73
02/28/1993	    0.77	    0.71	    0.73	    0.77
03/01/1993	    0.86	    0.86	    0.77	    0.86
03/02/1993	   24.33	    0.86	    0.86	   16.90
03/03/1993	  220.19	    0.86	   24.33	   37.30
03/04/1993	  223.73	  181.87	  181.87	   82.37
03/05/1993	  181.87	  181.87	  181.87	  181.87
03/06/1993	  261.92	  181.87	  181.87	  133.65
03/07/1993	  198.82	   57.75	  142.85	   98.22
03/08/1993	  142.85	   57.75	   57.75	   72.18
03/09/1993	   57.75	   57.75	   26.06	   53.05
03/10/1993	   26.06	   16.01	   17.92	   26.06
03/11/1993	   17.92	   16.01	   16.01	   17.92
03/12/1993	   16.01	   16.01	   12.88	   16.01
03/13/1993	   12.88	   11.37	   11.37	   12.88
03/14/1993	   11.37	   11.37	   11.37	   11.37
03/15/1993	   13.33	   11.37	   11.37	   10.04
03/16/1993	  102.25	   30.28	   13.33	    8.86
03/17/1993	   84.91	   30.28	   30.28	    7.82
03/18/1993	   30.28	   30.28	   17.23	    6.91
03/19/1993	   17.23	    4.75	    8.02	    6.10
03/20/1993	    8.02	    4.75	    4.75	    5.38
03/21/1993	    4.75	    4.75	    4.75	    4.75
03/22/1993	    8.02	    8.02	    4.75	    5.09
03/23/1993	   11.58	    8.02	    8.02	    5.46
03/24/1993	   82.41	    8.02	   11.58	    5.85
03/25/1993	  292.73	  140.02	   82.41	    6.27
03/26/1993	  267.83	  140.02	  140.02	    6.73
03/27/1993	  140.02	  140.02	  124.50	    7.21
03/28/1993	  124.50	   75.57	  121.37	    7.73
03/29/1993	  121.37	   75.57	   75.57	    8.29
03/30/1993	   75.57	   75.57	   59.46	    8.88
03/31/1993	   59.46	   10.94	   16.24	    9.52
04/01/1993	   16.24	   10.94	   10.94	   10.21
04/02/1993	   10.94	   10.94	   10.94	   10.94
04/03/1993	   14.43	   14.43	   10.94	   14.43
04/04/1993	  140.62	   14.43	   14.43	   26.12
04/05/1993	  133.17	   14.43	   62.35	   40.36
04/06/1993	   62.35	   62.35	   62.35	   62.35
04/07/1993	   63.78	   62.35	   62.35	   54.29
04/08/1993	 1494.73	   62.35	   63.78	   47.27
04/09/1993	  198.67	   31.21	   48.59	   41.16
04/10/1993	   48.59	   31.21	   31.21	   35.84
04/11/1993	   31.21	   31.21	   31.21	   31.21
04/12/1993	  134.74	   25.41	   31.21	   29.14
04/13/1993	   72.96	   25.41	   25.41	   27.21
04/14/1993	   25.41	   25.41	   25.41	   25.41
04/15/1993	  944.13	  208.80	   25.41	   38.82
04/16/1993	 1065.08	  208.80	  208.80	   59.30
04/17/1993	  208.80	  208.80	  138.40	   90.59
04/18/1993	  138.40	  138.40	  138.40	  138.40
04/19/1993	  239.25	  138.40	  138.40	   96.69
04/20/1993	  645.16	  138.40	  239.25	   67.55
04/21/1993	  321.04	   24.82	   80.45	   47.20
04/22/1993	   80.45	   24.82	   24.82	   32.97
04/23/1993	   24.82	   24.82	   14.70	   23.04
04/24/1993	   14.70	    7.86	   11.05	   14.70
04/25/1993	   11.05	    7.86	    7.86	   11.05
04/26/1993	    7.86	    7.86	    7.86	    7.86
04/27/1993	    8.06	    8.06	    7.86	    8.06
04/28/1993	  308.14	    8.06	    8.06	    8.32
04/29/1993	   37.43	    8.06	   20.11	    8.56
04/30/1993	   20.11	    9.33	   11.55	    8.81
05/01/1993	   11.55	    9.33	    9.33	    9.07
05/02/1993	    9.33	    9.33	    9.33	    9.33
05/03/1993	   10.55	   10.55	    9.33	    8.32
05/04/1993	   22.53	   10.55	   10.55	    7.43
05/05/1993	   16.39	   10.55	    8.54	    6.63
05/06/1993	    8.54	    5.27	    5.27	    5.91
05/07/1993	    5.27	    5.27	    5.27	    5.27
05/08/1993	   12.18	    5.27	    5.27	    4.18
05/09/1993	   11.09	    2.44	    3.90	    3.31
05/10/1993	    3.90	    2.44	    2.44	    2.62
05/11/1993	    2.44	    2.44	    1.78	    2.07
05/12/1993	    1.78	    0.80	    1.32	    1.64
05/13/1993	    1.32	    0.80	    0.80	    1.30
05/14/1993	    0.80	    0.80	    0.65	    0.80
05/15/1993	    0.65	    0.45	    0.55	    0.65
05/16/1993	    0.55	    0.45	    0.45	    0.55
05/17/1993	    0.45	    0.45	    0.41	    0.45
05/18/1993	    0.41	    0.41	    0.41	    0.41
05/19/1993	    0.47	    0.41	    0.41	    0.37
05/20/1993	    0.50	    0.41	    0.38	    0.33
05/21/1993	    0.38	    0.27	    0.27	    0.30
05/22/1993	    0.27	    0.27	    0.27	    0.27
05/23/1993	    0.92	    0.27	    0.27	    0.31
05/24/1993	    2.49	    1.57	    0.92	    0.35
05/25/1993	    3.27	    1.57	    1.57	    0.40
05/26/1993	    1.57	    1.57	    1.15	    0.45
05/27/1993	    1.15	    0.66	    0.99	    0.51
05/28/1993	    0.99	    0.66	    0.66	    0.58
05/29/1993	    0.66	    0.66	    0.66	    0.66
05/30/1993	    3.10	    3.10	    0.66	    0.71
05/31/1993	   54.33	    3.10	    3.10	    0.76
06/01/1993	   38.28	    3.10	   11.78	    0.81
06/02/1993	   11.78	    2.92	    5.05	    0.87
06/03/1993	    5.05	    2.92	    2.92	    0.93
06/04/1993	    2.92	    2.92	    2.30	    1.00
06/05/1993	    2.30	    1.23	    1.50	    1.07
06/06/1993	    1.50	    1.23	    1.23	    1.15
06/07/1993	    1.23	    1.23	    1.23	    1.23
06/08/1993	  210.37	   74.07	    1.23	    1.54
06/09/1993	 3333.49	   74.07	   74.07	    1.92
06/10/1993	   74.07	   74.07	   17.48	    2.39
06/11/1993	   17.48	    4.61	    7.83	    2.97
06/12/1993	    7.83	    4.61	    4.61	    3.70
06/13/1993	    4.61	    4.61	    4.61	    4.61
06/14/1993	  412.13	   17.74	    4.61	    7.22
06/15/1993	   67.56	   17.74	   17.74	   11.32
06/16/1993	   17.74	   17.74	   17.74	   17.74
06/17/1993	 1649.12	  318.91	   17.74	   17.41
06/18/1993	 1847.53	  318.91	  318.91	   17.08
06/19/1993	  318.91	  318.91	  202.83	   16.76
06/20/1993	  202.83	   35.41	   83.41	   16.45
06/21/1993	   83.41	   35.41	   35.41	   16.14
06/22/1993	   35.41	   35.41	   15.54	   15.83
06/23/1993	   15.54	   15.54	   15.54	   15.54
06/24/1993	   18.78	   15.54	   15.54	   10.89
06/25/1993	   34.20	   15.54	   13.17	    7.64
06/26/1993	   13.17	    2.28	    4.67	    5.36
06/27/1993	    4.67	    2.28	    2.28	    3.76
06/28/1993	    2.28	    2.28	    1.50	    2.28
06/29/1993	    1.50	    1.29	    1.29	    1.50
06/30/1993	    1.29	    1.29	    1.29	    1.29
07/01/1993	    1.31	    1.29	    1.29	    1.31
07/02/1993	    2.12	    2.12	    1.31	    1.34
07/03/1993	    3.65	    2.12	    2.12	    1.37
07/04/1993	    5.96	    2.12	    3.65	    1.39
07/05/1993	  395.88	  244.28	    5.96	    1.42
07/06/1993	 1173.01	  244.28	  244.28	    1.44
07/07/1993	  244.28	  244.28	  214.86	    1.47
07/08/1993	  214.86	   38.16	   75.30	    1.50
07/09/1993	   75.30	   38.16	   38.16	    1.52
07/10/1993	   38.16	   38.16	   15.82	    1.55
07/11/1993	   15.82	    5.83	    9.21	    1.58
07/12/1993	    9.21	    5.83	    5.83	    1.61
07/13/1993	    5.83	    5.83	    5.57	    1.64
07/14/1993	    5.57	    2.53	    3.83	    1.67
07/15/1993	    3.83	    2.53	    2.53	    1.70
07/16/1993	    2.53	    2.53	    1.76	    1.73
07/17/1993	    1.76	    1.76	    1.76	    1.76
07/18/1993	    2.39	    1.76	    1.76	    1.99
07/19/1993	    2.91	    1.76	    2.39	    2.26
07/20/1993	    2.57	    2.57	    2.57	    2.57
07/21/1993	    3.26	    2.57	    2.57	    2.53
07/22/1993	    2.86	    2.57	    2.65	    2.49
07/23/1993	    2.65	    2.41	    2.41	    2.45
07/24/1993	    2.41	    2.41	    2.41	    2.41
07/25/1993	   23.85	    2.41	    2.41	    2.07
07/26/1993	   17.88	    2.18	    4.78	    1.77
07/27/1993	    4.78	    2.18	    2.18	    1.52
07/28/1993	    2.18	    2.18	    1.20	    1.30
07/29/1993	    1.20	    1.03	    1.08	    1.12
07/30/1993	    1.08	    1.03	    1.03	    0.96
07/31/1993	    1.03	    1.03	    0.94	    0.82
08/01/1993	    0.94	    0.61	    0.61	    0.71
08/02/1993	    0.61	    0.61	    0.61	    0.61
08/03/1993	    0.62	    0.61	    0.56	    0.38
08/04/1993	    0.56	    0.15	    0.15	    0.24
08/05/1993	    0.15	    0.15	    0.15	    0.15
08/06/1993	   38.62	    0.15	    0.15	    0.17
08/07/1993	   26.76	    1.01	    3.34	    0.21
08/08/1993	    3.34	    1.01	    1.01	    0.24
08/09/1993	    1.01	    1.01	    0.91	    0.29
08/10/1993	    0.91	    0.48	    0.52	    0.34
08/11/1993	    0.52	    0.48	    0.48	    0.40
08/12/1993	    0.48	    0.48	    0.48	    0.48
08/13/1993	    0.60	    0.45	    0.48	    0.25
08/14/1993	    0.48	    0.45	    0.45	    0.13
08/15/1993	    0.45	    0.45	    0.24	    0.07
08/16/1993	    0.24	    0.00	    0.07	    0.04
08/17/1993	    0.07	    0.00	    0.00	    0.02
08/18/1993	    0.00	    0.00	    0.00	    0.00
08/19/1993	    0.00	    0.00	    0.00	    0.00
08/20/1993	    0.00	    0.00	    0.00	    0.00
08/21/1993	    0.00	    0.00	    0.00	    0.00
08/22/1993	    0.00	    0.00	    0.00	    0.00
08/23/1993	    0.00	    0.00	    0.00	    0.00
08/24/1993	    0.00	    0.00	    0.00	    0.00
08/25/1993	    0.00	    0.00	    0.00	    0.00
08/26/1993	    0.00	    0.00	    0.00	    0.00
08/27/1993	    0.01	    0.00	    0.00	    0.01
08/28/1993	    0.00	    0.00	    0.00	    0.00
08/29/1993	    0.00	    0.00	    0.00	    0.00
08/30/1993	    0.28	    0.00	    0.00	    0.01
08/31/1993	    1.54	    0.32	    0.28	    0.01
09/01/1993	    1.14	    0.32	    0.32	    0.01
09/02/1993	    0.32	    0.32	    0.19	    0.01
09/03/1993	    0.19	    0.04	    0.12	    0.01
09/04/1993	    0.12	    0.04	    0.04	    0.01
09/05/1993	    0.04	    0.04	    0.00	    0.01
09/06/1993	    0.00	    0.00	    0.00	    0.00
09/07/1993	    0.00	    0.00	    0.00	    0.00
09/08/1993	    0.00	    0.00	    0.00	    0.00
09/09/1993	    0.00	    0.00	    0.00	    0.00
09/10/1993	    0.00	    0.00	    0.00	    0.00
09/11/1993	    0.00	    0.00	    0.00	    0.00
09/12/1993	    0.00	    0.00	    0.00	    0.00
09/13/1993	    0.00	    0.00	    0.00	    0.00
09/14/1993	    0.21	    0.00	    0.00	    0.02
09/15/1993	    5.42	    4.11	    0.21	    0.04
09/16/1993	    5.63	    4.11	    4.11	    0.07
09/17/1993	    4.11	    4.11	    1.90	    0.14
09/18/1993	    1.90	    0.98	    1.00	    0.26
09/19/1993	    1.00	    0.98	    0.98	    0.51
09/20/1993	    0.98	    0.98	    0.98	    0.98
09/21/1993	    7.70	    4.74	    0.98	    0.73
09/22/1993	   12.84	    4.74	    4.74	    0.54
09/23/1993	    4.74	    4.74	    1.28	    0.40
09/24/1993	    1.28	    0.35	    0.69	    0.30
09/25/1993	    0.69	    0.35	    0.35	    0.22
09/26/1993	    0.35	    0.35	    0.20	    0.16
09/27/1993	    0.20	    0.13	    0.18	    0.12
09/28/1993	    0.18	    0.13	    0.13	    0.09
09/29/1993	    0.13	    0.13	    0.07	    0.07
09/30/1993	    0.07	    0.04	    0.04	    0.05
10/01/1993	    0.04	    0.04	    0.04	    0.04
10/02/1993	    0.06	    0.04	    0.04	    0.04
10/03/1993	    0.06	    0.04	    0.04	    0.04
10/04/1993	    0.04	    0.04	    0.04	    0.04
10/05/1993	    0.04	    0.04	    0.04	    0.04
10/06/1993	    0.15	    0.08	    0.04	    0.05
10/07/1993	    0.08	    0.08	    0.08	    0.08
10/08/1993	    0.10	    0.08	    0.08	    0.08
10/09/1993	    0.17	    0.11	    0.10	    0.08
10/10/1993	    0.16	    0.11	    0.11	    0.08
10/11/1993	    0.11	    0.11	    0.07	    0.07
10/12/1993	    0.07	    0.07	    0.07	    0.07
10/13/1993	    0.09	    0.07	    0.07	    0.08
10/14/1993	    0.09	    0.07	    0.09	    0.09
10/15/1993	    0.20	    0.20	    0.09	    0.13
10/16/1993	    6.37	    0.20	    0.20	    0.19
10/17/1993	    8.15	    0.20	    3.92	    0.28
10/18/1993	    3.92	    0.89	    1.35	    0.41
10/19/1993	    1.35	    0.89	    0.89	    0.60
10/20/1993	    0.89	    0.89	    0.89	    0.89
10/21/1993	   39.11	    8.87	    0.89	    0.78
10/22/1993	   29.80	    8.87	    8.87	    0.69
10/23/1993	    8.87	    8.87	    1.25	    0.60
10/24/1993	    1.25	    0.51	    0.72	    0.53
10/25/1993	    0.72	    0.51	    0.51	    0.47
10/26/1993	    0.51	    0.51	    0.43	    0.41
10/27/1993	    0.43	    0.28	    0.32	    0.36
10/28/1993	    0.32	    0.28	    0.28	    0.32
10/29/1993	    0.28	    0.28	    0.28	    0.28
10/30/1993	    0.28	    0.26	    0.26	    0.27
10/31/1993	    0.26	    0.26	    0.26	    0.26
11/01/1993	    0.26	    0.26	    0.22	    0.24
11/02/1993	    0.22	    0.22	    0.22	    0.22
11/03/1993	    0.25	    0.22	    0.22	    0.25
11/04/1993	    0.28	    0.22	    0.25	    0.28
11/05/1993	    2.03	    2.03	    0.28	    0.38
11/06/1993	   19.91	    2.03	    2.03	    0.45
11/07/1993	    6.86	    2.03	    1.94	    0.54
11/08/1993	    1.94	    0.91	    1.18	    0.64
11/09/1993	    1.18	    0.91	    0.91	    0.77
11/10/1993	    0.91	    0.91	    0.91	    0.91
11/11/1993	    0.94	    0.94	    0.91	    0.89
11/12/1993	    1.79	    0.94	    0.94	    0.86
11/13/1993	   17.74	    0.94	    1.79	    0.84
11/14/1993	   16.42	   12.25	   13.02	    0.81
11/15/1993	   13.02	   12.25	   12.25	    0.79
11/16/1993	   12.25	   12.25	    7.27	    0.77
11/17/1993	    7.27	    2.67	    4.42	    0.74
11/18/1993	    4.42	    2.67	    2.67	    0.72
11/19/1993	    2.67	    2.67	    1.59	    0.70
11/20/1993	    1.59	    0.83	    0.96	    0.68
11/21/1993	    0.96	    0.83	    0.83	    0.66
11/22/1993	    0.83	    0.83	    0.78	    0.64
11/23/1993	    0.78	    0.59	    0.72	    0.62
11/24/1993	    0.72	    0.59	    0.59	    0.61
11/25/1993	    0.59	    0.59	    0.59	    0.59
11/26/1993	   13.57	   13.57	    0.59	    0.65
11/27/1993	   55.67	   13.57	   13.57	    0.72
11/28/1993	   18.49	   13.57	    2.68	    0.79
11/29/1993	    2.68	    1.07	    1.35	    0.88
11/30/1993	    1.35	    1.07	    1.07	    0.97
12/01/1993	    1.07	    1.07	    1.07	    1.07
12/02/1993	    1.25	    1.25	    1.07	    1.25
12/03/1993	    1.79	    1.25	    1.25	    1.50
12/04/1993	    1.78	    1.25	    1.78	    1.78
12/05/1993	    1.78	    1.76	    1.76	    1.77
12/06/1993	    1.76	    1.76	    1.76	    1.76
12/07/1993	    1.98	    1.76	    1.59	    1.60
12/08/1993	    1.59	    1.13	    1.14	    1.46
12/09/1993	    1.14	    1.13	    1.13	    1.14
12/10/1993	    1.13	    1.13	    1.09	    1.13
12/11/1993	    1.09	    0.91	    0.92	    1.09
12/12/1993	    0.92	    0.91	    0.91	    0.92
12/13/1993	    0.91	    0.91	    0.91	    0.91
12/14/1993	    0.92	    0.89	    0.91	    0.69
12/15/1993	    0.92	    0.89	    0.89	    0.52
12/16/1993	    0.89	    0.89	    0.77	    0.39
12/17/1993	    0.77	    0.42	    0.57	    0.29
12/18/1993	    0.57	    0.42	    0.42	    0.22
12/19/1993	    0.42	    0.42	    0.27	    0.17
12/20/1993	    0.27	    0.16	    0.19	    0.13
12/21/1993	    0.19	    0.16	    0.16	    0.10
12/22/1993	    0.16	    0.16	    0.09	    0.07
12/23/1993	    0.09	    0.04	    0.06	    0.05
12/24/1993	    0.06	    0.04	    0.04	    0.04
12/25/1993	    0.04	    0.04	    0.03	    0.03
12/26/1993	    0.03	    0.01	    0.02	    0.02
12/27/1993	    0.02	    0.01	    0.01	    0.02
12/28/1993	    0.01	    0.01	    0.00	    0.01
12/29/1993	    0.00	    0.00	    0.00	    0.00
12/30/1993	    0.00	    0.00	    0.00	    0.00
12/31/1993	    0.00	    0.00	    0.00	    0.00
01/01/1994	    0.00	    0.00	    0.00	    0.00
01/02/1994	    0.00	    0.00	    0.00	    0.00
01/03/1994	    0.00	    0.00	    0.00	    0.00
01/04/1994	    0.00	    0.00	    0.00	    0.00
01/05/1994	    0.00	    0.00	    0.00	    0.00
01/06/1994	    0.00	    0.00	    0.00	    0.00
01/07/1994	    0.00	    0.00	    0.00	    0.00
01/08/1994	    0.00	    0.00	    0.00	    0.00
01/09/1994	    0.00	    0.00	    0.00	    0.00
01/10/1994	    0.00	    0.00	    0.00	    0.00
01/11/1994	    0.00	    0.00	    0.00	    0.00
01/12/1994	    0.00	    0.00	    0.00	    0.00
01/13/1994	    0.00	    0.00	    0.00	    0.00
01/14/1994	    0.00	    0.00	    0.00	    0.00
01/15/1994	    0.00	    0.00	    0.00	    0.00
01/16/1994	    0.00	    0.00	    0.00	    0.00
01/17/1994	    0.00	    0.00	    0.00	    0.00
01/18/1994	    0.00	    0.00	    0.00	    0.00
01/19/1994	    0.00	    0.00	    0.00	    0.00
01/20/1994	    0.00	    0.00	    0.00	    0.00
01/21/1994	    0.00	    0.00	    0.00	    0.00
01/22/1994	    0.00	    0.00	    0.00	    0.00
01/23/1994	    0.00	    0.00	    0.00	    0.00
01/24/1994	    0.00	    0.00	    0.00	    0.00
01/25/1994	    0.00	    0.00	    0.00	    0.00
01/26/1994	    0.00	    0.00	    0.00	    0.00
01/27/1994	    0.00	    0.00	    0.00	    0.00
01/28/1994	    0.00	    0.00	    0.00	    0.00
01/29/1994	    0.00	    0.00	    0.00	    0.00
01/30/1994	    0.00	    0.00	    0.00	    0.00
01/31/1994	    0.00	    0.00	    0.00	    0.00
02/01/1994	    0.00	    0.00	    0.00	    0.00
02/02/1994	    0.00	    0.00	    0.00	    0.00
02/03/1994	    0.00	    0.00	    0.00	    0.00
02/04/1994	    0.00	    0.00	    0.00	    0.00
02/05/1994	    0.00	    0.00	    0.00	    0.00
02/06/1994	    0.00	    0.00	    0.00	    0.00
02/07/1994	    0.00	    0.00	    0.00	    0.00
02/08/1994	    0.00	    0.00	    0.00	    0.00
02/09/1994	    0.00	    0.00	    0.00	    0.00
02/10/1994	    0.00	    0.00	    0.00	    0.00
02/11/1994	    0.00	    0.00	    0.00	    0.00
02/12/1994	    0.00	    0.00	    0.00	    0.00
02/13/1994	    0.00	    0.00	    0.00	    0.00
02/14/1994	    0.00	    0.00	    0.00	    0.00
02/15/1994	    0.00	    0.00	    0.00	    0.00
02/16/1994	    0.00	    0.00	    0.00	    0.00
02/17/1994	    0.00	    0.00	    0.00	    0.00
02/18/1994	    1.29	    1.29	    0.00	    0.01
02/19/1994	   74.19	    1.29	    1.29	    0.02
02/20/1994	  539.61	    1.29	   74.19	    0.03
02/21/1994	  212.31	   33.60	   73.05	    0.05
02/22/1994	   73.05	   33.60	   33.60	    0.07
02/23/1994	   33.60	   33.60	   17.41	    0.11
02/24/1994	   17.41	    8.10	   10.39	    0.16
02/25/1994	   10.39	    8.10	    8.10	    0.23
02/26/1994	    8.10	    8.10	    6.16	    0.34
02/27/1994	    6.16	    3.89	    4.86	    0.51
02/28/1994	    4.86	    3.89	    3.89	    0.75
03/01/1994	    3.89	    3.89	    3.40	    1.11
03/02/1994	    3.40	    2.43	    2.43	    1.64
03/03/1994	    2.43	    2.43	    2.43	    2.43
03/04/1994	    8.61	    2.43	    2.43	    2.79
03/05/1994	  186.49	  102.68	    8.61	    3.19
03/06/1994	  382.64	  102.68	  102.68	    3.66
03/07/1994	  102.68	  102.68	   57.02	    4.20
03/08/1994	   57.02	   19.44	   39.17	    4.81
03/09/1994	   39.17	   19.44	   19.44	    5.51
03/10/1994	   19.44	   19.44	   11.70	    6.32
03/11/1994	   11.70	    8.30	    8.30	    7.24
03/12/1994	    8.30	    8.30	    8.30	    8.30
03/13/1994	    8.80	    8.30	    8.30	    6.90
03/14/1994	   14.00	   14.00	    8.80	    5.73
03/15/1994	   31.00	   14.00	   14.00	    4.76
03/16/1994	   23.00	   14.00	    8.80	    3.96
03/17/1994	    8.80	    2.27	    3.90	    3.29
03/18/1994	    3.90	    2.27	    2.27	    2.73
03/19/1994	    2.27	    2.27	    2.27	    2.27
03/20/1994	    4.58	    4.58	    2.27	    2.47
03/21/1994	   55.90	    4.58	    4.58	    2.68
03/22/1994	   61.09	    4.58	   39.83	    2.92
03/23/1994	   39.83	    9.30	   10.00	    3.18
03/24/1994	   10.00	    9.30	    9.30	    3.46
03/25/1994	    9.30	    9.30	    5.06	    3.76
03/26/1994	    5.06	    4.45	    4.45	    4.09
03/27/1994	    4.45	    4.45	    4.45	    4.45
03/28/1994	    5.10	    4.45	    4.45	    4.18
03/29/1994	    4.60	    3.47	    4.46	    3.93
03/30/1994	    4.46	    3.47	    3.47	    3.70
03/31/1994	    3.47	    3.47	    3.47	    3.47
04/01/1994	    3.54	    3.54	    3.47	    3.54
04/02/1994	    6.85	    3.54	    3.54	    4.57
04/03/1994	    6.14	    3.54	    6.02	    5.24
04/04/1994	    6.02	    6.02	    6.02	    6.02
04/05/1994	   20.00	    6.02	    6.02	   10.97
04/06/1994	   20.00	    6.02	   20.00	   20.00
04/07/1994	   22.00	   22.00	   20.00	   13.85
04/08/1994	   29.00	   22.00	   22.00	    9.59
04/09/1994	   24.00	   22.00	   12.00	    6.64
04/10/1994	   12.00	    3.19	    3.19	    4.60
04/11/1994	    3.19	    3.19	    3.19	    3.19
04/12/1994	    7.05	    3.19	    3.19	    5.57
04/13/1994	   50.82	   17.01	    7.05	    9.73
04/14/1994	   17.01	   17.01	   17.01	   17.01
04/15/1994	  189.48	   17.01	   17.01	   11.27
04/16/1994	   41.54	    3.99	    9.44	    7.47
04/17/1994	    9.44	    3.99	    3.99	    4.95
04/18/1994	    3.99	    3.99	    2.25	    3.28
04/19/1994	    2.25	    1.15	    1.60	    2.18
04/20/1994	    1.60	    1.15	    1.15	    1.44
04/21/1994	    1.15	    1.15	    0.72	    0.96
04/22/1994	    0.72	    0.42	    0.42	    0.63
04/23/1994	    0.42	    0.42	    0.42	    0.42
04/24/1994	    0.98	    0.42	    0.42	    0.55
04/25/1994	 5794.13	   26.72	    0.98	    0.72
04/26/1994	  222.64	   26.72	   26.72	    0.95
04/27/1994	   26.72	   26.72	    7.49	    1.25
04/28/1994	    7.49	    2.82	    4.02	    1.64
04/29/1994	    4.02	    2.82	    2.82	    2.15
04/30/1994	    2.82	    2.82	    2.82	    2.82
05/01/1994	    6.41	    3.41	    2.82	    2.37
05/02/1994	    7.20	    3.41	    3.41	    1.99
05/03/1994	    3.41	    3.41	    1.85	    1.67
05/04/1994	    1.85	    1.18	    1.35	    1.40
05/05/1994	    1.35	    1.18	    1.18	    1.18
05/06/1994	    1.18	    1.18	    1.03	    0.99
05/07/1994	    1.03	    0.51	    0.64	    0.83
05/08/1994	    0.64	    0.51	    0.51	    0.64
05/09/1994	    0.51	    0.51	    0.49	    0.51
05/10/1994	    0.49	    0.49	    0.49	    0.49
05/11/1994	    0.98	    0.49	    0.49	    0.51
05/12/1994	    0.93	    0.49	    0.70	    0.52
05/13/1994	    0.70	    0.54	    0.54	    0.53
05/14/1994	    0.54	    0.54	    0.54	    0.54
05/15/1994	    1.25	    0.54	    0.54	    0.47
05/16/1994	    1.26	    0.41	    0.62	    0.40
05/17/1994	    0.62	    0.41	    0.41	    0.34
05/18/1994	    0.41	    0.41	    0.28	    0.30
05/19/1994	    0.28	    0.20	    0.26	    0.26
05/20/1994	    0.26	    0.20	    0.20	    0.22
05/21/1994	    0.20	    0.20	    0.16	    0.19
05/22/1994	    0.16	    0.15	    0.16	    0.16
05/23/1994	    0.17	    0.15	    0.15	    0.16
05/24/1994	    0.15	    0.15	    0.15	    0.15
05/25/1994	    0.22	    0.22	    0.15	    0.17
05/26/1994	    0.50	    0.22	    0.22	    0.19
05/27/1994	    0.31	    0.22	    0.24	    0.22
05/28/1994	    0.24	    0.23	    0.24	    0.24
05/29/1994	    0.27	    0.23	    0.23	    0.14
05/30/1994	    0.23	    0.23	    0.15	    0.08
05/31/1994	    0.15	    0.01	    0.04	    0.05
06/01/1994	    0.04	    0.01	    0.01	    0.03
06/02/1994	    0.01	    0.01	    0.00	    0.01
06/03/1994	    0.00	    0.00	    0.00	    0.00
06/04/1994	    0.00	    0.00	    0.00	    0.00
06/05/1994	    0.00	    0.00	    0.00	    0.00
06/06/1994	    0.02	    0.00	    0.00	    0.01
06/07/1994	    0.00	    0.00	    0.00	    0.00
06/08/1994	    0.00	    0.00	    0.00	    0.00
06/09/1994	    0.00	    0.00	    0.00	    0.00
06/10/1994	    0.00	    0.00	    0.00	    0.00
06/11/1994	    0.00	    0.00	    0.00	    0.00
06/12/1994	    0.00	    0.00	    0.00	    0.00
06/13/1994	    0.04	    0.00	    0.00	    0.02
06/14/1994	    0.04	    0.00	    0.04	    0.04
06/15/1994	    0.05	    0.00	    0.00	    0.02
06/16/1994	    0.00	    0.00	    0.00	    0.00
06/17/1994	    0.00	    0.00	    0.00	    0.00
06/18/1994	    0.00	    0.00	    0.00	    0.00
06/19/1994	    0.00	    0.00	    0.00	    0.00
06/20/1994	    0.00	    0.00	    0.00	    0.00
06/21/1994	    0.00	    0.00	    0.00	    0.00
06/22/1994	    0.00	    0.00	    0.00	    0.00
06/23/1994	    0.00	    0.00	    0.00	    0.00
06/24/1994	    0.00	    0.00	    0.00	    0.00
06/25/1994	    0.00	    0.00	    0.00	    0.00
06/26/1994	    0.00	    0.00	    0.00	    0.00
06/27/1994	    0.00	    0.00	    0.00	    0.00
06/28/1994	    0.00	    0.00	    0.00	    0.00
06/29/1994	    0.00	    0.00	    0.00	    0.00
06/30/1994	    0.00	    0.00	    0.00	    0.00
07/01/1994	    0.00	    0.00	    0.00	    0.00
07/02/1994	    0.00	    0.00	    0.00	    0.00
07/03/1994	    0.00	    0.00	    0.00	    0.00
07/04/1994	    0.15	    0.00	    0.00	    0.06
07/05/1994	   13.14	    0.00	    0.15	    0.34
07/06/1994	   47.16	   11.61	   11.61	    1.99
07/07/1994	   11.61	   11.61	   11.61	   11.61
07/08/1994	   17.90	   11.61	   11.61	    5.30
07/09/1994	   12.73	    0.48	    1.61	    2.42
07/10/1994	    1.61	    0.48	    0.48	    1.10
07/11/1994	    0.48	    0.48	    0.19	    0.48
07/12/1994	    0.19	    0.10	    0.10	    0.19
07/13/1994	    0.10	    0.10	    0.10	    0.10
07/14/1994	    0.13	    0.10	    0.10	    0.10
07/15/1994	    0.10	    0.08	    0.08	    0.09
07/16/1994	    0.08	    0.08	    0.08	    0.08
07/17/1994	    0.18	    0.08	    0.08	    0.08
07/18/1994	    0.08	    0.08	    0.08	    0.08
07/19/1994	    0.13	    0.08	    0.08	    0.09
07/20/1994	    0.12	    0.08	    0.10	    0.09
07/21/1994	    0.10	    0.10	    0.10	    0.10
07/22/1994	    0.11	    0.10	    0.10	    0.10
07/23/1994	    0.10	    0.10	    0.10	    0.10
07/24/1994	    0.11	    0.11	    0.10	    0.06
07/25/1994	    0.54	    0.11	    0.11	    0.04
07/26/1994	    0.18	    0.11	    0.09	    0.02
07/27/1994	    0.09	    0.01	    0.01	    0.01
07/28/1994	    0.01	    0.01	    0.01	    0.01
07/29/1994	    0.03	    0.01	    0.01	    0.01
07/30/1994	    0.07	    0.00	    0.00	    0.00
07/31/1994	    0.00	    0.00	    0.00	    0.00
08/01/1994	    0.36	    0.00	    0.00	    0.02
08/02/1994	    1.05	    0.52	    0.36	    0.09
08/03/1994	    0.52	    0.52	    0.52	    0.52
08/04/1994	    1.09	    0.52	    0.41	    0.39
08/05/1994	    0.41	    0.13	    0.28	    0.30
08/06/1994	    0.28	    0.13	    0.13	    0.22
08/07/1994	    0.13	    0.13	    0.13	    0.13
08/08/1994	    0.13	    0.13	    0.13	    0.13
08/09/1994	    0.13	    0.13	    0.13	    0.11
08/10/1994	    0.14	    0.13	    0.13	    0.09
08/11/1994	    0.16	    0.08	    0.10	    0.07
08/12/1994	    0.10	    0.08	    0.08	    0.06
08/13/1994	    0.08	    0.08	    0.04	    0.05
08/14/1994	    0.04	    0.00	    0.04	    0.04
08/15/1994	    0.04	    0.00	    0.00	    0.02
08/16/1994	    0.00	    0.00	    0.00	    0.00
08/17/1994	    0.00	    0.00	    0.00	    0.00
08/18/1994	    0.00	    0.00	    0.00	    0.00
08/19/1994	    0.48	    0.00	    0.00	    0.02
08/20/1994	    5.03	    1.02	    0.48	    0.02
08/21/1994	    3.55	    1.02	    1.02	    0.04
08/22/1994	    1.02	    1.02	    0.39	    0.06
08/23/1994	    0.39	    0.20	    0.29	    0.09
08/24/1994	    0.29	    0.20	    0.20	    0.13
08/25/1994	    0.20	    0.20	    0.20	    0.20
08/26/1994	    0.26	    0.01	    0.17	    0.10
08/27/1994	    0.17	    0.01	    0.01	    0.05
08/28/1994	    0.01	    0.01	    0.00	    0.01
08/29/1994	    0.00	    0.00	    0.00	    0.00
08/30/1994	    0.00	    0.00	    0.00	    0.00
08/31/1994	    0.17	    0.00	    0.00	    0.01
09/01/1994	    0.06	    0.00	    0.00	    0.01
09/02/1994	    0.00	    0.00	    0.00	    0.00
09/03/1994	    0.00	    0.00	    0.00	    0.00
09/04/1994	    0.00	    0.00	    0.00	    0.00
09/05/1994	    0.00	    0.00	    0.00	    0.00
09/06/1994	    0.00	    0.00	    0.00	    0.00
09/07/1994	    0.00	    0.00	    0.00	    0.00
09/08/1994	    0.00	    0.00	    0.00	    0.00
09/09/1994	    0.00	    0.00	    0.00	    0.00
09/10/1994	    0.00	    0.00	    0.00	    0.00
09/11/1994	    0.00	    0.00	    0.00	    0.00
09/12/1994	    0.00	    0.00	    0.00	    0.00
09/13/1994	    0.00	    0.00	    0.00	    0.00
09/14/1994	    0.00	    0.00	    0.00	    0.00
09/15/1994	    0.00	    0.00	    0.00	    0.00
09/16/1994	    0.00	    0.00	    0.00	    0.00
09/17/1994	    0.00	    0.00	    0.00	    0.00
09/18/1994	    0.00	    0.00	    0.00	    0.00
09/19/1994	    0.00	    0.00	    0.00	    0.00
09/20/1994	    0.00	    0.00	    0.00	    0.00
09/21/1994	    0.00	    0.00	    0.00	    0.00
09/22/1994	    0.00	    0.00	    0.00	    0.00
09/23/1994	    0.00	    0.00	    0.00	    0.00
09/24/1994	    0.00	    0.00	    0.00	    0.00
09/25/1994	    0.00	    0.00	    0.00	    0.00
09/26/1994	    0.25	    0.00	    0.00	    0.00
09/27/1994	    2.04	    0.00	    0.25	    0.00
09/28/1994	    4.86	    1.20	    1.76	    0.00
09/29/1994	    1.76	    1.20	    1.20	    0.00
09/30/1994	    1.20	    1.20	    1.20	    0.00
