DV_date	QTOT	QGW_fixed	QGW_slide	QGW_locmin
10D	12N	12N	12N	12N
10/01/1990	    6.13	    6.05	    6.05	    6.13
10/02/1990	    6.05	    6.05	    6.05	    6.05
10/03/1990	    8.20	    6.05	    6.05	    6.46
10/04/1990	    7.97	    6.05	    6.05	    6.46
10/05/1990	    7.19	    6.05	    6.50	    6.46
10/06/1990	    6.89	    6.46	    6.46	    6.46
10/07/1990	    6.50	    6.46	    6.46	    6.46
10/08/1990	    6.46	    6.46	    6.46	    6.46
10/09/1990	    6.89	    6.46	    6.46	    6.51
10/10/1990	    7.13	    6.46	    6.46	    6.56
10/11/1990	    7.25	    6.80	    6.89	    6.61
10/12/1990	    7.21	    6.80	    7.13	    6.65
10/13/1990	    7.23	    6.80	    6.80	    6.70
10/14/1990	    7.44	    6.80	    6.80	    6.75
10/15/1990	    6.80	    6.80	    6.80	    6.80
10/16/1990	    6.98	    6.98	    6.80	    6.84
10/17/1990	    7.05	    6.98	    6.80	    6.88
10/18/1990	    9.01	    6.98	    6.98	    6.92
10/19/1990	    7.98	    6.98	    7.05	    6.96
10/20/1990	    8.65	    6.98	    7.98	    7.00
10/21/1990	   10.89	    7.20	    7.72	    7.04
10/22/1990	    8.57	    7.20	    7.37	    7.08
10/23/1990	    7.72	    7.20	    7.20	    7.12
10/24/1990	    7.37	    7.20	    7.20	    7.16
10/25/1990	    7.20	    7.20	    7.20	    7.20
10/26/1990	    7.28	    7.27	    7.20	    7.22
10/27/1990	    7.41	    7.27	    7.20	    7.24
10/28/1990	    7.27	    7.27	    7.27	    7.27
10/29/1990	    7.52	    7.27	    7.27	    7.27
10/30/1990	    7.82	    7.27	    7.27	    7.27
10/31/1990	    7.86	    7.86	    7.52	    7.27
11/01/1990	    8.14	    7.86	    7.82	    7.28
11/02/1990	    8.62	    7.86	    7.86	    7.28
11/03/1990	    9.46	    7.86	    8.14	    7.28
11/04/1990	    9.84	    7.86	    8.10	    7.28
11/05/1990	    8.82	    7.29	    7.85	    7.28
11/06/1990	    8.10	    7.29	    7.29	    7.29
11/07/1990	    7.85	    7.29	    7.29	    7.29
11/08/1990	    7.29	    7.29	    7.29	    7.29
11/09/1990	    8.13	    7.29	    7.29	    7.27
11/10/1990	    8.20	    7.19	    7.19	    7.24
11/11/1990	    7.64	    7.19	    7.19	    7.21
11/12/1990	    7.19	    7.19	    7.19	    7.19
11/13/1990	    7.66	    7.19	    7.19	    7.28
11/14/1990	    7.86	    7.19	    7.19	    7.38
11/15/1990	    8.25	    7.67	    7.66	    7.47
11/16/1990	    8.22	    7.67	    7.67	    7.57
11/17/1990	    7.67	    7.67	    7.67	    7.67
11/18/1990	    8.03	    7.67	    7.67	    7.79
11/19/1990	    8.13	    7.67	    7.67	    7.90
11/20/1990	    8.02	    8.02	    8.02	    8.02
11/21/1990	   11.13	    8.02	    8.02	    7.97
11/22/1990	    9.81	    8.02	    8.02	    7.91
11/23/1990	    8.75	    8.02	    8.01	    7.86
11/24/1990	    8.12	    8.02	    7.69	    7.80
11/25/1990	    8.01	    7.62	    7.69	    7.75
11/26/1990	    7.69	    7.62	    7.69	    7.69
11/27/1990	   10.00	    7.62	    7.62	    7.67
11/28/1990	    8.81	    7.62	    7.62	    7.64
11/29/1990	    7.62	    7.62	    7.62	    7.62
11/30/1990	    7.75	    5.44	    7.39	    7.12
12/01/1990	    7.85	    5.44	    6.98	    6.66
12/02/1990	    7.39	    5.44	    5.44	    6.22
12/03/1990	    6.98	    5.44	    5.44	    5.82
12/04/1990	    5.44	    5.44	    5.44	    5.44
12/05/1990	    6.52	    6.52	    5.44	    5.49
12/06/1990	    7.40	    6.52	    5.44	    5.54
12/07/1990	    7.35	    6.52	    6.52	    5.59
12/08/1990	    7.21	    6.52	    7.06	    5.64
12/09/1990	    7.22	    6.52	    6.90	    5.70
12/10/1990	    7.06	    5.97	    6.74	    5.75
12/11/1990	    6.90	    5.97	    6.43	    5.80
12/12/1990	    6.74	    5.97	    5.97	    5.86
12/13/1990	    6.43	    5.97	    5.97	    5.91
12/14/1990	    5.97	    5.97	    5.97	    5.97
12/15/1990	    6.29	    5.74	    5.97	    5.75
12/16/1990	    6.15	    5.74	    5.88	    5.54
12/17/1990	    6.01	    5.74	    5.74	    5.34
12/18/1990	    5.88	    5.74	    5.61	    5.14
12/19/1990	    5.74	    5.74	    5.09	    4.96
12/20/1990	    5.61	    4.37	    4.71	    4.78
12/21/1990	    5.09	    4.37	    4.60	    4.60
12/22/1990	    4.71	    4.37	    4.37	    4.43
12/23/1990	    4.60	    4.37	    4.03	    4.27
12/24/1990	    4.37	    4.37	    3.82	    4.11
12/25/1990	    4.03	    3.82	    3.82	    3.96
12/26/1990	    3.82	    3.82	    3.82	    3.82
12/27/1990	    4.20	    3.82	    3.82	    3.77
12/28/1990	    5.13	    3.82	    3.82	    3.73
12/29/1990	    4.35	    3.82	    3.73	    3.68
12/30/1990	    3.92	    3.48	    3.64	    3.63
12/31/1990	    3.73	    3.48	    3.56	    3.59
01/01/1991	    3.64	    3.48	    3.48	    3.54
01/02/1991	    3.56	    3.48	    3.41	    3.50
01/03/1991	    3.48	    3.48	    3.41	    3.46
01/04/1991	    3.41	    3.41	    3.41	    3.41
01/05/1991	    3.42	    3.41	    3.41	    3.42
01/06/1991	    3.43	    3.41	    3.41	    3.43
01/07/1991	    3.45	    3.41	    3.42	    3.45
01/08/1991	    3.46	    3.41	    3.43	    3.46
01/09/1991	    3.48	    3.48	    3.45	    3.48
01/10/1991	    3.49	    3.48	    3.46	    3.49
01/11/1991	    3.51	    3.48	    3.48	    3.51
01/12/1991	    3.52	    3.48	    3.49	    3.52
01/13/1991	    3.54	    3.48	    3.51	    3.54
01/14/1991	    3.66	    3.62	    3.52	    3.56
01/15/1991	    3.67	    3.62	    3.54	    3.57
01/16/1991	    3.69	    3.62	    3.62	    3.59
01/17/1991	    3.70	    3.62	    3.62	    3.60
01/18/1991	    3.62	    3.62	    3.62	    3.62
01/19/1991	    3.63	    3.38	    3.45	    3.57
01/20/1991	    3.65	    3.38	    3.45	    3.52
01/21/1991	    3.45	    3.38	    3.38	    3.45
01/22/1991	    3.47	    3.38	    3.38	    3.43
01/23/1991	    3.38	    3.38	    3.38	    3.38
01/24/1991	    3.39	    3.39	    3.38	    3.39
01/25/1991	    3.41	    3.39	    3.38	    3.41
01/26/1991	    3.42	    3.39	    3.39	    3.42
01/27/1991	    3.55	    3.39	    3.41	    3.55
01/28/1991	    3.78	    3.39	    3.42	    3.59
01/29/1991	    3.90	    3.72	    3.55	    3.63
01/30/1991	    3.81	    3.72	    3.72	    3.67
01/31/1991	    3.72	    3.72	    3.72	    3.72
02/01/1991	    3.95	    3.72	    3.72	    3.75
02/02/1991	    4.08	    3.72	    3.72	    3.79
02/03/1991	    4.21	    3.96	    3.95	    3.82
02/04/1991	    4.34	    3.96	    3.97	    3.86
02/05/1991	    4.25	    3.96	    3.96	    3.89
02/06/1991	    3.97	    3.96	    3.96	    3.93
02/07/1991	    3.96	    3.96	    3.96	    3.96
02/08/1991	    4.53	    4.53	    3.96	    3.99
02/09/1991	    4.89	    4.53	    3.96	    4.02
02/10/1991	    4.91	    4.53	    4.53	    4.05
02/11/1991	    4.70	    4.53	    4.61	    4.08
02/12/1991	    4.61	    4.53	    4.42	    4.11
02/13/1991	    4.63	    4.22	    4.32	    4.13
02/14/1991	    4.42	    4.22	    4.22	    4.16
02/15/1991	    4.32	    4.22	    4.22	    4.19
02/16/1991	    4.22	    4.22	    4.22	    4.22
02/17/1991	    4.36	    4.22	    4.22	    4.29
02/18/1991	    4.73	    4.73	    4.22	    4.36
02/19/1991	    4.99	    4.73	    4.36	    4.43
02/20/1991	    5.35	    4.73	    4.73	    4.50
02/21/1991	    5.82	    4.73	    4.99	    4.57
02/22/1991	    7.13	    4.73	    5.35	    4.64
02/23/1991	    6.53	    5.23	    5.35	    4.72
02/24/1991	    5.70	    5.23	    5.23	    4.79
02/25/1991	    5.35	    5.23	    5.23	    4.87
02/26/1991	    5.23	    5.23	    5.11	    4.95
02/27/1991	    5.23	    5.23	    5.11	    5.03
02/28/1991	    5.11	    5.11	    5.11	    5.11
03/01/1991	   11.88	    5.11	    5.11	    5.43
03/02/1991	   59.40	    5.11	    5.11	    5.77
03/03/1991	   23.76	    5.11	   11.88	    6.14
03/04/1991	   17.82	    5.11	   14.26	    6.52
03/05/1991	   14.26	   10.27	   11.29	    6.93
03/06/1991	   16.63	   10.27	   10.27	    7.37
03/07/1991	   11.29	   10.27	   10.27	    7.83
03/08/1991	   10.27	   10.27	    9.41	    8.33
03/09/1991	   11.00	   10.27	    9.41	    8.85
03/10/1991	    9.41	    6.53	    9.41	    9.41
03/11/1991	   10.74	    6.53	    6.53	    8.33
03/12/1991	   11.29	    6.53	    6.53	    7.38
03/13/1991	    6.53	    6.53	    6.53	    6.53
03/14/1991	   10.10	    6.53	    6.53	    6.93
03/15/1991	   10.69	   10.69	    6.53	    7.35
03/16/1991	   11.44	   10.69	   10.10	    7.79
03/17/1991	   15.68	   10.69	   10.69	    8.26
03/18/1991	   32.09	   10.69	   11.44	    8.77
03/19/1991	   27.84	   10.69	   15.68	    9.30
03/20/1991	   23.67	   18.09	   21.11	    9.86
03/21/1991	   23.31	   18.09	   21.11	   10.45
03/22/1991	   21.11	   18.09	   18.09	   11.09
03/23/1991	   33.03	   18.09	   14.80	   11.76
03/24/1991	   18.09	   18.09	   14.02	   12.47
03/25/1991	   14.80	   14.02	   14.02	   13.22
03/26/1991	   14.02	   14.02	   14.02	   14.02
03/27/1991	   55.89	   14.02	   14.02	   13.54
03/28/1991	   21.91	   14.02	   14.02	   13.06
03/29/1991	   16.31	   14.02	   13.74	   12.61
03/30/1991	   14.29	   10.82	   12.43	   12.17
03/31/1991	   13.74	   10.82	   11.21	   11.74
04/01/1991	   12.43	   10.82	   10.82	   11.33
04/02/1991	   11.21	   10.82	   10.71	   10.94
04/03/1991	   10.82	   10.82	   10.28	   10.56
04/04/1991	   10.71	    9.16	    9.73	   10.19
04/05/1991	   10.28	    9.16	    9.16	    9.84
04/06/1991	    9.73	    9.16	    9.16	    9.49
04/07/1991	    9.16	    9.16	    9.16	    9.16
04/08/1991	    9.22	    9.16	    9.16	    9.22
04/09/1991	   22.11	   10.81	    9.16	    9.95
04/10/1991	   13.65	   10.81	    9.22	   10.37
04/11/1991	   10.81	   10.81	   10.81	   10.81
04/12/1991	  763.08	   10.81	   10.81	   11.04
04/13/1991	  310.62	   10.81	   10.81	   11.26
04/14/1991	  137.45	   44.95	   57.46	   11.49
04/15/1991	   82.37	   44.95	   49.31	   11.73
04/16/1991	   57.46	   44.95	   44.95	   11.97
04/17/1991	   49.31	   44.95	   44.95	   12.21
04/18/1991	   44.95	   44.95	   40.15	   12.47
04/19/1991	   45.38	   33.10	   34.91	   12.72
04/20/1991	   40.15	   33.10	   33.10	   12.98
04/21/1991	   34.91	   33.10	   33.10	   13.25
04/22/1991	   33.10	   33.10	   31.64	   13.52
04/23/1991	   35.59	   33.10	   27.21	   13.80
04/24/1991	   31.64	   24.50	   25.52	   14.08
04/25/1991	   27.21	   24.50	   25.52	   14.37
04/26/1991	   25.52	   24.50	   24.50	   14.67
04/27/1991	   28.25	   24.50	   24.50	   14.97
04/28/1991	   24.50	   24.50	   23.30	   15.27
04/29/1991	   24.99	   17.48	   20.03	   15.59
04/30/1991	   23.30	   17.48	   18.48	   15.91
05/01/1991	   20.03	   17.48	   17.48	   16.23
05/02/1991	   18.48	   17.48	   17.25	   16.57
05/03/1991	   17.48	   17.48	   17.25	   16.91
05/04/1991	   17.25	   15.36	   17.25	   17.25
05/05/1991	   22.46	   15.36	   16.72	   16.66
05/06/1991	   21.85	   15.36	   15.36	   16.10
05/07/1991	   16.72	   15.36	   14.69	   15.55
05/08/1991	   15.36	   15.36	   14.01	   15.02
05/09/1991	   14.69	   14.01	   14.01	   14.50
05/10/1991	   14.01	   14.01	   14.01	   14.01
05/11/1991	   14.20	   14.01	   14.01	   14.20
05/12/1991	   14.65	   14.01	   14.01	   14.65
05/13/1991	   32.49	   14.01	   14.20	   16.05
05/14/1991	   21.98	   18.40	   14.65	   16.80
05/15/1991	   18.40	   18.40	   18.40	   17.58
05/16/1991	   18.40	   18.40	   18.40	   18.40
05/17/1991	   18.68	   18.40	   18.40	   18.43
05/18/1991	   22.10	   18.40	   18.40	   18.47
05/19/1991	   20.27	   18.54	   18.54	   18.50
05/20/1991	   18.54	   18.54	   18.54	   18.54
05/21/1991	   20.07	   18.54	   18.54	   19.44
05/22/1991	   24.37	   18.54	   18.54	   20.39
05/23/1991	   21.51	   18.54	   20.07	   21.39
05/24/1991	   21.81	   21.81	   21.51	   21.81
05/25/1991	   22.08	   21.81	   21.51	   22.08
05/26/1991	   57.82	   21.81	   21.81	   24.68
05/27/1991	   33.87	   21.81	   22.08	   25.88
05/28/1991	   29.64	   21.81	   28.47	   27.15
05/29/1991	   28.47	   28.47	   28.47	   28.47
05/30/1991	   35.55	   28.47	   28.47	   23.86
05/31/1991	   41.65	   28.47	   28.47	   20.00
06/01/1991	   48.50	   28.47	   35.55	   16.76
06/02/1991	   41.79	   28.47	   35.79	   14.05
06/03/1991	   39.66	   12.12	   25.19	   11.77
06/04/1991	   35.79	   12.12	   17.49	    9.87
06/05/1991	   25.19	   12.12	   12.12	    8.27
06/06/1991	   17.49	   12.12	    8.64	    6.93
06/07/1991	   12.12	   12.12	    6.04	    5.81
06/08/1991	    8.64	    2.40	    4.88	    4.87
06/09/1991	    6.04	    2.40	    3.73	    4.08
06/10/1991	    4.88	    2.40	    2.40	    3.42
06/11/1991	    3.73	    2.40	    2.40	    2.87
06/12/1991	    2.40	    2.40	    2.40	    2.40
06/13/1991	    2.41	    2.41	    2.40	    2.41
06/14/1991	    4.38	    2.41	    2.40	    3.27
06/15/1991	  152.26	    2.41	    2.41	    3.81
06/16/1991	    9.93	    2.41	    4.38	    4.45
06/17/1991	    7.48	    2.41	    7.06	    5.19
06/18/1991	    7.12	    7.06	    7.06	    6.05
06/19/1991	    7.06	    7.06	    7.06	    7.06
06/20/1991	    7.24	    7.06	    7.06	    7.24
06/21/1991	   22.29	    7.06	    7.06	    8.04
06/22/1991	   12.56	    7.06	    7.24	    8.58
06/23/1991	    9.15	    9.15	    9.15	    9.15
06/24/1991	    9.25	    9.15	    9.15	    9.25
06/25/1991	    9.75	    9.15	    9.15	    9.75
06/26/1991	   10.55	    9.15	    9.25	   10.55
06/27/1991	   11.43	    9.15	    9.75	   11.43
06/28/1991	   11.99	   11.99	   10.55	   11.99
06/29/1991	   12.88	   11.99	   11.43	   12.78
06/30/1991	   14.18	   11.99	   11.99	   13.51
07/01/1991	   15.21	   11.99	   12.88	   14.28
07/02/1991	   16.06	   11.99	   14.18	   15.10
07/03/1991	   17.13	   17.13	   15.21	   15.97
07/04/1991	   18.45	   17.13	   16.06	   16.88
07/05/1991	   20.35	   17.13	   17.13	   17.84
07/06/1991	   21.46	   17.13	   18.45	   18.87
07/07/1991	   31.16	   17.13	   20.35	   19.94
07/08/1991	   29.02	   24.92	   21.46	   21.09
07/09/1991	   26.75	   24.92	   24.92	   22.29
07/10/1991	   26.18	   24.92	   24.92	   23.57
07/11/1991	   24.92	   24.92	   24.92	   24.91
07/12/1991	   31.69	   24.92	   22.53	   24.05
07/13/1991	   26.15	   19.60	   20.89	   23.21
07/14/1991	   22.53	   19.60	   20.21	   22.40
07/15/1991	   20.89	   19.60	   19.60	   20.89
07/16/1991	   20.21	   19.60	   18.87	   20.21
07/17/1991	   19.60	   19.60	   18.50	   19.60
07/18/1991	   18.87	   17.71	   18.36	   18.87
07/19/1991	   18.50	   17.71	   17.72	   18.50
07/20/1991	   18.36	   17.71	   17.71	   18.10
07/21/1991	   17.72	   17.71	   16.04	   17.47
07/22/1991	   17.71	   17.71	   15.15	   16.86
07/23/1991	   16.04	   14.12	   14.88	   16.04
07/24/1991	   15.15	   14.12	   14.44	   15.15
07/25/1991	   14.88	   14.12	   14.12	   14.88
07/26/1991	   14.44	   14.12	   14.12	   14.44
07/27/1991	   14.12	   14.12	   14.12	   14.12
07/28/1991	   15.91	   13.72	   14.12	   13.51
07/29/1991	   17.11	   13.72	   14.10	   12.92
07/30/1991	   14.86	   13.72	   13.72	   12.36
07/31/1991	   14.10	   13.72	   13.38	   11.82
08/01/1991	   13.72	   13.72	   13.31	   11.31
08/02/1991	   13.38	   11.72	   13.31	   10.82
08/03/1991	   13.31	   11.72	   12.19	   10.35
08/04/1991	   15.32	   11.72	   11.72	    9.90
08/05/1991	   12.19	   11.72	    8.66	    9.46
08/06/1991	   11.72	   11.72	    8.66	    9.05
08/07/1991	    8.66	    8.66	    8.66	    8.66
08/08/1991	 4668.67	    8.66	    8.66	    8.67
08/09/1991	  131.32	    8.66	    8.66	    8.69
08/10/1991	   78.76	    8.66	   48.76	    8.70
08/11/1991	   60.61	    8.66	   40.38	    8.72
08/12/1991	   48.76	   24.62	   34.17	    8.73
08/13/1991	   40.38	   24.62	   28.78	    8.74
08/14/1991	   34.17	   24.62	   24.62	    8.76
08/15/1991	   28.78	   24.62	   24.14	    8.77
08/16/1991	   24.62	   24.62	   17.94	    8.79
08/17/1991	   24.14	   10.32	   14.13	    8.80
08/18/1991	   17.94	   10.32	   11.72	    8.81
08/19/1991	   14.13	   10.32	   10.32	    8.83
08/20/1991	   11.72	   10.32	    8.87	    8.84
08/21/1991	   10.32	   10.32	    8.87	    8.86
08/22/1991	    8.87	    8.87	    8.87	    8.87
08/23/1991	    8.96	    8.87	    8.87	    8.96
08/24/1991	    9.74	    8.87	    8.87	    9.74
08/25/1991	   10.42	    8.87	    8.96	   10.42
08/26/1991	   11.23	    8.87	    9.74	   11.23
08/27/1991	   12.27	   12.27	   10.42	   12.27
08/28/1991	   12.86	   12.27	   11.23	   12.86
08/29/1991	   13.75	   12.27	   12.27	   13.75
08/30/1991	   15.46	   12.27	   12.86	   15.46
08/31/1991	   16.75	   12.27	   13.75	   16.75
09/01/1991	   17.03	   17.03	   15.46	   17.03
09/02/1991	   18.37	   17.03	   16.75	   18.37
09/03/1991	   27.03	   17.03	   17.03	   20.98
09/04/1991	   27.12	   17.03	   18.37	   22.55
09/05/1991	   24.22	   17.03	   24.22	   24.22
09/06/1991	   25.94	   25.94	   24.22	   25.50
09/07/1991	   27.20	   25.94	   24.22	   26.84
09/08/1991	   39.87	   25.94	   25.94	   28.26
09/09/1991	   45.12	   25.94	   27.20	   29.75
09/10/1991	   37.62	   25.94	   32.97	   31.32
09/11/1991	   32.97	   32.97	   32.97	   32.97
09/12/1991	   36.68	   32.97	   32.97	   30.09
09/13/1991	   33.50	   32.97	   32.97	   27.46
09/14/1991	   35.90	   32.97	   24.38	   25.06
09/15/1991	   33.33	   32.97	   19.84	   22.87
09/16/1991	   24.38	   13.86	   18.58	   20.87
09/17/1991	   19.84	   13.86	   15.92	   19.04
09/18/1991	   18.58	   13.86	   13.86	   17.38
09/19/1991	   15.92	   13.86	   12.89	   15.86
09/20/1991	   13.86	   13.86	   11.95	   13.86
09/21/1991	   12.89	    9.67	   10.84	   12.89
09/22/1991	   11.95	    9.67	   10.17	   11.95
09/23/1991	   10.84	    9.67	    9.67	   10.84
09/24/1991	   10.17	    9.67	    8.45	   10.04
09/25/1991	    9.67	    9.67	    7.44	    9.16
09/26/1991	    8.45	    5.63	    6.63	    8.36
09/27/1991	    7.44	    5.63	    6.14	    7.44
09/28/1991	    6.63	    5.63	    5.63	    6.63
09/29/1991	    6.14	    5.63	    5.29	    6.14
09/30/1991	    5.63	    5.63	    5.29	    5.63
10/01/1991	    5.29	    5.29	    5.29	    5.29
10/02/1991	    5.53	    5.29	    5.29	    5.31
10/03/1991	    5.59	    5.29	    5.29	    5.33
10/04/1991	   30.00	    5.29	    5.53	    5.34
10/05/1991	   47.00	    5.29	    5.59	    5.36
10/06/1991	    6.85	    5.44	    5.79	    5.38
10/07/1991	    5.79	    5.44	    5.74	    5.39
10/08/1991	    5.86	    5.44	    5.44	    5.41
10/09/1991	    5.74	    5.44	    5.44	    5.43
10/10/1991	    5.44	    5.44	    5.44	    5.44
10/11/1991	    5.56	    5.42	    5.44	    5.42
10/12/1991	    5.57	    5.42	    5.44	    5.39
10/13/1991	    5.44	    5.42	    5.42	    5.36
10/14/1991	    5.48	    5.42	    5.28	    5.34
10/15/1991	    5.42	    5.42	    5.28	    5.31
10/16/1991	    5.28	    5.28	    5.28	    5.28
10/17/1991	    5.38	    5.28	    5.28	    5.38
10/18/1991	    5.32	    5.28	    5.28	    5.32
10/19/1991	    5.44	    5.28	    5.32	    5.44
10/20/1991	    5.44	    5.28	    5.32	    5.44
10/21/1991	    5.53	    5.53	    5.44	    5.53
10/22/1991	    5.61	    5.53	    5.44	    5.61
10/23/1991	    5.65	    5.53	    5.53	    5.65
10/24/1991	   16.25	    5.53	    5.61	    9.08
10/25/1991	   41.31	    5.53	    5.65	    9.71
10/26/1991	  123.11	   11.90	   11.90	   10.39
10/27/1991	  100.41	   11.90	   11.90	   11.12
10/28/1991	   11.90	   11.90	   11.90	   11.90
10/29/1991	   20.52	   11.90	   11.90	   12.14
10/30/1991	   25.36	   11.90	   11.90	   12.38
10/31/1991	   35.13	   25.52	   20.52	   12.63
11/01/1991	  634.60	   25.52	   25.36	   12.88
11/02/1991	   68.56	   25.52	   25.52	   13.14
11/03/1991	   33.60	   25.52	   18.46	   13.41
11/04/1991	   25.52	   25.52	   16.42	   13.67
11/05/1991	   18.46	   15.10	   16.29	   13.95
11/06/1991	   16.42	   15.10	   15.22	   14.23
11/07/1991	   16.29	   15.10	   15.10	   14.51
11/08/1991	   15.22	   15.10	   15.10	   14.81
11/09/1991	   15.10	   15.10	   15.10	   15.10
11/10/1991	   16.25	   16.25	   15.10	   15.44
11/11/1991	   16.32	   16.25	   15.10	   15.78
11/12/1991	   16.55	   16.25	   16.25	   16.13
11/13/1991	   17.78	   16.25	   16.32	   16.48
11/14/1991	   19.75	   16.25	   16.55	   16.85
11/15/1991	   58.00	   17.99	   17.78	   17.22
11/16/1991	   19.00	   17.99	   17.99	   17.60
11/17/1991	   17.99	   17.99	   17.99	   17.99
11/18/1991	  212.00	   17.99	   17.99	   18.08
11/19/1991	   70.00	   17.99	   17.99	   18.16
11/20/1991	   20.73	   18.43	   18.43	   18.25
11/21/1991	   18.97	   18.43	   18.43	   18.34
11/22/1991	   18.43	   18.43	   18.43	   18.43
11/23/1991	   23.74	   18.43	   18.43	   18.19
11/24/1991	   21.03	   18.43	   18.23	   17.95
11/25/1991	   20.04	   17.27	   17.27	   17.72
11/26/1991	   18.23	   17.27	   17.27	   17.49
11/27/1991	   17.27	   17.27	   17.27	   17.27
11/28/1991	   17.53	   17.27	   17.27	   17.53
11/29/1991	   26.37	   17.27	   17.27	   20.18
11/30/1991	  227.73	   29.81	   17.53	   21.82
12/01/1991	   47.72	   29.81	   26.37	   23.59
12/02/1991	   35.08	   29.81	   29.81	   25.50
12/03/1991	   32.40	   29.81	   29.81	   27.57
12/04/1991	   29.81	   29.81	   29.81	   29.81
12/05/1991	   29.81	   29.81	   29.81	   29.81
12/06/1991	   29.81	   29.81	   29.81	   29.81
12/07/1991	   32.40	   29.81	   29.81	   30.20
12/08/1991	   34.99	   29.81	   29.81	   30.60
12/09/1991	   32.40	   29.81	   31.83	   31.01
12/10/1991	   32.99	   31.83	   31.83	   31.41
12/11/1991	   31.83	   31.83	   31.83	   31.83
12/12/1991	   66.86	   31.83	   31.83	   31.08
12/13/1991	   47.20	   31.83	   31.39	   30.34
12/14/1991	   32.86	   31.83	   29.95	   29.63
12/15/1991	   31.39	   25.71	   27.28	   28.93
12/16/1991	   29.95	   25.71	   27.10	   28.24
12/17/1991	   27.28	   25.71	   25.71	   27.28
12/18/1991	   27.10	   25.71	   25.54	   26.93
12/19/1991	   25.71	   25.71	   24.17	   25.71
12/20/1991	   25.54	   22.53	   24.02	   25.54
12/21/1991	   24.17	   22.53	   23.86	   24.17
12/22/1991	   24.02	   22.53	   22.53	   24.02
12/23/1991	   23.86	   22.53	   22.38	   23.86
12/24/1991	   22.53	   22.53	   22.24	   22.53
12/25/1991	   22.38	   22.24	   22.24	   22.38
12/26/1991	   22.24	   22.24	   22.24	   22.24
12/27/1991	   22.41	   22.24	   22.24	   22.14
12/28/1991	   22.36	   22.24	   22.24	   22.04
12/29/1991	   23.27	   22.24	   21.79	   21.94
12/30/1991	   22.43	   21.65	   21.65	   21.84
12/31/1991	   21.79	   21.65	   21.65	   21.74
01/01/1992	   21.65	   21.65	   21.65	   21.65
01/02/1992	   22.11	   21.65	   21.65	   21.63
01/03/1992	   22.59	   21.65	   21.65	   21.62
01/04/1992	   22.77	   21.57	   21.66	   21.61
01/05/1992	   21.92	   21.57	   21.57	   21.60
01/06/1992	   21.66	   21.57	   21.57	   21.58
01/07/1992	   21.57	   21.57	   21.57	   21.57
01/08/1992	  223.18	   21.57	   21.57	   35.49
01/09/1992	  425.91	   96.07	   21.57	   58.39
01/10/1992	   96.07	   96.07	   96.07	   96.07
01/11/1992	  177.50	   96.07	   96.07	   91.42
01/12/1992	  645.36	   96.07	   94.79	   87.00
01/13/1992	  322.26	   96.07	   81.19	   82.79
01/14/1992	   94.79	   66.23	   74.80	   78.78
01/15/1992	   81.19	   66.23	   68.76	   74.97
01/16/1992	   74.80	   66.23	   66.23	   71.34
01/17/1992	   68.76	   66.23	   60.74	   67.89
01/18/1992	   66.23	   66.23	   58.50	   64.60
01/19/1992	   60.74	   58.50	   58.50	   60.74
01/20/1992	   58.50	   58.50	   58.50	   58.50
01/21/1992	   61.98	   58.50	   58.50	   54.17
01/22/1992	  389.44	   58.50	   58.50	   50.16
01/23/1992	 1077.41	   58.50	   50.14	   46.45
01/24/1992	   78.93	   32.54	   43.00	   43.01
01/25/1992	   50.14	   32.54	   38.70	   39.83
01/26/1992	   43.00	   32.54	   32.54	   36.88
01/27/1992	   38.70	   32.54	   28.94	   34.15
01/28/1992	   32.54	   32.54	   25.60	   31.62
01/29/1992	   28.94	   23.25	   24.40	   28.94
01/30/1992	   25.60	   23.25	   23.25	   25.60
01/31/1992	   24.40	   23.25	   23.25	   24.40
02/01/1992	   23.25	   23.25	   23.25	   23.25
02/02/1992	   25.56	   23.25	   23.25	   23.40
02/03/1992	  441.69	   70.35	   23.25	   23.55
02/04/1992	  215.94	   70.35	   25.56	   23.70
02/05/1992	   96.63	   70.35	   70.35	   23.85
02/06/1992	   84.24	   70.35	   59.47	   24.01
02/07/1992	   70.35	   70.35	   50.97	   24.16
02/08/1992	   59.47	   33.69	   43.52	   24.32
02/09/1992	   50.97	   33.69	   39.64	   24.47
02/10/1992	   43.52	   33.69	   33.69	   24.63
02/11/1992	   39.64	   33.69	   30.68	   24.79
02/12/1992	   33.69	   33.69	   27.94	   24.95
02/13/1992	   30.68	   25.60	   27.27	   25.11
02/14/1992	   27.94	   25.60	   25.60	   25.27
02/15/1992	   27.27	   25.60	   25.60	   25.43
02/16/1992	   25.60	   25.60	   25.60	   25.60
02/17/1992	   26.22	   25.60	   25.60	   24.78
02/18/1992	   39.93	   39.93	   25.60	   23.99
02/19/1992	   49.28	   39.93	   26.22	   23.23
02/20/1992	 6761.90	   39.93	   39.93	   22.49
02/21/1992	 1250.16	   39.93	   49.28	   21.78
02/22/1992	 3939.07	   39.93	 1108.36	   21.08
02/23/1992	 1108.36	  107.87	  381.23	   20.41
02/24/1992	 1687.79	  107.87	  108.45	   19.76
02/25/1992	  381.23	  107.87	  107.87	   19.13
02/26/1992	  108.45	  107.87	   88.11	   18.52
02/27/1992	  107.87	  107.87	   66.85	   17.93
02/28/1992	   88.11	   50.39	   62.42	   17.36
02/29/1992	   66.85	   50.39	   57.76	   16.81
03/01/1992	   62.42	   50.39	   50.39	   16.28
03/02/1992	   57.76	   50.39	   45.65	   15.76
03/03/1992	   50.39	   50.39	   43.44	   15.26
03/04/1992	   45.65	   32.15	   42.37	   14.77
03/05/1992	   43.44	   32.15	   37.73	   14.30
03/06/1992	   42.37	   32.15	   32.15	   13.84
03/07/1992	   37.73	   32.15	   32.15	   13.40
03/08/1992	   32.15	   32.15	   25.45	   12.98
03/09/1992	  133.00	   17.37	   22.13	   12.56
03/10/1992	   25.45	   17.37	   19.21	   12.16
03/11/1992	   22.13	   17.37	   17.37	   11.78
03/12/1992	   19.21	   17.37	   15.60	   11.40
03/13/1992	   17.37	   17.37	   13.74	   11.04
03/14/1992	   15.60	   10.58	   12.60	   10.69
03/15/1992	   13.74	   10.58	   11.74	   10.35
03/16/1992	   12.60	   10.58	   10.58	   10.02
03/17/1992	   11.74	   10.58	    9.89	    9.70
03/18/1992	   10.58	   10.58	    9.73	    9.39
03/19/1992	    9.89	    9.24	    9.42	    9.09
03/20/1992	    9.73	    9.24	    9.31	    8.80
03/21/1992	    9.42	    9.24	    9.24	    8.52
03/22/1992	    9.31	    9.24	    9.13	    8.25
03/23/1992	    9.24	    9.24	    8.30	    7.99
03/24/1992	    9.13	    6.79	    7.62	    7.73
03/25/1992	    8.30	    6.79	    6.88	    7.49
03/26/1992	    7.62	    6.79	    6.79	    7.25
03/27/1992	    6.88	    6.79	    6.79	    6.88
03/28/1992	    6.79	    6.79	    6.79	    6.79
03/29/1992	    7.70	    5.35	    6.22	    6.56
03/30/1992	    6.81	    5.35	    5.61	    6.33
03/31/1992	    6.22	    5.35	    5.35	    6.10
04/01/1992	    5.61	    5.35	    5.35	    5.61
04/02/1992	    5.35	    5.35	    5.31	    5.35
04/03/1992	    5.44	    4.72	    5.03	    5.44
04/04/1992	    5.31	    4.72	    4.79	    5.29
04/05/1992	    5.03	    4.72	    4.72	    5.03
04/06/1992	    4.79	    4.72	    4.59	    4.79
04/07/1992	    4.72	    4.72	    4.59	    4.72
04/08/1992	    4.59	    3.98	    4.59	    4.59
04/09/1992	    4.98	    3.98	    4.51	    4.24
04/10/1992	    4.67	    3.98	    3.98	    3.91
04/11/1992	    4.51	    3.98	    3.91	    3.61
04/12/1992	    3.98	    3.98	    2.84	    3.33
04/13/1992	    3.91	    2.84	    2.84	    3.08
04/14/1992	    2.84	    2.84	    2.84	    2.84
04/15/1992	   59.00	    2.84	    2.84	    3.38
04/16/1992	   95.00	    2.84	    2.84	    4.03
04/17/1992	    4.80	    2.84	    4.80	    4.80
04/18/1992	    5.49	    5.49	    4.80	    4.64
04/19/1992	   35.63	    5.49	    4.80	    4.48
04/20/1992	  340.33	    5.49	    5.49	    4.32
04/21/1992	  431.32	    5.49	   35.63	    4.17
04/22/1992	  239.93	    5.49	  123.05	    4.03
04/23/1992	  168.03	   45.53	   87.06	    3.89
04/24/1992	  123.05	   45.53	   63.12	    3.76
04/25/1992	   87.06	   45.53	   45.53	    3.63
04/26/1992	   63.12	   45.53	   34.26	    3.50
04/27/1992	   45.53	   45.53	   27.77	    3.38
04/28/1992	   34.26	   13.66	   20.31	    3.27
04/29/1992	   27.77	   13.66	   16.90	    3.16
04/30/1992	   20.31	   13.66	   13.66	    3.05
05/01/1992	   16.90	   13.66	   10.47	    2.94
05/02/1992	   13.66	   13.66	    9.25	    2.84
05/03/1992	   10.47	    5.40	    7.78	    2.74
05/04/1992	    9.25	    5.40	    6.44	    2.65
05/05/1992	    7.78	    5.40	    5.40	    2.56
05/06/1992	    6.44	    5.40	    4.63	    2.47
05/07/1992	    5.40	    5.40	    3.95	    2.39
05/08/1992	    4.63	    2.46	    3.30	    2.30
05/09/1992	    3.95	    2.46	    2.85	    2.23
05/10/1992	    3.30	    2.46	    2.46	    2.15
05/11/1992	    2.85	    2.46	    1.93	    2.07
05/12/1992	    2.46	    2.46	    1.93	    2.00
05/13/1992	    1.93	    1.93	    1.93	    1.93
05/14/1992	    6.86	    1.93	    1.93	    2.10
05/15/1992	   13.03	    1.93	    1.93	    2.28
05/16/1992	   12.53	    1.93	    6.86	    2.47
05/17/1992	   15.96	    1.93	   11.30	    2.68
05/18/1992	   12.42	   10.86	   10.97	    2.90
05/19/1992	   11.30	   10.86	   10.86	    3.15
05/20/1992	   10.97	   10.86	   10.86	    3.41
05/21/1992	   10.86	   10.86	   10.72	    3.70
05/22/1992	   11.37	   10.86	    9.53	    4.02
05/23/1992	   10.72	    9.12	    9.44	    4.36
05/24/1992	    9.53	    9.12	    9.41	    4.72
05/25/1992	    9.44	    9.12	    9.12	    5.12
05/26/1992	    9.41	    9.12	    9.01	    5.56
05/27/1992	    9.12	    9.12	    8.73	    6.03
05/28/1992	    9.01	    8.34	    8.72	    6.54
05/29/1992	    8.73	    8.34	    8.34	    7.09
05/30/1992	    8.72	    8.34	    8.34	    7.69
05/31/1992	    8.34	    8.34	    8.34	    8.34
06/01/1992	    8.37	    8.34	    8.34	    8.37
06/02/1992	    8.41	    8.39	    8.34	    8.41
06/03/1992	    8.39	    8.39	    8.37	    8.39
06/04/1992	    8.82	    8.39	    8.39	    8.63
06/05/1992	    9.05	    8.39	    8.39	    8.71
06/06/1992	    9.19	    8.39	    8.82	    8.78
06/07/1992	    9.27	    8.93	    8.93	    8.86
06/08/1992	    8.93	    8.93	    8.93	    8.93
06/09/1992	    9.21	    8.93	    8.93	    8.06
06/10/1992	    9.03	    8.93	    8.93	    7.28
06/11/1992	    9.39	    8.93	    9.03	    6.57
06/12/1992	   10.86	   10.58	    9.03	    5.93
06/13/1992	   10.58	   10.58	    9.39	    5.35
06/14/1992	   11.62	   10.58	   10.58	    4.83
06/15/1992	   11.21	   10.58	    3.55	    4.35
06/16/1992	   17.72	   10.58	    3.55	    3.93
06/17/1992	    3.55	    3.55	    3.55	    3.55
06/18/1992	   17.28	    3.55	    3.55	    4.54
06/19/1992	   19.10	    3.55	    3.55	    5.82
06/20/1992	   17.30	    3.55	   12.24	    7.46
06/21/1992	   13.83	    3.55	   12.24	    9.56
06/22/1992	   12.24	   12.24	   12.24	   12.24
06/23/1992	   13.66	   12.24	   12.24	   12.28
06/24/1992	   14.26	   12.24	   12.24	   12.33
06/25/1992	   13.26	   12.24	   12.45	   12.37
06/26/1992	   12.85	   12.24	   12.45	   12.41
06/27/1992	   12.45	   12.45	   12.45	   12.45
06/28/1992	   12.78	   12.45	   12.45	   12.70
06/29/1992	   13.52	   12.45	   12.45	   12.96
06/30/1992	   13.59	   12.45	   12.78	   13.22
07/01/1992	   13.49	   12.45	   13.49	   13.49
07/02/1992	   14.95	   14.19	   13.49	   13.63
07/03/1992	   14.48	   14.19	   13.49	   13.77
07/04/1992	   15.33	   14.19	   14.19	   13.91
07/05/1992	   15.78	   14.19	   14.19	   14.05
07/06/1992	   14.19	   14.19	   14.19	   14.19
07/07/1992	   38.00	   14.90	   14.19	   14.33
07/08/1992	   52.00	   14.90	   14.19	   14.47
07/09/1992	   16.82	   14.90	   14.90	   14.61
07/10/1992	   15.80	   14.90	   14.90	   14.75
07/11/1992	   14.90	   14.90	   14.90	   14.90
07/12/1992	   23.55	   20.90	   14.90	   15.36
07/13/1992	  127.00	   20.90	   14.90	   15.84
07/14/1992	  142.00	   20.90	   20.90	   16.33
07/15/1992	   21.19	   20.90	   19.60	   16.84
07/16/1992	   20.90	   20.90	   18.46	   17.36
07/17/1992	   19.60	   18.46	   18.46	   17.90
07/18/1992	   18.46	   18.46	   18.46	   18.46
07/19/1992	   19.27	   18.46	   18.46	   18.75
07/20/1992	   19.80	   18.46	   18.46	   19.04
07/21/1992	   19.33	   18.46	   19.27	   19.33
07/22/1992	   21.29	   21.29	   19.33	   19.63
07/23/1992	   23.51	   21.29	   19.33	   19.93
07/24/1992	   23.21	   21.29	   21.29	   20.24
07/25/1992	   25.34	   21.29	   23.21	   20.55
07/26/1992	   28.26	   21.29	   22.39	   20.87
07/27/1992	   24.80	   21.85	   21.85	   21.19
07/28/1992	   22.39	   21.85	   21.85	   21.52
07/29/1992	   21.85	   21.85	   21.85	   21.85
07/30/1992	   79.00	   21.85	   21.85	   21.69
07/31/1992	   61.00	   21.85	   21.85	   21.53
08/01/1992	   24.70	   21.55	   22.19	   21.37
08/02/1992	   22.63	   21.55	   22.05	   21.22
08/03/1992	   22.19	   21.55	   21.55	   21.06
08/04/1992	   22.05	   21.55	   20.60	   20.91
08/05/1992	   21.55	   21.55	   20.60	   20.76
08/06/1992	   20.60	   20.60	   20.60	   20.60
08/07/1992	   38.00	   20.60	   20.60	   21.05
08/08/1992	   52.00	   20.60	   20.60	   21.50
08/09/1992	   21.97	   20.60	   21.97	   21.97
08/10/1992	   61.00	   20.60	   19.40	   21.12
08/11/1992	   23.21	   15.63	   17.95	   20.31
08/12/1992	   19.40	   15.63	   16.45	   19.40
08/13/1992	   17.95	   15.63	   15.63	   17.95
08/14/1992	   16.45	   15.63	   15.01	   16.45
08/15/1992	   15.63	   15.63	   14.97	   15.63
08/16/1992	   15.01	   14.15	   14.97	   15.01
08/17/1992	   14.97	   14.15	   14.73	   14.97
08/18/1992	   15.31	   14.15	   14.15	   15.31
08/19/1992	   14.73	   14.15	   13.64	   14.73
08/20/1992	   14.15	   14.15	   12.88	   14.15
08/21/1992	   13.64	   12.18	   12.52	   13.64
08/22/1992	   12.88	   12.18	   12.18	   12.88
08/23/1992	   12.52	   12.18	   12.18	   12.52
08/24/1992	   12.18	   12.18	   12.18	   12.18
08/25/1992	   12.59	   12.18	   12.18	   11.87
08/26/1992	   14.61	   10.59	   11.53	   11.56
08/27/1992	   12.65	   10.59	   11.20	   11.27
08/28/1992	   11.53	   10.59	   10.59	   10.98
08/29/1992	   11.20	   10.59	   10.16	   10.70
08/30/1992	   10.59	   10.59	    9.90	   10.43
08/31/1992	   10.16	    9.30	    9.90	   10.16
09/01/1992	    9.90	    9.30	    9.90	    9.90
09/02/1992	   10.54	    9.30	    9.30	    9.63
09/03/1992	   10.34	    9.30	    8.86	    9.37
09/04/1992	    9.30	    9.30	    8.86	    9.11
09/05/1992	    8.86	    8.86	    8.86	    8.86
09/06/1992	   29.87	    8.86	    8.86	   10.00
09/07/1992	   23.60	    8.86	    8.86	   11.29
09/08/1992	  187.43	    8.86	   23.60	   12.74
09/09/1992	  102.34	    8.86	   23.60	   14.37
09/10/1992	   77.25	   23.31	   27.96	   16.22
09/11/1992	   36.22	   23.31	   23.31	   18.30
09/12/1992	   27.96	   23.31	   23.31	   20.65
09/13/1992	   23.31	   23.31	   23.31	   23.31
09/14/1992	   55.62	   23.31	   23.31	   29.02
09/15/1992	   94.67	   44.43	   23.31	   36.12
09/16/1992	   44.97	   44.43	   44.97	   44.97
09/17/1992	   47.46	   44.43	   44.43	   40.72
09/18/1992	   70.00	   44.43	   40.61	   36.88
09/19/1992	   44.43	   44.43	   40.61	   33.39
09/20/1992	   40.61	   23.24	   34.22	   30.24
09/21/1992	   45.00	   23.24	   27.10	   27.38
09/22/1992	   34.22	   23.24	   23.24	   24.80
09/23/1992	   27.10	   23.24	   20.75	   22.46
09/24/1992	   23.24	   23.24	   19.59	   20.33
09/25/1992	   20.75	   12.69	   19.59	   18.41
09/26/1992	   19.59	   12.69	   16.06	   16.67
09/27/1992	   38.00	   12.69	   12.69	   15.10
09/28/1992	   16.06	   12.69	   11.21	   13.67
09/29/1992	   12.69	   12.69	   11.21	   12.38
09/30/1992	   11.21	   11.21	   11.21	   11.21
10/01/1992	   11.64	   11.21	   11.21	   11.17
10/02/1992	   11.98	   11.21	   11.21	   11.13
10/03/1992	   12.13	   11.21	   11.43	   11.09
10/04/1992	   11.85	   11.21	   11.08	   11.05
10/05/1992	   11.43	   10.92	   10.92	   11.00
10/06/1992	   11.08	   10.92	   10.92	   10.96
10/07/1992	   10.92	   10.92	   10.92	   10.92
10/08/1992	   11.89	   10.92	   10.92	   10.65
10/09/1992	   12.23	   10.92	   10.37	   10.38
10/10/1992	   11.13	    9.38	    9.72	   10.12
10/11/1992	   10.37	    9.38	    9.38	    9.87
10/12/1992	    9.72	    9.38	    9.38	    9.62
10/13/1992	    9.38	    9.38	    9.38	    9.38
10/14/1992	    9.41	    9.38	    9.38	    9.39
10/15/1992	    9.80	    9.41	    9.38	    9.39
10/16/1992	   10.26	    9.41	    9.41	    9.40
10/17/1992	    9.66	    9.41	    9.41	    9.40
10/18/1992	    9.48	    9.41	    9.41	    9.41
10/19/1992	    9.41	    9.41	    9.41	    9.41
10/20/1992	   10.45	    9.83	    9.41	    9.50
10/21/1992	   10.16	    9.83	    9.41	    9.58
10/22/1992	   10.09	    9.83	    9.83	    9.66
10/23/1992	   10.14	    9.83	    9.83	    9.75
10/24/1992	    9.83	    9.83	    9.83	    9.83
10/25/1992	    9.94	    9.58	    9.58	    9.75
10/26/1992	    9.90	    9.58	    9.58	    9.66
10/27/1992	    9.58	    9.58	    9.58	    9.58
10/28/1992	    9.67	    9.58	    9.58	    9.44
10/29/1992	    9.69	    9.58	    9.58	    9.30
10/30/1992	    9.70	    9.70	    9.67	    9.16
10/31/1992	    9.95	    9.70	    9.69	    9.03
11/01/1992	   16.16	    9.70	    9.70	    8.89
11/02/1992	   61.52	    9.70	    9.95	    8.76
11/03/1992	   19.75	    9.70	   10.76	    8.63
11/04/1992	   12.03	    9.23	   10.07	    8.51
11/05/1992	   10.76	    9.23	    9.46	    8.38
11/06/1992	   10.07	    9.23	    9.23	    8.26
11/07/1992	    9.46	    9.23	    9.23	    8.13
11/08/1992	    9.23	    9.23	    9.04	    8.01
11/09/1992	    9.26	    8.02	    8.58	    7.90
11/10/1992	    9.04	    8.02	    8.55	    7.78
11/11/1992	    8.58	    8.02	    8.02	    7.67
11/12/1992	    8.55	    8.02	    7.56	    7.55
11/13/1992	    8.02	    8.02	    7.22	    7.44
11/14/1992	    7.56	    7.12	    7.22	    7.33
11/15/1992	    7.22	    7.12	    7.22	    7.22
11/16/1992	    7.25	    7.12	    7.12	    7.19
11/17/1992	    7.41	    7.12	    7.12	    7.16
11/18/1992	    7.12	    7.12	    7.12	    7.12
11/19/1992	    8.05	    8.05	    7.12	    7.74
11/20/1992	  427.01	    8.05	    7.12	    8.40
11/21/1992	  858.28	    8.05	    8.05	    9.12
11/22/1992	  139.55	    8.05	  101.80	    9.91
11/23/1992	  143.78	    8.05	   89.27	   10.76
11/24/1992	  101.80	   63.92	   81.81	   11.69
11/25/1992	   89.27	   63.92	   71.47	   12.69
11/26/1992	   81.81	   63.92	   63.92	   13.78
11/27/1992	   71.47	   63.92	   55.77	   14.97
11/28/1992	   63.92	   63.92	   51.35	   16.25
11/29/1992	   55.77	   39.62	   48.42	   17.65
11/30/1992	   51.35	   39.62	   45.49	   19.17
12/01/1992	   48.42	   39.62	   39.62	   20.82
12/02/1992	   45.49	   39.62	   32.96	   22.61
12/03/1992	   39.62	   39.62	   28.95	   24.55
12/04/1992	   32.96	   28.58	   28.95	   26.66
12/05/1992	   28.95	   28.58	   28.95	   28.95
12/06/1992	   37.98	   28.58	   28.58	   27.57
12/07/1992	   30.50	   28.58	   26.78	   26.25
12/08/1992	   28.58	   28.58	   23.70	   25.00
12/09/1992	   26.78	   19.34	   22.21	   23.81
12/10/1992	   23.70	   19.34	   19.58	   22.67
12/11/1992	   22.21	   19.34	   19.34	   21.59
12/12/1992	   19.58	   19.34	   18.64	   19.58
12/13/1992	   19.34	   19.34	   18.64	   19.34
12/14/1992	   18.64	   18.64	   18.64	   18.64
12/15/1992	  139.37	   18.64	   18.64	   20.03
12/16/1992	  341.31	   18.64	   18.64	   21.52
12/17/1992	  107.59	   18.64	   75.19	   23.12
12/18/1992	   82.38	   18.64	   65.96	   24.84
12/19/1992	   75.19	   51.37	   57.81	   26.68
12/20/1992	   65.96	   51.37	   53.04	   28.67
12/21/1992	   57.81	   51.37	   51.37	   30.80
12/22/1992	   53.04	   51.37	   46.99	   33.09
12/23/1992	   51.37	   51.37	   45.51	   35.55
12/24/1992	   46.99	   44.08	   44.08	   38.19
12/25/1992	   45.51	   44.08	   44.08	   41.03
12/26/1992	   44.08	   44.08	   44.08	   44.08
12/27/1992	   45.21	   44.08	   44.08	   43.05
12/28/1992	   46.22	   44.08	   44.08	   42.03
12/29/1992	   44.76	   37.32	   44.20	   41.05
12/30/1992	   45.64	   37.32	   40.67	   40.08
12/31/1992	   44.20	   37.32	   37.32	   39.14
01/01/1993	   40.67	   37.32	   37.32	   38.22
01/02/1993	   37.32	   37.32	   37.32	   37.32
01/03/1993	   38.15	   31.81	   37.32	   35.89
01/04/1993	   58.35	   31.81	   32.84	   34.51
01/05/1993	   39.56	   31.81	   31.81	   33.19
01/06/1993	   32.84	   31.81	   29.10	   31.92
01/07/1993	   31.81	   31.81	   28.18	   30.69
01/08/1993	   29.10	   27.30	   27.30	   29.10
01/09/1993	   28.18	   27.30	   27.30	   28.18
01/10/1993	   27.30	   27.30	   27.30	   27.30
01/11/1993	   27.99	   27.30	   27.30	   26.44
01/12/1993	   28.62	   27.30	   26.85	   25.61
01/13/1993	   29.18	   23.11	   26.00	   24.80
01/14/1993	   26.85	   23.11	   23.86	   24.02
01/15/1993	   26.00	   23.11	   23.11	   23.26
01/16/1993	   23.86	   23.11	   21.14	   22.53
01/17/1993	   23.11	   23.11	   20.47	   21.82
01/18/1993	   21.14	   20.47	   20.47	   21.14
01/19/1993	   20.47	   20.47	   20.47	   20.47
01/20/1993	   23.33	   20.47	   20.47	   19.72
01/21/1993	   24.85	   20.47	   20.47	   18.99
01/22/1993	   26.26	   20.47	   19.53	   18.29
01/23/1993	   22.26	   16.53	   19.15	   17.62
01/24/1993	   19.53	   16.53	   17.82	   16.97
01/25/1993	   19.15	   16.53	   16.53	   16.34
01/26/1993	   17.82	   16.53	   15.28	   15.74
01/27/1993	   16.53	   16.53	   14.07	   15.16
01/28/1993	   15.28	   14.07	   14.07	   14.60
01/29/1993	   14.07	   14.07	   14.07	   14.07
01/30/1993	   14.73	   14.07	   14.07	   14.16
01/31/1993	   16.28	   14.07	   14.07	   14.26
02/01/1993	   19.54	   14.07	   14.57	   14.36
02/02/1993	   16.58	   14.57	   14.57	   14.46
02/03/1993	   14.57	   14.57	   14.57	   14.57
02/04/1993	   15.99	   14.57	   14.57	   14.01
02/05/1993	   17.36	   14.57	   13.55	   13.48
02/06/1993	   15.42	   14.57	   11.74	   12.96
02/07/1993	   13.55	   11.53	   11.53	   12.47
02/08/1993	   11.74	   11.53	   11.53	   11.74
02/09/1993	   11.53	   11.53	   11.53	   11.53
02/10/1993	   13.59	   11.53	   11.53	   11.13
02/11/1993	   14.09	   11.53	   10.73	   10.73
02/12/1993	   11.65	    9.48	   10.54	   10.35
02/13/1993	   10.73	    9.48	   10.35	    9.99
02/14/1993	   10.54	    9.48	    9.48	    9.63
02/15/1993	   10.35	    9.48	    8.65	    9.29
02/16/1993	    9.48	    9.48	    8.65	    8.96
02/17/1993	    8.65	    8.65	    8.65	    8.65
02/18/1993	    9.14	    8.65	    8.65	    8.49
02/19/1993	    9.62	    8.65	    8.65	    8.34
02/20/1993	    9.44	    8.65	    9.10	    8.18
02/21/1993	    9.27	    8.65	    8.34	    8.04
02/22/1993	    9.10	    7.33	    7.61	    7.89
02/23/1993	    8.34	    7.33	    7.47	    7.75
02/24/1993	    7.61	    7.33	    7.33	    7.61
02/25/1993	    7.47	    7.33	    7.20	    7.47
02/26/1993	    7.33	    7.33	    7.20	    7.33
02/27/1993	    7.20	    7.20	    7.20	    7.20
02/28/1993	    7.61	    7.20	    7.20	    7.61
03/01/1993	    9.08	    7.20	    7.20	    9.08
03/02/1993	   10.49	    7.20	    7.61	   10.49
03/03/1993	  532.96	    7.20	    9.08	  174.75
03/04/1993	 2955.98	 1910.56	   10.49	  387.85
03/05/1993	 2013.70	 1910.56	  532.96	  860.81
03/06/1993	 1910.56	 1910.56	 1910.56	 1910.56
03/07/1993	 4205.58	 1910.56	 1200.00	 1149.15
03/08/1993	 4537.41	 1910.56	  378.00	  691.18
03/09/1993	 1200.00	   40.19	  105.28	  415.73
03/10/1993	  378.00	   40.19	   52.65	  250.05
03/11/1993	  105.28	   40.19	   40.19	  105.28
03/12/1993	   52.65	   40.19	   32.73	   52.65
03/13/1993	   40.19	   40.19	   32.73	   40.19
03/14/1993	   32.73	   32.73	   32.73	   32.73
03/15/1993	   44.70	   32.73	   32.73	   40.81
03/16/1993	 4178.18	   32.73	   32.73	   50.88
03/17/1993	  223.90	   32.73	   44.70	   63.45
03/18/1993	  148.01	   32.73	   98.65	   79.12
03/19/1993	   98.65	   60.95	   98.65	   98.65
03/20/1993	  101.42	   60.95	   78.72	   87.46
03/21/1993	  103.15	   60.95	   60.95	   77.55
03/22/1993	   78.72	   60.95	   60.95	   68.75
03/23/1993	   60.95	   60.95	   60.95	   60.95
03/24/1993	  111.71	  111.71	   60.95	  101.25
03/25/1993	10399.77	  111.71	   60.95	  168.17
03/26/1993	 5914.71	  111.71	  111.71	  279.34
03/27/1993	 4915.51	  111.71	 1280.18	  464.00
03/28/1993	 1789.47	  111.71	 1280.18	  770.72
03/29/1993	 1280.18	  191.87	 1280.18	 1280.18
03/30/1993	10243.84	  191.87	  296.76	  937.82
03/31/1993	 4384.07	  191.87	  191.87	  687.01
04/01/1993	  296.76	  191.87	  158.44	  296.76
04/02/1993	  191.87	  191.87	  134.47	  191.87
04/03/1993	  158.44	  106.18	  116.33	  158.44
04/04/1993	  134.47	  106.18	  106.18	  134.47
04/05/1993	  116.33	  106.18	  106.18	  116.33
04/06/1993	  106.18	  106.18	  106.18	  106.18
04/07/1993	  109.06	  106.18	  106.18	  100.15
04/08/1993	  319.00	   81.66	   97.74	   94.47
04/09/1993	  216.00	   81.66	   97.74	   89.11
04/10/1993	   97.74	   81.66	   81.66	   84.05
04/11/1993	  200.00	   81.66	   70.54	   79.28
04/12/1993	   81.66	   81.66	   70.54	   74.78
04/13/1993	   70.54	   70.54	   70.54	   70.54
04/14/1993	  164.00	   70.54	   70.54	   70.43
04/15/1993	  367.00	   70.54	   70.54	   70.32
04/16/1993	  378.00	   70.54	   70.00	   70.22
04/17/1993	  282.00	   70.54	   70.00	   70.11
04/18/1993	   70.00	   70.00	   70.00	   70.00
04/19/1993	  328.00	   70.00	   70.00	   61.85
04/20/1993	 1040.00	   70.00	   70.00	   54.65
04/21/1993	  398.00	   70.00	   42.85	   48.28
04/22/1993	  112.00	   70.00	   37.20	   42.66
04/23/1993	   42.85	   26.00	   30.86	   37.69
04/24/1993	   37.20	   26.00	   26.00	   33.31
04/25/1993	   30.86	   26.00	   26.00	   29.43
04/26/1993	   26.00	   26.00	   26.00	   26.00
04/27/1993	   26.17	   26.00	   26.00	   25.46
04/28/1993	  200.00	   23.92	   23.92	   24.94
04/29/1993	   26.32	   23.92	   23.92	   24.42
04/30/1993	   23.92	   23.92	   23.92	   23.92
05/01/1993	  310.00	   23.92	   23.92	   24.50
05/02/1993	   89.06	   23.92	   23.92	   25.10
05/03/1993	 2717.08	   87.35	   89.06	   25.71
05/04/1993	  161.46	   87.35	   87.35	   26.34
05/05/1993	  110.54	   87.35	   87.35	   26.98
05/06/1993	   87.35	   87.35	   85.78	   27.64
05/07/1993	  378.00	   87.35	   73.33	   28.31
05/08/1993	   85.78	   68.63	   70.18	   29.00
05/09/1993	   73.33	   68.63	   70.18	   29.71
05/10/1993	   70.18	   68.63	   68.63	   30.43
05/11/1993	  257.00	   68.63	   59.11	   31.17
05/12/1993	   68.63	   68.63	   59.11	   31.93
05/13/1993	   59.11	   47.88	   56.54	   32.71
05/14/1993	   59.42	   47.88	   50.59	   33.51
05/15/1993	   56.54	   47.88	   47.88	   34.33
05/16/1993	   50.59	   47.88	   47.88	   35.16
05/17/1993	   47.88	   47.88	   45.85	   36.02
05/18/1993	   49.71	   40.63	   44.30	   36.90
05/19/1993	   45.85	   40.63	   41.13	   37.80
05/20/1993	   44.30	   40.63	   40.63	   38.72
05/21/1993	   41.13	   40.63	   40.63	   39.66
05/22/1993	   40.63	   40.63	   40.63	   40.63
05/23/1993	   55.66	   35.18	   38.51	   39.19
05/24/1993	  215.00	   35.18	   35.18	   37.81
05/25/1993	   38.51	   35.18	   35.18	   36.47
05/26/1993	   35.18	   35.18	   35.18	   35.18
05/27/1993	   39.73	   35.18	   34.58	   34.98
05/28/1993	   37.13	   33.73	   34.58	   34.78
05/29/1993	   34.58	   33.73	   34.58	   34.58
05/30/1993	   47.53	   33.73	   33.73	   34.29
05/31/1993	   40.50	   33.73	   33.73	   34.01
06/01/1993	   33.73	   33.73	   33.73	   33.73
06/02/1993	   88.00	   33.62	   33.73	   33.71
06/03/1993	  118.00	   33.62	   33.73	   33.69
06/04/1993	   38.05	   33.62	   33.62	   33.66
06/05/1993	   37.50	   33.62	   33.62	   33.64
06/06/1993	   33.62	   33.62	   33.62	   33.62
06/07/1993	  692.10	  104.35	   33.62	   35.97
06/08/1993	  561.22	  104.35	   33.62	   38.49
06/09/1993	  219.96	  104.35	  104.35	   41.19
06/10/1993	  142.51	  104.35	   76.06	   44.08
06/11/1993	  104.35	  104.35	   64.91	   47.17
06/12/1993	   76.06	   61.85	   64.91	   50.48
06/13/1993	   64.91	   61.85	   61.85	   54.02
06/14/1993	  168.30	   61.85	   61.85	   57.80
06/15/1993	   61.85	   61.85	   61.85	   61.85
06/16/1993	   77.05	   61.85	   61.85	   62.57
06/17/1993	  910.07	   95.08	   61.85	   63.29
06/18/1993	 1975.35	   95.08	   77.05	   64.03
06/19/1993	  161.96	   95.08	   95.08	   64.77
06/20/1993	  131.70	   95.08	   73.18	   65.52
06/21/1993	   95.08	   95.08	   67.81	   66.27
06/22/1993	   73.18	   66.27	   67.81	   67.04
06/23/1993	   67.81	   66.27	   67.81	   67.81
06/24/1993	   70.48	   66.27	   66.27	   67.30
06/25/1993	   84.12	   66.27	   66.27	   66.78
06/26/1993	   66.27	   66.27	   66.27	   66.27
06/27/1993	   68.66	   68.66	   66.27	   68.66
06/28/1993	  671.96	   68.66	   66.27	   78.12
06/29/1993	  126.73	   68.66	   68.66	   84.82
06/30/1993	 4493.65	   68.66	  126.73	   92.09
07/01/1993	  171.34	   68.66	  126.73	   99.98
07/02/1993	  160.47	  127.95	  127.95	  108.55
07/03/1993	  138.19	  127.95	  127.95	  117.85
07/04/1993	  127.95	  127.95	  127.95	  127.95
07/05/1993	 2108.75	  127.95	  127.95	  140.73
07/06/1993	 1092.51	  127.95	  127.95	  154.78
07/07/1993	  228.73	  187.23	  187.23	  170.23
07/08/1993	  187.23	  187.23	  187.23	  187.23
07/09/1993	24741.39	  187.23	  187.23	  170.61
07/10/1993	18308.05	  187.23	  187.23	  155.47
07/11/1993	 5515.91	  187.23	  214.87	  141.67
07/12/1993	  318.57	   89.01	  157.55	  129.10
07/13/1993	  214.87	   89.01	  114.30	  117.64
07/14/1993	  157.55	   89.01	   89.01	  107.20
07/15/1993	  114.30	   89.01	   89.01	   97.68
07/16/1993	   89.01	   89.01	   89.01	   89.01
07/17/1993	 1666.03	  110.98	   89.01	   88.49
07/18/1993	  299.58	  110.98	   89.01	   87.98
07/19/1993	  151.41	  110.98	  110.98	   87.47
07/20/1993	  119.93	  110.98	  102.53	   86.96
07/21/1993	  110.98	  110.98	   97.82	   86.45
07/22/1993	  102.53	   83.96	   94.60	   85.95
07/23/1993	   97.82	   83.96	   94.60	   85.45
07/24/1993	   94.60	   83.96	   83.96	   84.95
07/25/1993	  110.24	   83.96	   83.96	   84.45
07/26/1993	   83.96	   83.96	   83.96	   83.96
07/27/1993	   86.44	   66.39	   71.67	   79.18
07/28/1993	   84.93	   66.39	   66.39	   74.66
07/29/1993	   71.67	   66.39	   66.39	   70.41
07/30/1993	   66.39	   66.39	   66.39	   66.39
07/31/1993	  229.00	   66.39	   62.41	   65.38
08/01/1993	  179.00	   61.49	   61.73	   64.39
08/02/1993	   62.41	   61.49	   61.49	   62.41
08/03/1993	   61.73	   61.49	   61.49	   61.73
08/04/1993	   61.49	   61.49	   61.49	   61.49
08/05/1993	   65.65	   61.49	   61.49	   63.89
08/06/1993	  154.00	   71.38	   61.49	   66.38
08/07/1993	   71.38	   71.38	   65.65	   68.98
08/08/1993	   72.54	   71.38	   71.38	   71.67
08/09/1993	  131.00	   71.38	   71.38	   74.46
08/10/1993	   85.92	   71.38	   72.54	   77.37
08/11/1993	   80.39	   80.39	   80.39	   80.39
08/12/1993	   87.53	   80.39	   80.39	   81.48
08/13/1993	   85.86	   80.39	   80.39	   82.58
08/14/1993	  468.86	   80.39	   85.86	   83.70
08/15/1993	 1043.67	   80.39	   85.86	   84.83
08/16/1993	  144.44	   87.14	   87.14	   85.98
08/17/1993	   87.14	   87.14	   87.14	   87.14
08/18/1993	 1059.37	   87.14	   87.14	   95.43
08/19/1993	  265.51	   87.14	   87.14	  104.52
08/20/1993	  138.67	   87.14	  125.36	  114.46
08/21/1993	  125.36	  105.50	  125.36	  125.36
08/22/1993	  127.41	  105.50	  118.55	  119.85
08/23/1993	  270.00	  105.50	  105.50	  114.59
08/24/1993	  118.55	  105.50	  101.50	  109.56
08/25/1993	  105.50	  105.50	   96.70	  104.75
08/26/1993	  101.50	   91.55	   91.55	  100.15
08/27/1993	   96.70	   91.55	   91.55	   95.75
08/28/1993	   91.55	   91.55	   91.55	   91.55
08/29/1993	  262.00	   91.55	   91.55	   90.21
08/30/1993	  108.11	   91.55	   86.33	   88.90
08/31/1993	   93.60	   82.80	   86.33	   87.60
09/01/1993	   86.33	   82.80	   86.33	   86.33
09/02/1993	   90.05	   82.80	   82.80	   85.14
09/03/1993	   87.10	   82.80	   82.80	   83.96
09/04/1993	   82.80	   82.80	   82.80	   82.80
09/05/1993	   83.76	   80.39	   80.39	   81.99
09/06/1993	   83.76	   80.39	   80.39	   81.18
09/07/1993	   80.39	   80.39	   80.39	   80.39
09/08/1993	   84.98	   80.39	   79.21	   79.65
09/09/1993	   84.28	   80.39	   77.48	   78.92
09/10/1993	   79.21	   77.48	   77.48	   78.20
09/11/1993	   77.48	   77.48	   77.48	   77.48
09/12/1993	   82.06	   77.48	   77.48	   77.51
09/13/1993	   95.61	   77.48	   77.48	   77.53
09/14/1993	  148.00	   77.48	   81.65	   77.56
09/15/1993	   88.96	   77.67	   80.99	   77.59
09/16/1993	   81.65	   77.67	   77.67	   77.62
09/17/1993	   80.99	   77.67	   77.67	   77.65
09/18/1993	   77.67	   77.67	   77.67	   77.67
09/19/1993	   81.83	   77.67	   77.67	   76.94
09/20/1993	   91.00	   73.35	   77.67	   76.21
09/21/1993	   87.27	   73.35	   78.28	   75.48
09/22/1993	   83.69	   73.35	   73.35	   74.76
09/23/1993	   78.28	   73.35	   73.35	   74.05
09/24/1993	   73.35	   73.35	   73.35	   73.35
09/25/1993	   81.58	   68.53	   73.35	   69.21
09/26/1993	   89.46	   68.53	   73.35	   65.31
09/27/1993	   80.78	   68.53	   68.53	   61.63
09/28/1993	   74.19	   68.53	   68.53	   58.15
09/29/1993	   68.53	   68.53	   51.45	   54.87
09/30/1993	   68.95	   40.14	   44.42	   51.78
10/01/1993	   51.45	   40.14	   42.49	   48.86
10/02/1993	   44.42	   40.14	   40.14	   44.42
10/03/1993	   42.49	   40.14	   35.70	   42.49
10/04/1993	   40.14	   40.14	   35.70	   40.14
10/05/1993	   35.70	   32.07	   34.68	   35.70
10/06/1993	   39.42	   32.07	   32.07	   36.55
10/07/1993	   34.68	   32.07	   32.07	   34.49
10/08/1993	   32.07	   32.07	   27.59	   32.07
10/09/1993	   35.90	   32.07	   26.16	   30.70
10/10/1993	   27.59	   24.34	   25.64	   27.59
10/11/1993	   26.16	   24.34	   24.34	   26.16
10/12/1993	   25.64	   24.34	   24.34	   25.64
10/13/1993	   24.34	   24.34	   24.34	   24.34
10/14/1993	   25.08	   24.34	   24.34	   23.66
10/15/1993	   25.75	   21.93	   23.87	   22.99
10/16/1993	   26.97	   21.93	   22.42	   22.34
10/17/1993	   23.87	   21.93	   21.93	   21.71
10/18/1993	   22.42	   21.93	   21.64	   21.10
10/19/1993	   21.93	   21.93	   21.64	   20.51
10/20/1993	   21.64	   18.97	   19.00	   19.93
10/21/1993	   21.91	   18.97	   19.00	   19.37
10/22/1993	   19.00	   18.97	   18.97	   18.82
10/23/1993	   19.35	   18.97	   18.67	   18.29
10/24/1993	   18.97	   18.97	   17.85	   17.78
10/25/1993	   18.67	   15.91	   17.02	   17.28
10/26/1993	   17.85	   15.91	   17.02	   16.79
10/27/1993	   17.02	   15.91	   15.91	   16.32
10/28/1993	   17.42	   15.91	   14.73	   15.86
10/29/1993	   15.91	   15.91	   14.34	   15.41
10/30/1993	   14.73	   14.14	   14.14	   14.73
10/31/1993	   14.34	   14.14	   14.14	   14.34
11/01/1993	   14.14	   14.14	   14.14	   14.14
11/02/1993	   14.19	   14.14	   14.14	   13.99
11/03/1993	   14.27	   14.14	   14.14	   13.84
11/04/1993	   14.83	   13.40	   13.40	   13.69
11/05/1993	   14.49	   13.40	   13.40	   13.55
11/06/1993	   13.40	   13.40	   13.40	   13.40
11/07/1993	   13.46	   13.40	   13.40	   13.44
11/08/1993	   14.11	   13.40	   13.40	   13.47
11/09/1993	   13.85	   13.85	   13.46	   13.50
11/10/1993	   14.17	   13.85	   13.85	   13.54
11/11/1993	   14.69	   13.85	   13.85	   13.57
11/12/1993	   14.89	   13.85	   14.17	   13.60
11/13/1993	   17.63	   13.85	   14.69	   13.64
11/14/1993	   15.05	   14.54	   14.73	   13.67
11/15/1993	   15.30	   14.54	   14.73	   13.71
11/16/1993	   14.73	   14.54	   14.54	   13.74
11/17/1993	   14.78	   14.54	   14.54	   13.78
11/18/1993	   14.54	   14.54	   13.88	   13.81
11/19/1993	   15.10	   13.88	   13.88	   13.84
11/20/1993	   13.88	   13.88	   13.88	   13.88
11/21/1993	   14.90	   13.88	   13.88	   13.81
11/22/1993	   14.45	   13.88	   13.88	   13.74
11/23/1993	   14.66	   13.88	   14.45	   13.67
11/24/1993	   14.61	   14.61	   14.45	   13.60
11/25/1993	   16.55	   14.61	   14.61	   13.53
11/26/1993	   16.51	   14.61	   14.61	   13.46
11/27/1993	   14.66	   14.61	   14.16	   13.39
11/28/1993	   14.77	   14.61	   13.19	   13.32
11/29/1993	   14.16	   13.19	   13.19	   13.26
11/30/1993	   13.19	   13.19	   13.19	   13.19
12/01/1993	   13.78	   13.19	   13.19	   13.38
12/02/1993	   15.08	   13.19	   13.19	   13.57
12/03/1993	   14.40	   13.19	   13.78	   13.76
12/04/1993	   15.34	   14.56	   14.40	   13.96
12/05/1993	   15.53	   14.56	   14.40	   14.16
12/06/1993	   16.21	   14.56	   14.56	   14.36
12/07/1993	   14.56	   14.56	   14.56	   14.56
12/08/1993	   14.86	   14.56	   14.56	   14.15
12/09/1993	   14.93	   12.98	   12.98	   13.75
12/10/1993	   14.73	   12.98	   12.98	   13.36
12/11/1993	   12.98	   12.98	   12.98	   12.98
12/12/1993	   13.46	   12.98	   12.98	   13.12
12/13/1993	   13.94	   12.98	   12.98	   13.27
12/14/1993	   14.83	   13.71	   13.46	   13.41
12/15/1993	   14.79	   13.71	   13.71	   13.56
12/16/1993	   13.71	   13.71	   13.71	   13.71
12/17/1993	   14.84	   13.71	   13.71	   13.47
12/18/1993	   15.00	   13.71	   13.71	   13.23
12/19/1993	   14.13	   12.53	   13.18	   12.99
12/20/1993	   14.07	   12.53	   13.14	   12.76
12/21/1993	   13.18	   12.53	   12.53	   12.53
12/22/1993	   13.14	   12.53	   12.10	   12.31
12/23/1993	   12.53	   12.53	   11.66	   12.09
12/24/1993	   12.10	   10.80	   11.66	   11.88
12/25/1993	   11.66	   10.80	   11.66	   11.66
12/26/1993	   11.66	   10.80	   10.80	   11.37
12/27/1993	   11.66	   10.80	   10.80	   11.08
12/28/1993	   10.80	   10.80	   10.80	   10.80
12/29/1993	   10.80	   10.80	   10.80	   10.80
12/30/1993	   10.80	   10.80	   10.80	   10.80
12/31/1993	   11.23	   10.80	   10.80	   10.81
01/01/1994	   12.10	   10.80	   10.80	   10.82
01/02/1994	   12.10	   10.80	   11.23	   10.83
01/03/1994	   11.66	   10.86	   10.86	   10.84
01/04/1994	   11.24	   10.86	   10.86	   10.85
01/05/1994	   10.86	   10.86	   10.86	   10.86
01/06/1994	   10.92	   10.86	   10.86	   10.78
01/07/1994	   10.98	   10.86	   10.86	   10.70
01/08/1994	   11.03	   11.03	   10.92	   10.62
01/09/1994	   11.98	   11.03	   10.98	   10.54
01/10/1994	   12.49	   11.03	   11.03	   10.46
01/11/1994	   12.56	   11.03	   11.33	   10.39
01/12/1994	   12.18	   11.03	   10.94	   10.31
01/13/1994	   11.33	   10.08	   10.08	   10.23
01/14/1994	   10.94	   10.08	   10.08	   10.16
01/15/1994	   10.08	   10.08	   10.08	   10.08
01/16/1994	   10.14	   10.08	   10.08	   10.05
01/17/1994	   10.19	   10.08	   10.08	   10.02
01/18/1994	   10.24	   10.24	   10.14	    9.99
01/19/1994	   10.30	   10.24	   10.19	    9.96
01/20/1994	   10.35	   10.24	   10.24	    9.93
01/21/1994	   10.41	   10.24	   10.30	    9.90
01/22/1994	   10.94	   10.24	   10.35	    9.87
01/23/1994	   11.00	   11.00	   10.41	    9.84
01/24/1994	   11.06	   11.00	   10.94	    9.81
01/25/1994	   11.12	   11.00	   11.00	    9.78
01/26/1994	   11.16	   11.00	   11.05	    9.75
01/27/1994	   11.11	   11.00	   10.98	    9.72
01/28/1994	   11.05	   10.32	   10.92	    9.69
01/29/1994	   10.98	   10.32	   10.38	    9.66
01/30/1994	   10.92	   10.32	   10.32	    9.63
01/31/1994	   10.38	   10.32	   10.26	    9.60
02/01/1994	   10.32	   10.32	   10.20	    9.57
02/02/1994	   10.26	   10.02	   10.14	    9.55
02/03/1994	   10.20	   10.02	   10.08	    9.52
02/04/1994	   10.14	   10.02	   10.02	    9.49
02/05/1994	   10.08	   10.02	    9.96	    9.46
02/06/1994	   10.02	   10.02	    9.90	    9.43
02/07/1994	    9.96	    9.29	    9.85	    9.40
02/08/1994	    9.90	    9.29	    9.34	    9.37
02/09/1994	    9.85	    9.29	    9.29	    9.34
02/10/1994	    9.34	    9.29	    9.29	    9.32
02/11/1994	    9.29	    9.29	    9.29	    9.29
02/12/1994	    9.67	    9.56	    9.29	    9.38
02/13/1994	    9.62	    9.56	    9.29	    9.47
02/14/1994	    9.56	    9.56	    9.56	    9.56
02/15/1994	    9.94	    9.56	    9.56	    9.94
02/16/1994	   10.37	    9.56	    9.56	   10.37
02/17/1994	   10.80	   10.80	    9.94	   10.80
02/18/1994	   14.94	   10.80	   10.37	   11.50
02/19/1994	13230.15	   10.80	   10.80	   12.05
02/20/1994	 2307.74	   10.80	   14.94	   12.62
02/21/1994	  196.16	   10.80	   92.11	   13.22
02/22/1994	  123.94	   45.87	   69.82	   13.84
02/23/1994	   92.11	   45.87	   56.63	   14.50
02/24/1994	   69.82	   45.87	   45.87	   15.19
02/25/1994	   56.63	   45.87	   37.09	   15.91
02/26/1994	   45.87	   45.87	   31.24	   16.66
02/27/1994	   37.09	   21.00	   26.31	   17.45
02/28/1994	   31.24	   21.00	   23.08	   18.28
03/01/1994	   26.31	   21.00	   21.00	   19.14
03/02/1994	   23.08	   21.00	   21.00	   20.05
03/03/1994	   21.00	   21.00	   21.00	   21.00
03/04/1994	 5856.30	   19.92	   21.00	   20.48
03/05/1994	 1953.28	   19.92	   21.00	   19.97
03/06/1994	  138.00	   19.92	   19.92	   19.47
03/07/1994	   41.00	   19.92	   18.60	   18.99
03/08/1994	   19.92	   19.92	   18.17	   18.52
03/09/1994	   18.60	   17.17	   17.17	   18.05
03/10/1994	   18.17	   17.17	   17.17	   17.61
03/11/1994	   17.17	   17.17	   17.17	   17.17
03/12/1994	   18.27	   17.17	   17.17	   16.10
03/13/1994	   18.46	   17.17	   17.17	   15.10
03/14/1994	   19.11	   14.60	   16.74	   14.17
03/15/1994	   19.40	   14.60	   15.43	   13.29
03/16/1994	   16.74	   14.60	   14.60	   12.46
03/17/1994	   15.43	   14.60	   13.10	   11.69
03/18/1994	   14.60	   14.60	   12.60	   10.96
03/19/1994	   13.10	   10.57	   12.60	   10.28
03/20/1994	   12.60	   10.57	   11.43	    9.64
03/21/1994	   13.29	   10.57	   10.57	    9.04
03/22/1994	   11.43	   10.57	    9.08	    8.48
03/23/1994	   10.57	   10.57	    7.96	    7.96
03/24/1994	    9.08	    6.49	    7.56	    7.46
03/25/1994	    7.96	    6.49	    7.27	    7.00
03/26/1994	    7.56	    6.49	    6.49	    6.56
03/27/1994	    7.27	    6.49	    5.85	    6.16
03/28/1994	    6.49	    6.49	    5.28	    5.77
03/29/1994	    5.85	    4.42	    4.94	    5.42
03/30/1994	    5.28	    4.42	    4.63	    5.08
03/31/1994	    4.94	    4.42	    4.42	    4.76
04/01/1994	    4.63	    4.42	    4.25	    4.47
04/02/1994	    4.42	    4.42	    4.13	    4.19
04/03/1994	    4.25	    3.20	    4.05	    3.93
04/04/1994	    4.13	    3.20	    3.55	    3.69
04/05/1994	    4.05	    3.20	    3.20	    3.46
04/06/1994	    3.55	    3.20	    3.02	    3.24
04/07/1994	    3.20	    3.20	    2.94	    3.04
04/08/1994	    3.02	    2.35	    2.55	    2.85
04/09/1994	    2.94	    2.35	    2.35	    2.68
04/10/1994	    2.55	    2.35	    2.35	    2.51
04/11/1994	    2.35	    2.35	    2.35	    2.35
04/12/1994	    3.27	    2.35	    2.35	    2.46
04/13/1994	    4.02	    4.02	    2.35	    2.57
04/14/1994	    4.22	    4.02	    3.27	    2.69
04/15/1994	    5.94	    4.02	    4.02	    2.81
04/16/1994	    5.65	    4.02	    4.22	    2.94
04/17/1994	    5.90	    4.02	    5.65	    3.08
04/18/1994	    7.06	    7.06	    5.65	    3.22
04/19/1994	    7.91	    7.06	    5.90	    3.37
04/20/1994	    8.92	    7.06	    7.06	    3.52
04/21/1994	   10.42	    7.06	    7.91	    3.68
04/22/1994	   12.54	    7.06	    8.92	    3.85
04/23/1994	   15.10	   15.10	   10.42	    4.02
04/24/1994	   18.43	   15.10	   12.54	    4.21
04/25/1994	   21.31	   15.10	   15.10	    4.40
04/26/1994	   32.00	   15.10	   18.43	    4.60
04/27/1994	   35.91	   15.10	   21.31	    4.81
04/28/1994	   37.20	   31.06	   32.00	    5.03
04/29/1994	   35.66	   31.06	   35.40	    5.26
04/30/1994	   35.40	   31.06	   31.06	    5.50
05/01/1994	   37.44	   31.06	   28.68	    5.75
05/02/1994	   31.06	   31.06	   26.11	    6.02
05/03/1994	   28.68	   23.82	   25.00	    6.29
05/04/1994	   26.11	   23.82	   23.82	    6.58
05/05/1994	   25.00	   23.82	   23.82	    6.88
05/06/1994	   23.82	   23.82	   23.14	    7.20
05/07/1994	   25.41	   23.82	   19.34	    7.52
05/08/1994	   23.14	   15.88	   17.48	    7.87
05/09/1994	   19.34	   15.88	   16.85	    8.23
05/10/1994	   17.48	   15.88	   15.88	    8.60
05/11/1994	   16.85	   15.88	   15.65	    9.00
05/12/1994	   15.88	   15.88	   15.09	    9.41
05/13/1994	   15.65	   12.78	   15.09	    9.84
05/14/1994	   15.09	   12.78	   13.37	   10.29
05/15/1994	   15.23	   12.78	   12.78	   10.76
05/16/1994	   13.37	   12.78	   12.30	   11.25
05/17/1994	   12.78	   12.78	   12.30	   11.76
05/18/1994	   12.30	   12.30	   12.30	   12.30
05/19/1994	   12.84	   12.30	   12.30	   12.78
05/20/1994	   13.63	   12.30	   12.30	   13.27
05/21/1994	   13.98	   12.30	   12.84	   13.79
05/22/1994	   13.78	   12.30	   13.63	   13.78
05/23/1994	   21.42	   18.38	   13.78	   14.88
05/24/1994	   21.99	   18.38	   13.78	   15.46
05/25/1994	   20.03	   18.38	   18.38	   16.06
05/26/1994	   22.11	   18.38	   18.00	   16.68
05/27/1994	   18.38	   18.38	   18.00	   17.32
05/28/1994	   18.00	   18.00	   18.00	   18.00
05/29/1994	   18.65	   18.00	   18.00	   18.21
05/30/1994	   19.30	   18.00	   18.00	   18.43
05/31/1994	   18.87	   18.00	   18.65	   18.64
06/01/1994	   18.86	   18.00	   18.86	   18.86
06/02/1994	   19.43	   19.39	   18.86	   19.41
06/03/1994	   19.39	   19.39	   18.86	   19.39
06/04/1994	   20.28	   19.39	   19.39	   20.28
06/05/1994	   21.07	   19.39	   19.39	   21.07
06/06/1994	   22.01	   19.39	   20.28	   21.74
06/07/1994	   24.38	   23.67	   21.07	   22.37
06/08/1994	   24.37	   23.67	   22.01	   23.01
06/09/1994	   23.67	   23.67	   23.67	   23.67
06/10/1994	   25.05	   23.67	   23.67	   23.72
06/11/1994	   28.18	   23.67	   23.67	   23.77
06/12/1994	   26.73	   25.98	   25.05	   23.81
06/13/1994	   33.68	   25.98	   26.73	   23.86
06/14/1994	   29.44	   25.98	   25.98	   23.91
06/15/1994	   27.46	   25.98	   24.97	   23.95
06/16/1994	   25.98	   25.98	   24.10	   24.00
06/17/1994	   24.97	   24.10	   24.10	   24.05
06/18/1994	   24.10	   24.10	   24.10	   24.10
06/19/1994	   24.42	   24.10	   24.10	   24.42
06/20/1994	   96.87	   24.10	   24.10	   25.32
06/21/1994	   31.01	   24.10	   24.42	   25.95
06/22/1994	   26.60	   26.20	   26.60	   26.60
06/23/1994	 1570.72	   26.20	   26.60	   26.50
06/24/1994	  629.77	   26.20	   26.20	   26.40
06/25/1994	   31.25	   26.20	   26.20	   26.30
06/26/1994	   26.20	   26.20	   26.20	   26.20
06/27/1994	   35.89	   35.89	   26.20	   27.81
06/28/1994	   46.66	   35.89	   26.20	   29.52
06/29/1994	   45.20	   35.89	   35.89	   31.33
06/30/1994	   44.98	   35.89	   40.71	   33.25
07/01/1994	   44.54	   35.89	   39.75	   35.29
07/02/1994	   40.71	   32.73	   39.75	   37.46
07/03/1994	   39.75	   32.73	   39.75	   39.75
07/04/1994	  679.42	   32.73	   32.73	   37.26
07/05/1994	  231.78	   32.73	   32.73	   34.92
07/06/1994	   32.73	   32.73	   32.73	   32.73
07/07/1994	   33.87	   30.21	   32.73	   32.23
07/08/1994	  116.00	   30.21	   32.25	   31.74
07/09/1994	   37.66	   30.21	   30.21	   31.25
07/10/1994	   32.25	   30.21	   29.84	   30.78
07/11/1994	   30.21	   30.21	   29.84	   30.21
07/12/1994	   29.84	   29.54	   29.84	   29.84
07/13/1994	   31.10	   29.54	   29.84	   28.52
07/14/1994	  312.19	   29.54	   29.54	   27.25
07/15/1994	   35.40	   29.54	   29.51	   26.05
07/16/1994	   29.54	   29.54	   26.89	   24.89
07/17/1994	   29.51	   19.13	   25.95	   23.79
07/18/1994	   26.89	   19.13	   25.95	   22.73
07/19/1994	   25.95	   19.13	   19.13	   21.73
07/20/1994	  786.69	   19.13	   18.69	   20.76
07/21/1994	   19.13	   19.13	   16.29	   19.13
07/22/1994	   18.69	   14.00	   15.75	   18.69
07/23/1994	   16.29	   14.00	   14.58	   16.29
07/24/1994	   15.75	   14.00	   14.00	   15.75
07/25/1994	   14.58	   14.00	   13.41	   14.58
07/26/1994	   14.00	   14.00	   13.06	   14.00
07/27/1994	   13.41	   12.18	   12.71	   13.41
07/28/1994	   13.06	   12.18	   12.69	   13.06
07/29/1994	   12.71	   12.18	   12.18	   12.71
07/30/1994	   12.69	   12.18	   12.05	   12.69
07/31/1994	   12.18	   12.18	   12.05	   12.18
08/01/1994	   12.05	   11.32	   12.05	   12.05
08/02/1994	   12.53	   11.32	   12.05	   11.87
08/03/1994	   25.00	   11.32	   11.32	   11.69
08/04/1994	   29.00	   11.32	   10.82	   11.51
08/05/1994	   11.32	   11.32	   10.82	   11.32
08/06/1994	   10.82	   10.66	   10.82	   10.82
08/07/1994	   10.82	   10.66	   10.66	   10.82
08/08/1994	   10.84	   10.66	   10.66	   10.82
08/09/1994	   10.66	   10.66	   10.66	   10.66
08/10/1994	   34.00	   10.66	   10.66	   11.66
08/11/1994	   29.00	   13.97	   10.66	   12.77
08/12/1994	   13.97	   13.97	   13.97	   13.97
08/13/1994	   14.59	   13.97	   13.97	   14.05
08/14/1994	   14.59	   13.97	   13.97	   14.14
08/15/1994	   14.22	   13.97	   14.22	   14.22
08/16/1994	   14.56	   14.56	   14.22	   14.56
08/17/1994	   15.47	   14.56	   14.22	   15.44
08/18/1994	   31.00	   14.56	   14.56	   16.09
08/19/1994	   29.00	   14.56	   15.47	   16.76
08/20/1994	   36.00	   14.56	   21.73	   17.47
08/21/1994	   22.06	   21.45	   21.71	   18.20
08/22/1994	   21.73	   21.45	   21.51	   18.96
08/23/1994	   21.71	   21.45	   21.45	   19.76
08/24/1994	   21.51	   21.45	   21.45	   20.59
08/25/1994	   21.45	   21.45	   21.45	   21.45
08/26/1994	   24.88	   20.56	   21.45	   21.04
08/27/1994	   22.09	   20.56	   20.79	   20.63
08/28/1994	   21.77	   20.56	   20.56	   20.23
08/29/1994	   20.79	   20.56	   20.38	   19.84
08/30/1994	   20.56	   20.56	   18.52	   19.45
08/31/1994	   20.38	   18.34	   18.34	   19.08
09/01/1994	   18.52	   18.34	   18.34	   18.52
09/02/1994	   18.34	   18.34	   18.34	   18.34
09/03/1994	   31.00	   18.34	   18.34	   18.44
09/04/1994	   20.43	   18.34	   18.34	   18.53
09/05/1994	   19.79	   18.82	   18.82	   18.63
09/06/1994	   19.52	   18.82	   18.82	   18.73
09/07/1994	   18.82	   18.82	   18.82	   18.82
09/08/1994	   19.70	   18.82	   18.11	   18.30
09/09/1994	   19.40	   18.82	   16.76	   17.80
09/10/1994	   18.11	   15.91	   16.27	   17.31
09/11/1994	   16.76	   15.91	   15.91	   16.76
09/12/1994	   16.27	   15.91	   15.91	   16.27
09/13/1994	   15.91	   15.91	   15.91	   15.91
09/14/1994	   16.03	   15.91	   15.91	   15.69
09/15/1994	   16.40	   14.53	   15.53	   15.48
09/16/1994	   16.60	   14.53	   14.69	   15.26
09/17/1994	   15.53	   14.53	   14.53	   15.06
09/18/1994	   14.69	   14.53	   14.45	   14.69
09/19/1994	   14.53	   14.53	   14.45	   14.53
09/20/1994	   14.45	   14.45	   14.45	   14.45
09/21/1994	   14.60	   14.45	   14.45	   14.45
09/22/1994	   16.93	   14.45	   14.45	   14.45
09/23/1994	   17.59	   14.45	   14.60	   14.45
09/24/1994	   21.44	   14.45	   16.93	   14.45
09/25/1994	   91.00	   18.09	   17.59	   14.45
09/26/1994	   47.00	   18.09	   18.96	   14.45
09/27/1994	   20.20	   18.09	   18.09	   14.45
09/28/1994	   18.96	   18.09	   18.09	   14.45
09/29/1994	   18.09	   18.09	   18.09	   14.45
09/30/1994	   18.23	   18.23	   18.09	   14.45
