date	solids_tot	solids_storm	QGW_slide	QGW_locmin
10/01/1990	    0.09	    0.09	    0.09	    0.09
10/02/1990	    0.09	    0.09	    0.09	    0.09
10/03/1990	    0.13	    0.09	    0.09	    0.11
10/04/1990	    0.13	    0.09	    0.09	    0.11
10/05/1990	    0.12	    0.09	    0.11	    0.11
10/06/1990	    0.12	    0.11	    0.11	    0.11
10/07/1990	    0.11	    0.11	    0.11	    0.11
10/08/1990	    0.12	    0.11	    0.11	    0.12
10/09/1990	    0.13	    0.11	    0.11	    0.12
10/10/1990	    0.14	    0.11	    0.12	    0.12
10/11/1990	    0.15	    0.15	    0.13	    0.13
10/12/1990	    0.15	    0.15	    0.14	    0.13
10/13/1990	    0.16	    0.15	    0.15	    0.13
10/14/1990	    0.17	    0.15	    0.15	    0.13
10/15/1990	    0.16	    0.15	    0.16	    0.14
10/16/1990	    0.17	    0.17	    0.16	    0.14
10/17/1990	    0.17	    0.17	    0.16	    0.14
10/18/1990	    0.21	    0.17	    0.17	    0.15
10/19/1990	    0.19	    0.17	    0.17	    0.15
10/20/1990	    0.21	    0.17	    0.19	    0.15
10/21/1990	    0.26	    0.17	    0.18	    0.16
10/22/1990	    0.20	    0.17	    0.18	    0.16
10/23/1990	    0.18	    0.17	    0.17	    0.16
10/24/1990	    0.18	    0.17	    0.17	    0.17
10/25/1990	    0.17	    0.17	    0.17	    0.17
10/26/1990	    0.17	    0.17	    0.17	    0.17
10/27/1990	    0.18	    0.17	    0.17	    0.17
10/28/1990	    0.17	    0.17	    0.17	    0.17
10/29/1990	    0.18	    0.17	    0.17	    0.17
10/30/1990	    0.19	    0.17	    0.17	    0.17
10/31/1990	    0.19	    0.19	    0.18	    0.17
11/01/1990	    0.19	    0.19	    0.19	    0.17
11/02/1990	    0.21	    0.19	    0.19	    0.17
11/03/1990	    0.23	    0.19	    0.19	    0.17
11/04/1990	    0.23	    0.19	    0.19	    0.17
11/05/1990	    0.21	    0.17	    0.18	    0.17
11/06/1990	    0.19	    0.17	    0.17	    0.17
11/07/1990	    0.18	    0.17	    0.17	    0.17
11/08/1990	    0.17	    0.17	    0.17	    0.17
11/09/1990	    0.19	    0.17	    0.17	    0.17
11/10/1990	    0.19	    0.16	    0.16	    0.16
11/11/1990	    0.17	    0.16	    0.16	    0.16
11/12/1990	    0.16	    0.16	    0.16	    0.16
11/13/1990	    0.17	    0.16	    0.16	    0.16
11/14/1990	    0.17	    0.16	    0.16	    0.16
11/15/1990	    0.18	    0.16	    0.16	    0.16
11/16/1990	    0.18	    0.16	    0.16	    0.16
11/17/1990	    0.16	    0.16	    0.16	    0.16
11/18/1990	    0.17	    0.16	    0.16	    0.16
11/19/1990	    0.17	    0.16	    0.16	    0.17
11/20/1990	    0.17	    0.16	    0.17	    0.17
11/21/1990	    0.23	    0.16	    0.17	    0.16
11/22/1990	    0.20	    0.16	    0.16	    0.16
11/23/1990	    0.18	    0.16	    0.16	    0.16
11/24/1990	    0.16	    0.16	    0.15	    0.16
11/25/1990	    0.16	    0.15	    0.15	    0.15
11/26/1990	    0.15	    0.15	    0.15	    0.15
11/27/1990	    0.19	    0.15	    0.15	    0.15
11/28/1990	    0.17	    0.15	    0.15	    0.15
11/29/1990	    0.15	    0.15	    0.15	    0.15
11/30/1990	    0.15	    0.10	    0.14	    0.13
12/01/1990	    0.15	    0.10	    0.13	    0.12
12/02/1990	    0.14	    0.10	    0.10	    0.12
12/03/1990	    0.13	    0.10	    0.10	    0.11
12/04/1990	    0.10	    0.10	    0.10	    0.10
12/05/1990	    0.12	    0.12	    0.10	    0.10
12/06/1990	    0.13	    0.12	    0.10	    0.11
12/07/1990	    0.13	    0.12	    0.12	    0.11
12/08/1990	    0.13	    0.12	    0.13	    0.11
12/09/1990	    0.14	    0.12	    0.13	    0.12
12/10/1990	    0.14	    0.14	    0.13	    0.12
12/11/1990	    0.14	    0.14	    0.14	    0.12
12/12/1990	    0.14	    0.14	    0.14	    0.13
12/13/1990	    0.14	    0.14	    0.14	    0.13
12/14/1990	    0.14	    0.14	    0.14	    0.14
12/15/1990	    0.15	    0.15	    0.14	    0.14
12/16/1990	    0.15	    0.15	    0.14	    0.14
12/17/1990	    0.15	    0.15	    0.15	    0.14
12/18/1990	    0.16	    0.15	    0.15	    0.14
12/19/1990	    0.16	    0.15	    0.15	    0.14
12/20/1990	    0.16	    0.14	    0.14	    0.14
12/21/1990	    0.15	    0.14	    0.14	    0.14
12/22/1990	    0.14	    0.14	    0.14	    0.14
12/23/1990	    0.15	    0.14	    0.14	    0.14
12/24/1990	    0.14	    0.14	    0.14	    0.14
12/25/1990	    0.14	    0.14	    0.14	    0.14
12/26/1990	    0.14	    0.14	    0.14	    0.14
12/27/1990	    0.16	    0.14	    0.14	    0.14
12/28/1990	    0.20	    0.14	    0.14	    0.15
12/29/1990	    0.17	    0.14	    0.16	    0.15
12/30/1990	    0.16	    0.16	    0.16	    0.16
12/31/1990	    0.16	    0.16	    0.16	    0.16
01/01/1991	    0.16	    0.16	    0.16	    0.16
01/02/1991	    0.17	    0.16	    0.16	    0.16
01/03/1991	    0.17	    0.16	    0.16	    0.16
01/04/1991	    0.17	    0.17	    0.17	    0.16
01/05/1991	    0.17	    0.17	    0.17	    0.16
01/06/1991	    0.17	    0.17	    0.17	    0.17
01/07/1991	    0.17	    0.17	    0.17	    0.17
01/08/1991	    0.17	    0.17	    0.17	    0.17
01/09/1991	    0.17	    0.17	    0.17	    0.17
01/10/1991	    0.17	    0.17	    0.17	    0.17
01/11/1991	    0.17	    0.17	    0.17	    0.17
01/12/1991	    0.17	    0.17	    0.17	    0.17
01/13/1991	    0.17	    0.17	    0.17	    0.17
01/14/1991	    0.18	    0.18	    0.17	    0.17
01/15/1991	    0.18	    0.18	    0.17	    0.17
01/16/1991	    0.18	    0.18	    0.18	    0.17
01/17/1991	    0.18	    0.18	    0.18	    0.17
01/18/1991	    0.18	    0.18	    0.18	    0.18
01/19/1991	    0.18	    0.16	    0.17	    0.17
01/20/1991	    0.18	    0.16	    0.17	    0.17
01/21/1991	    0.17	    0.16	    0.16	    0.17
01/22/1991	    0.17	    0.16	    0.16	    0.17
01/23/1991	    0.16	    0.16	    0.16	    0.16
01/24/1991	    0.16	    0.16	    0.16	    0.16
01/25/1991	    0.16	    0.16	    0.16	    0.16
01/26/1991	    0.16	    0.16	    0.16	    0.16
01/27/1991	    0.17	    0.16	    0.16	    0.17
01/28/1991	    0.18	    0.16	    0.16	    0.17
01/29/1991	    0.19	    0.18	    0.17	    0.17
01/30/1991	    0.18	    0.18	    0.18	    0.17
01/31/1991	    0.18	    0.18	    0.18	    0.18
02/01/1991	    0.19	    0.18	    0.18	    0.18
02/02/1991	    0.19	    0.18	    0.18	    0.18
02/03/1991	    0.20	    0.18	    0.19	    0.18
02/04/1991	    0.20	    0.18	    0.19	    0.18
02/05/1991	    0.20	    0.18	    0.18	    0.18
02/06/1991	    0.19	    0.18	    0.18	    0.18
02/07/1991	    0.18	    0.18	    0.18	    0.18
02/08/1991	    0.21	    0.21	    0.18	    0.18
02/09/1991	    0.23	    0.21	    0.18	    0.19
02/10/1991	    0.23	    0.21	    0.21	    0.19
02/11/1991	    0.22	    0.21	    0.21	    0.19
02/12/1991	    0.21	    0.21	    0.20	    0.19
02/13/1991	    0.21	    0.19	    0.20	    0.19
02/14/1991	    0.20	    0.19	    0.19	    0.19
02/15/1991	    0.20	    0.19	    0.19	    0.19
02/16/1991	    0.19	    0.19	    0.19	    0.19
02/17/1991	    0.20	    0.19	    0.19	    0.20
02/18/1991	    0.22	    0.22	    0.19	    0.21
02/19/1991	    0.23	    0.22	    0.20	    0.21
02/20/1991	    0.25	    0.22	    0.22	    0.22
02/21/1991	    0.27	    0.22	    0.23	    0.22
02/22/1991	    0.34	    0.22	    0.25	    0.23
02/23/1991	    0.31	    0.26	    0.26	    0.24
02/24/1991	    0.28	    0.26	    0.26	    0.25
02/25/1991	    0.26	    0.26	    0.26	    0.25
02/26/1991	    0.26	    0.26	    0.26	    0.26
02/27/1991	    0.26	    0.26	    0.26	    0.26
02/28/1991	    0.26	    0.26	    0.26	    0.26
03/01/1991	    0.62	    0.26	    0.26	    0.31
03/02/1991	    3.13	    0.26	    0.26	    0.33
03/03/1991	    1.27	    0.26	    0.62	    0.36
03/04/1991	    0.96	    0.26	    0.78	    0.38
03/05/1991	    0.78	    0.59	    0.64	    0.40
03/06/1991	    0.92	    0.59	    0.59	    0.43
03/07/1991	    0.64	    0.59	    0.59	    0.46
03/08/1991	    0.59	    0.59	    0.55	    0.49
03/09/1991	    0.64	    0.59	    0.55	    0.52
03/10/1991	    0.55	    0.40	    0.55	    0.55
03/11/1991	    0.64	    0.40	    0.40	    0.49
03/12/1991	    0.68	    0.40	    0.40	    0.44
03/13/1991	    0.40	    0.40	    0.40	    0.40
03/14/1991	    0.62	    0.40	    0.40	    0.43
03/15/1991	    0.67	    0.67	    0.40	    0.46
03/16/1991	    0.73	    0.67	    0.62	    0.49
03/17/1991	    1.01	    0.67	    0.67	    0.53
03/18/1991	    2.09	    0.67	    0.73	    0.57
03/19/1991	    1.84	    0.67	    1.01	    0.61
03/20/1991	    1.58	    1.28	    1.45	    0.66
03/21/1991	    1.58	    1.28	    1.45	    0.71
03/22/1991	    1.45	    1.28	    1.28	    0.76
03/23/1991	    2.30	    1.28	    1.06	    0.82
03/24/1991	    1.28	    1.28	    1.02	    0.88
03/25/1991	    1.06	    1.02	    1.02	    0.95
03/26/1991	    1.02	    1.02	    1.02	    1.02
03/27/1991	    4.11	    1.02	    1.02	    0.99
03/28/1991	    1.63	    1.02	    1.02	    0.97
03/29/1991	    1.23	    1.02	    1.07	    0.95
03/30/1991	    1.09	    0.87	    0.98	    0.93
03/31/1991	    1.07	    0.87	    0.89	    0.91
04/01/1991	    0.98	    0.87	    0.87	    0.89
04/02/1991	    0.89	    0.87	    0.87	    0.87
04/03/1991	    0.87	    0.87	    0.85	    0.85
04/04/1991	    0.88	    0.78	    0.82	    0.83
04/05/1991	    0.85	    0.78	    0.78	    0.81
04/06/1991	    0.82	    0.78	    0.78	    0.80
04/07/1991	    0.78	    0.78	    0.78	    0.78
04/08/1991	    0.80	    0.78	    0.78	    0.80
04/09/1991	    1.93	    0.97	    0.78	    0.87
04/10/1991	    1.21	    0.97	    0.80	    0.92
04/11/1991	    0.97	    0.97	    0.97	    0.97
04/12/1991	   82.92	    0.97	    0.97	    0.93
04/13/1991	   16.51	    0.97	    0.97	    0.89
04/14/1991	    5.66	    1.44	    1.93	    0.86
04/15/1991	    2.95	    1.44	    1.62	    0.82
04/16/1991	    1.93	    1.44	    1.44	    0.79
04/17/1991	    1.62	    1.44	    1.42	    0.76
04/18/1991	    1.44	    1.44	    1.23	    0.73
04/19/1991	    1.42	    0.96	    1.04	    0.70
04/20/1991	    1.23	    0.96	    0.96	    0.67
04/21/1991	    1.04	    0.96	    0.96	    0.64
04/22/1991	    0.96	    0.96	    0.88	    0.61
04/23/1991	    1.01	    0.96	    0.73	    0.59
04/24/1991	    0.88	    0.61	    0.67	    0.57
04/25/1991	    0.73	    0.61	    0.67	    0.54
04/26/1991	    0.67	    0.61	    0.61	    0.52
04/27/1991	    0.73	    0.61	    0.61	    0.50
04/28/1991	    0.61	    0.61	    0.56	    0.48
04/29/1991	    0.61	    0.39	    0.47	    0.46
04/30/1991	    0.56	    0.39	    0.42	    0.44
05/01/1991	    0.47	    0.39	    0.39	    0.42
05/02/1991	    0.42	    0.39	    0.37	    0.41
05/03/1991	    0.39	    0.39	    0.37	    0.39
05/04/1991	    0.37	    0.30	    0.37	    0.37
05/05/1991	    0.47	    0.30	    0.34	    0.35
05/06/1991	    0.45	    0.30	    0.30	    0.33
05/07/1991	    0.34	    0.30	    0.28	    0.31
05/08/1991	    0.30	    0.30	    0.26	    0.30
05/09/1991	    0.28	    0.26	    0.26	    0.28
05/10/1991	    0.26	    0.26	    0.26	    0.26
05/11/1991	    0.27	    0.26	    0.26	    0.27
05/12/1991	    0.28	    0.26	    0.26	    0.28
05/13/1991	    0.62	    0.26	    0.27	    0.32
05/14/1991	    0.42	    0.36	    0.28	    0.33
05/15/1991	    0.36	    0.36	    0.36	    0.36
05/16/1991	    0.36	    0.36	    0.36	    0.36
05/17/1991	    0.36	    0.36	    0.36	    0.36
05/18/1991	    0.43	    0.36	    0.36	    0.36
05/19/1991	    0.40	    0.37	    0.36	    0.37
05/20/1991	    0.37	    0.37	    0.37	    0.37
05/21/1991	    0.40	    0.37	    0.37	    0.39
05/22/1991	    0.49	    0.37	    0.37	    0.41
05/23/1991	    0.43	    0.37	    0.40	    0.43
05/24/1991	    0.44	    0.44	    0.43	    0.44
05/25/1991	    0.45	    0.44	    0.43	    0.45
05/26/1991	    1.19	    0.44	    0.44	    0.51
05/27/1991	    0.70	    0.44	    0.45	    0.53
05/28/1991	    0.62	    0.44	    0.59	    0.56
05/29/1991	    0.59	    0.59	    0.59	    0.59
05/30/1991	    0.75	    0.59	    0.59	    0.55
05/31/1991	    0.88	    0.59	    0.59	    0.50
06/01/1991	    1.03	    0.59	    0.75	    0.47
06/02/1991	    0.89	    0.59	    0.78	    0.43
06/03/1991	    0.85	    0.41	    0.62	    0.40
06/04/1991	    0.78	    0.41	    0.50	    0.36
06/05/1991	    0.62	    0.41	    0.41	    0.34
06/06/1991	    0.50	    0.41	    0.34	    0.31
06/07/1991	    0.41	    0.41	    0.28	    0.29
06/08/1991	    0.34	    0.18	    0.27	    0.26
06/09/1991	    0.28	    0.18	    0.24	    0.24
06/10/1991	    0.27	    0.18	    0.18	    0.22
06/11/1991	    0.24	    0.18	    0.17	    0.21
06/12/1991	    0.18	    0.18	    0.17	    0.18
06/13/1991	    0.17	    0.17	    0.17	    0.17
06/14/1991	    0.31	    0.17	    0.17	    0.20
06/15/1991	   10.42	    0.17	    0.17	    0.22
06/16/1991	    0.65	    0.17	    0.31	    0.25
06/17/1991	    0.47	    0.17	    0.42	    0.29
06/18/1991	    0.44	    0.42	    0.42	    0.32
06/19/1991	    0.42	    0.42	    0.42	    0.37
06/20/1991	    0.42	    0.42	    0.42	    0.42
06/21/1991	    1.23	    0.42	    0.42	    0.43
06/22/1991	    0.68	    0.42	    0.42	    0.44
06/23/1991	    0.48	    0.46	    0.46	    0.45
06/24/1991	    0.46	    0.46	    0.46	    0.46
06/25/1991	    0.47	    0.46	    0.46	    0.47
06/26/1991	    0.50	    0.46	    0.46	    0.47
06/27/1991	    0.52	    0.46	    0.47	    0.48
06/28/1991	    0.51	    0.51	    0.50	    0.49
06/29/1991	    0.51	    0.51	    0.51	    0.49
06/30/1991	    0.52	    0.51	    0.51	    0.50
07/01/1991	    0.52	    0.51	    0.51	    0.50
07/02/1991	    0.51	    0.51	    0.51	    0.51
07/03/1991	    0.51	    0.51	    0.51	    0.51
07/04/1991	    0.51	    0.51	    0.51	    0.51
07/05/1991	    0.53	    0.51	    0.51	    0.51
07/06/1991	    0.52	    0.51	    0.51	    0.51
07/07/1991	    0.70	    0.51	    0.52	    0.50
07/08/1991	    0.61	    0.50	    0.52	    0.50
07/09/1991	    0.53	    0.50	    0.50	    0.50
07/10/1991	    0.52	    0.50	    0.50	    0.50
07/11/1991	    0.50	    0.50	    0.50	    0.50
07/12/1991	    0.64	    0.50	    0.46	    0.48
07/13/1991	    0.53	    0.41	    0.43	    0.47
07/14/1991	    0.46	    0.41	    0.42	    0.46
07/15/1991	    0.43	    0.41	    0.41	    0.43
07/16/1991	    0.42	    0.41	    0.40	    0.42
07/17/1991	    0.41	    0.41	    0.40	    0.41
07/18/1991	    0.40	    0.39	    0.40	    0.40
07/19/1991	    0.40	    0.39	    0.39	    0.40
07/20/1991	    0.40	    0.39	    0.39	    0.39
07/21/1991	    0.39	    0.39	    0.36	    0.38
07/22/1991	    0.39	    0.39	    0.35	    0.37
07/23/1991	    0.36	    0.35	    0.35	    0.36
07/24/1991	    0.35	    0.35	    0.35	    0.35
07/25/1991	    0.36	    0.35	    0.35	    0.36
07/26/1991	    0.36	    0.35	    0.35	    0.36
07/27/1991	    0.36	    0.35	    0.36	    0.36
07/28/1991	    0.42	    0.42	    0.36	    0.39
07/29/1991	    0.47	    0.42	    0.36	    0.40
07/30/1991	    0.43	    0.42	    0.42	    0.41
07/31/1991	    0.42	    0.42	    0.42	    0.42
08/01/1991	    0.42	    0.42	    0.42	    0.42
08/02/1991	    0.43	    0.43	    0.42	    0.42
08/03/1991	    0.44	    0.43	    0.42	    0.43
08/04/1991	    0.53	    0.43	    0.43	    0.43
08/05/1991	    0.43	    0.43	    0.43	    0.43
08/06/1991	    0.43	    0.43	    0.43	    0.43
08/07/1991	    0.97	    0.97	    0.43	    0.42
08/08/1991	  202.42	    0.97	    0.43	    0.41
08/09/1991	    5.18	    0.97	    0.97	    0.40
08/10/1991	    2.02	    0.97	    1.28	    0.39
08/11/1991	    1.57	    0.97	    1.08	    0.38
08/12/1991	    1.28	    0.68	    0.92	    0.37
08/13/1991	    1.08	    0.68	    0.79	    0.36
08/14/1991	    0.92	    0.68	    0.68	    0.35
08/15/1991	    0.79	    0.68	    0.68	    0.34
08/16/1991	    0.68	    0.68	    0.51	    0.34
08/17/1991	    0.68	    0.31	    0.41	    0.33
08/18/1991	    0.51	    0.31	    0.34	    0.32
08/19/1991	    0.41	    0.31	    0.31	    0.31
08/20/1991	    0.34	    0.31	    0.26	    0.30
08/21/1991	    0.31	    0.31	    0.25	    0.30
08/22/1991	    0.26	    0.25	    0.25	    0.26
08/23/1991	    0.25	    0.25	    0.25	    0.25
08/24/1991	    0.25	    0.25	    0.25	    0.25
08/25/1991	    0.25	    0.25	    0.25	    0.25
08/26/1991	    0.25	    0.25	    0.24	    0.25
08/27/1991	    0.25	    0.24	    0.24	    0.25
08/28/1991	    0.24	    0.24	    0.24	    0.24
08/29/1991	    0.24	    0.24	    0.24	    0.24
08/30/1991	    0.25	    0.24	    0.24	    0.24
08/31/1991	    0.25	    0.24	    0.24	    0.24
09/01/1991	    0.24	    0.24	    0.24	    0.24
09/02/1991	    0.24	    0.24	    0.24	    0.24
09/03/1991	    0.32	    0.24	    0.24	    0.24
09/04/1991	    0.30	    0.24	    0.24	    0.24
09/05/1991	    0.25	    0.24	    0.24	    0.24
09/06/1991	    0.25	    0.24	    0.24	    0.24
09/07/1991	    0.24	    0.24	    0.24	    0.24
09/08/1991	    0.32	    0.24	    0.24	    0.24
09/09/1991	    0.34	    0.24	    0.24	    0.24
09/10/1991	    0.27	    0.24	    0.24	    0.24
09/11/1991	    0.24	    0.24	    0.24	    0.24
09/12/1991	    0.28	    0.24	    0.24	    0.23
09/13/1991	    0.27	    0.24	    0.24	    0.22
09/14/1991	    0.31	    0.24	    0.24	    0.22
09/15/1991	    0.30	    0.24	    0.20	    0.21
09/16/1991	    0.24	    0.17	    0.20	    0.20
09/17/1991	    0.20	    0.17	    0.18	    0.19
09/18/1991	    0.20	    0.17	    0.17	    0.19
09/19/1991	    0.18	    0.17	    0.16	    0.18
09/20/1991	    0.17	    0.17	    0.16	    0.17
09/21/1991	    0.16	    0.15	    0.15	    0.16
09/22/1991	    0.16	    0.15	    0.15	    0.16
09/23/1991	    0.15	    0.15	    0.15	    0.15
09/24/1991	    0.15	    0.15	    0.14	    0.15
09/25/1991	    0.15	    0.15	    0.13	    0.14
09/26/1991	    0.14	    0.12	    0.12	    0.14
09/27/1991	    0.13	    0.12	    0.12	    0.13
09/28/1991	    0.12	    0.12	    0.12	    0.12
09/29/1991	    0.12	    0.12	    0.11	    0.12
09/30/1991	    0.12	    0.12	    0.11	    0.12
10/01/1991	    0.11	    0.11	    0.11	    0.11
10/02/1991	    0.12	    0.11	    0.11	    0.12
10/03/1991	    0.12	    0.11	    0.11	    0.12
10/04/1991	    0.71	    0.11	    0.12	    0.13
10/05/1991	    1.50	    0.11	    0.12	    0.13
10/06/1991	    0.16	    0.14	    0.14	    0.14
10/07/1991	    0.14	    0.14	    0.14	    0.14
10/08/1991	    0.15	    0.14	    0.14	    0.14
10/09/1991	    0.15	    0.14	    0.14	    0.14
10/10/1991	    0.14	    0.14	    0.14	    0.14
10/11/1991	    0.15	    0.15	    0.14	    0.14
10/12/1991	    0.15	    0.15	    0.14	    0.15
10/13/1991	    0.15	    0.15	    0.15	    0.15
10/14/1991	    0.16	    0.15	    0.15	    0.15
10/15/1991	    0.16	    0.15	    0.15	    0.15
10/16/1991	    0.16	    0.16	    0.16	    0.16
10/17/1991	    0.17	    0.16	    0.16	    0.16
10/18/1991	    0.17	    0.16	    0.16	    0.16
10/19/1991	    0.17	    0.16	    0.17	    0.17
10/20/1991	    0.18	    0.16	    0.17	    0.17
10/21/1991	    0.19	    0.19	    0.17	    0.17
10/22/1991	    0.19	    0.19	    0.18	    0.17
10/23/1991	    0.20	    0.19	    0.19	    0.18
10/24/1991	    1.44	    0.19	    0.19	    0.18
10/25/1991	    3.91	    0.19	    0.20	    0.18
10/26/1991	    3.47	    0.27	    0.57	    0.19
10/27/1991	    1.84	    0.27	    0.47	    0.19
10/28/1991	    0.57	    0.27	    0.27	    0.19
10/29/1991	    0.47	    0.27	    0.20	    0.20
10/30/1991	    0.27	    0.27	    0.20	    0.20
10/31/1991	    0.20	    0.20	    0.20	    0.20
11/01/1991	   57.00	    0.20	    0.20	    0.22
11/02/1991	    7.64	    0.20	    0.20	    0.24
11/03/1991	    2.47	    0.20	    0.58	    0.27
11/04/1991	    1.22	    0.20	    0.46	    0.30
11/05/1991	    0.58	    0.43	    0.46	    0.32
11/06/1991	    0.46	    0.43	    0.43	    0.36
11/07/1991	    0.46	    0.43	    0.43	    0.39
11/08/1991	    0.43	    0.43	    0.43	    0.43
11/09/1991	    0.43	    0.43	    0.43	    0.43
11/10/1991	    0.47	    0.47	    0.43	    0.44
11/11/1991	    0.47	    0.47	    0.43	    0.46
11/12/1991	    0.48	    0.47	    0.47	    0.47
11/13/1991	    0.52	    0.47	    0.47	    0.49
11/14/1991	    0.59	    0.47	    0.48	    0.50
11/15/1991	    2.20	    0.55	    0.52	    0.52
11/16/1991	    0.56	    0.55	    0.55	    0.53
11/17/1991	    0.55	    0.55	    0.55	    0.55
11/18/1991	   19.00	    0.55	    0.55	    0.55
11/19/1991	    0.75	    0.55	    0.55	    0.56
11/20/1991	    0.65	    0.58	    0.58	    0.57
11/21/1991	    0.59	    0.58	    0.58	    0.58
11/22/1991	    0.58	    0.58	    0.58	    0.58
11/23/1991	    0.76	    0.58	    0.58	    0.58
11/24/1991	    0.67	    0.58	    0.58	    0.58
11/25/1991	    0.65	    0.57	    0.57	    0.57
11/26/1991	    0.59	    0.57	    0.57	    0.57
11/27/1991	    0.57	    0.57	    0.57	    0.57
11/28/1991	    0.58	    0.57	    0.57	    0.58
11/29/1991	    1.53	    0.57	    0.57	    0.61
11/30/1991	   31.01	    0.90	    0.58	    0.63
12/01/1991	    4.95	    0.90	    1.06	    0.65
12/02/1991	    1.40	    0.90	    0.90	    0.67
12/03/1991	    1.06	    0.90	    0.83	    0.70
12/04/1991	    0.90	    0.90	    0.77	    0.72
12/05/1991	    0.83	    0.66	    0.77	    0.74
12/06/1991	    0.77	    0.66	    0.77	    0.77
12/07/1991	    0.77	    0.66	    0.66	    0.74
12/08/1991	    0.77	    0.66	    0.63	    0.71
12/09/1991	    0.66	    0.66	    0.62	    0.66
12/10/1991	    0.63	    0.62	    0.62	    0.63
12/11/1991	    0.62	    0.62	    0.62	    0.62
12/12/1991	    1.37	    0.62	    0.62	    0.63
12/13/1991	    1.00	    0.62	    0.62	    0.64
12/14/1991	    0.73	    0.62	    0.73	    0.66
12/15/1991	    0.73	    0.69	    0.69	    0.67
12/16/1991	    0.73	    0.69	    0.69	    0.68
12/17/1991	    0.69	    0.69	    0.69	    0.69
12/18/1991	    0.72	    0.69	    0.69	    0.72
12/19/1991	    0.71	    0.69	    0.69	    0.71
12/20/1991	    0.74	    0.73	    0.71	    0.74
12/21/1991	    0.73	    0.73	    0.71	    0.73
12/22/1991	    0.76	    0.73	    0.73	    0.76
12/23/1991	    0.79	    0.73	    0.73	    0.79
12/24/1991	    0.78	    0.73	    0.76	    0.78
12/25/1991	    0.81	    0.81	    0.78	    0.81
12/26/1991	    0.84	    0.81	    0.78	    0.84
12/27/1991	    0.88	    0.81	    0.81	    0.88
12/28/1991	    0.92	    0.81	    0.84	    0.92
12/29/1991	    1.00	    0.81	    0.88	    1.00
12/30/1991	    1.00	    1.00	    0.92	    1.00
12/31/1991	    1.02	    1.00	    1.00	    1.02
01/01/1992	    1.07	    1.00	    1.00	    1.07
01/02/1992	    1.16	    1.00	    1.02	    1.16
01/03/1992	    1.27	    1.00	    1.07	    1.27
01/04/1992	    1.36	    1.36	    1.16	    1.36
01/05/1992	    1.39	    1.36	    1.27	    1.39
01/06/1992	    1.47	    1.36	    1.36	    1.47
01/07/1992	    1.56	    1.36	    1.39	    1.56
01/08/1992	   32.95	    1.36	    1.47	    1.92
01/09/1992	   30.02	    2.20	    1.56	    2.01
01/10/1992	    2.24	    2.20	    2.20	    2.10
01/11/1992	    2.20	    2.20	    2.20	    2.20
01/12/1992	    4.98	    2.20	    1.88	    2.11
01/13/1992	    3.44	    2.20	    1.81	    2.03
01/14/1992	    1.88	    1.67	    1.74	    1.88
01/15/1992	    1.81	    1.67	    1.67	    1.81
01/16/1992	    1.74	    1.67	    1.67	    1.74
01/17/1992	    1.67	    1.67	    1.60	    1.67
01/18/1992	    1.67	    1.67	    1.60	    1.66
01/19/1992	    1.60	    1.60	    1.60	    1.60
01/20/1992	    1.61	    1.60	    1.60	    1.61
01/21/1992	    1.77	    1.60	    1.60	    1.70
01/22/1992	   75.05	    1.60	    1.61	    1.76
01/23/1992	  100.66	    1.60	    1.77	    1.82
01/24/1992	    2.59	    1.93	    1.93	    1.87
01/25/1992	    1.93	    1.93	    1.93	    1.93
01/26/1992	    1.95	    1.93	    1.93	    1.81
01/27/1992	    2.06	    1.93	    1.93	    1.70
01/28/1992	    2.04	    1.93	    1.95	    1.59
01/29/1992	    2.13	    2.13	    2.04	    1.49
01/30/1992	    2.22	    2.13	    2.04	    1.39
01/31/1992	    2.49	    2.13	    2.13	    1.31
02/01/1992	    2.79	    2.13	    2.22	    1.22
02/02/1992	    3.60	    2.13	    2.49	    1.14
02/03/1992	  126.12	    1.27	    2.23	    1.07
02/04/1992	   29.89	    1.27	    1.52	    1.00
02/05/1992	    2.23	    1.27	    1.27	    0.94
02/06/1992	    1.52	    1.27	    1.07	    0.88
02/07/1992	    1.27	    1.27	    0.92	    0.83
02/08/1992	    1.07	    0.60	    0.78	    0.77
02/09/1992	    0.92	    0.60	    0.71	    0.72
02/10/1992	    0.78	    0.60	    0.60	    0.68
02/11/1992	    0.71	    0.60	    0.55	    0.63
02/12/1992	    0.60	    0.60	    0.50	    0.59
02/13/1992	    0.55	    0.46	    0.49	    0.55
02/14/1992	    0.50	    0.46	    0.46	    0.50
02/15/1992	    0.49	    0.46	    0.46	    0.49
02/16/1992	    0.46	    0.46	    0.46	    0.46
02/17/1992	    0.52	    0.46	    0.46	    0.45
02/18/1992	    6.30	    6.30	    0.46	    0.43
02/19/1992	   12.00	    6.30	    0.52	    0.42
02/20/1992	 2635.13	    6.30	    6.30	    0.41
02/21/1992	  225.11	    6.30	   12.00	    0.40
02/22/1992	 1473.58	    6.30	  191.07	    0.39
02/23/1992	  191.07	   10.52	   49.17	    0.38
02/24/1992	  391.97	   10.52	   10.70	    0.37
02/25/1992	   49.17	   10.52	   10.52	    0.36
02/26/1992	   10.70	   10.52	    8.49	    0.35
02/27/1992	   10.52	   10.52	    6.37	    0.34
02/28/1992	    8.49	    4.63	    5.87	    0.33
02/29/1992	    6.37	    4.63	    5.37	    0.32
03/01/1992	    5.87	    4.63	    4.63	    0.31
03/02/1992	    5.37	    4.63	    4.14	    0.31
03/03/1992	    4.63	    4.63	    3.90	    0.30
03/04/1992	    4.14	    2.78	    3.76	    0.29
03/05/1992	    3.90	    2.78	    3.30	    0.28
03/06/1992	    3.76	    2.78	    2.78	    0.27
03/07/1992	    3.30	    2.78	    2.78	    0.27
03/08/1992	    2.78	    2.78	    2.15	    0.26
03/09/1992	   19.00	    1.42	    1.85	    0.25
03/10/1992	    2.15	    1.42	    1.59	    0.25
03/11/1992	    1.85	    1.42	    1.42	    0.24
03/12/1992	    1.59	    1.42	    1.26	    0.23
03/13/1992	    1.42	    1.42	    1.09	    0.23
03/14/1992	    1.26	    0.40	    0.99	    0.22
03/15/1992	    1.09	    0.40	    0.67	    0.22
03/16/1992	    0.99	    0.40	    0.40	    0.21
03/17/1992	    0.67	    0.40	    0.37	    0.20
03/18/1992	    0.40	    0.40	    0.36	    0.20
03/19/1992	    0.37	    0.33	    0.34	    0.19
03/20/1992	    0.36	    0.33	    0.33	    0.19
03/21/1992	    0.34	    0.33	    0.33	    0.18
03/22/1992	    0.33	    0.33	    0.32	    0.18
03/23/1992	    0.33	    0.33	    0.28	    0.17
03/24/1992	    0.32	    0.22	    0.26	    0.17
03/25/1992	    0.28	    0.22	    0.23	    0.17
03/26/1992	    0.26	    0.22	    0.22	    0.16
03/27/1992	    0.23	    0.22	    0.22	    0.16
03/28/1992	    0.22	    0.22	    0.22	    0.15
03/29/1992	    0.25	    0.16	    0.19	    0.15
03/30/1992	    0.22	    0.16	    0.17	    0.14
03/31/1992	    0.19	    0.16	    0.16	    0.14
04/01/1992	    0.17	    0.16	    0.16	    0.14
04/02/1992	    0.16	    0.16	    0.16	    0.13
04/03/1992	    0.16	    0.13	    0.14	    0.13
04/04/1992	    0.16	    0.13	    0.14	    0.13
04/05/1992	    0.14	    0.13	    0.13	    0.12
04/06/1992	    0.14	    0.13	    0.13	    0.12
04/07/1992	    0.13	    0.13	    0.13	    0.12
04/08/1992	    0.13	    0.10	    0.12	    0.11
04/09/1992	    0.13	    0.10	    0.12	    0.11
04/10/1992	    0.12	    0.10	    0.10	    0.11
04/11/1992	    0.12	    0.10	    0.10	    0.10
04/12/1992	    0.10	    0.10	    0.10	    0.10
04/13/1992	    0.10	    0.10	    0.10	    0.10
04/14/1992	    0.11	    0.10	    0.10	    0.11
04/15/1992	    2.10	    0.10	    0.10	    0.27
04/16/1992	    4.90	    0.10	    0.11	    0.45
04/17/1992	    0.74	    0.10	    0.74	    0.74
04/18/1992	    1.22	    1.22	    0.74	    0.68
04/19/1992	    2.80	    1.22	    0.74	    0.63
04/20/1992	   21.07	    1.22	    1.22	    0.58
04/21/1992	   20.93	    1.22	    2.80	    0.53
04/22/1992	    6.80	    1.22	    3.22	    0.49
04/23/1992	    4.58	    1.06	    2.19	    0.45
04/24/1992	    3.22	    1.06	    1.53	    0.42
04/25/1992	    2.19	    1.06	    1.06	    0.39
04/26/1992	    1.53	    1.06	    0.77	    0.36
04/27/1992	    1.06	    1.06	    0.60	    0.33
04/28/1992	    0.77	    0.32	    0.42	    0.30
04/29/1992	    0.60	    0.32	    0.37	    0.28
04/30/1992	    0.42	    0.32	    0.32	    0.26
05/01/1992	    0.37	    0.32	    0.26	    0.24
05/02/1992	    0.32	    0.32	    0.24	    0.22
05/03/1992	    0.26	    0.17	    0.22	    0.20
05/04/1992	    0.24	    0.17	    0.19	    0.18
05/05/1992	    0.22	    0.17	    0.17	    0.17
05/06/1992	    0.19	    0.17	    0.16	    0.16
05/07/1992	    0.17	    0.17	    0.14	    0.14
05/08/1992	    0.16	    0.11	    0.13	    0.13
05/09/1992	    0.14	    0.11	    0.12	    0.12
05/10/1992	    0.13	    0.11	    0.11	    0.11
05/11/1992	    0.12	    0.11	    0.09	    0.10
05/12/1992	    0.11	    0.11	    0.08	    0.10
05/13/1992	    0.09	    0.08	    0.08	    0.09
05/14/1992	    0.08	    0.08	    0.08	    0.08
05/15/1992	    0.09	    0.08	    0.08	    0.09
05/16/1992	    0.10	    0.08	    0.08	    0.09
05/17/1992	    0.15	    0.08	    0.09	    0.10
05/18/1992	    0.14	    0.14	    0.10	    0.10
05/19/1992	    0.14	    0.14	    0.14	    0.11
05/20/1992	    0.16	    0.14	    0.14	    0.11
05/21/1992	    0.18	    0.14	    0.14	    0.12
05/22/1992	    0.22	    0.14	    0.16	    0.13
05/23/1992	    0.24	    0.24	    0.18	    0.13
05/24/1992	    0.25	    0.24	    0.22	    0.14
05/25/1992	    0.28	    0.24	    0.24	    0.15
05/26/1992	    0.32	    0.24	    0.25	    0.16
05/27/1992	    0.31	    0.24	    0.28	    0.16
05/28/1992	    0.30	    0.25	    0.27	    0.17
05/29/1992	    0.28	    0.25	    0.26	    0.18
05/30/1992	    0.27	    0.25	    0.25	    0.19
05/31/1992	    0.26	    0.25	    0.25	    0.20
06/01/1992	    0.25	    0.25	    0.24	    0.22
06/02/1992	    0.25	    0.24	    0.24	    0.23
06/03/1992	    0.24	    0.24	    0.24	    0.24
06/04/1992	    0.25	    0.24	    0.24	    0.23
06/05/1992	    0.25	    0.24	    0.24	    0.22
06/06/1992	    0.25	    0.24	    0.23	    0.22
06/07/1992	    0.24	    0.19	    0.23	    0.21
06/08/1992	    0.23	    0.19	    0.20	    0.20
06/09/1992	    0.23	    0.19	    0.19	    0.19
06/10/1992	    0.20	    0.19	    0.19	    0.19
06/11/1992	    0.19	    0.19	    0.18	    0.18
06/12/1992	    0.20	    0.16	    0.18	    0.17
06/13/1992	    0.18	    0.16	    0.16	    0.17
06/14/1992	    0.18	    0.16	    0.16	    0.16
06/15/1992	    0.16	    0.16	    0.16	    0.16
06/16/1992	    0.66	    0.16	    0.16	    0.16
06/17/1992	    0.22	    0.16	    0.16	    0.16
06/18/1992	    0.18	    0.16	    0.18	    0.15
06/19/1992	    0.18	    0.16	    0.16	    0.15
06/20/1992	    0.18	    0.16	    0.15	    0.15
06/21/1992	    0.16	    0.16	    0.15	    0.15
06/22/1992	    0.15	    0.15	    0.15	    0.15
06/23/1992	    0.17	    0.15	    0.15	    0.16
06/24/1992	    0.19	    0.15	    0.15	    0.16
06/25/1992	    0.18	    0.15	    0.17	    0.16
06/26/1992	    0.17	    0.15	    0.17	    0.17
06/27/1992	    0.17	    0.17	    0.17	    0.17
06/28/1992	    0.18	    0.17	    0.17	    0.17
06/29/1992	    0.19	    0.17	    0.17	    0.18
06/30/1992	    0.20	    0.17	    0.18	    0.18
07/01/1992	    0.20	    0.17	    0.19	    0.18
07/02/1992	    0.23	    0.23	    0.20	    0.18
07/03/1992	    0.23	    0.23	    0.20	    0.18
07/04/1992	    0.25	    0.23	    0.23	    0.19
07/05/1992	    0.26	    0.23	    0.23	    0.19
07/06/1992	    0.78	    0.23	    0.25	    0.19
07/07/1992	    1.10	    0.20	    0.25	    0.19
07/08/1992	    0.30	    0.20	    0.22	    0.20
07/09/1992	    0.25	    0.20	    0.20	    0.20
07/10/1992	    0.22	    0.20	    0.20	    0.20
07/11/1992	    0.20	    0.20	    0.20	    0.20
07/12/1992	    1.20	    0.23	    0.20	    0.20
07/13/1992	    2.50	    0.23	    0.20	    0.20
07/14/1992	    2.80	    0.23	    0.23	    0.19
07/15/1992	    0.78	    0.23	    0.21	    0.19
07/16/1992	    0.23	    0.23	    0.19	    0.19
07/17/1992	    0.21	    0.17	    0.19	    0.18
07/18/1992	    0.19	    0.17	    0.18	    0.18
07/19/1992	    0.19	    0.17	    0.17	    0.18
07/20/1992	    0.18	    0.17	    0.17	    0.18
07/21/1992	    0.17	    0.17	    0.17	    0.17
07/22/1992	    0.19	    0.19	    0.17	    0.18
07/23/1992	    0.22	    0.19	    0.17	    0.18
07/24/1992	    0.22	    0.19	    0.19	    0.19
07/25/1992	    0.24	    0.19	    0.22	    0.20
07/26/1992	    0.27	    0.19	    0.22	    0.20
07/27/1992	    0.24	    0.22	    0.22	    0.21
07/28/1992	    0.22	    0.22	    0.22	    0.21
07/29/1992	    0.22	    0.22	    0.22	    0.22
07/30/1992	    1.60	    0.22	    0.22	    0.22
07/31/1992	    1.20	    0.22	    0.22	    0.23
08/01/1992	    0.26	    0.24	    0.24	    0.23
08/02/1992	    0.24	    0.24	    0.24	    0.23
08/03/1992	    0.24	    0.24	    0.24	    0.24
08/04/1992	    0.24	    0.24	    0.24	    0.24
08/05/1992	    0.24	    0.24	    0.24	    0.24
08/06/1992	    0.24	    0.24	    0.24	    0.24
08/07/1992	    0.33	    0.24	    0.24	    0.27
08/08/1992	    1.10	    0.24	    0.24	    0.28
08/09/1992	    0.29	    0.24	    0.29	    0.29
08/10/1992	    1.20	    0.24	    0.28	    0.28
08/11/1992	    0.33	    0.25	    0.27	    0.28
08/12/1992	    0.28	    0.25	    0.26	    0.27
08/13/1992	    0.27	    0.25	    0.25	    0.27
08/14/1992	    0.26	    0.25	    0.25	    0.26
08/15/1992	    0.25	    0.25	    0.25	    0.25
08/16/1992	    0.25	    0.24	    0.25	    0.25
08/17/1992	    0.26	    0.24	    0.25	    0.24
08/18/1992	    0.28	    0.24	    0.24	    0.23
08/19/1992	    0.26	    0.24	    0.22	    0.22
08/20/1992	    0.24	    0.24	    0.20	    0.21
08/21/1992	    0.22	    0.18	    0.19	    0.19
08/22/1992	    0.20	    0.18	    0.18	    0.18
08/23/1992	    0.19	    0.18	    0.18	    0.17
08/24/1992	    0.18	    0.18	    0.18	    0.17
08/25/1992	    0.18	    0.18	    0.16	    0.16
08/26/1992	    0.20	    0.12	    0.14	    0.15
08/27/1992	    0.16	    0.12	    0.13	    0.14
08/28/1992	    0.14	    0.12	    0.12	    0.13
08/29/1992	    0.13	    0.12	    0.11	    0.13
08/30/1992	    0.12	    0.12	    0.11	    0.12
08/31/1992	    0.11	    0.11	    0.11	    0.11
09/01/1992	    0.12	    0.11	    0.11	    0.12
09/02/1992	    0.14	    0.11	    0.11	    0.14
09/03/1992	    0.14	    0.11	    0.12	    0.14
09/04/1992	    0.14	    0.11	    0.14	    0.14
09/05/1992	    0.14	    0.14	    0.14	    0.14
09/06/1992	    1.81	    0.14	    0.14	    0.23
09/07/1992	    0.62	    0.14	    0.14	    0.26
09/08/1992	    3.27	    0.14	    0.62	    0.29
09/09/1992	    1.50	    0.14	    0.48	    0.32
09/10/1992	    0.68	    0.46	    0.46	    0.36
09/11/1992	    0.48	    0.46	    0.46	    0.41
09/12/1992	    0.46	    0.46	    0.46	    0.46
09/13/1992	    0.47	    0.46	    0.46	    0.41
09/14/1992	    1.38	    0.46	    0.46	    0.37
09/15/1992	    2.06	    0.66	    0.47	    0.34
09/16/1992	    0.80	    0.66	    0.78	    0.31
09/17/1992	    0.78	    0.66	    0.66	    0.28
09/18/1992	    1.40	    0.66	    0.59	    0.25
09/19/1992	    0.66	    0.66	    0.55	    0.23
09/20/1992	    0.59	    0.18	    0.36	    0.20
09/21/1992	    0.55	    0.18	    0.24	    0.18
09/22/1992	    0.36	    0.18	    0.18	    0.17
09/23/1992	    0.24	    0.18	    0.13	    0.15
09/24/1992	    0.18	    0.18	    0.10	    0.14
09/25/1992	    0.13	    0.10	    0.10	    0.12
09/26/1992	    0.10	    0.10	    0.10	    0.10
09/27/1992	    0.10	    0.10	    0.10	    0.10
09/28/1992	    0.12	    0.10	    0.10	    0.11
09/29/1992	    0.18	    0.10	    0.10	    0.13
09/30/1992	    0.28	    0.16	    0.12	    0.14
10/01/1992	    0.16	    0.16	    0.16	    0.16
10/02/1992	    0.17	    0.16	    0.16	    0.17
10/03/1992	    0.17	    0.16	    0.16	    0.17
10/04/1992	    0.17	    0.16	    0.17	    0.17
10/05/1992	    0.18	    0.18	    0.17	    0.18
10/06/1992	    0.19	    0.18	    0.17	    0.19
10/07/1992	    0.20	    0.18	    0.18	    0.20
10/08/1992	    0.24	    0.18	    0.19	    0.22
10/09/1992	    0.26	    0.18	    0.20	    0.23
10/10/1992	    0.26	    0.26	    0.24	    0.24
10/11/1992	    0.26	    0.26	    0.26	    0.25
10/12/1992	    0.27	    0.26	    0.26	    0.26
10/13/1992	    0.28	    0.26	    0.26	    0.27
10/14/1992	    0.30	    0.26	    0.27	    0.29
10/15/1992	    0.34	    0.34	    0.28	    0.30
10/16/1992	    0.36	    0.34	    0.30	    0.31
10/17/1992	    0.34	    0.34	    0.34	    0.33
10/18/1992	    0.34	    0.34	    0.34	    0.34
10/19/1992	    0.34	    0.34	    0.34	    0.34
10/20/1992	    0.39	    0.38	    0.34	    0.35
10/21/1992	    0.38	    0.38	    0.34	    0.36
10/22/1992	    0.38	    0.38	    0.38	    0.37
10/23/1992	    0.39	    0.38	    0.38	    0.37
10/24/1992	    0.38	    0.38	    0.38	    0.38
10/25/1992	    0.39	    0.39	    0.38	    0.38
10/26/1992	    0.39	    0.39	    0.38	    0.38
10/27/1992	    0.39	    0.39	    0.39	    0.39
10/28/1992	    0.39	    0.39	    0.39	    0.39
10/29/1992	    0.40	    0.39	    0.39	    0.39
10/30/1992	    0.41	    0.41	    0.39	    0.39
10/31/1992	    0.42	    0.41	    0.40	    0.39
11/01/1992	    0.71	    0.41	    0.41	    0.39
11/02/1992	    2.48	    0.41	    0.42	    0.39
11/03/1992	    0.68	    0.41	    0.40	    0.39
11/04/1992	    0.42	    0.39	    0.39	    0.39
11/05/1992	    0.40	    0.39	    0.39	    0.39
11/06/1992	    0.39	    0.39	    0.39	    0.39
11/07/1992	    0.39	    0.39	    0.39	    0.39
11/08/1992	    0.39	    0.39	    0.39	    0.39
11/09/1992	    0.42	    0.42	    0.39	    0.40
11/10/1992	    0.43	    0.42	    0.39	    0.40
11/11/1992	    0.42	    0.42	    0.42	    0.41
11/12/1992	    0.44	    0.42	    0.42	    0.42
11/13/1992	    0.44	    0.42	    0.42	    0.42
11/14/1992	    0.43	    0.43	    0.43	    0.43
11/15/1992	    0.43	    0.43	    0.43	    0.43
11/16/1992	    0.45	    0.43	    0.43	    0.45
11/17/1992	    0.48	    0.43	    0.43	    0.48
11/18/1992	    0.48	    0.43	    0.45	    0.48
11/19/1992	    0.55	    0.55	    0.48	    0.55
11/20/1992	   26.56	    0.55	    0.48	    0.60
11/21/1992	   42.26	    0.55	    0.55	    0.63
11/22/1992	    5.28	    0.55	    3.06	    0.67
11/23/1992	    4.33	    0.55	    2.80	    0.71
11/24/1992	    3.06	    2.27	    2.67	    0.75
11/25/1992	    2.80	    2.27	    2.43	    0.79
11/26/1992	    2.67	    2.27	    2.27	    0.84
11/27/1992	    2.43	    2.27	    2.06	    0.88
11/28/1992	    2.27	    2.27	    1.98	    0.93
11/29/1992	    2.06	    1.73	    1.94	    0.99
11/30/1992	    1.98	    1.73	    1.90	    1.04
12/01/1992	    1.94	    1.73	    1.73	    1.10
12/02/1992	    1.90	    1.73	    1.50	    1.16
12/03/1992	    1.73	    1.73	    1.37	    1.23
12/04/1992	    1.50	    1.37	    1.37	    1.30
12/05/1992	    1.37	    1.37	    1.37	    1.37
12/06/1992	    1.87	    1.37	    1.37	    1.35
12/07/1992	    1.57	    1.37	    1.37	    1.33
12/08/1992	    1.53	    1.37	    1.38	    1.31
12/09/1992	    1.50	    1.24	    1.35	    1.29
12/10/1992	    1.38	    1.24	    1.24	    1.28
12/11/1992	    1.35	    1.24	    1.24	    1.26
12/12/1992	    1.24	    1.24	    1.24	    1.24
12/13/1992	    1.28	    1.24	    1.24	    1.23
12/14/1992	    1.28	    1.28	    1.24	    1.22
12/15/1992	    7.34	    1.28	    1.28	    1.21
12/16/1992	   18.60	    1.28	    1.28	    1.21
12/17/1992	    2.52	    1.28	    1.65	    1.20
12/18/1992	    1.77	    1.28	    1.48	    1.19
12/19/1992	    1.65	    1.23	    1.33	    1.18
12/20/1992	    1.48	    1.23	    1.24	    1.17
12/21/1992	    1.33	    1.23	    1.23	    1.17
12/22/1992	    1.24	    1.23	    1.15	    1.16
12/23/1992	    1.23	    1.23	    1.14	    1.15
12/24/1992	    1.15	    1.13	    1.13	    1.14
12/25/1992	    1.14	    1.13	    1.13	    1.13
12/26/1992	    1.13	    1.13	    1.13	    1.13
12/27/1992	    1.18	    1.13	    1.13	    1.12
12/28/1992	    1.23	    1.13	    1.13	    1.12
12/29/1992	    1.22	    1.11	    1.18	    1.12
12/30/1992	    1.27	    1.11	    1.18	    1.11
12/31/1992	    1.26	    1.11	    1.11	    1.11
01/01/1993	    1.18	    1.11	    1.11	    1.11
01/02/1993	    1.11	    1.11	    1.11	    1.11
01/03/1993	    1.16	    1.05	    1.11	    1.09
01/04/1993	    1.81	    1.05	    1.06	    1.07
01/05/1993	    1.25	    1.05	    1.05	    1.05
01/06/1993	    1.06	    1.05	    0.98	    1.03
01/07/1993	    1.05	    1.05	    0.97	    1.01
01/08/1993	    0.98	    0.96	    0.96	    0.98
01/09/1993	    0.97	    0.96	    0.96	    0.97
01/10/1993	    0.96	    0.96	    0.96	    0.96
01/11/1993	    1.01	    0.96	    0.96	    0.95
01/12/1993	    1.05	    0.96	    0.96	    0.94
01/13/1993	    1.09	    0.94	    1.01	    0.93
01/14/1993	    1.03	    0.94	    0.95	    0.92
01/15/1993	    1.02	    0.94	    0.94	    0.91
01/16/1993	    0.95	    0.94	    0.88	    0.90
01/17/1993	    0.94	    0.94	    0.87	    0.89
01/18/1993	    0.88	    0.87	    0.87	    0.88
01/19/1993	    0.87	    0.87	    0.87	    0.87
01/20/1993	    1.01	    0.87	    0.87	    0.85
01/21/1993	    1.10	    0.87	    0.87	    0.82
01/22/1993	    1.19	    0.87	    0.92	    0.80
01/23/1993	    1.03	    0.77	    0.90	    0.77
01/24/1993	    0.92	    0.77	    0.83	    0.75
01/25/1993	    0.90	    0.77	    0.77	    0.73
01/26/1993	    0.83	    0.77	    0.71	    0.71
01/27/1993	    0.77	    0.77	    0.65	    0.69
01/28/1993	    0.71	    0.65	    0.65	    0.67
01/29/1993	    0.65	    0.65	    0.65	    0.65
01/30/1993	    0.67	    0.65	    0.65	    0.65
01/31/1993	    0.74	    0.65	    0.65	    0.65
02/01/1993	    0.88	    0.65	    0.65	    0.65
02/02/1993	    0.74	    0.65	    0.65	    0.65
02/03/1993	    0.65	    0.65	    0.65	    0.65
02/04/1993	    0.71	    0.65	    0.65	    0.62
02/05/1993	    0.76	    0.65	    0.59	    0.59
02/06/1993	    0.67	    0.65	    0.51	    0.57
02/07/1993	    0.59	    0.49	    0.49	    0.54
02/08/1993	    0.51	    0.49	    0.49	    0.51
02/09/1993	    0.49	    0.49	    0.49	    0.49
02/10/1993	    0.58	    0.49	    0.49	    0.48
02/11/1993	    0.60	    0.49	    0.45	    0.47
02/12/1993	    0.49	    0.42	    0.44	    0.45
02/13/1993	    0.45	    0.42	    0.44	    0.44
02/14/1993	    0.44	    0.42	    0.42	    0.43
02/15/1993	    0.44	    0.42	    0.39	    0.42
02/16/1993	    0.42	    0.42	    0.39	    0.41
02/17/1993	    0.39	    0.39	    0.39	    0.39
02/18/1993	    0.43	    0.39	    0.39	    0.40
02/19/1993	    0.47	    0.39	    0.39	    0.41
02/20/1993	    0.47	    0.39	    0.43	    0.41
02/21/1993	    0.48	    0.39	    0.46	    0.42
02/22/1993	    0.49	    0.43	    0.43	    0.42
02/23/1993	    0.46	    0.43	    0.43	    0.43
02/24/1993	    0.43	    0.43	    0.43	    0.43
02/25/1993	    0.44	    0.43	    0.43	    0.44
02/26/1993	    0.45	    0.43	    0.43	    0.45
02/27/1993	    0.45	    0.45	    0.44	    0.45
02/28/1993	    0.49	    0.45	    0.45	    0.49
03/01/1993	    0.61	    0.45	    0.45	    0.61
03/02/1993	    0.72	    0.45	    0.49	    0.72
03/03/1993	   67.68	    0.45	    0.61	   18.93
03/04/1993	  404.06	   95.56	    0.72	   32.48
03/05/1993	  156.80	   95.56	   67.68	   55.71
03/06/1993	   95.56	   95.56	   95.56	   95.56
03/07/1993	  546.78	   95.56	   95.56	   60.23
03/08/1993	  445.55	   95.56	   32.00	   37.97
03/09/1993	  140.00	    2.58	    5.18	   23.93
03/10/1993	   32.00	    2.58	    2.96	   15.09
03/11/1993	    5.18	    2.58	    2.58	    5.18
03/12/1993	    2.96	    2.58	    2.38	    2.96
03/13/1993	    2.58	    2.58	    2.38	    2.58
03/14/1993	    2.38	    2.38	    2.38	    2.38
03/15/1993	    3.43	    2.38	    2.38	    2.50
03/16/1993	 1007.91	    2.38	    2.38	    2.63
03/17/1993	    8.83	    2.38	    3.06	    2.77
03/18/1993	    4.25	    2.38	    3.06	    2.91
03/19/1993	    3.06	    2.60	    3.06	    3.06
03/20/1993	   45.00	    2.60	    3.06	    2.94
03/21/1993	    5.70	    2.60	    2.60	    2.82
03/22/1993	    3.80	    2.60	    2.60	    2.71
03/23/1993	    2.60	    2.60	    2.60	    2.60
03/24/1993	    3.96	    3.96	    2.60	    3.96
03/25/1993	 2020.60	    3.96	    2.60	    8.36
03/26/1993	  786.33	    3.96	    3.96	   14.97
03/27/1993	  872.77	    3.96	   86.10	   26.82
03/28/1993	  264.37	    3.96	   86.10	   48.06
03/29/1993	   86.10	   17.32	   86.10	   86.10
03/30/1993	 3465.35	   17.32	   29.33	   64.47
03/31/1993	  984.57	   17.32	   17.32	   48.27
04/01/1993	   29.33	   17.32	   13.12	   29.33
04/02/1993	   17.32	   17.32	   10.21	   17.32
04/03/1993	   13.12	    6.37	    8.10	   13.12
04/04/1993	   10.21	    6.37	    6.77	   10.21
04/05/1993	    8.10	    6.37	    6.37	    8.10
04/06/1993	    6.77	    6.37	    6.37	    6.77
04/07/1993	    6.37	    6.37	    6.37	    6.37
04/08/1993	   26.00	    3.10	    4.41	    5.43
04/09/1993	   16.00	    3.10	    4.41	    4.63
04/10/1993	    4.41	    3.10	    3.10	    3.95
04/11/1993	   14.00	    3.10	    2.46	    3.37
04/12/1993	    3.10	    3.10	    2.46	    2.88
04/13/1993	    2.46	    2.46	    2.46	    2.46
04/14/1993	   11.00	    2.46	    2.46	    2.26
04/15/1993	   31.00	    2.46	    2.46	    2.07
04/16/1993	   32.00	    2.46	    1.61	    1.90
04/17/1993	   23.00	    2.46	    1.61	    1.75
04/18/1993	    1.61	    1.52	    1.61	    1.61
04/19/1993	   27.00	    1.52	    1.61	    1.52
04/20/1993	  117.00	    1.52	    1.52	    1.44
04/21/1993	   13.00	    1.52	    1.34	    1.36
04/22/1993	    1.52	    1.52	    1.24	    1.29
04/23/1993	    1.34	    1.03	    1.10	    1.22
04/24/1993	    1.24	    1.03	    1.03	    1.15
04/25/1993	    1.10	    1.03	    1.03	    1.09
04/26/1993	    1.03	    1.03	    1.03	    1.03
04/27/1993	    1.45	    1.03	    1.03	    1.04
04/28/1993	   14.00	    2.90	    1.03	    1.04
04/29/1993	    2.90	    2.90	    1.45	    1.05
04/30/1993	    3.76	    2.90	    2.90	    1.05
05/01/1993	   25.00	    2.90	    2.90	    1.05
05/02/1993	   36.00	    2.90	    3.76	    1.06
05/03/1993	  513.12	    9.23	   13.44	    1.06
05/04/1993	   22.42	    9.23	    9.23	    1.07
05/05/1993	   13.44	    9.23	    9.23	    1.07
05/06/1993	    9.23	    9.23	    6.90	    1.08
05/07/1993	   32.00	    9.23	    5.14	    1.08
05/08/1993	    6.90	    3.23	    4.28	    1.09
05/09/1993	    5.14	    3.23	    4.28	    1.10
05/10/1993	    4.28	    3.23	    3.23	    1.10
05/11/1993	   20.00	    3.23	    2.62	    1.11
05/12/1993	    3.23	    3.23	    2.51	    1.11
05/13/1993	    2.62	    1.75	    2.28	    1.12
05/14/1993	    2.51	    1.75	    1.94	    1.12
05/15/1993	    2.28	    1.75	    1.75	    1.13
05/16/1993	    1.94	    1.75	    1.73	    1.13
05/17/1993	    1.75	    1.75	    1.52	    1.14
05/18/1993	    1.73	    1.16	    1.40	    1.14
05/19/1993	    1.52	    1.16	    1.24	    1.15
05/20/1993	    1.40	    1.16	    1.16	    1.15
05/21/1993	    1.24	    1.16	    1.16	    1.16
05/22/1993	    1.16	    1.16	    1.16	    1.16
05/23/1993	   16.00	    1.01	    1.16	    1.12
05/24/1993	   15.00	    1.01	    1.01	    1.08
05/25/1993	    1.40	    1.01	    1.01	    1.05
05/26/1993	    1.01	    1.01	    1.01	    1.01
05/27/1993	    1.33	    1.01	    1.01	    1.17
05/28/1993	    1.44	    1.44	    1.01	    1.35
05/29/1993	    1.57	    1.44	    1.33	    1.56
05/30/1993	    2.52	    1.44	    1.44	    1.80
05/31/1993	    2.48	    1.44	    1.57	    2.09
06/01/1993	    2.41	    1.44	    2.41	    2.41
06/02/1993	   10.00	    4.30	    2.41	    2.92
06/03/1993	   13.00	    4.30	    2.41	    3.55
06/04/1993	    4.30	    4.30	    4.30	    4.30
06/05/1993	    4.92	    4.30	    4.30	    4.40
06/06/1993	    5.15	    4.30	    4.30	    4.50
06/07/1993	  225.29	    6.89	    4.92	    4.60
06/08/1993	   42.81	    6.89	    5.15	    4.70
06/09/1993	   12.61	    6.89	    6.89	    4.81
06/10/1993	    8.77	    6.89	    5.39	    4.92
06/11/1993	    6.89	    6.89	    5.26	    5.03
06/12/1993	    5.39	    5.26	    5.26	    5.14
06/13/1993	    5.26	    5.26	    5.26	    5.26
06/14/1993	   28.39	    5.26	    5.26	    5.54
06/15/1993	    6.07	    5.26	    5.26	    5.84
06/16/1993	    6.30	    5.26	    6.07	    6.15
06/17/1993	  247.93	   12.09	    6.07	    6.48
06/18/1993	  449.29	   12.09	    6.30	    6.83
06/19/1993	   20.06	   12.09	   12.09	    7.20
06/20/1993	   16.52	   12.09	    9.43	    7.58
06/21/1993	   12.09	   12.09	    8.87	    7.99
06/22/1993	    9.43	    8.87	    8.87	    8.42
06/23/1993	    8.87	    8.87	    8.87	    8.87
06/24/1993	    9.36	    8.87	    8.87	    8.94
06/25/1993	   11.34	    8.87	    8.87	    9.01
06/26/1993	    9.08	    8.87	    9.08	    9.08
06/27/1993	    9.54	    9.54	    9.08	    9.54
06/28/1993	  174.61	    9.54	    9.08	   10.83
06/29/1993	   17.52	    9.54	    9.54	   11.83
06/30/1993	 1291.36	    9.54	   17.52	   12.92
07/01/1993	   26.34	    9.54	   17.52	   14.11
07/02/1993	   24.12	   18.40	   18.40	   15.42
07/03/1993	   20.32	   18.40	   18.40	   16.84
07/04/1993	   18.40	   18.40	   18.40	   18.40
07/05/1993	  400.29	   18.40	   18.40	   19.76
07/06/1993	  129.60	   18.40	   18.40	   21.22
07/07/1993	   27.93	   24.47	   24.47	   22.78
07/08/1993	   24.47	   24.47	   24.47	   24.47
07/09/1993	 8703.54	   24.47	   24.47	   23.99
07/10/1993	 7145.44	   24.47	   24.47	   23.53
07/11/1993	 1342.56	   24.47	   37.08	   23.07
07/12/1993	   47.38	   20.92	   30.02	   22.63
07/13/1993	   37.08	   20.92	   24.21	   22.19
07/14/1993	   30.02	   20.92	   20.92	   21.76
07/15/1993	   24.21	   20.92	   20.92	   21.34
07/16/1993	   20.92	   20.92	   20.92	   20.92
07/17/1993	  481.14	   12.20	   16.27	   19.26
07/18/1993	   26.99	   12.20	   13.20	   17.73
07/19/1993	   16.27	   12.20	   12.20	   16.27
07/20/1993	   13.20	   12.20	   11.25	   13.20
07/21/1993	   12.20	   12.20	   10.71	   12.20
07/22/1993	   11.25	    9.14	   10.34	   11.25
07/23/1993	   10.71	    9.14	   10.34	   10.71
07/24/1993	   10.34	    9.14	    9.14	   10.34
07/25/1993	   12.03	    9.14	    9.14	    9.93
07/26/1993	    9.14	    9.14	    9.14	    9.14
07/27/1993	    9.40	    7.18	    7.76	    8.61
07/28/1993	    9.21	    7.18	    7.18	    8.10
07/29/1993	    7.76	    7.18	    7.18	    7.63
07/30/1993	    7.18	    7.18	    7.18	    7.18
07/31/1993	   45.00	    7.18	    6.70	    7.03
08/01/1993	   37.00	    6.46	    6.56	    6.88
08/02/1993	    6.70	    6.46	    6.46	    6.70
08/03/1993	    6.56	    6.46	    6.46	    6.56
08/04/1993	    6.46	    6.46	    6.46	    6.46
08/05/1993	    6.82	    6.46	    6.46	    6.64
08/06/1993	   32.00	    7.26	    6.46	    6.82
08/07/1993	    7.26	    7.26	    6.82	    7.01
08/08/1993	    7.29	    7.26	    7.26	    7.20
08/09/1993	   28.00	    7.26	    7.26	    7.40
08/10/1993	    8.45	    7.26	    7.29	    7.60
08/11/1993	    7.81	    7.81	    7.81	    7.81
08/12/1993	    8.41	    7.81	    7.81	    7.98
08/13/1993	    8.16	    7.81	    7.81	    8.14
08/14/1993	   96.13	    7.81	    8.16	    8.31
08/15/1993	  191.99	    7.81	    8.16	    8.48
08/16/1993	   16.36	    8.84	    8.84	    8.66
08/17/1993	    8.84	    8.84	    8.84	    8.84
08/18/1993	  197.49	    8.84	    8.84	    9.48
08/19/1993	   34.65	    8.84	    8.84	   10.17
08/20/1993	   12.99	    8.84	   11.71	   10.91
08/21/1993	   11.71	    9.73	   11.71	   11.71
08/22/1993	   11.86	    9.73	   10.97	   11.16
08/23/1993	   52.00	    9.73	    9.73	   10.63
08/24/1993	   10.97	    9.73	    9.33	   10.13
08/25/1993	    9.73	    9.73	    8.86	    9.66
08/26/1993	    9.33	    8.36	    8.36	    9.20
08/27/1993	    8.86	    8.36	    8.36	    8.77
08/28/1993	    8.36	    8.36	    8.36	    8.36
08/29/1993	   50.00	    8.36	    8.36	    8.22
08/30/1993	    9.81	    8.36	    7.82	    8.09
08/31/1993	    8.48	    7.50	    7.82	    7.95
09/01/1993	    7.82	    7.50	    7.82	    7.82
09/02/1993	    8.16	    7.50	    7.50	    7.72
09/03/1993	    7.89	    7.50	    7.50	    7.61
09/04/1993	    7.50	    7.50	    7.50	    7.50
09/05/1993	    7.59	    7.29	    7.29	    7.43
09/06/1993	    7.59	    7.29	    7.29	    7.36
09/07/1993	    7.29	    7.29	    7.29	    7.29
09/08/1993	    7.70	    7.29	    7.18	    7.22
09/09/1993	    7.64	    7.29	    7.02	    7.15
09/10/1993	    7.18	    7.02	    7.02	    7.09
09/11/1993	    7.02	    7.02	    7.02	    7.02
09/12/1993	    7.44	    7.02	    7.02	    7.02
09/13/1993	   21.00	    7.02	    7.02	    7.03
09/14/1993	   31.00	    7.02	    7.40	    7.03
09/15/1993	    8.06	    7.04	    7.34	    7.03
09/16/1993	    7.40	    7.04	    7.04	    7.03
09/17/1993	    7.34	    7.04	    7.04	    7.04
09/18/1993	    7.04	    7.04	    7.04	    7.04
09/19/1993	    7.42	    7.04	    7.04	    6.97
09/20/1993	    8.25	    6.65	    7.04	    6.91
09/21/1993	    7.91	    6.65	    7.09	    6.84
09/22/1993	    7.58	    6.65	    6.65	    6.78
09/23/1993	    7.09	    6.65	    6.65	    6.71
09/24/1993	    6.65	    6.65	    6.65	    6.65
09/25/1993	   15.00	    6.21	    6.65	    5.83
09/26/1993	   19.00	    6.21	    6.65	    5.11
09/27/1993	    7.32	    6.21	    6.21	    4.48
09/28/1993	    6.72	    6.21	    6.21	    3.93
09/29/1993	    6.21	    6.21	    1.86	    3.45
09/30/1993	    6.25	    1.35	    1.57	    3.03
10/01/1993	    1.86	    1.35	    1.47	    1.86
10/02/1993	    1.57	    1.35	    1.35	    1.57
10/03/1993	    1.47	    1.35	    1.18	    1.47
10/04/1993	    1.35	    1.35	    1.18	    1.35
10/05/1993	    1.18	    0.98	    1.09	    1.18
10/06/1993	    1.27	    0.98	    0.98	    1.27
10/07/1993	    1.09	    0.98	    0.98	    1.09
10/08/1993	    0.98	    0.98	    0.81	    0.98
10/09/1993	    1.07	    0.98	    0.81	    0.93
10/10/1993	    0.81	    0.81	    0.81	    0.81
10/11/1993	    0.83	    0.81	    0.81	    0.82
10/12/1993	    0.89	    0.81	    0.81	    0.82
10/13/1993	    0.92	    0.81	    0.83	    0.82
10/14/1993	    1.04	    0.81	    0.89	    0.82
10/15/1993	    1.16	    1.16	    0.92	    0.82
10/16/1993	    1.33	    1.16	    1.04	    0.82
10/17/1993	    1.28	    1.16	    1.16	    0.82
10/18/1993	    1.32	    1.16	    1.28	    0.82
10/19/1993	    1.41	    1.16	    1.28	    0.82
10/20/1993	    1.51	    1.51	    1.32	    0.82
10/21/1993	    1.67	    1.51	    1.41	    0.83
10/22/1993	    1.59	    1.51	    1.51	    0.83
10/23/1993	    1.76	    1.51	    1.59	    0.83
10/24/1993	    1.86	    1.51	    1.59	    0.83
10/25/1993	    1.79	    1.28	    1.50	    0.83
10/26/1993	    1.64	    1.28	    1.46	    0.83
10/27/1993	    1.50	    1.28	    1.28	    0.83
10/28/1993	    1.46	    1.28	    1.13	    0.83
10/29/1993	    1.28	    1.28	    1.06	    0.83
10/30/1993	    1.13	    0.92	    1.00	    0.83
10/31/1993	    1.06	    0.92	    0.96	    0.84
11/01/1993	    1.00	    0.92	    0.92	    0.84
11/02/1993	    0.96	    0.92	    0.92	    0.84
11/03/1993	    0.92	    0.92	    0.92	    0.84
11/04/1993	    0.95	    0.84	    0.85	    0.84
11/05/1993	    0.92	    0.84	    0.84	    0.84
11/06/1993	    0.85	    0.84	    0.84	    0.84
11/07/1993	    0.84	    0.84	    0.84	    0.84
11/08/1993	    0.88	    0.84	    0.84	    0.84
11/09/1993	    0.86	    0.86	    0.84	    0.84
11/10/1993	    0.87	    0.86	    0.86	    0.83
11/11/1993	    0.90	    0.86	    0.86	    0.83
11/12/1993	    0.90	    0.86	    0.87	    0.83
11/13/1993	    1.06	    0.86	    0.90	    0.82
11/14/1993	    0.90	    0.85	    0.87	    0.82
11/15/1993	    0.91	    0.85	    0.87	    0.81
11/16/1993	    0.87	    0.85	    0.85	    0.81
11/17/1993	    0.87	    0.85	    0.85	    0.81
11/18/1993	    0.85	    0.85	    0.80	    0.80
11/19/1993	    0.87	    0.80	    0.80	    0.80
11/20/1993	    0.80	    0.80	    0.80	    0.80
11/21/1993	    0.85	    0.80	    0.80	    0.81
11/22/1993	    0.82	    0.80	    0.80	    0.82
11/23/1993	    0.83	    0.80	    0.82	    0.83
11/24/1993	    0.84	    0.84	    0.82	    0.84
11/25/1993	    0.97	    0.84	    0.83	    0.86
11/26/1993	    0.98	    0.84	    0.84	    0.88
11/27/1993	    0.89	    0.84	    0.89	    0.89
11/28/1993	    0.92	    0.84	    0.85	    0.88
11/29/1993	    0.90	    0.85	    0.85	    0.87
11/30/1993	    0.85	    0.85	    0.85	    0.85
12/01/1993	    0.91	    0.85	    0.85	    0.88
12/02/1993	    1.02	    0.85	    0.85	    0.90
12/03/1993	    0.99	    0.85	    0.91	    0.93
12/04/1993	    1.07	    1.05	    0.99	    0.96
12/05/1993	    1.09	    1.05	    0.99	    0.99
12/06/1993	    1.15	    1.05	    1.05	    1.02
12/07/1993	    1.05	    1.05	    1.05	    1.05
12/08/1993	    1.08	    1.05	    1.05	    1.03
12/09/1993	    1.10	    0.98	    0.98	    1.01
12/10/1993	    1.10	    0.98	    0.98	    1.00
12/11/1993	    0.98	    0.98	    0.98	    0.98
12/12/1993	    1.03	    0.98	    0.98	    1.00
12/13/1993	    1.08	    0.98	    0.98	    1.03
12/14/1993	    1.16	    1.10	    1.03	    1.05
12/15/1993	    1.17	    1.10	    1.08	    1.07
12/16/1993	    1.10	    1.10	    1.10	    1.10
12/17/1993	    1.20	    1.10	    1.10	    1.09
12/18/1993	    1.23	    1.10	    1.10	    1.08
12/19/1993	    1.17	    1.09	    1.12	    1.08
12/20/1993	    1.18	    1.09	    1.12	    1.07
12/21/1993	    1.12	    1.09	    1.09	    1.06
12/22/1993	    1.13	    1.09	    1.06	    1.06
12/23/1993	    1.09	    1.09	    1.04	    1.05
12/24/1993	    1.06	    1.00	    1.04	    1.04
12/25/1993	    1.04	    1.00	    1.04	    1.04
12/26/1993	    1.05	    1.00	    1.00	    1.02
12/27/1993	    1.06	    1.00	    1.00	    1.01
12/28/1993	    1.00	    1.00	    1.00	    1.00
12/29/1993	    1.01	    1.01	    1.00	    1.00
12/30/1993	    1.02	    1.01	    1.00	    1.01
12/31/1993	    1.07	    1.01	    1.01	    1.01
01/01/1994	    1.17	    1.01	    1.02	    1.02
01/02/1994	    1.18	    1.01	    1.07	    1.02
01/03/1994	    1.15	    1.06	    1.07	    1.03
01/04/1994	    1.12	    1.06	    1.07	    1.03
01/05/1994	    1.07	    1.06	    1.06	    1.04
01/06/1994	    1.07	    1.06	    1.05	    1.04
01/07/1994	    1.06	    1.06	    1.05	    1.05
01/08/1994	    1.05	    1.05	    1.05	    1.05
01/09/1994	    1.13	    1.05	    1.05	    1.04
01/10/1994	    1.17	    1.05	    1.05	    1.02
01/11/1994	    1.16	    1.05	    1.02	    1.00
01/12/1994	    1.11	    1.05	    0.98	    0.99
01/13/1994	    1.02	    0.88	    0.89	    0.97
01/14/1994	    0.98	    0.88	    0.88	    0.96
01/15/1994	    0.89	    0.88	    0.88	    0.89
01/16/1994	    0.88	    0.88	    0.87	    0.88
01/17/1994	    0.88	    0.88	    0.87	    0.88
01/18/1994	    0.87	    0.86	    0.86	    0.87
01/19/1994	    0.87	    0.86	    0.86	    0.87
01/20/1994	    0.86	    0.86	    0.86	    0.86
01/21/1994	    0.86	    0.86	    0.86	    0.86
01/22/1994	    0.89	    0.86	    0.86	    0.86
01/23/1994	    0.89	    0.87	    0.86	    0.86
01/24/1994	    0.88	    0.87	    0.87	    0.87
01/25/1994	    0.87	    0.87	    0.87	    0.87
01/26/1994	    0.87	    0.87	    0.87	    0.87
01/27/1994	    0.88	    0.87	    0.87	    0.87
01/28/1994	    0.88	    0.86	    0.87	    0.87
01/29/1994	    0.89	    0.86	    0.86	    0.86
01/30/1994	    0.89	    0.86	    0.86	    0.86
01/31/1994	    0.86	    0.86	    0.86	    0.86
02/01/1994	    0.87	    0.86	    0.86	    0.86
02/02/1994	    0.87	    0.87	    0.86	    0.86
02/03/1994	    0.88	    0.87	    0.87	    0.87
02/04/1994	    0.88	    0.87	    0.87	    0.87
02/05/1994	    0.89	    0.87	    0.88	    0.87
02/06/1994	    0.89	    0.87	    0.88	    0.87
02/07/1994	    0.90	    0.88	    0.89	    0.87
02/08/1994	    0.91	    0.88	    0.88	    0.87
02/09/1994	    0.91	    0.88	    0.88	    0.88
02/10/1994	    0.88	    0.88	    0.88	    0.88
02/11/1994	    0.88	    0.88	    0.88	    0.88
02/12/1994	    0.93	    0.93	    0.88	    0.91
02/13/1994	    0.94	    0.93	    0.88	    0.93
02/14/1994	    0.94	    0.93	    0.93	    0.94
02/15/1994	    0.99	    0.93	    0.94	    0.96
02/16/1994	    1.04	    0.93	    0.94	    0.98
02/17/1994	    1.08	    1.08	    0.99	    1.00
02/18/1994	    1.56	    1.08	    1.04	    1.02
02/19/1994	 4159.86	    1.08	    1.08	    1.04
02/20/1994	  342.22	    1.08	    1.56	    1.06
02/21/1994	   14.36	    1.08	    5.43	    1.08
02/22/1994	    7.26	    2.76	    4.14	    1.10
02/23/1994	    5.43	    2.76	    3.38	    1.12
02/24/1994	    4.14	    2.76	    2.76	    1.14
02/25/1994	    3.38	    2.76	    2.24	    1.16
02/26/1994	    2.76	    2.76	    1.90	    1.19
02/27/1994	    2.24	    1.30	    1.61	    1.21
02/28/1994	    1.90	    1.30	    1.42	    1.23
03/01/1994	    1.61	    1.30	    1.30	    1.26
03/02/1994	    1.42	    1.30	    1.30	    1.28
03/03/1994	    1.30	    1.30	    1.30	    1.30
03/04/1994	 1878.19	    1.76	    1.30	    1.27
03/05/1994	  331.93	    1.76	    1.30	    1.24
03/06/1994	   39.52	    1.76	    1.76	    1.21
03/07/1994	    5.40	    1.76	    1.16	    1.18
03/08/1994	    1.76	    1.76	    1.14	    1.15
03/09/1994	    1.16	    1.07	    1.07	    1.13
03/10/1994	    1.14	    1.07	    1.07	    1.10
03/11/1994	    1.07	    1.07	    1.07	    1.07
03/12/1994	    1.14	    1.07	    1.07	    1.04
03/13/1994	    1.15	    1.07	    1.07	    1.00
03/14/1994	    1.19	    1.00	    1.08	    0.97
03/15/1994	    1.22	    1.00	    1.03	    0.94
03/16/1994	    1.08	    1.00	    1.00	    0.91
03/17/1994	    1.03	    1.00	    0.93	    0.87
03/18/1994	    1.00	    1.00	    0.93	    0.85
03/19/1994	    0.93	    0.86	    0.93	    0.82
03/20/1994	    0.93	    0.86	    0.90	    0.79
03/21/1994	    1.01	    0.86	    0.86	    0.76
03/22/1994	    0.90	    0.86	    0.76	    0.74
03/23/1994	    0.86	    0.86	    0.69	    0.71
03/24/1994	    0.76	    0.62	    0.67	    0.69
03/25/1994	    0.69	    0.62	    0.67	    0.67
03/26/1994	    0.67	    0.62	    0.62	    0.64
03/27/1994	    0.67	    0.62	    0.57	    0.62
03/28/1994	    0.62	    0.62	    0.54	    0.60
03/29/1994	    0.57	    0.49	    0.52	    0.57
03/30/1994	    0.54	    0.49	    0.50	    0.54
03/31/1994	    0.52	    0.49	    0.49	    0.52
04/01/1994	    0.50	    0.49	    0.49	    0.50
04/02/1994	    0.49	    0.49	    0.49	    0.49
04/03/1994	    0.49	    0.42	    0.49	    0.49
04/04/1994	    0.49	    0.42	    0.45	    0.47
04/05/1994	    0.50	    0.42	    0.42	    0.45
04/06/1994	    0.45	    0.42	    0.41	    0.43
04/07/1994	    0.42	    0.42	    0.41	    0.41
04/08/1994	    0.41	    0.35	    0.37	    0.40
04/09/1994	    0.41	    0.35	    0.35	    0.38
04/10/1994	    0.37	    0.35	    0.35	    0.37
04/11/1994	    0.35	    0.35	    0.35	    0.35
04/12/1994	    0.49	    0.35	    0.35	    0.36
04/13/1994	    0.59	    0.59	    0.35	    0.36
04/14/1994	    0.61	    0.59	    0.49	    0.37
04/15/1994	    0.86	    0.59	    0.59	    0.38
04/16/1994	    0.81	    0.59	    0.61	    0.38
04/17/1994	    0.83	    0.59	    0.81	    0.39
04/18/1994	    0.98	    0.98	    0.81	    0.40
04/19/1994	    1.09	    0.98	    0.83	    0.40
04/20/1994	    1.22	    0.98	    0.98	    0.41
04/21/1994	    1.41	    0.98	    1.09	    0.42
04/22/1994	    1.68	    0.98	    1.22	    0.43
04/23/1994	    2.00	    2.00	    1.41	    0.43
04/24/1994	    2.42	    2.00	    1.68	    0.44
04/25/1994	    2.77	    2.00	    2.00	    0.45
04/26/1994	    4.11	    2.00	    2.42	    0.46
04/27/1994	    4.57	    2.00	    2.77	    0.46
04/28/1994	    4.66	    3.29	    4.07	    0.47
04/29/1994	    4.29	    3.29	    4.07	    0.48
04/30/1994	    4.07	    3.29	    3.29	    0.49
05/01/1994	    4.14	    3.29	    2.91	    0.50
05/02/1994	    3.29	    3.29	    2.54	    0.51
05/03/1994	    2.91	    2.13	    2.33	    0.52
05/04/1994	    2.54	    2.13	    2.13	    0.52
05/05/1994	    2.33	    2.13	    2.13	    0.53
05/06/1994	    2.13	    2.13	    1.90	    0.54
05/07/1994	    2.17	    2.13	    1.52	    0.55
05/08/1994	    1.90	    1.10	    1.32	    0.56
05/09/1994	    1.52	    1.10	    1.22	    0.57
05/10/1994	    1.32	    1.10	    1.10	    0.58
05/11/1994	    1.22	    1.10	    1.04	    0.59
05/12/1994	    1.10	    1.10	    0.96	    0.60
05/13/1994	    1.04	    0.71	    0.93	    0.61
05/14/1994	    0.96	    0.71	    0.78	    0.63
05/15/1994	    0.93	    0.71	    0.71	    0.64
05/16/1994	    0.78	    0.71	    0.67	    0.65
05/17/1994	    0.71	    0.71	    0.67	    0.66
05/18/1994	    0.67	    0.67	    0.67	    0.67
05/19/1994	    0.73	    0.67	    0.67	    0.71
05/20/1994	    0.82	    0.67	    0.67	    0.76
05/21/1994	    0.88	    0.67	    0.73	    0.81
05/22/1994	    0.92	    0.67	    0.82	    0.86
05/23/1994	    1.51	    1.51	    0.88	    0.91
05/24/1994	    1.61	    1.51	    0.92	    0.97
05/25/1994	    1.55	    1.51	    1.51	    1.03
05/26/1994	    1.80	    1.51	    1.55	    1.10
05/27/1994	    1.58	    1.51	    1.55	    1.17
05/28/1994	    1.62	    1.62	    1.58	    1.24
05/29/1994	    1.77	    1.62	    1.58	    1.32
05/30/1994	    1.93	    1.62	    1.62	    1.41
05/31/1994	    1.97	    1.62	    1.77	    1.50
06/01/1994	    1.99	    1.62	    1.93	    1.59
06/02/1994	    2.06	    2.06	    1.97	    1.69
06/03/1994	    2.07	    2.06	    1.99	    1.80
06/04/1994	    2.18	    2.06	    2.06	    1.92
06/05/1994	    2.27	    2.06	    2.07	    2.04
06/06/1994	    2.39	    2.06	    2.18	    2.17
06/07/1994	    2.66	    2.61	    2.27	    2.30
06/08/1994	    2.67	    2.61	    2.39	    2.45
06/09/1994	    2.61	    2.61	    2.61	    2.61
06/10/1994	    2.77	    2.61	    2.61	    2.62
06/11/1994	    3.14	    2.61	    2.61	    2.63
06/12/1994	    2.99	    2.92	    2.77	    2.64
06/13/1994	    3.79	    2.92	    2.99	    2.65
06/14/1994	    3.31	    2.92	    2.92	    2.66
06/15/1994	    3.09	    2.92	    2.81	    2.68
06/16/1994	    2.92	    2.92	    2.71	    2.69
06/17/1994	    2.81	    2.71	    2.71	    2.70
06/18/1994	    2.71	    2.71	    2.71	    2.71
06/19/1994	    2.75	    2.71	    2.71	    2.75
06/20/1994	   23.82	    2.71	    2.71	    2.79
06/21/1994	    3.44	    2.71	    2.75	    2.83
06/22/1994	    2.87	    2.87	    2.87	    2.87
06/23/1994	  426.06	    2.87	    2.87	    2.92
06/24/1994	   96.98	    2.87	    2.87	    2.98
06/25/1994	    3.69	    2.87	    3.09	    3.03
06/26/1994	    3.09	    2.87	    3.09	    3.09
06/27/1994	    4.21	    4.21	    3.09	    3.25
06/28/1994	    5.22	    4.21	    3.09	    3.42
06/29/1994	    5.01	    4.21	    4.21	    3.60
06/30/1994	    4.99	    4.21	    4.51	    3.79
07/01/1994	    4.94	    4.21	    4.41	    3.98
07/02/1994	    4.51	    3.63	    4.41	    4.19
07/03/1994	    4.41	    3.63	    4.41	    4.41
07/04/1994	  152.10	    3.63	    3.63	    4.13
07/05/1994	   23.71	    3.63	    3.63	    3.87
07/06/1994	    3.63	    3.63	    3.63	    3.63
07/07/1994	    3.75	    1.38	    1.91	    3.08
07/08/1994	   30.00	    1.38	    1.47	    2.62
07/09/1994	    1.91	    1.38	    1.38	    1.91
07/10/1994	    1.47	    1.38	    1.36	    1.47
07/11/1994	    1.38	    1.38	    1.36	    1.38
07/12/1994	    1.36	    1.35	    1.36	    1.36
07/13/1994	    1.42	    1.35	    1.36	    1.28
07/14/1994	  320.08	    1.35	    1.35	    1.21
07/15/1994	    1.69	    1.35	    1.35	    1.13
07/16/1994	    1.35	    1.35	    1.23	    1.07
07/17/1994	    1.35	    0.74	    1.18	    1.00
07/18/1994	    1.23	    0.74	    1.18	    0.94
07/19/1994	    1.18	    0.74	    0.74	    0.89
07/20/1994	  136.01	    0.74	    0.72	    0.84
07/21/1994	    0.74	    0.74	    0.63	    0.74
07/22/1994	    0.72	    0.53	    0.61	    0.72
07/23/1994	    0.63	    0.53	    0.56	    0.63
07/24/1994	    0.61	    0.53	    0.53	    0.61
07/25/1994	    0.56	    0.53	    0.50	    0.56
07/26/1994	    0.53	    0.53	    0.47	    0.53
07/27/1994	    0.50	    0.41	    0.45	    0.50
07/28/1994	    0.47	    0.41	    0.44	    0.47
07/29/1994	    0.45	    0.41	    0.41	    0.45
07/30/1994	    0.44	    0.41	    0.40	    0.44
07/31/1994	    0.41	    0.41	    0.40	    0.41
08/01/1994	    0.40	    0.35	    0.40	    0.40
08/02/1994	    0.41	    0.35	    0.40	    0.39
08/03/1994	    0.89	    0.35	    0.35	    0.38
08/04/1994	    1.30	    0.35	    0.33	    0.36
08/05/1994	    0.35	    0.35	    0.32	    0.35
08/06/1994	    0.33	    0.32	    0.32	    0.33
08/07/1994	    0.32	    0.32	    0.32	    0.32
08/08/1994	    0.32	    0.32	    0.32	    0.32
08/09/1994	    0.33	    0.32	    0.32	    0.33
08/10/1994	    1.80	    0.32	    0.32	    0.40
08/11/1994	    1.30	    0.51	    0.33	    0.45
08/12/1994	    0.51	    0.51	    0.51	    0.51
08/13/1994	    0.57	    0.51	    0.51	    0.55
08/14/1994	    0.60	    0.51	    0.51	    0.60
08/15/1994	    0.62	    0.51	    0.57	    0.62
08/16/1994	    0.68	    0.68	    0.60	    0.68
08/17/1994	    0.76	    0.68	    0.62	    0.75
08/18/1994	    1.50	    0.68	    0.68	    0.82
08/19/1994	    1.30	    0.68	    0.76	    0.88
08/20/1994	    2.10	    0.68	    1.30	    0.95
08/21/1994	    1.38	    1.38	    1.30	    1.03
08/22/1994	    1.43	    1.38	    1.38	    1.11
08/23/1994	    1.44	    1.38	    1.38	    1.21
08/24/1994	    1.42	    1.38	    1.41	    1.30
08/25/1994	    1.41	    1.38	    1.41	    1.41
08/26/1994	    1.63	    1.32	    1.41	    1.37
08/27/1994	    1.44	    1.32	    1.34	    1.34
08/28/1994	    1.41	    1.32	    1.32	    1.31
08/29/1994	    1.34	    1.32	    1.30	    1.28
08/30/1994	    1.32	    1.32	    1.17	    1.24
08/31/1994	    1.30	    1.16	    1.16	    1.21
09/01/1994	    1.17	    1.16	    1.16	    1.17
09/02/1994	    1.16	    1.16	    1.16	    1.16
09/03/1994	    1.50	    1.16	    1.16	    1.12
09/04/1994	    1.27	    1.16	    1.16	    1.08
09/05/1994	    1.23	    1.11	    1.13	    1.05
09/06/1994	    1.20	    1.11	    1.13	    1.02
09/07/1994	    1.13	    1.11	    1.11	    0.98
09/08/1994	    1.16	    1.11	    1.01	    0.95
09/09/1994	    1.11	    1.11	    0.92	    0.92
09/10/1994	    1.01	    0.82	    0.87	    0.89
09/11/1994	    0.92	    0.82	    0.83	    0.86
09/12/1994	    0.87	    0.82	    0.82	    0.84
09/13/1994	    0.83	    0.82	    0.82	    0.81
09/14/1994	    0.82	    0.82	    0.81	    0.78
09/15/1994	    0.82	    0.66	    0.74	    0.76
09/16/1994	    0.81	    0.66	    0.68	    0.73
09/17/1994	    0.74	    0.66	    0.66	    0.71
09/18/1994	    0.68	    0.66	    0.64	    0.68
09/19/1994	    0.66	    0.66	    0.64	    0.66
09/20/1994	    0.64	    0.64	    0.64	    0.64
09/21/1994	    0.67	    0.64	    0.64	    0.64
09/22/1994	    0.81	    0.64	    0.64	    0.64
09/23/1994	    0.87	    0.64	    0.67	    0.64
09/24/1994	    1.11	    0.64	    0.81	    0.64
09/25/1994	   17.00	    1.12	    0.87	    0.64
09/26/1994	    1.80	    1.12	    1.11	    0.64
09/27/1994	    1.16	    1.12	    1.12	    0.64
09/28/1994	    1.13	    1.12	    1.12	    0.64
09/29/1994	    1.12	    1.12	    1.12	    0.64
09/30/1994	    1.17	    1.17	    1.12	    0.64
