DV_date	QTOT	QGW_fixed	QGW_slide	QGW_locmin
10D	12N	12N	12N	12N
10/01/1989	    0.02	    0.02	    0.02	    0.02
10/02/1989	    0.02	    0.02	    0.02	    0.02
10/03/1989	    0.02	    0.02	    0.02	    0.02
10/04/1989	    0.02	    0.02	    0.02	    0.02
10/05/1989	    0.06	    0.02	    0.02	    0.02
10/06/1989	    0.04	    0.02	    0.04	    0.03
10/07/1989	    0.04	    0.04	    0.04	    0.03
10/08/1989	    0.04	    0.04	    0.04	    0.04
10/09/1989	    0.04	    0.04	    0.04	    0.04
10/10/1989	    0.04	    0.04	    0.04	    0.04
10/11/1989	    0.04	    0.04	    0.04	    0.04
10/12/1989	    0.04	    0.04	    0.04	    0.04
10/13/1989	    0.04	    0.04	    0.04	    0.04
10/14/1989	    0.05	    0.04	    0.04	    0.04
10/15/1989	    0.05	    0.04	    0.05	    0.05
10/16/1989	    0.16	    0.08	    0.05	    0.05
10/17/1989	    0.09	    0.08	    0.08	    0.06
10/18/1989	    0.08	    0.08	    0.08	    0.07
10/19/1989	    0.08	    0.08	    0.08	    0.08
10/20/1989	    0.08	    0.08	    0.08	    0.08
10/21/1989	    0.08	    0.08	    0.08	    0.08
10/22/1989	    0.08	    0.08	    0.08	    0.08
10/23/1989	    0.08	    0.08	    0.08	    0.08
10/24/1989	    0.08	    0.08	    0.08	    0.08
10/25/1989	    0.08	    0.07	    0.08	    0.08
10/26/1989	    0.08	    0.07	    0.07	    0.07
10/27/1989	    0.07	    0.07	    0.07	    0.07
10/28/1989	    0.07	    0.07	    0.07	    0.07
10/29/1989	    0.08	    0.07	    0.07	    0.07
10/30/1989	    0.09	    0.07	    0.08	    0.07
10/31/1989	    0.09	    0.09	    0.09	    0.07
11/01/1989	    0.10	    0.09	    0.09	    0.07
11/02/1989	    0.10	    0.09	    0.10	    0.08
11/03/1989	    0.10	    0.10	    0.10	    0.08
11/04/1989	    0.11	    0.10	    0.10	    0.08
11/05/1989	    0.11	    0.10	    0.11	    0.08
11/06/1989	    0.12	    0.12	    0.11	    0.08
11/07/1989	    0.13	    0.12	    0.12	    0.08
11/08/1989	    0.12	    0.12	    0.11	    0.08
11/09/1989	    0.11	    0.10	    0.11	    0.08
11/10/1989	    0.11	    0.10	    0.10	    0.08
11/11/1989	    0.10	    0.10	    0.09	    0.08
11/12/1989	    0.09	    0.09	    0.09	    0.08
11/13/1989	    0.09	    0.09	    0.09	    0.09
11/14/1989	    0.10	    0.09	    0.09	    0.09
11/15/1989	    0.12	    0.12	    0.10	    0.10
11/16/1989	    0.14	    0.12	    0.12	    0.10
11/17/1989	    0.17	    0.12	    0.14	    0.11
11/18/1989	    0.19	    0.19	    0.17	    0.11
11/19/1989	    0.23	    0.19	    0.19	    0.12
11/20/1989	    0.28	    0.19	    0.23	    0.13
11/21/1989	    0.26	    0.22	    0.24	    0.14
11/22/1989	    0.24	    0.22	    0.22	    0.14
11/23/1989	    0.22	    0.22	    0.21	    0.15
11/24/1989	    0.21	    0.18	    0.19	    0.16
11/25/1989	    0.19	    0.18	    0.18	    0.17
11/26/1989	    0.18	    0.18	    0.18	    0.18
11/27/1989	    0.18	    0.12	    0.16	    0.16
11/28/1989	    0.16	    0.12	    0.12	    0.14
11/29/1989	    0.12	    0.12	    0.09	    0.12
11/30/1989	    0.09	    0.05	    0.07	    0.09
12/01/1989	    0.07	    0.05	    0.05	    0.07
12/02/1989	    0.05	    0.05	    0.04	    0.05
12/03/1989	    0.04	    0.03	    0.03	    0.04
12/04/1989	    0.03	    0.03	    0.03	    0.03
12/05/1989	    0.03	    0.03	    0.03	    0.03
12/06/1989	    0.03	    0.03	    0.03	    0.03
12/07/1989	    0.03	    0.03	    0.03	    0.03
12/08/1989	    0.03	    0.03	    0.03	    0.03
12/09/1989	    0.03	    0.03	    0.03	    0.03
12/10/1989	    0.03	    0.03	    0.03	    0.03
12/11/1989	    0.03	    0.03	    0.03	    0.03
12/12/1989	    0.03	    0.03	    0.03	    0.03
12/13/1989	    0.03	    0.03	    0.03	    0.03
12/14/1989	    0.03	    0.03	    0.03	    0.03
12/15/1989	    0.03	    0.02	    0.02	    0.02
12/16/1989	    0.02	    0.02	    0.02	    0.02
12/17/1989	    0.02	    0.02	    0.02	    0.02
12/18/1989	    0.02	    0.02	    0.02	    0.02
12/19/1989	    0.02	    0.02	    0.02	    0.02
12/20/1989	    0.02	    0.02	    0.02	    0.02
12/21/1989	    0.02	    0.02	    0.02	    0.02
12/22/1989	    0.02	    0.02	    0.02	    0.02
12/23/1989	    0.02	    0.02	    0.02	    0.02
12/24/1989	    0.02	    0.02	    0.02	    0.02
12/25/1989	    0.02	    0.02	    0.02	    0.02
12/26/1989	    0.02	    0.02	    0.02	    0.02
12/27/1989	    0.02	    0.02	    0.02	    0.02
12/28/1989	    0.02	    0.02	    0.02	    0.02
12/29/1989	    0.02	    0.02	    0.02	    0.02
12/30/1989	    0.02	    0.02	    0.02	    0.02
12/31/1989	    0.02	    0.02	    0.02	    0.02
01/01/1990	    0.02	    0.02	    0.02	    0.02
01/02/1990	    0.02	    0.02	    0.02	    0.02
01/03/1990	    0.02	    0.02	    0.02	    0.02
01/04/1990	    0.02	    0.02	    0.02	    0.02
01/05/1990	    0.02	    0.01	    0.02	    0.02
01/06/1990	    0.02	    0.01	    0.01	    0.02
01/07/1990	    0.01	    0.01	    0.01	    0.01
01/08/1990	    0.02	    0.02	    0.01	    0.02
01/09/1990	    0.02	    0.02	    0.02	    0.02
01/10/1990	    0.06	    0.02	    0.02	    0.04
01/11/1990	    0.05	    0.05	    0.05	    0.05
01/12/1990	    0.06	    0.05	    0.05	    0.05
01/13/1990	    0.07	    0.05	    0.06	    0.05
01/14/1990	    0.09	    0.09	    0.07	    0.05
01/15/1990	    0.19	    0.09	    0.09	    0.05
01/16/1990	    0.45	    0.09	    0.19	    0.05
01/17/1990	    4.81	    0.10	    0.18	    0.05
01/18/1990	    0.18	    0.10	    0.10	    0.05
01/19/1990	    0.10	    0.10	    0.07	    0.05
01/20/1990	    0.07	    0.05	    0.06	    0.05
01/21/1990	    0.06	    0.05	    0.05	    0.05
01/22/1990	    0.05	    0.05	    0.05	    0.05
01/23/1990	    0.06	    0.06	    0.05	    0.05
01/24/1990	    0.66	    0.06	    0.06	    0.05
01/25/1990	    0.16	    0.06	    0.11	    0.05
01/26/1990	    0.11	    0.08	    0.09	    0.05
01/27/1990	    0.09	    0.08	    0.08	    0.05
01/28/1990	    0.08	    0.08	    0.08	    0.05
01/29/1990	    0.08	    0.06	    0.06	    0.05
01/30/1990	    0.06	    0.06	    0.06	    0.05
01/31/1990	    0.06	    0.06	    0.06	    0.06
02/01/1990	    0.09	    0.06	    0.06	    0.05
02/02/1990	    0.07	    0.06	    0.06	    0.05
02/03/1990	    0.06	    0.06	    0.05	    0.05
02/04/1990	    0.05	    0.05	    0.05	    0.05
02/05/1990	    0.25	    0.05	    0.05	    0.08
02/06/1990	    0.12	    0.05	    0.12	    0.12
02/07/1990	    0.15	    0.13	    0.12	    0.12
02/08/1990	    0.42	    0.13	    0.13	    0.11
02/09/1990	    0.13	    0.13	    0.11	    0.10
02/10/1990	    0.11	    0.09	    0.09	    0.09
02/11/1990	    0.09	    0.09	    0.09	    0.09
02/12/1990	    0.10	    0.09	    0.09	    0.08
02/13/1990	    0.12	    0.09	    0.10	    0.08
02/14/1990	    0.10	    0.09	    0.09	    0.07
02/15/1990	    0.09	    0.09	    0.07	    0.07
02/16/1990	    0.07	    0.06	    0.06	    0.07
02/17/1990	    0.06	    0.06	    0.06	    0.06
02/18/1990	    0.06	    0.06	    0.05	    0.06
02/19/1990	    0.05	    0.05	    0.05	    0.05
02/20/1990	    0.05	    0.05	    0.05	    0.05
02/21/1990	    0.05	    0.05	    0.05	    0.05
02/22/1990	    0.05	    0.05	    0.05	    0.05
02/23/1990	    0.05	    0.05	    0.05	    0.04
02/24/1990	    0.05	    0.05	    0.04	    0.04
02/25/1990	    0.04	    0.02	    0.03	    0.03
02/26/1990	    0.03	    0.02	    0.02	    0.03
02/27/1990	    0.02	    0.02	    0.02	    0.02
02/28/1990	    0.02	    0.02	    0.02	    0.02
03/01/1990	    0.05	    0.02	    0.02	    0.02
03/02/1990	    0.26	    0.02	    0.05	    0.02
03/03/1990	    0.08	    0.02	    0.04	    0.02
03/04/1990	    0.04	    0.02	    0.02	    0.02
03/05/1990	    0.02	    0.02	    0.02	    0.02
03/06/1990	    0.02	    0.02	    0.02	    0.02
03/07/1990	    0.02	    0.02	    0.02	    0.02
03/08/1990	   33.00	    0.02	    0.02	    0.07
03/09/1990	    3.69	    1.25	    1.25	    0.29
03/10/1990	    1.25	    1.25	    1.25	    1.25
03/11/1990	  120.00	    1.25	    0.84	    1.02
03/12/1990	    0.84	    0.84	    0.84	    0.84
03/13/1990	   44.28	    0.84	    0.84	    0.70
03/14/1990	    5.50	    0.84	    0.76	    0.58
03/15/1990	    0.76	    0.26	    0.34	    0.48
03/16/1990	    0.34	    0.26	    0.26	    0.34
03/17/1990	    0.26	    0.26	    0.22	    0.26
03/18/1990	    0.22	    0.18	    0.19	    0.22
03/19/1990	    0.19	    0.18	    0.18	    0.19
03/20/1990	    0.18	    0.18	    0.16	    0.18
03/21/1990	    0.16	    0.16	    0.16	    0.16
03/22/1990	    0.16	    0.16	    0.16	    0.14
03/23/1990	    0.17	    0.16	    0.16	    0.12
03/24/1990	    0.17	    0.13	    0.16	    0.11
03/25/1990	    0.16	    0.13	    0.13	    0.10
03/26/1990	    0.13	    0.13	    0.11	    0.09
03/27/1990	    0.11	    0.07	    0.09	    0.08
03/28/1990	    0.09	    0.07	    0.07	    0.07
03/29/1990	    0.07	    0.07	    0.06	    0.06
03/30/1990	    0.06	    0.04	    0.05	    0.05
03/31/1990	    0.05	    0.04	    0.04	    0.05
04/01/1990	    0.04	    0.04	    0.04	    0.04
04/02/1990	    0.04	    0.03	    0.03	    0.04
04/03/1990	    0.03	    0.03	    0.03	    0.03
04/04/1990	    0.03	    0.03	    0.03	    0.03
04/05/1990	    0.03	    0.03	    0.03	    0.03
04/06/1990	    0.03	    0.03	    0.03	    0.03
04/07/1990	    0.03	    0.03	    0.03	    0.03
04/08/1990	    0.03	    0.03	    0.03	    0.03
04/09/1990	    0.04	    0.03	    0.03	    0.03
04/10/1990	    0.06	    0.03	    0.04	    0.03
04/11/1990	    0.04	    0.03	    0.03	    0.03
04/12/1990	    0.03	    0.03	    0.03	    0.03
04/13/1990	    0.03	    0.03	    0.03	    0.03
04/14/1990	    0.03	    0.02	    0.02	    0.02
04/15/1990	    0.02	    0.02	    0.02	    0.02
04/16/1990	    0.02	    0.02	    0.02	    0.02
04/17/1990	    0.02	    0.01	    0.02	    0.02
04/18/1990	    0.02	    0.01	    0.01	    0.02
04/19/1990	    0.01	    0.01	    0.01	    0.01
04/20/1990	    0.05	    0.01	    0.01	    0.01
04/21/1990	    0.01	    0.01	    0.01	    0.01
04/22/1990	    0.01	    0.01	    0.01	    0.01
04/23/1990	    0.01	    0.01	    0.01	    0.01
04/24/1990	    0.01	    0.01	    0.01	    0.01
04/25/1990	    0.01	    0.01	    0.01	    0.01
04/26/1990	    0.01	    0.01	    0.01	    0.01
04/27/1990	    0.03	    0.01	    0.01	    0.01
04/28/1990	    0.06	    0.01	    0.03	    0.01
04/29/1990	    0.04	    0.01	    0.02	    0.01
04/30/1990	    0.02	    0.01	    0.01	    0.01
05/01/1990	    0.01	    0.01	    0.01	    0.01
05/02/1990	    0.01	    0.01	    0.01	    0.01
05/03/1990	    0.02	    0.01	    0.01	    0.01
05/04/1990	    0.02	    0.01	    0.01	    0.01
05/05/1990	    0.01	    0.01	    0.01	    0.01
05/06/1990	    0.01	    0.01	    0.01	    0.01
05/07/1990	    0.01	    0.01	    0.01	    0.01
05/08/1990	    0.01	    0.01	    0.01	    0.01
05/09/1990	    0.04	    0.01	    0.01	    0.01
05/10/1990	    0.34	    0.01	    0.04	    0.01
05/11/1990	    0.06	    0.01	    0.01	    0.01
05/12/1990	    0.01	    0.01	    0.01	    0.01
05/13/1990	    0.01	    0.01	    0.01	    0.01
05/14/1990	    0.01	    0.01	    0.01	    0.01
05/15/1990	    0.01	    0.01	    0.01	    0.01
05/16/1990	    0.04	    0.01	    0.01	    0.01
05/17/1990	    0.01	    0.01	    0.01	    0.01
05/18/1990	    0.01	    0.01	    0.01	    0.01
05/19/1990	    0.18	    0.01	    0.01	    0.01
05/20/1990	    0.18	    0.01	    0.01	    0.01
05/21/1990	    0.01	    0.01	    0.01	    0.01
05/22/1990	    0.01	    0.01	    0.01	    0.00
05/23/1990	    0.01	    0.00	    0.01	    0.00
05/24/1990	    0.01	    0.00	    0.00	    0.00
05/25/1990	    0.00	    0.00	    0.00	    0.00
05/26/1990	    0.00	    0.00	    0.00	    0.00
05/27/1990	    0.00	    0.00	    0.00	    0.00
05/28/1990	    0.00	    0.00	    0.00	    0.00
05/29/1990	    0.00	    0.00	    0.00	    0.00
05/30/1990	    0.00	    0.00	    0.00	    0.00
05/31/1990	    0.00	    0.00	    0.00	    0.00
06/01/1990	    0.00	    0.00	    0.00	    0.00
06/02/1990	   34.59	    0.00	    0.00	    0.01
06/03/1990	    0.67	    0.00	    0.02	    0.01
06/04/1990	    0.02	    0.01	    0.01	    0.01
06/05/1990	    0.01	    0.01	    0.01	    0.01
06/06/1990	    0.01	    0.01	    0.01	    0.01
06/07/1990	    0.01	    0.01	    0.01	    0.01
06/08/1990	    0.01	    0.01	    0.01	    0.01
06/09/1990	    0.01	    0.01	    0.01	    0.01
06/10/1990	    0.01	    0.01	    0.01	    0.01
06/11/1990	    0.01	    0.01	    0.01	    0.01
06/12/1990	    0.01	    0.01	    0.01	    0.01
06/13/1990	    0.01	    0.01	    0.01	    0.01
06/14/1990	    0.01	    0.01	    0.01	    0.01
06/15/1990	    0.01	    0.01	    0.01	    0.01
06/16/1990	    0.02	    0.02	    0.01	    0.01
06/17/1990	    0.02	    0.02	    0.02	    0.02
06/18/1990	    0.02	    0.02	    0.02	    0.02
06/19/1990	    0.02	    0.02	    0.02	    0.02
06/20/1990	    0.02	    0.02	    0.02	    0.02
06/21/1990	    0.02	    0.02	    0.02	    0.02
06/22/1990	    0.34	    0.06	    0.02	    0.03
06/23/1990	    0.08	    0.06	    0.06	    0.04
06/24/1990	    0.06	    0.06	    0.06	    0.05
06/25/1990	    0.06	    0.05	    0.06	    0.06
06/26/1990	    0.06	    0.05	    0.05	    0.05
06/27/1990	    0.05	    0.05	    0.05	    0.05
06/28/1990	    6.88	    0.26	    0.05	    0.04
06/29/1990	  243.26	    0.26	    0.26	    0.04
06/30/1990	    0.26	    0.26	    0.11	    0.04
07/01/1990	    0.11	    0.06	    0.07	    0.03
07/02/1990	    0.07	    0.06	    0.06	    0.03
07/03/1990	    0.06	    0.06	    0.05	    0.03
07/04/1990	    0.05	    0.04	    0.05	    0.03
07/05/1990	    0.05	    0.04	    0.04	    0.02
07/06/1990	    0.04	    0.04	    0.04	    0.02
07/07/1990	    0.04	    0.04	    0.04	    0.02
07/08/1990	    0.04	    0.04	    0.04	    0.02
07/09/1990	    0.04	    0.04	    0.03	    0.02
07/10/1990	    0.03	    0.02	    0.03	    0.01
07/11/1990	    0.03	    0.02	    0.02	    0.01
07/12/1990	    0.02	    0.02	    0.02	    0.01
07/13/1990	    0.02	    0.01	    0.01	    0.01
07/14/1990	    0.01	    0.01	    0.01	    0.01
07/15/1990	    0.01	    0.01	    0.01	    0.01
07/16/1990	    0.01	    0.01	    0.01	    0.01
07/17/1990	    0.01	    0.01	    0.01	    0.01
07/18/1990	    0.01	    0.01	    0.01	    0.01
07/19/1990	    0.01	    0.01	    0.01	    0.01
07/20/1990	    0.02	    0.01	    0.01	    0.01
07/21/1990	    0.02	    0.01	    0.02	    0.02
07/22/1990	    0.03	    0.03	    0.02	    0.02
07/23/1990	    0.03	    0.03	    0.03	    0.02
07/24/1990	    0.03	    0.03	    0.03	    0.02
07/25/1990	    0.03	    0.02	    0.02	    0.02
07/26/1990	    0.02	    0.02	    0.02	    0.02
07/27/1990	    0.03	    0.02	    0.02	    0.02
07/28/1990	    0.02	    0.02	    0.02	    0.02
07/29/1990	    0.03	    0.02	    0.02	    0.02
07/30/1990	    0.02	    0.02	    0.01	    0.02
07/31/1990	    0.01	    0.01	    0.01	    0.01
08/01/1990	    0.01	    0.01	    0.01	    0.01
08/02/1990	    0.01	    0.01	    0.01	    0.01
08/03/1990	    0.01	    0.01	    0.01	    0.01
08/04/1990	    0.01	    0.01	    0.01	    0.01
08/05/1990	    0.01	    0.01	    0.01	    0.01
08/06/1990	    0.01	    0.01	    0.01	    0.01
08/07/1990	    0.01	    0.01	    0.01	    0.01
08/08/1990	    0.01	    0.01	    0.01	    0.01
08/09/1990	    0.01	    0.01	    0.01	    0.01
08/10/1990	    0.01	    0.01	    0.01	    0.01
08/11/1990	    0.01	    0.01	    0.01	    0.01
08/12/1990	    0.02	    0.02	    0.01	    0.01
08/13/1990	    0.02	    0.02	    0.02	    0.01
08/14/1990	    0.02	    0.02	    0.02	    0.02
08/15/1990	    0.02	    0.02	    0.02	    0.01
08/16/1990	    0.02	    0.02	    0.02	    0.01
08/17/1990	    0.13	    0.02	    0.02	    0.01
08/18/1990	    0.22	    0.22	    0.13	    0.01
08/19/1990	    0.31	    0.22	    0.22	    0.01
08/20/1990	    0.96	    0.22	    0.03	    0.01
08/21/1990	    0.03	    0.00	    0.01	    0.01
08/22/1990	    0.01	    0.00	    0.00	    0.00
08/23/1990	    0.00	    0.00	    0.00	    0.00
08/24/1990	    0.00	    0.00	    0.00	    0.00
08/25/1990	    0.00	    0.00	    0.00	    0.00
08/26/1990	    0.00	    0.00	    0.00	    0.00
08/27/1990	    0.00	    0.00	    0.00	    0.00
08/28/1990	    0.00	    0.00	    0.00	    0.00
08/29/1990	    0.00	    0.00	    0.00	    0.00
08/30/1990	    0.00	    0.00	    0.00	    0.00
08/31/1990	    0.00	    0.00	    0.00	    0.00
09/01/1990	    0.00	    0.00	    0.00	    0.00
09/02/1990	    0.00	    0.00	    0.00	    0.00
09/03/1990	    0.00	    0.00	    0.00	    0.00
09/04/1990	    0.00	    0.00	    0.00	    0.00
09/05/1990	    0.00	    0.00	    0.00	    0.00
09/06/1990	    0.00	    0.00	    0.00	    0.00
09/07/1990	    0.00	    0.00	    0.00	    0.00
09/08/1990	    0.00	    0.00	    0.00	    0.00
09/09/1990	    0.00	    0.00	    0.00	    0.00
09/10/1990	    0.01	    0.00	    0.00	    0.00
09/11/1990	    0.01	    0.01	    0.01	    0.00
09/12/1990	    0.01	    0.01	    0.01	    0.01
09/13/1990	    0.01	    0.01	    0.01	    0.01
09/14/1990	    0.01	    0.01	    0.01	    0.01
09/15/1990	    0.01	    0.01	    0.01	    0.01
09/16/1990	    0.01	    0.01	    0.01	    0.01
09/17/1990	    0.01	    0.01	    0.01	    0.01
09/18/1990	    0.01	    0.01	    0.01	    0.01
09/19/1990	    0.02	    0.01	    0.01	    0.01
09/20/1990	    0.02	    0.02	    0.02	    0.01
09/21/1990	    0.03	    0.02	    0.02	    0.01
09/22/1990	    0.02	    0.02	    0.02	    0.01
09/23/1990	    0.02	    0.02	    0.02	    0.02
09/24/1990	    0.02	    0.02	    0.02	    0.02
09/25/1990	    0.02	    0.02	    0.02	    0.02
09/26/1990	    0.02	    0.01	    0.01	    0.01
09/27/1990	    0.01	    0.01	    0.01	    0.01
09/28/1990	    0.01	    0.01	    0.01	    0.01
09/29/1990	    0.01	    0.01	    0.01	    0.01
09/30/1990	    0.01	    0.01	    0.01	    0.01
10/01/1990	    0.01	    0.01	    0.01	    0.01
10/02/1990	    0.01	    0.01	    0.01	    0.01
10/03/1990	    0.03	    0.01	    0.01	    0.01
10/04/1990	    0.03	    0.01	    0.02	    0.01
10/05/1990	    0.02	    0.02	    0.02	    0.02
10/06/1990	    0.02	    0.02	    0.02	    0.02
10/07/1990	    0.02	    0.02	    0.02	    0.02
10/08/1990	    0.02	    0.02	    0.02	    0.02
10/09/1990	    0.03	    0.02	    0.02	    0.02
10/10/1990	    0.05	    0.02	    0.03	    0.03
10/11/1990	    0.05	    0.04	    0.05	    0.03
10/12/1990	    0.05	    0.04	    0.04	    0.03
10/13/1990	    0.04	    0.04	    0.04	    0.04
10/14/1990	    0.04	    0.04	    0.04	    0.03
10/15/1990	    0.04	    0.04	    0.04	    0.03
10/16/1990	    0.04	    0.04	    0.03	    0.03
10/17/1990	    0.03	    0.03	    0.03	    0.03
10/18/1990	    0.04	    0.03	    0.03	    0.03
10/19/1990	    0.04	    0.03	    0.03	    0.03
10/20/1990	    0.03	    0.03	    0.03	    0.03
10/21/1990	    0.03	    0.03	    0.03	    0.02
10/22/1990	    0.03	    0.03	    0.03	    0.02
10/23/1990	    0.03	    0.02	    0.02	    0.02
10/24/1990	    0.02	    0.02	    0.02	    0.02
10/25/1990	    0.02	    0.02	    0.02	    0.02
10/26/1990	    0.02	    0.02	    0.02	    0.02
10/27/1990	    0.02	    0.02	    0.02	    0.02
10/28/1990	    0.02	    0.02	    0.02	    0.01
10/29/1990	    0.02	    0.01	    0.02	    0.01
10/30/1990	    0.02	    0.01	    0.01	    0.01
10/31/1990	    0.01	    0.01	    0.01	    0.01
11/01/1990	    0.01	    0.01	    0.01	    0.01
11/02/1990	    0.01	    0.01	    0.01	    0.01
11/03/1990	    0.01	    0.01	    0.01	    0.01
11/04/1990	    0.01	    0.01	    0.01	    0.01
11/05/1990	    0.01	    0.01	    0.01	    0.01
11/06/1990	    0.01	    0.01	    0.01	    0.01
11/07/1990	    0.01	    0.01	    0.01	    0.01
11/08/1990	    0.01	    0.01	    0.01	    0.01
11/09/1990	    0.01	    0.01	    0.01	    0.01
11/10/1990	    0.01	    0.01	    0.01	    0.01
11/11/1990	    0.01	    0.01	    0.01	    0.01
11/12/1990	    0.01	    0.01	    0.01	    0.01
11/13/1990	    0.01	    0.01	    0.01	    0.01
11/14/1990	    0.01	    0.01	    0.01	    0.01
11/15/1990	    0.01	    0.01	    0.01	    0.01
11/16/1990	    0.01	    0.01	    0.01	    0.01
11/17/1990	    0.01	    0.01	    0.01	    0.01
11/18/1990	    0.01	    0.01	    0.01	    0.01
11/19/1990	    0.01	    0.01	    0.01	    0.01
11/20/1990	    0.01	    0.01	    0.01	    0.01
11/21/1990	    0.02	    0.01	    0.01	    0.02
11/22/1990	    0.02	    0.02	    0.02	    0.02
11/23/1990	    0.02	    0.02	    0.02	    0.02
11/24/1990	    0.02	    0.02	    0.02	    0.02
11/25/1990	    0.02	    0.02	    0.02	    0.02
11/26/1990	    0.02	    0.02	    0.02	    0.02
11/27/1990	    0.03	    0.02	    0.02	    0.02
11/28/1990	    0.02	    0.02	    0.02	    0.02
11/29/1990	    0.02	    0.02	    0.02	    0.02
11/30/1990	    0.02	    0.02	    0.02	    0.02
12/01/1990	    0.02	    0.02	    0.02	    0.02
12/02/1990	    0.02	    0.02	    0.02	    0.02
12/03/1990	    0.02	    0.02	    0.01	    0.01
12/04/1990	    0.01	    0.01	    0.01	    0.01
12/05/1990	    0.01	    0.01	    0.01	    0.01
12/06/1990	    0.01	    0.01	    0.01	    0.01
12/07/1990	    0.02	    0.02	    0.01	    0.01
12/08/1990	    0.02	    0.02	    0.02	    0.01
12/09/1990	    0.02	    0.02	    0.02	    0.01
12/10/1990	    0.02	    0.02	    0.02	    0.02
12/11/1990	    0.03	    0.02	    0.02	    0.02
12/12/1990	    0.03	    0.02	    0.03	    0.02
12/13/1990	    0.04	    0.03	    0.03	    0.02
12/14/1990	    0.03	    0.03	    0.03	    0.03
12/15/1990	    0.03	    0.03	    0.03	    0.03
12/16/1990	    0.03	    0.03	    0.03	    0.02
12/17/1990	    0.03	    0.03	    0.03	    0.02
12/18/1990	    0.03	    0.03	    0.03	    0.02
12/19/1990	    0.03	    0.02	    0.02	    0.01
12/20/1990	    0.02	    0.02	    0.02	    0.01
12/21/1990	    0.02	    0.02	    0.01	    0.01
12/22/1990	    0.01	    0.01	    0.01	    0.01
12/23/1990	    0.01	    0.01	    0.01	    0.01
12/24/1990	    0.01	    0.01	    0.00	    0.00
12/25/1990	    0.00	    0.00	    0.00	    0.00
12/26/1990	    0.00	    0.00	    0.00	    0.00
12/27/1990	    0.00	    0.00	    0.00	    0.00
12/28/1990	    0.00	    0.00	    0.00	    0.00
12/29/1990	    0.00	    0.00	    0.00	    0.00
12/30/1990	    0.00	    0.00	    0.00	    0.00
12/31/1990	    0.00	    0.00	    0.00	    0.00
01/01/1991	    0.00	    0.00	    0.00	    0.00
01/02/1991	    0.00	    0.00	    0.00	    0.00
01/03/1991	    0.00	    0.00	    0.00	    0.00
01/04/1991	    0.00	    0.00	    0.00	    0.00
01/05/1991	    0.00	    0.00	    0.00	    0.00
01/06/1991	    0.00	    0.00	    0.00	    0.00
01/07/1991	    0.00	    0.00	    0.00	    0.00
01/08/1991	    0.00	    0.00	    0.00	    0.00
01/09/1991	    0.00	    0.00	    0.00	    0.00
01/10/1991	    0.00	    0.00	    0.00	    0.00
01/11/1991	    0.00	    0.00	    0.00	    0.00
01/12/1991	    0.00	    0.00	    0.00	    0.00
01/13/1991	    0.00	    0.00	    0.00	    0.00
01/14/1991	    0.00	    0.00	    0.00	    0.00
01/15/1991	    0.00	    0.00	    0.00	    0.00
01/16/1991	    0.00	    0.00	    0.00	    0.00
01/17/1991	    0.00	    0.00	    0.00	    0.00
01/18/1991	    0.00	    0.00	    0.00	    0.00
01/19/1991	    0.00	    0.00	    0.00	    0.00
01/20/1991	    0.00	    0.00	    0.00	    0.00
01/21/1991	    0.00	    0.00	    0.00	    0.00
01/22/1991	    0.00	    0.00	    0.00	    0.00
01/23/1991	    0.00	    0.00	    0.00	    0.00
01/24/1991	    0.00	    0.00	    0.00	    0.00
01/25/1991	    0.00	    0.00	    0.00	    0.00
01/26/1991	    0.00	    0.00	    0.00	    0.00
01/27/1991	    0.00	    0.00	    0.00	    0.00
01/28/1991	    0.00	    0.00	    0.00	    0.00
01/29/1991	    0.00	    0.00	    0.00	    0.00
01/30/1991	    0.00	    0.00	    0.00	    0.00
01/31/1991	    0.00	    0.00	    0.00	    0.00
02/01/1991	    0.00	    0.00	    0.00	    0.00
02/02/1991	    0.00	    0.00	    0.00	    0.00
02/03/1991	    0.00	    0.00	    0.00	    0.00
02/04/1991	    0.00	    0.00	    0.00	    0.00
02/05/1991	    0.00	    0.00	    0.00	    0.00
02/06/1991	    0.00	    0.00	    0.00	    0.00
02/07/1991	    0.00	    0.00	    0.00	    0.00
02/08/1991	    0.00	    0.00	    0.00	    0.00
02/09/1991	    0.01	    0.00	    0.00	    0.00
02/10/1991	    0.00	    0.00	    0.00	    0.00
02/11/1991	    0.00	    0.00	    0.00	    0.00
02/12/1991	    0.00	    0.00	    0.00	    0.00
02/13/1991	    0.00	    0.00	    0.00	    0.00
02/14/1991	    0.00	    0.00	    0.00	    0.00
02/15/1991	    0.00	    0.00	    0.00	    0.00
02/16/1991	    0.00	    0.00	    0.00	    0.00
02/17/1991	    0.00	    0.00	    0.00	    0.00
02/18/1991	    0.00	    0.00	    0.00	    0.00
02/19/1991	    0.00	    0.00	    0.00	    0.00
02/20/1991	    0.00	    0.00	    0.00	    0.00
02/21/1991	    0.01	    0.00	    0.00	    0.00
02/22/1991	    0.04	    0.00	    0.01	    0.00
02/23/1991	    0.02	    0.01	    0.02	    0.00
02/24/1991	    0.02	    0.01	    0.01	    0.00
02/25/1991	    0.01	    0.01	    0.01	    0.01
02/26/1991	    0.01	    0.01	    0.01	    0.01
02/27/1991	    0.01	    0.01	    0.01	    0.01
02/28/1991	    0.01	    0.01	    0.01	    0.01
03/01/1991	    0.11	    0.11	    0.01	    0.02
03/02/1991	    0.76	    0.11	    0.11	    0.03
03/03/1991	    0.23	    0.11	    0.15	    0.05
03/04/1991	    0.15	    0.13	    0.13	    0.08
03/05/1991	    0.13	    0.13	    0.13	    0.13
03/06/1991	    0.17	    0.13	    0.06	    0.11
03/07/1991	    0.06	    0.04	    0.05	    0.06
03/08/1991	    0.05	    0.04	    0.04	    0.05
03/09/1991	    0.04	    0.04	    0.04	    0.04
03/10/1991	    0.04	    0.03	    0.03	    0.04
03/11/1991	    0.03	    0.03	    0.03	    0.03
03/12/1991	    0.03	    0.03	    0.03	    0.03
03/13/1991	    0.03	    0.02	    0.02	    0.03
03/14/1991	    0.02	    0.02	    0.02	    0.02
03/15/1991	    0.02	    0.02	    0.02	    0.02
03/16/1991	    0.02	    0.02	    0.02	    0.02
03/17/1991	    0.03	    0.02	    0.02	    0.03
03/18/1991	    0.06	    0.02	    0.03	    0.03
03/19/1991	    0.04	    0.03	    0.03	    0.03
03/20/1991	    0.03	    0.03	    0.03	    0.03
03/21/1991	    0.06	    0.03	    0.03	    0.05
03/22/1991	    0.38	    0.36	    0.06	    0.06
03/23/1991	    1.69	    0.36	    0.36	    0.08
03/24/1991	    0.36	    0.36	    0.22	    0.11
03/25/1991	    0.22	    0.19	    0.19	    0.14
03/26/1991	    0.19	    0.19	    0.19	    0.19
03/27/1991	    0.41	    0.19	    0.19	    0.15
03/28/1991	    0.22	    0.10	    0.16	    0.12
03/29/1991	    0.16	    0.10	    0.10	    0.09
03/30/1991	    0.10	    0.10	    0.07	    0.07
03/31/1991	    0.07	    0.03	    0.05	    0.06
04/01/1991	    0.05	    0.03	    0.03	    0.04
04/02/1991	    0.03	    0.03	    0.03	    0.03
04/03/1991	    0.03	    0.02	    0.02	    0.03
04/04/1991	    0.02	    0.02	    0.02	    0.02
04/05/1991	    0.02	    0.02	    0.01	    0.02
04/06/1991	    0.01	    0.01	    0.01	    0.01
04/07/1991	    0.01	    0.01	    0.01	    0.01
04/08/1991	    0.02	    0.01	    0.01	    0.01
04/09/1991	    1.60	    0.03	    0.02	    0.02
04/10/1991	    0.61	    0.03	    0.03	    0.02
04/11/1991	    0.03	    0.03	    0.03	    0.03
04/12/1991	    4.13	    4.13	    0.03	    0.03
04/13/1991	    4.45	    4.13	    4.13	    0.03
04/14/1991	    4.21	    4.13	    0.37	    0.03
04/15/1991	    0.37	    0.10	    0.14	    0.03
04/16/1991	    0.14	    0.10	    0.10	    0.03
04/17/1991	    0.10	    0.10	    0.08	    0.03
04/18/1991	    0.08	    0.04	    0.06	    0.03
04/19/1991	    0.06	    0.04	    0.04	    0.03
04/20/1991	    0.04	    0.04	    0.03	    0.03
04/21/1991	    0.03	    0.03	    0.03	    0.03
04/22/1991	    0.03	    0.03	    0.03	    0.03
04/23/1991	    0.03	    0.03	    0.02	    0.02
04/24/1991	    0.02	    0.02	    0.02	    0.02
04/25/1991	    0.02	    0.02	    0.02	    0.02
04/26/1991	    0.02	    0.02	    0.02	    0.02
04/27/1991	    0.02	    0.02	    0.02	    0.02
04/28/1991	    0.44	    0.02	    0.02	    0.02
04/29/1991	    7.34	    0.02	    0.14	    0.02
04/30/1991	    0.14	    0.04	    0.05	    0.02
05/01/1991	    0.05	    0.04	    0.04	    0.02
05/02/1991	    0.04	    0.04	    0.03	    0.02
05/03/1991	    0.03	    0.02	    0.02	    0.02
05/04/1991	    0.02	    0.02	    0.02	    0.02
05/05/1991	    3.35	    0.02	    0.02	    0.02
05/06/1991	    0.36	    0.06	    0.08	    0.02
05/07/1991	    0.08	    0.06	    0.06	    0.02
05/08/1991	    0.06	    0.06	    0.04	    0.02
05/09/1991	    0.04	    0.02	    0.03	    0.01
05/10/1991	    0.03	    0.02	    0.02	    0.01
05/11/1991	    0.02	    0.02	    0.02	    0.01
05/12/1991	    0.02	    0.01	    0.02	    0.01
05/13/1991	    0.02	    0.01	    0.01	    0.01
05/14/1991	    0.01	    0.01	    0.01	    0.01
05/15/1991	    0.01	    0.01	    0.01	    0.01
05/16/1991	    0.01	    0.01	    0.01	    0.01
05/17/1991	    0.01	    0.01	    0.01	    0.01
05/18/1991	    0.02	    0.00	    0.01	    0.01
05/19/1991	    0.01	    0.00	    0.00	    0.01
05/20/1991	    0.00	    0.00	    0.00	    0.00
05/21/1991	    0.01	    0.00	    0.00	    0.00
05/22/1991	    0.00	    0.00	    0.00	    0.00
05/23/1991	    0.00	    0.00	    0.00	    0.00
05/24/1991	    0.01	    0.01	    0.00	    0.01
05/25/1991	    0.01	    0.01	    0.01	    0.01
05/26/1991	    0.01	    0.01	    0.01	    0.01
05/27/1991	    0.01	    0.01	    0.01	    0.01
05/28/1991	    0.01	    0.01	    0.01	    0.01
05/29/1991	    0.02	    0.01	    0.01	    0.01
05/30/1991	    0.03	    0.03	    0.02	    0.01
05/31/1991	    0.03	    0.03	    0.03	    0.01
06/01/1991	    0.03	    0.03	    0.03	    0.01
06/02/1991	    0.04	    0.04	    0.03	    0.01
06/03/1991	    0.04	    0.04	    0.04	    0.01
06/04/1991	    0.04	    0.04	    0.03	    0.01
06/05/1991	    0.03	    0.02	    0.02	    0.01
06/06/1991	    0.02	    0.02	    0.02	    0.01
06/07/1991	    0.02	    0.02	    0.01	    0.01
06/08/1991	    0.01	    0.01	    0.01	    0.01
06/09/1991	    0.01	    0.01	    0.01	    0.01
06/10/1991	    0.01	    0.01	    0.01	    0.01
06/11/1991	    0.01	    0.00	    0.00	    0.00
06/12/1991	    0.00	    0.00	    0.00	    0.00
06/13/1991	    0.00	    0.00	    0.00	    0.00
06/14/1991	    0.01	    0.01	    0.00	    0.00
06/15/1991	    0.21	    0.01	    0.01	    0.01
06/16/1991	    0.06	    0.01	    0.02	    0.01
06/17/1991	    0.02	    0.02	    0.02	    0.01
06/18/1991	    0.02	    0.02	    0.02	    0.01
06/19/1991	    0.02	    0.02	    0.01	    0.01
06/20/1991	    0.01	    0.01	    0.01	    0.01
06/21/1991	    0.01	    0.01	    0.01	    0.01
06/22/1991	    0.30	    0.01	    0.01	    0.01
06/23/1991	    0.02	    0.01	    0.01	    0.01
06/24/1991	    0.01	    0.01	    0.01	    0.01
06/25/1991	    0.01	    0.01	    0.01	    0.00
06/26/1991	    0.01	    0.00	    0.01	    0.00
06/27/1991	    0.01	    0.00	    0.00	    0.00
06/28/1991	    0.00	    0.00	    0.00	    0.00
06/29/1991	    0.00	    0.00	    0.00	    0.00
06/30/1991	    0.00	    0.00	    0.00	    0.00
07/01/1991	    0.03	    0.00	    0.00	    0.00
07/02/1991	    1.64	    0.01	    0.02	    0.00
07/03/1991	    0.02	    0.01	    0.01	    0.00
07/04/1991	    0.01	    0.01	    0.01	    0.00
07/05/1991	    0.01	    0.01	    0.01	    0.01
07/06/1991	    0.01	    0.01	    0.01	    0.01
07/07/1991	    0.84	    0.01	    0.01	    0.01
07/08/1991	    3.79	    0.01	    0.02	    0.01
07/09/1991	    0.02	    0.01	    0.01	    0.00
07/10/1991	    0.01	    0.01	    0.01	    0.00
07/11/1991	    0.01	    0.00	    0.00	    0.00
07/12/1991	    0.00	    0.00	    0.00	    0.00
07/13/1991	    0.00	    0.00	    0.00	    0.00
07/14/1991	    0.00	    0.00	    0.00	    0.00
07/15/1991	    0.00	    0.00	    0.00	    0.00
07/16/1991	    0.00	    0.00	    0.00	    0.00
07/17/1991	    0.00	    0.00	    0.00	    0.00
07/18/1991	    0.00	    0.00	    0.00	    0.00
07/19/1991	    0.00	    0.00	    0.00	    0.00
07/20/1991	    0.00	    0.00	    0.00	    0.00
07/21/1991	    0.01	    0.00	    0.00	    0.01
07/22/1991	    0.01	    0.00	    0.00	    0.01
07/23/1991	    0.00	    0.00	    0.00	    0.00
07/24/1991	    0.00	    0.00	    0.00	    0.00
07/25/1991	    0.00	    0.00	    0.00	    0.00
07/26/1991	    0.00	    0.00	    0.00	    0.00
07/27/1991	    0.00	    0.00	    0.00	    0.00
07/28/1991	    0.01	    0.00	    0.00	    0.01
07/29/1991	    0.01	    0.00	    0.00	    0.01
07/30/1991	    0.00	    0.00	    0.00	    0.00
07/31/1991	    0.00	    0.00	    0.00	    0.00
08/01/1991	    0.00	    0.00	    0.00	    0.00
08/02/1991	    0.00	    0.00	    0.00	    0.00
08/03/1991	    0.00	    0.00	    0.00	    0.00
08/04/1991	    0.00	    0.00	    0.00	    0.00
08/05/1991	    0.00	    0.00	    0.00	    0.00
08/06/1991	    0.00	    0.00	    0.00	    0.00
08/07/1991	    0.01	    0.01	    0.00	    0.01
08/08/1991	    1.24	    0.01	    0.01	    0.01
08/09/1991	    0.14	    0.01	    0.04	    0.01
08/10/1991	    0.04	    0.02	    0.02	    0.01
08/11/1991	    0.02	    0.02	    0.02	    0.01
08/12/1991	    0.02	    0.02	    0.01	    0.01
08/13/1991	    0.01	    0.01	    0.01	    0.01
08/14/1991	    0.01	    0.01	    0.01	    0.01
08/15/1991	    0.01	    0.01	    0.01	    0.01
08/16/1991	    0.01	    0.00	    0.01	    0.01
08/17/1991	    0.01	    0.00	    0.00	    0.01
08/18/1991	    0.00	    0.00	    0.00	    0.00
08/19/1991	    0.00	    0.00	    0.00	    0.00
08/20/1991	    0.00	    0.00	    0.00	    0.00
08/21/1991	    0.00	    0.00	    0.00	    0.00
08/22/1991	    0.00	    0.00	    0.00	    0.00
08/23/1991	    0.00	    0.00	    0.00	    0.00
08/24/1991	    0.00	    0.00	    0.00	    0.00
08/25/1991	    0.00	    0.00	    0.00	    0.00
08/26/1991	    0.00	    0.00	    0.00	    0.00
08/27/1991	    0.00	    0.00	    0.00	    0.00
08/28/1991	    0.00	    0.00	    0.00	    0.00
08/29/1991	    0.00	    0.00	    0.00	    0.00
08/30/1991	    0.00	    0.00	    0.00	    0.00
08/31/1991	    0.00	    0.00	    0.00	    0.00
09/01/1991	    0.00	    0.00	    0.00	    0.00
09/02/1991	    0.00	    0.00	    0.00	    0.00
09/03/1991	    0.00	    0.00	    0.00	    0.00
09/04/1991	    0.00	    0.00	    0.00	    0.00
09/05/1991	    0.00	    0.00	    0.00	    0.00
09/06/1991	    0.00	    0.00	    0.00	    0.00
09/07/1991	    0.00	    0.00	    0.00	    0.00
09/08/1991	    0.00	    0.00	    0.00	    0.00
09/09/1991	    0.00	    0.00	    0.00	    0.00
09/10/1991	    0.00	    0.00	    0.00	    0.00
09/11/1991	    0.00	    0.00	    0.00	    0.00
09/12/1991	    0.01	    0.00	    0.00	    0.00
09/13/1991	    0.00	    0.00	    0.00	    0.00
09/14/1991	    0.01	    0.00	    0.00	    0.00
09/15/1991	    0.03	    0.01	    0.01	    0.01
09/16/1991	    0.02	    0.01	    0.01	    0.01
09/17/1991	    0.01	    0.01	    0.01	    0.01
09/18/1991	    0.01	    0.01	    0.01	    0.01
09/19/1991	    0.01	    0.01	    0.01	    0.01
09/20/1991	    0.01	    0.01	    0.00	    0.01
09/21/1991	    0.00	    0.00	    0.00	    0.00
09/22/1991	    0.00	    0.00	    0.00	    0.00
09/23/1991	    0.01	    0.00	    0.00	    0.00
09/24/1991	    0.00	    0.00	    0.00	    0.00
09/25/1991	    0.00	    0.00	    0.00	    0.00
09/26/1991	    0.00	    0.00	    0.00	    0.00
09/27/1991	    0.00	    0.00	    0.00	    0.00
09/28/1991	    0.00	    0.00	    0.00	    0.00
09/29/1991	    0.00	    0.00	    0.00	    0.00
09/30/1991	    0.00	    0.00	    0.00	    0.00
10/01/1999	    0.18	    0.00	    0.00	    0.02
10/02/1999	    0.19	    0.00	    0.18	    0.07
10/03/1999	    0.18	    0.18	    0.18	    0.18
10/04/1999	    0.20	    0.18	    0.18	    0.18
10/05/1999	    0.19	    0.18	    0.18	    0.18
10/06/1999	    0.18	    0.18	    0.18	    0.18
10/07/1999	    0.18	    0.18	    0.18	    0.18
10/08/1999	    0.18	    0.18	    0.18	    0.18
10/09/1999	    0.18	    0.18	    0.18	    0.18
10/10/1999	    0.18	    0.18	    0.18	    0.18
10/11/1999	    0.18	    0.18	    0.18	    0.18
10/12/1999	    0.18	    0.18	    0.18	    0.18
10/13/1999	    0.18	    0.18	    0.18	    0.18
10/14/1999	    0.19	    0.18	    0.18	    0.19
10/15/1999	    0.20	    0.20	    0.19	    0.20
10/16/1999	    0.22	    0.20	    0.20	    0.21
10/17/1999	    0.22	    0.20	    0.22	    0.22
10/18/1999	    0.23	    0.23	    0.22	    0.22
10/19/1999	    0.23	    0.23	    0.23	    0.23
10/20/1999	    0.24	    0.23	    0.23	    0.23
10/21/1999	    0.26	    0.26	    0.24	    0.24
10/22/1999	    0.27	    0.26	    0.26	    0.24
10/23/1999	    0.28	    0.26	    0.27	    0.25
10/24/1999	    0.30	    0.30	    0.28	    0.25
10/25/1999	    0.31	    0.30	    0.30	    0.26
10/26/1999	    0.33	    0.30	    0.31	    0.27
10/27/1999	    0.35	    0.35	    0.33	    0.27
10/28/1999	    0.37	    0.35	    0.35	    0.28
10/29/1999	    0.38	    0.35	    0.37	    0.28
10/30/1999	    0.41	    0.41	    0.38	    0.29
10/31/1999	    0.43	    0.41	    0.41	    0.30
11/01/1999	    0.45	    0.41	    0.43	    0.30
11/02/1999	    0.45	    0.45	    0.45	    0.31
11/03/1999	    0.48	    0.45	    0.45	    0.32
11/04/1999	    0.50	    0.45	    0.48	    0.32
11/05/1999	    0.53	    0.53	    0.50	    0.33
11/06/1999	    0.53	    0.53	    0.53	    0.34
11/07/1999	    0.56	    0.53	    0.53	    0.35
11/08/1999	    0.59	    0.59	    0.56	    0.35
11/09/1999	    0.65	    0.59	    0.59	    0.36
11/10/1999	    0.73	    0.59	    0.41	    0.37
11/11/1999	    0.41	    0.38	    0.38	    0.38
11/12/1999	    0.38	    0.38	    0.38	    0.38
11/13/1999	    0.41	    0.38	    0.38	    0.37
11/14/1999	    0.43	    0.43	    0.41	    0.36
11/15/1999	    0.46	    0.43	    0.43	    0.34
11/16/1999	    0.48	    0.43	    0.46	    0.33
11/17/1999	    0.51	    0.51	    0.48	    0.32
11/18/1999	    0.54	    0.51	    0.51	    0.31
11/19/1999	    0.57	    0.51	    0.54	    0.30
11/20/1999	    0.60	    0.60	    0.57	    0.29
11/21/1999	    0.63	    0.60	    0.60	    0.28
11/22/1999	    0.68	    0.60	    0.63	    0.27
11/23/1999	    0.92	    0.23	    0.32	    0.26
11/24/1999	    0.32	    0.23	    0.23	    0.25
11/25/1999	    0.23	    0.23	    0.22	    0.23
11/26/1999	    0.22	    0.20	    0.21	    0.22
11/27/1999	    0.21	    0.20	    0.20	    0.21
11/28/1999	    0.20	    0.20	    0.19	    0.20
11/29/1999	    0.19	    0.19	    0.19	    0.19
11/30/1999	    0.19	    0.19	    0.19	    0.19
12/01/1999	    0.19	    0.19	    0.19	    0.19
12/02/1999	    0.19	    0.19	    0.19	    0.19
12/03/1999	    0.20	    0.19	    0.19	    0.19
12/04/1999	    0.21	    0.19	    0.20	    0.18
12/05/1999	    0.20	    0.19	    0.19	    0.18
12/06/1999	    0.19	    0.19	    0.19	    0.18
12/07/1999	    0.19	    0.19	    0.18	    0.18
12/08/1999	    0.18	    0.18	    0.18	    0.18
12/09/1999	    0.18	    0.18	    0.18	    0.18
12/10/1999	    0.18	    0.18	    0.17	    0.17
12/11/1999	    0.17	    0.16	    0.17	    0.17
12/12/1999	    0.17	    0.16	    0.16	    0.17
12/13/1999	    0.16	    0.16	    0.16	    0.16
12/14/1999	    0.16	    0.15	    0.16	    0.16
12/15/1999	    0.16	    0.15	    0.15	    0.16
12/16/1999	    0.15	    0.15	    0.15	    0.15
12/17/1999	    0.16	    0.15	    0.15	    0.15
12/18/1999	    0.15	    0.15	    0.15	    0.15
12/19/1999	    0.15	    0.15	    0.14	    0.15
12/20/1999	    0.14	    0.14	    0.14	    0.14
12/21/1999	    0.14	    0.14	    0.14	    0.14
12/22/1999	    0.14	    0.14	    0.13	    0.14
12/23/1999	    0.13	    0.13	    0.13	    0.13
12/24/1999	    0.13	    0.13	    0.13	    0.13
12/25/1999	    0.14	    0.13	    0.13	    0.14
12/26/1999	    0.14	    0.14	    0.14	    0.14
12/27/1999	    0.14	    0.14	    0.14	    0.14
12/28/1999	    0.14	    0.14	    0.14	    0.14
12/29/1999	    0.15	    0.14	    0.14	    0.14
12/30/1999	    0.14	    0.14	    0.14	    0.14
12/31/1999	    0.14	    0.14	    0.14	    0.14
01/01/2000	    0.14	    0.14	    0.14	    0.14
01/02/2000	    0.16	    0.14	    0.14	    0.15
01/03/2000	    0.16	    0.14	    0.16	    0.15
01/04/2000	    0.16	    0.16	    0.16	    0.15
01/05/2000	    0.16	    0.16	    0.16	    0.16
01/06/2000	    0.16	    0.16	    0.16	    0.16
01/07/2000	    0.16	    0.16	    0.16	    0.16
01/08/2000	    0.16	    0.16	    0.16	    0.16
01/09/2000	    0.16	    0.16	    0.16	    0.16
01/10/2000	    0.20	    0.17	    0.16	    0.16
01/11/2000	    0.19	    0.17	    0.17	    0.16
01/12/2000	    0.17	    0.17	    0.16	    0.16
01/13/2000	    0.16	    0.16	    0.16	    0.16
01/14/2000	    0.17	    0.16	    0.16	    0.16
01/15/2000	    0.17	    0.16	    0.17	    0.16
01/16/2000	    0.17	    0.16	    0.17	    0.16
01/17/2000	    0.17	    0.16	    0.16	    0.16
01/18/2000	    0.16	    0.16	    0.16	    0.16
01/19/2000	    0.16	    0.16	    0.16	    0.16
01/20/2000	    0.16	    0.16	    0.16	    0.16
01/21/2000	    0.16	    0.16	    0.16	    0.16
01/22/2000	    0.17	    0.17	    0.16	    0.16
01/23/2000	    0.17	    0.17	    0.17	    0.16
01/24/2000	    0.17	    0.17	    0.17	    0.16
01/25/2000	    0.17	    0.17	    0.17	    0.16
01/26/2000	    0.17	    0.17	    0.17	    0.17
01/27/2000	    0.17	    0.17	    0.17	    0.17
01/28/2000	    0.17	    0.17	    0.17	    0.17
01/29/2000	    0.18	    0.17	    0.17	    0.17
01/30/2000	    0.18	    0.17	    0.18	    0.17
01/31/2000	    0.18	    0.18	    0.18	    0.18
02/01/2000	    0.18	    0.18	    0.18	    0.18
02/02/2000	    0.18	    0.18	    0.18	    0.18
02/03/2000	    0.19	    0.19	    0.18	    0.18
02/04/2000	    0.19	    0.19	    0.19	    0.19
02/05/2000	    0.19	    0.19	    0.19	    0.19
02/06/2000	    0.19	    0.19	    0.19	    0.19
02/07/2000	    0.19	    0.19	    0.19	    0.19
02/08/2000	    0.20	    0.19	    0.19	    0.19
02/09/2000	    0.21	    0.21	    0.20	    0.19
02/10/2000	    0.21	    0.21	    0.21	    0.20
02/11/2000	    0.21	    0.21	    0.21	    0.20
02/12/2000	    0.22	    0.21	    0.21	    0.20
02/13/2000	    0.22	    0.21	    0.21	    0.20
02/14/2000	    0.21	    0.21	    0.21	    0.21
02/15/2000	    0.21	    0.21	    0.21	    0.21
02/16/2000	    0.22	    0.21	    0.21	    0.22
02/17/2000	    0.23	    0.21	    0.22	    0.23
02/18/2000	    0.24	    0.24	    0.23	    0.24
02/19/2000	    0.24	    0.24	    0.24	    0.24
02/20/2000	    0.24	    0.24	    0.24	    0.24
02/21/2000	    0.25	    0.25	    0.24	    0.25
02/22/2000	    1.86	    0.25	    0.25	    1.20
02/23/2000	   37.45	    0.25	    1.86	    1.54
02/24/2000	    3.50	    2.54	    2.54	    1.98
02/25/2000	    2.54	    2.54	    2.54	    2.54
02/26/2000	    5.25	    2.54	    0.68	    1.89
02/27/2000	    0.68	    0.31	    0.37	    0.68
02/28/2000	    0.37	    0.31	    0.31	    0.37
02/29/2000	    0.31	    0.31	    0.27	    0.31
03/01/2000	    0.27	    0.18	    0.21	    0.27
03/02/2000	    0.21	    0.18	    0.18	    0.21
03/03/2000	    0.18	    0.18	    0.16	    0.18
03/04/2000	    0.16	    0.14	    0.14	    0.16
03/05/2000	    0.14	    0.14	    0.14	    0.14
03/06/2000	    0.14	    0.14	    0.14	    0.14
03/07/2000	    0.14	    0.14	    0.14	    0.14
03/08/2000	    0.16	    0.14	    0.14	    0.14
03/09/2000	    0.18	    0.14	    0.16	    0.14
03/10/2000	    0.16	    0.16	    0.16	    0.15
03/11/2000	    0.16	    0.16	    0.16	    0.15
03/12/2000	    0.16	    0.16	    0.16	    0.16
03/13/2000	    0.17	    0.17	    0.16	    0.16
03/14/2000	    0.17	    0.17	    0.17	    0.17
03/15/2000	    0.18	    0.17	    0.17	    0.17
03/16/2000	    0.19	    0.19	    0.18	    0.18
03/17/2000	    0.19	    0.19	    0.19	    0.19
03/18/2000	    0.19	    0.19	    0.19	    0.19
03/19/2000	    0.19	    0.19	    0.19	    0.19
03/20/2000	    0.22	    0.19	    0.19	    0.19
03/21/2000	    0.23	    0.19	    0.22	    0.20
03/22/2000	    0.22	    0.20	    0.20	    0.20
03/23/2000	    0.20	    0.20	    0.20	    0.20
03/24/2000	    0.21	    0.20	    0.20	    0.20
03/25/2000	    0.21	    0.21	    0.21	    0.20
03/26/2000	    0.21	    0.21	    0.21	    0.20
03/27/2000	    0.22	    0.21	    0.21	    0.19
03/28/2000	    0.21	    0.19	    0.20	    0.19
03/29/2000	    0.20	    0.19	    0.19	    0.19
03/30/2000	    0.19	    0.19	    0.18	    0.19
03/31/2000	    0.18	    0.18	    0.18	    0.18
04/01/2000	    0.19	    0.18	    0.18	    0.18
04/02/2000	    0.18	    0.18	    0.18	    0.18
04/03/2000	    0.19	    0.19	    0.18	    0.19
04/04/2000	    0.19	    0.19	    0.19	    0.19
04/05/2000	    0.21	    0.19	    0.19	    0.21
04/06/2000	    0.21	    0.21	    0.21	    0.21
04/07/2000	    0.22	    0.21	    0.21	    0.22
04/08/2000	    0.25	    0.21	    0.22	    0.25
04/09/2000	    0.30	    0.30	    0.25	    0.28
04/10/2000	    0.32	    0.30	    0.30	    0.30
04/11/2000	    0.32	    0.30	    0.32	    0.32
04/12/2000	    0.34	    0.34	    0.32	    0.33
04/13/2000	    0.36	    0.34	    0.34	    0.35
04/14/2000	    0.39	    0.34	    0.36	    0.36
04/15/2000	    0.42	    0.42	    0.39	    0.38
04/16/2000	    0.46	    0.42	    0.42	    0.40
04/17/2000	    0.50	    0.42	    0.46	    0.42
04/18/2000	    0.54	    0.54	    0.50	    0.44
04/19/2000	    0.92	    0.54	    0.54	    0.46
04/20/2000	    4.59	    0.54	    0.92	    0.49
04/21/2000	    1.66	    0.53	    0.53	    0.51
04/22/2000	    0.53	    0.53	    0.53	    0.53
04/23/2000	    1.17	    0.53	    0.50	    0.47
04/24/2000	    0.50	    0.30	    0.36	    0.41
04/25/2000	    0.36	    0.30	    0.30	    0.36
04/26/2000	    0.30	    0.30	    0.26	    0.30
04/27/2000	    0.26	    0.21	    0.23	    0.26
04/28/2000	    0.23	    0.21	    0.21	    0.23
04/29/2000	    0.21	    0.21	    0.18	    0.21
04/30/2000	    0.18	    0.13	    0.16	    0.18
05/01/2000	    0.16	    0.13	    0.13	    0.16
05/02/2000	    0.13	    0.13	    0.12	    0.13
05/03/2000	    0.12	    0.11	    0.11	    0.12
05/04/2000	    0.11	    0.11	    0.11	    0.11
05/05/2000	    0.12	    0.11	    0.11	    0.12
05/06/2000	    0.14	    0.14	    0.12	    0.13
05/07/2000	    0.17	    0.14	    0.14	    0.15
05/08/2000	    0.21	    0.14	    0.17	    0.16
05/09/2000	    0.26	    0.26	    0.21	    0.18
05/10/2000	    0.32	    0.26	    0.26	    0.19
05/11/2000	    0.39	    0.26	    0.32	    0.21
05/12/2000	    0.50	    0.50	    0.39	    0.23
05/13/2000	    0.60	    0.50	    0.50	    0.26
05/14/2000	    0.71	    0.50	    0.60	    0.28
05/15/2000	    0.86	    0.86	    0.71	    0.31
05/16/2000	    1.06	    0.86	    0.86	    0.34
05/17/2000	    3.06	    0.86	    1.06	    0.38
05/18/2000	  257.91	    3.65	    3.06	    0.41
05/19/2000	   12.75	    3.65	    3.65	    0.45
05/20/2000	    3.65	    3.65	    2.28	    0.50
05/21/2000	    2.28	    1.49	    1.83	    0.55
05/22/2000	    1.83	    1.49	    1.49	    0.60
05/23/2000	    1.49	    1.49	    1.22	    0.66
05/24/2000	    1.22	    0.88	    1.02	    0.73
05/25/2000	    1.02	    0.88	    0.88	    0.80
05/26/2000	    0.88	    0.88	    0.88	    0.88
05/27/2000	    0.93	    0.93	    0.88	    0.93
05/28/2000	    2.30	    0.93	    0.93	    0.98
05/29/2000	    1.03	    0.93	    1.03	    1.03
05/30/2000	    1.13	    1.13	    1.03	    1.10
05/31/2000	  274.79	    1.13	    1.13	    1.17
06/01/2000	  457.04	    1.13	  109.96	    1.25
06/02/2000	  109.96	    1.51	    2.42	    1.33
06/03/2000	    2.42	    1.51	    1.51	    1.42
06/04/2000	    1.51	    1.51	    1.51	    1.51
06/05/2000	    5.65	    1.79	    1.51	    1.55
06/06/2000	    2.28	    1.79	    1.79	    1.58
06/07/2000	    1.79	    1.79	    1.76	    1.62
06/08/2000	    1.76	    1.74	    1.75	    1.66
06/09/2000	    1.75	    1.74	    1.74	    1.70
06/10/2000	    1.74	    1.74	    1.74	    1.74
06/11/2000	    1.79	    1.79	    1.74	    1.66
06/12/2000	    1.90	    1.79	    1.79	    1.59
06/13/2000	   39.76	    1.79	    1.90	    1.52
06/14/2000	   25.68	    1.46	    1.99	    1.45
06/15/2000	    1.99	    1.46	    1.46	    1.39
06/16/2000	    1.46	    1.46	    1.24	    1.33
06/17/2000	    1.24	    1.16	    1.19	    1.24
06/18/2000	    1.19	    1.16	    1.16	    1.19
06/19/2000	    1.16	    1.16	    1.16	    1.16
06/20/2000	    1.77	    1.24	    1.16	    1.16
06/21/2000	    1.36	    1.24	    1.24	    1.17
06/22/2000	    1.24	    1.24	    1.18	    1.17
06/23/2000	    1.18	    1.18	    1.18	    1.18
06/24/2000	    1.27	    1.18	    1.18	    1.21
06/25/2000	    1.37	    1.18	    1.27	    1.23
06/26/2000	    1.30	    1.29	    1.29	    1.26
06/27/2000	    1.29	    1.29	    1.29	    1.29
06/28/2000	    1.36	    1.29	    1.29	    1.28
06/29/2000	    1.35	    1.26	    1.27	    1.27
06/30/2000	    1.27	    1.26	    1.26	    1.27
07/01/2000	    1.26	    1.26	    1.26	    1.26
07/02/2000	    8.78	    2.73	    1.26	    0.98
07/03/2000	   18.70	    2.73	    2.73	    0.76
07/04/2000	    2.73	    2.73	    1.49	    0.59
07/05/2000	    1.49	    0.47	    0.82	    0.46
07/06/2000	    0.82	    0.47	    0.47	    0.35
07/07/2000	    0.47	    0.47	    0.27	    0.27
07/08/2000	    0.27	    0.17	    0.17	    0.21
07/09/2000	    0.17	    0.17	    0.17	    0.16
07/10/2000	    0.52	    0.17	    0.17	    0.17
07/11/2000	    1.00	    0.82	    0.52	    0.17
07/12/2000	    0.90	    0.82	    0.82	    0.17
07/13/2000	    0.82	    0.82	    0.73	    0.17
07/14/2000	    0.73	    0.62	    0.66	    0.17
07/15/2000	    0.66	    0.62	    0.62	    0.17
07/16/2000	    0.62	    0.62	    0.57	    0.17
07/17/2000	    0.57	    0.51	    0.53	    0.18
07/18/2000	    0.53	    0.51	    0.51	    0.18
07/19/2000	    0.51	    0.51	    0.48	    0.18
07/20/2000	    0.48	    0.43	    0.45	    0.18
07/21/2000	    0.45	    0.43	    0.43	    0.18
07/22/2000	    0.43	    0.43	    0.40	    0.18
07/23/2000	    0.40	    0.34	    0.38	    0.19
07/24/2000	    0.38	    0.34	    0.34	    0.19
07/25/2000	    0.34	    0.34	    0.32	    0.19
07/26/2000	    0.32	    0.29	    0.30	    0.19
07/27/2000	    0.30	    0.29	    0.29	    0.19
07/28/2000	    0.29	    0.29	    0.28	    0.19
07/29/2000	    0.28	    0.26	    0.27	    0.19
07/30/2000	    0.27	    0.26	    0.26	    0.20
07/31/2000	    0.26	    0.26	    0.24	    0.20
08/01/2000	    0.24	    0.22	    0.23	    0.20
08/02/2000	    0.23	    0.22	    0.22	    0.20
08/03/2000	    0.22	    0.22	    0.20	    0.20
08/04/2000	    0.20	    0.20	    0.20	    0.20
08/05/2000	    0.40	    0.20	    0.20	    0.19
08/06/2000	    0.40	    0.20	    0.22	    0.19
08/07/2000	    0.22	    0.18	    0.19	    0.18
08/08/2000	    0.19	    0.18	    0.18	    0.17
08/09/2000	    0.18	    0.18	    0.16	    0.16
08/10/2000	    0.16	    0.14	    0.14	    0.15
08/11/2000	    0.14	    0.14	    0.14	    0.14
08/12/2000	    0.14	    0.14	    0.14	    0.14
08/13/2000	    0.14	    0.12	    0.13	    0.13
08/14/2000	    0.13	    0.12	    0.12	    0.12
08/15/2000	    0.12	    0.12	    0.11	    0.11
08/16/2000	    0.11	    0.11	    0.11	    0.11
08/17/2000	    0.15	    0.11	    0.11	    0.12
08/18/2000	    0.14	    0.11	    0.13	    0.12
08/19/2000	    0.13	    0.13	    0.13	    0.13
08/20/2000	    0.14	    0.13	    0.13	    0.13
08/21/2000	    0.13	    0.13	    0.13	    0.13
08/22/2000	    0.14	    0.12	    0.13	    0.13
08/23/2000	    0.14	    0.12	    0.12	    0.13
08/24/2000	    0.12	    0.12	    0.12	    0.12
08/25/2000	    0.12	    0.12	    0.12	    0.12
08/26/2000	    1.10	    0.12	    0.12	    0.13
08/27/2000	    0.20	    0.12	    0.17	    0.14
08/28/2000	    0.17	    0.17	    0.17	    0.16
08/29/2000	    0.17	    0.17	    0.17	    0.17
08/30/2000	    0.17	    0.17	    0.17	    0.17
08/31/2000	    0.18	    0.18	    0.17	    0.18
09/01/2000	    0.18	    0.18	    0.18	    0.18
09/02/2000	    0.18	    0.18	    0.18	    0.18
09/03/2000	    0.21	    0.21	    0.18	    0.19
09/04/2000	    0.21	    0.21	    0.21	    0.20
09/05/2000	    0.21	    0.21	    0.21	    0.21
09/06/2000	    0.22	    0.22	    0.21	    0.21
09/07/2000	    0.26	    0.22	    0.22	    0.21
09/08/2000	    0.33	    0.22	    0.26	    0.22
09/09/2000	    0.42	    0.42	    0.33	    0.22
09/10/2000	    0.55	    0.42	    0.42	    0.23
09/11/2000	    1.58	    0.42	    0.55	    0.23
09/12/2000	    0.60	    0.27	    0.29	    0.24
09/13/2000	    0.29	    0.27	    0.27	    0.24
09/14/2000	    0.27	    0.27	    0.26	    0.25
09/15/2000	    0.26	    0.25	    0.25	    0.25
09/16/2000	    0.25	    0.25	    0.25	    0.25
09/17/2000	    0.26	    0.25	    0.25	    0.26
09/18/2000	    0.26	    0.26	    0.26	    0.26
09/19/2000	    0.30	    0.26	    0.26	    0.28
09/20/2000	    0.45	    0.26	    0.30	    0.30
09/21/2000	    0.32	    0.32	    0.32	    0.32
09/22/2000	    0.55	    0.32	    0.32	    0.33
09/23/2000	    0.77	    0.32	    0.48	    0.33
09/24/2000	    0.48	    0.42	    0.44	    0.34
09/25/2000	    0.44	    0.42	    0.42	    0.35
09/26/2000	    0.42	    0.42	    0.40	    0.35
09/27/2000	    0.40	    0.38	    0.38	    0.36
09/28/2000	    0.38	    0.38	    0.38	    0.37
09/29/2000	    0.38	    0.38	    0.38	    0.38
09/30/2000	    0.38	    0.23	    0.23	    0.29
10/01/2000	    0.23	    0.23	    0.23	    0.23
10/02/2000	    0.26	    0.23	    0.23	    0.25
10/03/2000	    0.27	    0.27	    0.26	    0.27
10/04/2000	    0.34	    0.27	    0.27	    0.32
10/05/2000	    0.39	    0.27	    0.34	    0.36
10/06/2000	    0.47	    0.47	    0.39	    0.40
10/07/2000	    0.54	    0.47	    0.47	    0.44
10/08/2000	    0.62	    0.47	    0.54	    0.50
10/09/2000	    0.67	    0.67	    0.62	    0.56
10/10/2000	    0.80	    0.67	    0.67	    0.62
10/11/2000	    0.78	    0.67	    0.78	    0.69
10/12/2000	    0.78	    0.78	    0.78	    0.78
10/13/2000	    0.78	    0.78	    0.78	    0.78
10/14/2000	    0.79	    0.78	    0.77	    0.77
10/15/2000	    0.77	    0.75	    0.77	    0.77
10/16/2000	    0.78	    0.75	    0.75	    0.76
10/17/2000	    0.75	    0.75	    0.73	    0.74
10/18/2000	    0.73	    0.73	    0.73	    0.73
10/19/2000	    0.76	    0.73	    0.73	    0.74
10/20/2000	    0.81	    0.73	    0.76	    0.76
10/21/2000	    0.80	    0.79	    0.79	    0.77
10/22/2000	    0.79	    0.79	    0.79	    0.79
10/23/2000	    0.82	    0.79	    0.79	    0.77
10/24/2000	    0.83	    0.76	    0.78	    0.75
10/25/2000	    0.78	    0.76	    0.76	    0.74
10/26/2000	    0.76	    0.76	    0.72	    0.72
10/27/2000	    0.72	    0.67	    0.70	    0.70
10/28/2000	    0.70	    0.67	    0.67	    0.69
10/29/2000	    0.67	    0.67	    0.67	    0.67
10/30/2000	    0.68	    0.67	    0.67	    0.67
10/31/2000	    0.68	    0.67	    0.67	    0.67
11/01/2000	    0.67	    0.67	    0.67	    0.67
11/02/2000	    0.67	    0.66	    0.67	    0.67
11/03/2000	    0.67	    0.66	    0.66	    0.66
11/04/2000	    0.66	    0.66	    0.65	    0.66
11/05/2000	    0.65	    0.65	    0.65	    0.65
11/06/2000	    0.71	    0.65	    0.65	    0.65
11/07/2000	    0.87	    0.65	    0.71	    0.64
11/08/2000	    0.73	    0.67	    0.68	    0.64
11/09/2000	    0.68	    0.67	    0.67	    0.64
11/10/2000	    0.67	    0.67	    0.65	    0.63
11/11/2000	    0.65	    0.63	    0.64	    0.63
11/12/2000	    0.64	    0.63	    0.63	    0.62
11/13/2000	    0.63	    0.63	    0.62	    0.62
11/14/2000	    0.62	    0.61	    0.62	    0.61
11/15/2000	    0.62	    0.61	    0.61	    0.61
11/16/2000	    0.61	    0.61	    0.61	    0.61
11/17/2000	    0.61	    0.58	    0.61	    0.59
11/18/2000	    0.61	    0.58	    0.58	    0.57
11/19/2000	    0.58	    0.58	    0.54	    0.55
11/20/2000	    0.54	    0.49	    0.51	    0.53
11/21/2000	    0.51	    0.49	    0.49	    0.51
11/22/2000	    0.49	    0.49	    0.47	    0.49
11/23/2000	    0.47	    0.44	    0.46	    0.47
11/24/2000	    0.46	    0.44	    0.44	    0.46
11/25/2000	    0.44	    0.44	    0.43	    0.44
11/26/2000	    0.43	    0.41	    0.42	    0.43
11/27/2000	    0.42	    0.41	    0.41	    0.42
11/28/2000	    0.41	    0.41	    0.41	    0.41
11/29/2000	    0.45	    0.44	    0.41	    0.40
11/30/2000	    0.45	    0.44	    0.44	    0.39
12/01/2000	    0.44	    0.44	    0.42	    0.38
12/02/2000	    0.42	    0.38	    0.40	    0.37
12/03/2000	    0.40	    0.38	    0.38	    0.36
12/04/2000	    0.38	    0.38	    0.36	    0.34
12/05/2000	    0.36	    0.33	    0.34	    0.33
12/06/2000	    0.34	    0.33	    0.33	    0.32
12/07/2000	    0.33	    0.33	    0.32	    0.32
12/08/2000	    0.32	    0.30	    0.31	    0.31
12/09/2000	    0.31	    0.30	    0.30	    0.30
12/10/2000	    0.30	    0.30	    0.28	    0.29
12/11/2000	    0.28	    0.27	    0.28	    0.28
12/12/2000	    0.28	    0.27	    0.27	    0.27
12/13/2000	    0.27	    0.27	    0.26	    0.26
12/14/2000	    0.26	    0.24	    0.26	    0.26
12/15/2000	    0.26	    0.24	    0.24	    0.25
12/16/2000	    0.24	    0.24	    0.23	    0.24
12/17/2000	    0.23	    0.23	    0.23	    0.23
12/18/2000	    0.24	    0.23	    0.23	    0.23
12/19/2000	    0.23	    0.23	    0.23	    0.22
12/20/2000	    0.23	    0.21	    0.22	    0.22
12/21/2000	    0.22	    0.21	    0.21	    0.22
12/22/2000	    0.21	    0.21	    0.21	    0.21
12/23/2000	    0.21	    0.20	    0.20	    0.21
12/24/2000	    0.20	    0.20	    0.20	    0.20
12/25/2000	    0.20	    0.20	    0.19	    0.20
12/26/2000	    0.19	    0.19	    0.19	    0.19
12/27/2000	    0.21	    0.19	    0.19	    0.19
12/28/2000	    0.25	    0.19	    0.21	    0.19
12/29/2000	    0.23	    0.18	    0.19	    0.19
12/30/2000	    0.19	    0.18	    0.18	    0.18
12/31/2000	    0.18	    0.18	    0.18	    0.18
01/01/2001	    0.18	    0.18	    0.18	    0.18
01/02/2001	    0.18	    0.18	    0.18	    0.18
01/03/2001	    0.23	    0.18	    0.18	    0.18
01/04/2001	    0.22	    0.20	    0.20	    0.19
01/05/2001	    0.20	    0.20	    0.20	    0.19
01/06/2001	    0.20	    0.20	    0.20	    0.20
01/07/2001	    0.20	    0.19	    0.19	    0.19
01/08/2001	    0.19	    0.19	    0.19	    0.19
01/09/2001	    0.19	    0.19	    0.19	    0.19
01/10/2001	    0.19	    0.19	    0.19	    0.19
01/11/2001	    0.20	    0.19	    0.19	    0.19
01/12/2001	    0.20	    0.19	    0.20	    0.20
01/13/2001	    0.20	    0.20	    0.20	    0.20
01/14/2001	    0.20	    0.20	    0.20	    0.20
01/15/2001	    0.20	    0.20	    0.20	    0.20
01/16/2001	    0.20	    0.20	    0.20	    0.20
01/17/2001	    0.20	    0.20	    0.20	    0.20
01/18/2001	    0.20	    0.20	    0.20	    0.20
01/19/2001	    0.21	    0.21	    0.20	    0.21
01/20/2001	    0.22	    0.21	    0.21	    0.22
01/21/2001	    0.22	    0.21	    0.22	    0.22
01/22/2001	    0.23	    0.23	    0.22	    0.23
01/23/2001	    0.25	    0.23	    0.23	    0.25
01/24/2001	    0.26	    0.23	    0.25	    0.26
01/25/2001	    0.26	    0.26	    0.26	    0.26
01/26/2001	    0.26	    0.26	    0.26	    0.26
01/27/2001	    0.27	    0.26	    0.26	    0.27
01/28/2001	    0.28	    0.28	    0.27	    0.28
01/29/2001	    0.33	    0.28	    0.28	    0.33
01/30/2001	    0.53	    0.28	    0.33	    0.35
01/31/2001	    0.47	    0.44	    0.45	    0.37
02/01/2001	    0.45	    0.44	    0.44	    0.39
02/02/2001	    0.44	    0.44	    0.43	    0.41
02/03/2001	    0.43	    0.43	    0.43	    0.43
02/04/2001	    0.43	    0.43	    0.43	    0.43
02/05/2001	    0.43	    0.43	    0.43	    0.43
02/06/2001	    0.45	    0.43	    0.43	    0.43
02/07/2001	    0.43	    0.43	    0.43	    0.43
02/08/2001	    0.47	    0.43	    0.43	    0.43
02/09/2001	    1.26	    0.69	    0.47	    0.42
02/10/2001	    0.89	    0.69	    0.69	    0.42
02/11/2001	    0.69	    0.69	    0.56	    0.41
02/12/2001	    0.56	    0.49	    0.51	    0.41
02/13/2001	    0.51	    0.49	    0.49	    0.41
02/14/2001	    0.49	    0.49	    0.47	    0.40
02/15/2001	    0.47	    0.43	    0.45	    0.40
02/16/2001	    0.45	    0.43	    0.43	    0.40
02/17/2001	    0.43	    0.43	    0.43	    0.39
02/18/2001	    0.43	    0.41	    0.41	    0.39
02/19/2001	    0.41	    0.41	    0.41	    0.39
02/20/2001	    0.41	    0.41	    0.39	    0.38
02/21/2001	    0.39	    0.39	    0.39	    0.38
02/22/2001	    0.39	    0.39	    0.39	    0.38
02/23/2001	    0.39	    0.39	    0.37	    0.37
02/24/2001	    0.37	    0.37	    0.37	    0.37
02/25/2001	    0.60	    0.37	    0.37	    0.37
02/26/2001	    0.53	    0.37	    0.40	    0.36
02/27/2001	    0.40	    0.35	    0.38	    0.36
02/28/2001	    0.38	    0.35	    0.35	    0.35
03/01/2001	    0.35	    0.35	    0.35	    0.35
03/02/2001	    0.35	    0.35	    0.35	    0.35
03/03/2001	    0.43	    0.35	    0.35	    0.36
03/04/2001	    0.46	    0.35	    0.41	    0.36
03/05/2001	    0.41	    0.39	    0.39	    0.37
03/06/2001	    0.39	    0.39	    0.39	    0.37
03/07/2001	    0.39	    0.39	    0.38	    0.38
03/08/2001	    0.38	    0.38	    0.38	    0.38
03/09/2001	    0.38	    0.38	    0.38	    0.38
03/10/2001	    0.38	    0.38	    0.38	    0.38
03/11/2001	    0.39	    0.39	    0.38	    0.39
03/12/2001	    0.47	    0.39	    0.39	    0.46
03/13/2001	    0.79	    0.39	    0.47	    0.51
03/14/2001	    0.56	    0.56	    0.56	    0.56
03/15/2001	    0.57	    0.56	    0.56	    0.53
03/16/2001	    0.57	    0.56	    0.49	    0.51
03/17/2001	    0.49	    0.49	    0.49	    0.49
03/18/2001	    0.60	    0.49	    0.49	    0.47
03/19/2001	    0.65	    0.49	    0.60	    0.46
03/20/2001	    0.72	    0.72	    0.65	    0.44
03/21/2001	    1.20	    0.72	    0.72	    0.43
03/22/2001	    1.10	    0.72	    0.57	    0.41
03/23/2001	    0.57	    0.38	    0.45	    0.40
03/24/2001	    0.45	    0.38	    0.38	    0.39
03/25/2001	    0.38	    0.38	    0.35	    0.37
03/26/2001	    0.35	    0.34	    0.34	    0.35
03/27/2001	    0.34	    0.34	    0.34	    0.34
03/28/2001	    0.34	    0.34	    0.34	    0.34
03/29/2001	    0.34	    0.34	    0.34	    0.34
03/30/2001	    0.34	    0.34	    0.34	    0.34
03/31/2001	    0.37	    0.34	    0.34	    0.34
04/01/2001	    0.39	    0.34	    0.35	    0.34
04/02/2001	    0.35	    0.34	    0.34	    0.34
04/03/2001	    0.34	    0.34	    0.33	    0.33
04/04/2001	    0.33	    0.33	    0.33	    0.33
04/05/2001	    0.38	    0.33	    0.33	    0.34
04/06/2001	    0.40	    0.33	    0.38	    0.35
04/07/2001	    0.39	    0.37	    0.37	    0.36
04/08/2001	    0.37	    0.37	    0.37	    0.37
04/09/2001	    0.79	    0.37	    0.37	    0.41
04/10/2001	    0.46	    0.46	    0.46	    0.46
04/11/2001	    0.81	    0.46	    0.46	    0.44
04/12/2001	    0.62	    0.46	    0.44	    0.42
04/13/2001	    0.44	    0.38	    0.40	    0.40
04/14/2001	    0.40	    0.38	    0.38	    0.38
04/15/2001	    0.38	    0.38	    0.36	    0.36
04/16/2001	    0.36	    0.32	    0.34	    0.35
04/17/2001	    0.34	    0.32	    0.32	    0.33
04/18/2001	    0.32	    0.32	    0.30	    0.32
04/19/2001	    0.30	    0.30	    0.30	    0.30
04/20/2001	    0.43	    0.30	    0.30	    0.31
04/21/2001	    0.52	    0.30	    0.38	    0.31
04/22/2001	    0.38	    0.34	    0.36	    0.32
04/23/2001	    0.36	    0.34	    0.34	    0.32
04/24/2001	    0.34	    0.34	    0.33	    0.32
04/25/2001	    0.33	    0.31	    0.33	    0.33
04/26/2001	    0.33	    0.31	    0.31	    0.31
04/27/2001	    0.31	    0.31	    0.29	    0.30
04/28/2001	    0.29	    0.29	    0.29	    0.29
04/29/2001	    0.29	    0.29	    0.29	    0.29
04/30/2001	    0.29	    0.29	    0.29	    0.29
05/01/2001	    0.31	    0.29	    0.29	    0.29
05/02/2001	    0.30	    0.29	    0.29	    0.29
05/03/2001	    0.29	    0.29	    0.29	    0.29
05/04/2001	    0.31	    0.29	    0.29	    0.29
05/05/2001	    0.29	    0.29	    0.29	    0.29
05/06/2001	    0.29	    0.29	    0.29	    0.29
05/07/2001	    0.34	    0.29	    0.29	    0.29
05/08/2001	    0.30	    0.29	    0.29	    0.29
05/09/2001	    0.29	    0.29	    0.29	    0.29
05/10/2001	    0.32	    0.32	    0.29	    0.29
05/11/2001	    0.41	    0.32	    0.32	    0.29
05/12/2001	    0.34	    0.32	    0.32	    0.30
05/13/2001	    0.32	    0.30	    0.30	    0.30
05/14/2001	    0.30	    0.30	    0.30	    0.30
05/15/2001	    0.31	    0.30	    0.29	    0.29
05/16/2001	    0.29	    0.25	    0.25	    0.28
05/17/2001	    0.25	    0.25	    0.25	    0.25
05/18/2001	    0.25	    0.25	    0.24	    0.25
05/19/2001	    0.24	    0.24	    0.24	    0.24
05/20/2001	    0.24	    0.24	    0.24	    0.24
05/21/2001	    1.54	    0.24	    0.24	    0.24
05/22/2001	    0.62	    0.39	    0.57	    0.24
05/23/2001	    0.57	    0.39	    0.39	    0.24
05/24/2001	    0.39	    0.39	    0.33	    0.23
05/25/2001	    0.33	    0.27	    0.30	    0.23
05/26/2001	    0.30	    0.27	    0.27	    0.23
05/27/2001	    0.27	    0.27	    0.25	    0.23
05/28/2001	    0.25	    0.23	    0.23	    0.23
05/29/2001	    0.23	    0.23	    0.23	    0.23
05/30/2001	    0.23	    0.23	    0.23	    0.23
05/31/2001	    0.23	    0.23	    0.23	    0.23
06/01/2001	    0.34	    0.23	    0.23	    0.24
06/02/2001	    0.36	    0.23	    0.29	    0.25
06/03/2001	    0.29	    0.27	    0.27	    0.26
06/04/2001	    0.27	    0.27	    0.27	    0.27
06/05/2001	    1.90	    0.27	    0.27	    0.28
06/06/2001	    0.52	    0.33	    0.34	    0.29
06/07/2001	    0.34	    0.33	    0.33	    0.30
06/08/2001	    0.33	    0.33	    0.33	    0.31
06/09/2001	    0.33	    0.33	    0.33	    0.33
06/10/2001	    0.35	    0.33	    0.33	    0.35
06/11/2001	    0.42	    0.33	    0.35	    0.42
06/12/2001	    3.49	    0.66	    0.42	    0.50
06/13/2001	    0.75	    0.66	    0.66	    0.57
06/14/2001	    0.66	    0.66	    0.66	    0.66
06/15/2001	    0.74	    0.53	    0.59	    0.61
06/16/2001	    0.59	    0.53	    0.53	    0.57
06/17/2001	    0.53	    0.53	    0.53	    0.53
06/18/2001	    0.62	    0.55	    0.53	    0.54
06/19/2001	    0.55	    0.55	    0.55	    0.55
06/20/2001	    0.56	    0.55	    0.55	    0.56
06/21/2001	    0.58	    0.58	    0.56	    0.58
06/22/2001	    0.63	    0.58	    0.58	    0.60
06/23/2001	    0.62	    0.58	    0.62	    0.62
06/24/2001	    0.63	    0.56	    0.62	    0.58
06/25/2001	    0.63	    0.56	    0.56	    0.53
06/26/2001	    0.56	    0.56	    0.50	    0.49
06/27/2001	    0.50	    0.43	    0.46	    0.46
06/28/2001	    0.46	    0.43	    0.43	    0.43
06/29/2001	    0.43	    0.43	    0.39	    0.39
06/30/2001	    0.39	    0.33	    0.36	    0.37
07/01/2001	    0.36	    0.33	    0.33	    0.34
07/02/2001	    0.33	    0.33	    0.31	    0.31
07/03/2001	    0.31	    0.26	    0.28	    0.29
07/04/2001	    0.28	    0.26	    0.26	    0.27
07/05/2001	    0.26	    0.26	    0.24	    0.25
07/06/2001	    0.24	    0.20	    0.23	    0.23
07/07/2001	    0.23	    0.20	    0.20	    0.22
07/08/2001	    0.20	    0.20	    0.19	    0.20
07/09/2001	    0.19	    0.19	    0.19	    0.19
07/10/2001	    0.19	    0.19	    0.19	    0.19
07/11/2001	    0.19	    0.19	    0.19	    0.19
07/12/2001	    0.19	    0.19	    0.19	    0.19
07/13/2001	    0.20	    0.19	    0.19	    0.20
07/14/2001	    0.21	    0.19	    0.20	    0.21
07/15/2001	    0.21	    0.21	    0.21	    0.21
07/16/2001	    0.23	    0.21	    0.21	    0.23
07/17/2001	    0.27	    0.21	    0.23	    0.26
07/18/2001	    0.30	    0.29	    0.27	    0.28
07/19/2001	    0.29	    0.29	    0.29	    0.29
07/20/2001	    0.30	    0.29	    0.29	    0.30
07/21/2001	    0.30	    0.30	    0.30	    0.30
07/22/2001	    0.32	    0.30	    0.30	    0.32
07/23/2001	    0.35	    0.30	    0.32	    0.34
07/24/2001	    0.35	    0.35	    0.35	    0.35
07/25/2001	    0.37	    0.35	    0.35	    0.35
07/26/2001	    0.37	    0.35	    0.36	    0.36
07/27/2001	    0.36	    0.36	    0.36	    0.36
07/28/2001	    0.38	    0.36	    0.36	    0.37
07/29/2001	    0.40	    0.36	    0.38	    0.37
07/30/2001	    0.38	    0.38	    0.38	    0.37
07/31/2001	    0.38	    0.38	    0.38	    0.38
08/01/2001	    5.21	    0.38	    0.38	    0.37
08/02/2001	  787.52	    1.65	    5.21	    0.37
08/03/2001	    9.56	    1.65	    1.65	    0.36
08/04/2001	    1.65	    1.65	    1.45	    0.36
08/05/2001	    1.45	    0.81	    0.98	    0.35
08/06/2001	    0.98	    0.81	    0.81	    0.35
08/07/2001	    0.81	    0.81	    0.71	    0.35
08/08/2001	    0.71	    0.55	    0.63	    0.34
08/09/2001	    0.63	    0.55	    0.55	    0.34
08/10/2001	    0.55	    0.55	    0.48	    0.33
08/11/2001	    0.48	    0.39	    0.43	    0.33
08/12/2001	    0.43	    0.39	    0.39	    0.33
08/13/2001	    0.39	    0.39	    0.34	    0.32
08/14/2001	    0.34	    0.31	    0.31	    0.32
08/15/2001	    0.31	    0.31	    0.31	    0.31
08/16/2001	    0.34	    0.31	    0.28	    0.29
08/17/2001	    0.28	    0.22	    0.24	    0.27
08/18/2001	    0.24	    0.22	    0.22	    0.24
08/19/2001	    0.22	    0.22	    0.19	    0.22
08/20/2001	    0.19	    0.19	    0.19	    0.19
08/21/2001	    0.19	    0.19	    0.19	    0.19
08/22/2001	    0.23	    0.19	    0.19	    0.20
08/23/2001	    0.23	    0.22	    0.22	    0.21
08/24/2001	    0.22	    0.22	    0.22	    0.22
08/25/2001	    0.44	    0.22	    0.22	    0.22
08/26/2001	    0.31	    0.25	    0.28	    0.23
08/27/2001	    0.28	    0.25	    0.25	    0.23
08/28/2001	    0.25	    0.25	    0.25	    0.24
08/29/2001	    0.25	    0.25	    0.25	    0.25
08/30/2001	    0.25	    0.25	    0.25	    0.25
08/31/2001	    0.25	    0.25	    0.25	    0.25
09/01/2001	    0.25	    0.25	    0.25	    0.25
09/02/2001	    0.25	    0.25	    0.25	    0.25
09/03/2001	    0.26	    0.25	    0.25	    0.26
09/04/2001	    0.26	    0.26	    0.26	    0.26
09/05/2001	    0.26	    0.26	    0.26	    0.26
09/06/2001	    0.28	    0.26	    0.26	    0.28
09/07/2001	    0.48	    0.48	    0.28	    0.28
09/08/2001	    2.00	    0.48	    0.48	    0.29
09/09/2001	    1.10	    0.48	    0.93	    0.29
09/10/2001	    0.93	    0.34	    0.42	    0.30
09/11/2001	    0.42	    0.34	    0.34	    0.30
09/12/2001	    0.34	    0.34	    0.33	    0.31
09/13/2001	    0.33	    0.32	    0.32	    0.31
09/14/2001	    0.32	    0.32	    0.32	    0.32
09/15/2001	    0.32	    0.32	    0.31	    0.32
09/16/2001	    0.31	    0.31	    0.31	    0.31
09/17/2001	    0.41	    0.31	    0.31	    0.34
09/18/2001	    0.36	    0.31	    0.36	    0.36
09/19/2001	    2.37	    0.52	    0.36	    0.39
09/20/2001	    0.62	    0.52	    0.52	    0.41
09/21/2001	    0.52	    0.52	    0.46	    0.43
09/22/2001	    0.46	    0.46	    0.46	    0.46
09/23/2001	   17.21	    0.46	    0.46	    0.46
09/24/2001	    1.30	    0.46	    0.73	    0.45
09/25/2001	    0.73	    0.51	    0.59	    0.45
09/26/2001	    0.59	    0.51	    0.51	    0.44
09/27/2001	    0.51	    0.51	    0.46	    0.44
09/28/2001	    0.46	    0.43	    0.43	    0.43
09/29/2001	    0.43	    0.43	    0.43	    0.43
09/30/2001	    0.43	    0.43	    0.43	    0.43
