DV_date	QTOT	QGW_fixed	QGW_slide	QGW_locmin
10D	12N	12N	12N	12N
10/01/1989	    0.05	    0.05	    0.05	    0.05
10/02/1989	    0.07	    0.05	    0.05	    0.07
10/03/1989	    0.09	    0.05	    0.07	    0.09
10/04/1989	    0.10	    0.10	    0.09	    0.10
10/05/1989	    0.25	    0.10	    0.10	    0.22
10/06/1989	    0.29	    0.10	    0.25	    0.22
10/07/1989	    0.28	    0.22	    0.25	    0.22
10/08/1989	    0.25	    0.22	    0.22	    0.22
10/09/1989	    0.22	    0.22	    0.22	    0.22
10/10/1989	    0.23	    0.19	    0.21	    0.21
10/11/1989	    0.21	    0.19	    0.19	    0.20
10/12/1989	    0.19	    0.19	    0.19	    0.19
10/13/1989	    0.19	    0.17	    0.18	    0.18
10/14/1989	    0.18	    0.17	    0.17	    0.18
10/15/1989	    0.17	    0.17	    0.17	    0.17
10/16/1989	    0.79	    0.16	    0.17	    0.16
10/17/1989	    0.41	    0.16	    0.16	    0.16
10/18/1989	    0.16	    0.16	    0.16	    0.16
10/19/1989	    0.16	    0.16	    0.16	    0.15
10/20/1989	    0.17	    0.16	    0.16	    0.14
10/21/1989	    0.87	    0.16	    0.13	    0.13
10/22/1989	    0.13	    0.12	    0.12	    0.12
10/23/1989	    0.12	    0.12	    0.12	    0.12
10/24/1989	    0.12	    0.12	    0.12	    0.12
10/25/1989	    0.12	    0.12	    0.12	    0.12
10/26/1989	    0.13	    0.12	    0.12	    0.13
10/27/1989	    0.14	    0.12	    0.13	    0.13
10/28/1989	    0.15	    0.15	    0.14	    0.14
10/29/1989	    0.16	    0.15	    0.15	    0.14
10/30/1989	    0.18	    0.15	    0.16	    0.15
10/31/1989	    0.20	    0.18	    0.18	    0.16
11/01/1989	    0.19	    0.18	    0.18	    0.16
11/02/1989	    0.18	    0.18	    0.17	    0.17
11/03/1989	    0.17	    0.17	    0.17	    0.17
11/04/1989	    0.18	    0.17	    0.17	    0.16
11/05/1989	    0.18	    0.17	    0.18	    0.15
11/06/1989	    0.18	    0.16	    0.18	    0.14
11/07/1989	    0.18	    0.16	    0.16	    0.13
11/08/1989	    0.16	    0.16	    0.14	    0.12
11/09/1989	    0.14	    0.13	    0.14	    0.12
11/10/1989	    0.14	    0.13	    0.13	    0.11
11/11/1989	    0.13	    0.13	    0.12	    0.10
11/12/1989	    0.12	    0.10	    0.11	    0.09
11/13/1989	    0.11	    0.10	    0.10	    0.09
11/14/1989	    0.10	    0.10	    0.09	    0.08
11/15/1989	    0.09	    0.07	    0.08	    0.08
11/16/1989	    0.08	    0.07	    0.07	    0.07
11/17/1989	    0.07	    0.07	    0.06	    0.07
11/18/1989	    0.06	    0.06	    0.06	    0.06
11/19/1989	    0.06	    0.06	    0.06	    0.06
11/20/1989	    0.06	    0.06	    0.06	    0.06
11/21/1989	    0.08	    0.08	    0.06	    0.06
11/22/1989	    0.11	    0.08	    0.08	    0.06
11/23/1989	    0.14	    0.08	    0.11	    0.06
11/24/1989	    0.19	    0.19	    0.14	    0.05
11/25/1989	    0.25	    0.19	    0.19	    0.05
11/26/1989	    0.32	    0.19	    0.25	    0.05
11/27/1989	    0.41	    0.26	    0.32	    0.05
11/28/1989	    0.37	    0.26	    0.26	    0.05
11/29/1989	    0.26	    0.26	    0.18	    0.05
11/30/1989	    0.18	    0.10	    0.13	    0.05
12/01/1989	    0.13	    0.10	    0.10	    0.05
12/02/1989	    0.10	    0.10	    0.07	    0.05
12/03/1989	    0.07	    0.05	    0.05	    0.05
12/04/1989	    0.05	    0.05	    0.05	    0.05
12/05/1989	    0.05	    0.05	    0.05	    0.05
12/06/1989	    0.05	    0.05	    0.05	    0.05
12/07/1989	    0.05	    0.05	    0.05	    0.05
12/08/1989	    0.05	    0.05	    0.05	    0.05
12/09/1989	    0.05	    0.05	    0.05	    0.05
12/10/1989	    0.05	    0.05	    0.05	    0.05
12/11/1989	    0.05	    0.05	    0.05	    0.05
12/12/1989	    0.06	    0.06	    0.05	    0.06
12/13/1989	    0.07	    0.06	    0.06	    0.06
12/14/1989	    0.08	    0.06	    0.07	    0.07
12/15/1989	    0.10	    0.10	    0.08	    0.07
12/16/1989	    0.11	    0.10	    0.10	    0.08
12/17/1989	    0.14	    0.10	    0.11	    0.09
12/18/1989	    0.16	    0.16	    0.14	    0.09
12/19/1989	    0.19	    0.16	    0.16	    0.10
12/20/1989	    0.18	    0.16	    0.18	    0.11
12/21/1989	    0.18	    0.17	    0.17	    0.12
12/22/1989	    0.17	    0.17	    0.17	    0.13
12/23/1989	    0.17	    0.17	    0.16	    0.14
12/24/1989	    0.16	    0.16	    0.16	    0.16
12/25/1989	    0.16	    0.16	    0.16	    0.16
12/26/1989	    0.16	    0.16	    0.16	    0.16
12/27/1989	    0.17	    0.17	    0.16	    0.16
12/28/1989	    0.17	    0.17	    0.17	    0.16
12/29/1989	    0.17	    0.17	    0.17	    0.16
12/30/1989	    0.17	    0.16	    0.17	    0.16
12/31/1989	    0.17	    0.16	    0.16	    0.16
01/01/1990	    0.16	    0.16	    0.16	    0.16
01/02/1990	    0.18	    0.18	    0.16	    0.16
01/03/1990	    0.18	    0.18	    0.18	    0.16
01/04/1990	    0.19	    0.18	    0.17	    0.16
01/05/1990	    0.17	    0.16	    0.17	    0.16
01/06/1990	    0.17	    0.16	    0.16	    0.16
01/07/1990	    0.16	    0.16	    0.15	    0.16
01/08/1990	    0.15	    0.15	    0.15	    0.15
01/09/1990	    0.16	    0.15	    0.15	    0.14
01/10/1990	    0.16	    0.15	    0.15	    0.13
01/11/1990	    0.15	    0.11	    0.13	    0.13
01/12/1990	    0.13	    0.11	    0.11	    0.12
01/13/1990	    0.11	    0.11	    0.10	    0.11
01/14/1990	    0.10	    0.10	    0.10	    0.10
01/15/1990	    0.10	    0.10	    0.10	    0.10
01/16/1990	    0.42	    0.10	    0.10	    0.10
01/17/1990	   13.05	    0.12	    0.19	    0.10
01/18/1990	    0.19	    0.12	    0.12	    0.10
01/19/1990	    0.12	    0.12	    0.12	    0.10
01/20/1990	    0.12	    0.11	    0.11	    0.10
01/21/1990	    0.11	    0.11	    0.11	    0.10
01/22/1990	    0.11	    0.11	    0.11	    0.11
01/23/1990	    0.11	    0.11	    0.11	    0.11
01/24/1990	    1.23	    0.11	    0.11	    0.12
01/25/1990	    0.17	    0.11	    0.15	    0.14
01/26/1990	    0.15	    0.15	    0.15	    0.15
01/27/1990	    0.16	    0.15	    0.15	    0.16
01/28/1990	    0.17	    0.15	    0.16	    0.17
01/29/1990	    0.19	    0.19	    0.17	    0.18
01/30/1990	    0.21	    0.19	    0.19	    0.19
01/31/1990	    0.20	    0.19	    0.20	    0.20
02/01/1990	    0.22	    0.18	    0.20	    0.19
02/02/1990	    0.20	    0.18	    0.18	    0.19
02/03/1990	    0.18	    0.18	    0.17	    0.18
02/04/1990	    0.17	    0.17	    0.17	    0.17
02/05/1990	    0.44	    0.17	    0.17	    0.18
02/06/1990	    0.20	    0.17	    0.20	    0.19
02/07/1990	    0.20	    0.17	    0.20	    0.20
02/08/1990	    0.81	    0.17	    0.17	    0.18
02/09/1990	    0.17	    0.17	    0.12	    0.15
02/10/1990	    0.12	    0.09	    0.11	    0.12
02/11/1990	    0.11	    0.09	    0.09	    0.11
02/12/1990	    0.09	    0.09	    0.09	    0.09
02/13/1990	    0.09	    0.08	    0.08	    0.09
02/14/1990	    0.08	    0.08	    0.08	    0.08
02/15/1990	    0.08	    0.08	    0.08	    0.08
02/16/1990	    0.08	    0.08	    0.08	    0.07
02/17/1990	    0.09	    0.08	    0.08	    0.07
02/18/1990	    0.09	    0.08	    0.09	    0.07
02/19/1990	    0.09	    0.08	    0.09	    0.06
02/20/1990	    0.09	    0.08	    0.08	    0.06
02/21/1990	    0.08	    0.08	    0.07	    0.06
02/22/1990	    0.07	    0.06	    0.06	    0.05
02/23/1990	    0.06	    0.06	    0.06	    0.05
02/24/1990	    0.06	    0.06	    0.05	    0.05
02/25/1990	    0.05	    0.04	    0.04	    0.05
02/26/1990	    0.04	    0.04	    0.04	    0.04
02/27/1990	    0.04	    0.04	    0.04	    0.04
02/28/1990	    0.05	    0.05	    0.04	    0.05
03/01/1990	    0.07	    0.05	    0.05	    0.07
03/02/1990	    2.33	    0.05	    0.07	    0.09
03/03/1990	    0.45	    0.16	    0.16	    0.12
03/04/1990	    0.16	    0.16	    0.16	    0.16
03/05/1990	    0.19	    0.16	    0.16	    0.19
03/06/1990	    0.22	    0.22	    0.19	    0.22
03/07/1990	    0.23	    0.22	    0.22	    0.23
03/08/1990	    3.47	    0.22	    0.23	    0.41
03/09/1990	    2.22	    0.65	    0.65	    0.51
03/10/1990	    0.65	    0.65	    0.65	    0.65
03/11/1990	   53.21	    0.65	    0.65	    0.74
03/12/1990	    0.84	    0.84	    0.84	    0.84
03/13/1990	   25.16	    0.84	    0.84	    3.11
03/14/1990	   11.56	    0.84	   11.56	   11.56
03/15/1990	   24.72	    0.42	    0.52	    8.41
03/16/1990	    0.52	    0.42	    0.42	    0.52
03/17/1990	    0.42	    0.42	    0.36	    0.42
03/18/1990	    0.36	    0.28	    0.32	    0.36
03/19/1990	    0.32	    0.28	    0.28	    0.32
03/20/1990	    0.28	    0.28	    0.27	    0.28
03/21/1990	    0.27	    0.24	    0.26	    0.27
03/22/1990	    0.26	    0.24	    0.24	    0.26
03/23/1990	    0.24	    0.24	    0.22	    0.24
03/24/1990	    0.22	    0.19	    0.20	    0.22
03/25/1990	    0.20	    0.19	    0.19	    0.20
03/26/1990	    0.19	    0.19	    0.18	    0.19
03/27/1990	    0.18	    0.18	    0.18	    0.18
03/28/1990	    0.22	    0.18	    0.18	    0.19
03/29/1990	    0.26	    0.18	    0.22	    0.20
03/30/1990	    0.32	    0.32	    0.26	    0.21
03/31/1990	    0.41	    0.32	    0.32	    0.22
04/01/1990	    0.51	    0.32	    0.41	    0.22
04/02/1990	    0.63	    0.63	    0.51	    0.23
04/03/1990	    0.71	    0.63	    0.63	    0.24
04/04/1990	    0.67	    0.63	    0.57	    0.25
04/05/1990	    0.57	    0.41	    0.49	    0.26
04/06/1990	    0.49	    0.41	    0.41	    0.27
04/07/1990	    0.41	    0.41	    0.35	    0.28
04/08/1990	    0.35	    0.30	    0.30	    0.29
04/09/1990	    0.30	    0.30	    0.30	    0.30
04/10/1990	    0.32	    0.30	    0.26	    0.27
04/11/1990	    0.26	    0.16	    0.20	    0.23
04/12/1990	    0.20	    0.16	    0.16	    0.20
04/13/1990	    0.16	    0.16	    0.15	    0.16
04/14/1990	    0.15	    0.12	    0.14	    0.15
04/15/1990	    0.14	    0.12	    0.12	    0.13
04/16/1990	    0.12	    0.12	    0.10	    0.12
04/17/1990	    0.10	    0.10	    0.10	    0.10
04/18/1990	    0.11	    0.10	    0.10	    0.11
04/19/1990	    0.11	    0.10	    0.11	    0.11
04/20/1990	    0.12	    0.12	    0.11	    0.12
04/21/1990	    0.13	    0.12	    0.12	    0.12
04/22/1990	    0.13	    0.12	    0.13	    0.13
04/23/1990	    0.14	    0.14	    0.13	    0.13
04/24/1990	    0.15	    0.14	    0.14	    0.14
04/25/1990	    0.16	    0.14	    0.15	    0.15
04/26/1990	    0.15	    0.15	    0.15	    0.15
04/27/1990	    0.19	    0.15	    0.15	    0.15
04/28/1990	    0.23	    0.15	    0.19	    0.15
04/29/1990	    0.21	    0.17	    0.19	    0.15
04/30/1990	    0.19	    0.17	    0.17	    0.14
05/01/1990	    0.17	    0.17	    0.14	    0.14
05/02/1990	    0.14	    0.14	    0.14	    0.14
05/03/1990	    0.14	    0.14	    0.14	    0.14
05/04/1990	    0.15	    0.14	    0.14	    0.13
05/05/1990	    0.15	    0.13	    0.14	    0.13
05/06/1990	    0.14	    0.13	    0.13	    0.13
05/07/1990	    0.13	    0.13	    0.13	    0.13
05/08/1990	    0.13	    0.13	    0.13	    0.13
05/09/1990	    0.18	    0.13	    0.13	    0.18
05/10/1990	   11.70	    0.13	    0.18	    0.25
05/11/1990	    0.31	    0.31	    0.31	    0.31
05/12/1990	    0.33	    0.31	    0.31	    0.32
05/13/1990	    0.34	    0.31	    0.33	    0.33
05/14/1990	    0.37	    0.37	    0.34	    0.34
05/15/1990	    0.42	    0.37	    0.37	    0.35
05/16/1990	    2.35	    0.37	    0.42	    0.36
05/17/1990	    0.44	    0.38	    0.38	    0.37
05/18/1990	    0.38	    0.38	    0.38	    0.38
05/19/1990	    3.00	    0.38	    0.38	    0.36
05/20/1990	    5.90	    0.33	    0.40	    0.35
05/21/1990	    0.40	    0.33	    0.33	    0.34
05/22/1990	    0.33	    0.33	    0.31	    0.32
05/23/1990	    0.31	    0.27	    0.31	    0.31
05/24/1990	    0.33	    0.27	    0.27	    0.29
05/25/1990	    0.27	    0.27	    0.27	    0.27
05/26/1990	    0.27	    0.25	    0.26	    0.26
05/27/1990	    0.26	    0.25	    0.25	    0.25
05/28/1990	    0.25	    0.25	    0.21	    0.23
05/29/1990	    0.21	    0.19	    0.20	    0.21
05/30/1990	    0.20	    0.19	    0.19	    0.20
05/31/1990	    0.19	    0.19	    0.19	    0.19
06/01/1990	    0.19	    0.19	    0.19	    0.19
06/02/1990	   23.45	    0.19	    0.19	    0.21
06/03/1990	    1.03	    0.19	    0.34	    0.23
06/04/1990	    0.34	    0.29	    0.29	    0.26
06/05/1990	    0.29	    0.29	    0.29	    0.29
06/06/1990	    0.31	    0.29	    0.29	    0.28
06/07/1990	    0.31	    0.31	    0.31	    0.27
06/08/1990	    0.35	    0.31	    0.31	    0.26
06/09/1990	    0.38	    0.31	    0.35	    0.26
06/10/1990	    0.39	    0.39	    0.38	    0.25
06/11/1990	    0.40	    0.39	    0.39	    0.24
06/12/1990	    0.40	    0.39	    0.39	    0.23
06/13/1990	    0.39	    0.31	    0.36	    0.23
06/14/1990	    0.36	    0.31	    0.31	    0.22
06/15/1990	    0.31	    0.31	    0.30	    0.21
06/16/1990	    0.30	    0.24	    0.28	    0.21
06/17/1990	    0.28	    0.24	    0.24	    0.20
06/18/1990	    0.24	    0.24	    0.20	    0.20
06/19/1990	    0.20	    0.18	    0.19	    0.19
06/20/1990	    0.19	    0.18	    0.18	    0.19
06/21/1990	    0.18	    0.18	    0.18	    0.18
06/22/1990	    0.19	    0.16	    0.18	    0.17
06/23/1990	    0.19	    0.16	    0.16	    0.17
06/24/1990	    0.16	    0.16	    0.15	    0.16
06/25/1990	    0.15	    0.14	    0.15	    0.15
06/26/1990	    0.15	    0.14	    0.14	    0.15
06/27/1990	    0.14	    0.14	    0.14	    0.14
06/28/1990	    0.17	    0.17	    0.14	    0.14
06/29/1990	   76.97	    0.17	    0.17	    0.14
06/30/1990	    0.60	    0.17	    0.32	    0.14
07/01/1990	    0.32	    0.17	    0.22	    0.15
07/02/1990	    0.22	    0.17	    0.17	    0.15
07/03/1990	    0.17	    0.17	    0.15	    0.15
07/04/1990	    0.15	    0.15	    0.15	    0.15
07/05/1990	    0.15	    0.15	    0.15	    0.15
07/06/1990	    0.16	    0.15	    0.15	    0.15
07/07/1990	    0.15	    0.15	    0.15	    0.15
07/08/1990	    0.16	    0.15	    0.15	    0.15
07/09/1990	    0.15	    0.15	    0.15	    0.15
07/10/1990	    0.17	    0.15	    0.15	    0.15
07/11/1990	    0.15	    0.15	    0.15	    0.15
07/12/1990	    0.15	    0.15	    0.15	    0.15
07/13/1990	    0.16	    0.16	    0.15	    0.15
07/14/1990	    0.19	    0.16	    0.16	    0.16
07/15/1990	    0.20	    0.16	    0.19	    0.16
07/16/1990	    0.19	    0.17	    0.18	    0.16
07/17/1990	    0.18	    0.17	    0.17	    0.17
07/18/1990	    0.17	    0.17	    0.17	    0.17
07/19/1990	    0.18	    0.17	    0.17	    0.16
07/20/1990	    0.18	    0.17	    0.17	    0.15
07/21/1990	    0.17	    0.17	    0.17	    0.14
07/22/1990	    0.17	    0.14	    0.17	    0.13
07/23/1990	    0.17	    0.14	    0.14	    0.12
07/24/1990	    0.14	    0.14	    0.12	    0.11
07/25/1990	    0.12	    0.09	    0.11	    0.10
07/26/1990	    0.11	    0.09	    0.09	    0.09
07/27/1990	    0.09	    0.09	    0.08	    0.09
07/28/1990	    0.08	    0.06	    0.07	    0.08
07/29/1990	    0.07	    0.06	    0.06	    0.07
07/30/1990	    0.06	    0.06	    0.05	    0.06
07/31/1990	    0.05	    0.05	    0.05	    0.05
08/01/1990	    0.05	    0.05	    0.05	    0.05
08/02/1990	    0.05	    0.05	    0.05	    0.05
08/03/1990	    0.05	    0.05	    0.05	    0.05
08/04/1990	    0.05	    0.05	    0.05	    0.05
08/05/1990	    0.05	    0.05	    0.05	    0.04
08/06/1990	    0.05	    0.04	    0.04	    0.04
08/07/1990	    0.04	    0.04	    0.04	    0.04
08/08/1990	    0.05	    0.04	    0.04	    0.04
08/09/1990	    0.04	    0.04	    0.04	    0.04
08/10/1990	    0.04	    0.04	    0.04	    0.04
08/11/1990	    0.05	    0.04	    0.04	    0.04
08/12/1990	    0.05	    0.05	    0.05	    0.04
08/13/1990	    0.05	    0.05	    0.05	    0.04
08/14/1990	    0.05	    0.05	    0.05	    0.05
08/15/1990	    0.05	    0.05	    0.05	    0.05
08/16/1990	    0.05	    0.05	    0.05	    0.05
08/17/1990	    0.05	    0.05	    0.05	    0.05
08/18/1990	    1.04	    1.04	    0.05	    0.09
08/19/1990	    1.80	    1.04	    1.04	    0.10
08/20/1990	    3.09	    1.04	    0.38	    0.12
08/21/1990	    0.38	    0.23	    0.29	    0.14
08/22/1990	    0.29	    0.23	    0.23	    0.17
08/23/1990	    0.23	    0.23	    0.23	    0.19
08/24/1990	    0.23	    0.23	    0.23	    0.23
08/25/1990	    0.29	    0.23	    0.23	    0.25
08/26/1990	    0.30	    0.23	    0.29	    0.27
08/27/1990	    0.30	    0.30	    0.30	    0.30
08/28/1990	    0.31	    0.30	    0.30	    0.30
08/29/1990	    0.30	    0.30	    0.30	    0.30
08/30/1990	    0.30	    0.30	    0.30	    0.30
08/31/1990	    0.31	    0.30	    0.30	    0.31
09/01/1990	    0.32	    0.30	    0.31	    0.32
09/02/1990	    0.34	    0.34	    0.32	    0.33
09/03/1990	    0.35	    0.34	    0.34	    0.34
09/04/1990	    0.36	    0.34	    0.35	    0.35
09/05/1990	    0.36	    0.36	    0.36	    0.36
09/06/1990	    0.37	    0.36	    0.36	    0.34
09/07/1990	    0.36	    0.36	    0.34	    0.32
09/08/1990	    0.34	    0.32	    0.32	    0.31
09/09/1990	    0.32	    0.32	    0.32	    0.29
09/10/1990	    0.32	    0.32	    0.30	    0.27
09/11/1990	    0.30	    0.26	    0.28	    0.26
09/12/1990	    0.28	    0.26	    0.26	    0.25
09/13/1990	    0.26	    0.26	    0.24	    0.23
09/14/1990	    0.24	    0.22	    0.23	    0.22
09/15/1990	    0.23	    0.22	    0.22	    0.21
09/16/1990	    0.22	    0.22	    0.20	    0.20
09/17/1990	    0.20	    0.18	    0.19	    0.19
09/18/1990	    0.19	    0.18	    0.18	    0.18
09/19/1990	    0.18	    0.18	    0.17	    0.17
09/20/1990	    0.17	    0.15	    0.17	    0.16
09/21/1990	    0.17	    0.15	    0.15	    0.15
09/22/1990	    0.15	    0.15	    0.14	    0.14
09/23/1990	    0.14	    0.12	    0.12	    0.13
09/24/1990	    0.12	    0.12	    0.12	    0.12
09/25/1990	    0.12	    0.12	    0.11	    0.12
09/26/1990	    0.11	    0.10	    0.11	    0.11
09/27/1990	    0.11	    0.10	    0.10	    0.11
09/28/1990	    0.10	    0.10	    0.10	    0.10
09/29/1990	    0.10	    0.09	    0.09	    0.10
09/30/1990	    0.09	    0.09	    0.09	    0.09
10/01/1990	    0.09	    0.09	    0.09	    0.09
10/02/1990	    0.09	    0.09	    0.09	    0.09
10/03/1990	    0.10	    0.09	    0.09	    0.10
10/04/1990	    0.11	    0.09	    0.10	    0.10
10/05/1990	    0.11	    0.11	    0.11	    0.11
10/06/1990	    0.17	    0.11	    0.11	    0.11
10/07/1990	    0.11	    0.11	    0.11	    0.11
10/08/1990	    0.11	    0.11	    0.11	    0.11
10/09/1990	    0.11	    0.11	    0.11	    0.11
10/10/1990	    0.13	    0.11	    0.11	    0.11
10/11/1990	    0.19	    0.13	    0.13	    0.11
10/12/1990	    0.15	    0.13	    0.13	    0.12
10/13/1990	    0.13	    0.13	    0.12	    0.12
10/14/1990	    0.12	    0.12	    0.12	    0.12
10/15/1990	    0.13	    0.12	    0.12	    0.12
10/16/1990	    0.12	    0.12	    0.12	    0.12
10/17/1990	    0.12	    0.12	    0.12	    0.12
10/18/1990	    0.12	    0.12	    0.12	    0.11
10/19/1990	    0.12	    0.12	    0.12	    0.11
10/20/1990	    0.12	    0.11	    0.11	    0.11
10/21/1990	    0.11	    0.11	    0.11	    0.11
10/22/1990	    0.11	    0.11	    0.11	    0.10
10/23/1990	    0.11	    0.10	    0.11	    0.10
10/24/1990	    0.11	    0.10	    0.10	    0.10
10/25/1990	    0.10	    0.10	    0.09	    0.10
10/26/1990	    0.09	    0.09	    0.09	    0.09
10/27/1990	    0.09	    0.09	    0.09	    0.09
10/28/1990	    0.10	    0.09	    0.09	    0.09
10/29/1990	    0.10	    0.10	    0.10	    0.10
10/30/1990	    0.10	    0.10	    0.10	    0.10
10/31/1990	    0.10	    0.10	    0.10	    0.10
11/01/1990	    0.11	    0.11	    0.10	    0.11
11/02/1990	    0.11	    0.11	    0.11	    0.11
11/03/1990	    0.12	    0.11	    0.11	    0.11
11/04/1990	    0.14	    0.14	    0.12	    0.12
11/05/1990	    0.16	    0.14	    0.14	    0.12
11/06/1990	    0.16	    0.14	    0.16	    0.13
11/07/1990	    0.16	    0.16	    0.16	    0.13
11/08/1990	    0.17	    0.16	    0.16	    0.14
11/09/1990	    0.18	    0.16	    0.15	    0.15
11/10/1990	    0.15	    0.15	    0.15	    0.15
11/11/1990	    0.15	    0.15	    0.15	    0.15
11/12/1990	    0.15	    0.15	    0.15	    0.15
11/13/1990	    0.15	    0.15	    0.15	    0.15
11/14/1990	    0.15	    0.15	    0.15	    0.15
11/15/1990	    0.15	    0.15	    0.15	    0.15
11/16/1990	    0.15	    0.15	    0.15	    0.15
11/17/1990	    0.16	    0.15	    0.15	    0.16
11/18/1990	    0.18	    0.15	    0.16	    0.18
11/19/1990	    0.19	    0.19	    0.18	    0.19
11/20/1990	    0.19	    0.19	    0.19	    0.19
11/21/1990	    0.23	    0.19	    0.19	    0.21
11/22/1990	    0.24	    0.24	    0.23	    0.22
11/23/1990	    0.24	    0.24	    0.24	    0.23
11/24/1990	    0.24	    0.24	    0.24	    0.24
11/25/1990	    0.25	    0.25	    0.24	    0.25
11/26/1990	    0.25	    0.25	    0.25	    0.25
11/27/1990	    0.35	    0.25	    0.25	    0.26
11/28/1990	    0.34	    0.30	    0.32	    0.27
11/29/1990	    0.32	    0.30	    0.30	    0.28
11/30/1990	    0.30	    0.30	    0.29	    0.29
12/01/1990	    0.29	    0.29	    0.29	    0.29
12/02/1990	    0.30	    0.29	    0.29	    0.30
12/03/1990	    0.30	    0.29	    0.30	    0.30
12/04/1990	    0.30	    0.30	    0.30	    0.30
12/05/1990	    0.31	    0.30	    0.30	    0.30
12/06/1990	    0.32	    0.30	    0.31	    0.31
12/07/1990	    0.33	    0.33	    0.32	    0.31
12/08/1990	    0.33	    0.33	    0.33	    0.31
12/09/1990	    0.33	    0.33	    0.32	    0.32
12/10/1990	    0.32	    0.32	    0.32	    0.32
12/11/1990	    0.34	    0.32	    0.32	    0.32
12/12/1990	    0.35	    0.32	    0.34	    0.32
12/13/1990	    0.35	    0.35	    0.35	    0.31
12/14/1990	    0.35	    0.35	    0.35	    0.31
12/15/1990	    0.35	    0.35	    0.35	    0.31
12/16/1990	    0.35	    0.34	    0.34	    0.30
12/17/1990	    0.34	    0.34	    0.34	    0.30
12/18/1990	    0.34	    0.34	    0.34	    0.30
12/19/1990	    0.34	    0.32	    0.33	    0.29
12/20/1990	    0.33	    0.32	    0.32	    0.29
12/21/1990	    0.32	    0.32	    0.31	    0.29
12/22/1990	    0.31	    0.30	    0.30	    0.28
12/23/1990	    0.30	    0.30	    0.30	    0.28
12/24/1990	    0.30	    0.30	    0.28	    0.28
12/25/1990	    0.28	    0.27	    0.28	    0.28
12/26/1990	    0.28	    0.27	    0.27	    0.27
12/27/1990	    0.27	    0.27	    0.27	    0.27
12/28/1990	    0.27	    0.27	    0.27	    0.27
12/29/1990	    0.27	    0.27	    0.27	    0.27
12/30/1990	    0.27	    0.27	    0.26	    0.27
12/31/1990	    0.26	    0.26	    0.26	    0.26
01/01/1991	    0.27	    0.26	    0.26	    0.26
01/02/1991	    0.26	    0.26	    0.25	    0.26
01/03/1991	    0.25	    0.25	    0.25	    0.25
01/04/1991	    0.25	    0.25	    0.25	    0.25
01/05/1991	    0.25	    0.25	    0.25	    0.24
01/06/1991	    0.25	    0.24	    0.24	    0.24
01/07/1991	    0.24	    0.24	    0.24	    0.24
01/08/1991	    0.24	    0.24	    0.24	    0.23
01/09/1991	    0.24	    0.24	    0.24	    0.22
01/10/1991	    0.24	    0.24	    0.24	    0.21
01/11/1991	    0.24	    0.24	    0.24	    0.21
01/12/1991	    0.24	    0.24	    0.24	    0.20
01/13/1991	    0.24	    0.24	    0.24	    0.19
01/14/1991	    0.24	    0.24	    0.24	    0.19
01/15/1991	    0.24	    0.23	    0.23	    0.18
01/16/1991	    0.23	    0.23	    0.23	    0.18
01/17/1991	    0.23	    0.23	    0.22	    0.17
01/18/1991	    0.22	    0.20	    0.21	    0.16
01/19/1991	    0.21	    0.20	    0.20	    0.16
01/20/1991	    0.20	    0.20	    0.19	    0.15
01/21/1991	    0.19	    0.17	    0.18	    0.15
01/22/1991	    0.18	    0.17	    0.17	    0.14
01/23/1991	    0.17	    0.17	    0.16	    0.14
01/24/1991	    0.16	    0.15	    0.16	    0.13
01/25/1991	    0.16	    0.15	    0.15	    0.13
01/26/1991	    0.15	    0.15	    0.14	    0.13
01/27/1991	    0.14	    0.13	    0.13	    0.12
01/28/1991	    0.13	    0.13	    0.13	    0.12
01/29/1991	    0.13	    0.13	    0.12	    0.11
01/30/1991	    0.12	    0.11	    0.12	    0.11
01/31/1991	    0.12	    0.11	    0.11	    0.11
02/01/1991	    0.11	    0.11	    0.10	    0.10
02/02/1991	    0.10	    0.09	    0.09	    0.10
02/03/1991	    0.09	    0.09	    0.09	    0.09
02/04/1991	    0.09	    0.09	    0.09	    0.09
02/05/1991	    0.09	    0.09	    0.09	    0.09
02/06/1991	    0.09	    0.09	    0.09	    0.09
02/07/1991	    0.10	    0.09	    0.09	    0.09
02/08/1991	    0.11	    0.10	    0.10	    0.08
02/09/1991	    0.10	    0.10	    0.10	    0.08
02/10/1991	    0.10	    0.10	    0.09	    0.08
02/11/1991	    0.09	    0.08	    0.08	    0.08
02/12/1991	    0.08	    0.08	    0.08	    0.07
02/13/1991	    0.08	    0.08	    0.07	    0.07
02/14/1991	    0.07	    0.06	    0.07	    0.07
02/15/1991	    0.07	    0.06	    0.06	    0.07
02/16/1991	    0.06	    0.06	    0.06	    0.06
02/17/1991	    0.06	    0.06	    0.06	    0.06
02/18/1991	    0.07	    0.06	    0.06	    0.07
02/19/1991	    0.07	    0.06	    0.07	    0.07
02/20/1991	    0.07	    0.07	    0.07	    0.07
02/21/1991	    0.17	    0.07	    0.07	    0.07
02/22/1991	    0.30	    0.07	    0.09	    0.07
02/23/1991	    0.09	    0.08	    0.08	    0.07
02/24/1991	    0.08	    0.08	    0.08	    0.07
02/25/1991	    0.08	    0.08	    0.08	    0.07
02/26/1991	    0.08	    0.07	    0.08	    0.07
02/27/1991	    0.08	    0.07	    0.07	    0.07
02/28/1991	    0.07	    0.07	    0.07	    0.07
03/01/1991	   13.72	    0.60	    0.07	    0.08
03/02/1991	   39.42	    0.60	    0.60	    0.09
03/03/1991	    0.60	    0.60	    0.12	    0.10
03/04/1991	    0.12	    0.12	    0.12	    0.11
03/05/1991	    0.12	    0.12	    0.12	    0.12
03/06/1991	    0.14	    0.12	    0.10	    0.11
03/07/1991	    0.10	    0.09	    0.09	    0.10
03/08/1991	    0.09	    0.09	    0.09	    0.09
03/09/1991	    0.10	    0.09	    0.09	    0.09
03/10/1991	    0.09	    0.09	    0.09	    0.09
03/11/1991	    0.09	    0.09	    0.09	    0.09
03/12/1991	    0.09	    0.09	    0.09	    0.09
03/13/1991	    0.09	    0.09	    0.09	    0.09
03/14/1991	    0.09	    0.09	    0.09	    0.09
03/15/1991	    0.09	    0.09	    0.09	    0.09
03/16/1991	    0.09	    0.09	    0.09	    0.09
03/17/1991	    0.10	    0.09	    0.09	    0.09
03/18/1991	    0.12	    0.09	    0.10	    0.09
03/19/1991	    0.11	    0.10	    0.10	    0.10
03/20/1991	    0.10	    0.10	    0.10	    0.10
03/21/1991	    0.10	    0.10	    0.10	    0.10
03/22/1991	    0.94	    0.94	    0.10	    0.18
03/23/1991	    3.91	    0.94	    0.94	    0.32
03/24/1991	    1.25	    0.94	    1.04	    0.58
03/25/1991	    1.04	    1.04	    1.04	    1.04
03/26/1991	    1.08	    1.04	    1.04	    0.97
03/27/1991	    2.70	    1.04	    1.05	    0.91
03/28/1991	    1.05	    0.77	    0.87	    0.85
03/29/1991	    0.87	    0.77	    0.77	    0.80
03/30/1991	    0.77	    0.77	    0.71	    0.75
03/31/1991	    0.71	    0.58	    0.63	    0.70
04/01/1991	    0.63	    0.58	    0.58	    0.63
04/02/1991	    0.58	    0.58	    0.55	    0.58
04/03/1991	    0.55	    0.49	    0.52	    0.55
04/04/1991	    0.52	    0.49	    0.49	    0.52
04/05/1991	    0.49	    0.49	    0.47	    0.49
04/06/1991	    0.47	    0.41	    0.42	    0.47
04/07/1991	    0.42	    0.41	    0.41	    0.42
04/08/1991	    0.41	    0.41	    0.41	    0.41
04/09/1991	    2.00	    0.42	    0.41	    0.42
04/10/1991	    1.20	    0.42	    0.42	    0.42
04/11/1991	    0.42	    0.42	    0.42	    0.42
04/12/1991	   47.91	   25.80	    0.42	    3.28
04/13/1991	   25.80	   25.80	   25.80	   25.80
04/14/1991	   57.81	   25.80	    1.96	   14.83
04/15/1991	    1.96	    1.13	    1.29	    1.96
04/16/1991	    1.29	    1.13	    1.13	    1.29
04/17/1991	    1.13	    1.13	    1.00	    1.13
04/18/1991	    1.00	    0.93	    0.93	    1.00
04/19/1991	    0.93	    0.93	    0.93	    0.93
04/20/1991	    0.95	    0.93	    0.77	    0.87
04/21/1991	    0.77	    0.66	    0.70	    0.77
04/22/1991	    0.70	    0.66	    0.66	    0.70
04/23/1991	    0.66	    0.66	    0.63	    0.66
04/24/1991	    0.63	    0.55	    0.60	    0.63
04/25/1991	    0.60	    0.55	    0.55	    0.60
04/26/1991	    0.55	    0.55	    0.51	    0.55
04/27/1991	    0.51	    0.50	    0.50	    0.51
04/28/1991	    0.50	    0.50	    0.50	    0.50
04/29/1991	    4.30	    0.50	    0.50	    0.48
04/30/1991	    0.59	    0.45	    0.52	    0.46
05/01/1991	    0.52	    0.45	    0.45	    0.44
05/02/1991	    0.45	    0.45	    0.41	    0.42
05/03/1991	    0.41	    0.39	    0.39	    0.41
05/04/1991	    0.39	    0.39	    0.39	    0.39
05/05/1991	    2.70	    0.39	    0.39	    0.38
05/06/1991	    1.40	    0.36	    0.38	    0.37
05/07/1991	    0.38	    0.36	    0.36	    0.37
05/08/1991	    0.36	    0.36	    0.36	    0.36
05/09/1991	    0.36	    0.33	    0.35	    0.35
05/10/1991	    0.35	    0.33	    0.33	    0.34
05/11/1991	    0.33	    0.33	    0.33	    0.33
05/12/1991	    0.34	    0.33	    0.33	    0.33
05/13/1991	    0.33	    0.33	    0.33	    0.33
05/14/1991	    0.34	    0.33	    0.33	    0.33
05/15/1991	    0.33	    0.33	    0.33	    0.33
05/16/1991	    0.33	    0.33	    0.33	    0.33
05/17/1991	    0.33	    0.33	    0.33	    0.33
05/18/1991	    0.37	    0.34	    0.33	    0.34
05/19/1991	    0.36	    0.34	    0.34	    0.34
05/20/1991	    0.34	    0.34	    0.34	    0.34
05/21/1991	    0.35	    0.34	    0.34	    0.34
05/22/1991	    0.35	    0.34	    0.34	    0.33
05/23/1991	    0.34	    0.34	    0.32	    0.32
05/24/1991	    0.32	    0.31	    0.31	    0.32
05/25/1991	    0.31	    0.31	    0.31	    0.31
05/26/1991	    0.33	    0.31	    0.31	    0.30
05/27/1991	    0.33	    0.26	    0.30	    0.29
05/28/1991	    0.30	    0.26	    0.26	    0.28
05/29/1991	    0.26	    0.26	    0.26	    0.26
05/30/1991	    0.26	    0.24	    0.25	    0.25
05/31/1991	    0.25	    0.24	    0.24	    0.24
06/01/1991	    0.24	    0.24	    0.22	    0.23
06/02/1991	    0.22	    0.21	    0.21	    0.22
06/03/1991	    0.21	    0.21	    0.21	    0.21
06/04/1991	    0.22	    0.21	    0.21	    0.21
06/05/1991	    0.21	    0.20	    0.21	    0.21
06/06/1991	    0.21	    0.20	    0.20	    0.21
06/07/1991	    0.20	    0.20	    0.20	    0.20
06/08/1991	    0.24	    0.19	    0.20	    0.20
06/09/1991	    0.20	    0.19	    0.19	    0.20
06/10/1991	    0.19	    0.19	    0.19	    0.19
06/11/1991	    0.19	    0.18	    0.18	    0.19
06/12/1991	    0.18	    0.18	    0.18	    0.18
06/13/1991	    0.18	    0.18	    0.18	    0.18
06/14/1991	    0.24	    0.24	    0.18	    0.19
06/15/1991	    0.33	    0.24	    0.24	    0.21
06/16/1991	    0.25	    0.24	    0.23	    0.22
06/17/1991	    0.23	    0.23	    0.23	    0.23
06/18/1991	    0.23	    0.23	    0.23	    0.23
06/19/1991	    0.24	    0.23	    0.23	    0.23
06/20/1991	    0.23	    0.23	    0.23	    0.23
06/21/1991	    0.24	    0.23	    0.23	    0.23
06/22/1991	    0.24	    0.23	    0.23	    0.23
06/23/1991	    0.23	    0.22	    0.22	    0.22
06/24/1991	    0.22	    0.22	    0.22	    0.22
06/25/1991	    0.22	    0.22	    0.22	    0.22
06/26/1991	    0.22	    0.22	    0.22	    0.22
06/27/1991	    0.22	    0.22	    0.22	    0.21
06/28/1991	    0.22	    0.22	    0.21	    0.21
06/29/1991	    0.21	    0.20	    0.20	    0.21
06/30/1991	    0.20	    0.20	    0.20	    0.20
07/01/1991	    0.21	    0.20	    0.20	    0.20
07/02/1991	    0.20	    0.20	    0.20	    0.20
07/03/1991	    0.20	    0.20	    0.20	    0.20
07/04/1991	    0.20	    0.20	    0.20	    0.20
07/05/1991	    0.20	    0.20	    0.20	    0.20
07/06/1991	    0.20	    0.20	    0.20	    0.20
07/07/1991	    0.20	    0.20	    0.20	    0.19
07/08/1991	    0.23	    0.19	    0.20	    0.19
07/09/1991	    0.21	    0.19	    0.19	    0.19
07/10/1991	    0.19	    0.19	    0.18	    0.19
07/11/1991	    0.18	    0.18	    0.18	    0.18
07/12/1991	    0.18	    0.18	    0.18	    0.18
07/13/1991	    0.18	    0.18	    0.17	    0.18
07/14/1991	    0.17	    0.16	    0.17	    0.17
07/15/1991	    1.50	    0.16	    0.16	    0.17
07/16/1991	    0.16	    0.16	    0.16	    0.16
07/17/1991	    0.16	    0.15	    0.15	    0.16
07/18/1991	    0.15	    0.15	    0.15	    0.15
07/19/1991	    0.15	    0.15	    0.15	    0.15
07/20/1991	    0.15	    0.15	    0.15	    0.15
07/21/1991	    0.19	    0.15	    0.15	    0.15
07/22/1991	    0.16	    0.15	    0.15	    0.15
07/23/1991	    0.15	    0.15	    0.15	    0.15
07/24/1991	    0.15	    0.15	    0.15	    0.15
07/25/1991	    0.15	    0.15	    0.14	    0.14
07/26/1991	    0.14	    0.13	    0.13	    0.14
07/27/1991	    0.13	    0.13	    0.13	    0.13
07/28/1991	    0.13	    0.13	    0.12	    0.13
07/29/1991	    0.12	    0.12	    0.12	    0.12
07/30/1991	    0.12	    0.12	    0.12	    0.12
07/31/1991	    0.12	    0.12	    0.12	    0.12
08/01/1991	    0.12	    0.12	    0.12	    0.12
08/02/1991	    0.12	    0.12	    0.12	    0.11
08/03/1991	    0.13	    0.12	    0.12	    0.11
08/04/1991	    0.13	    0.13	    0.13	    0.11
08/05/1991	    0.13	    0.13	    0.13	    0.11
08/06/1991	    0.13	    0.13	    0.13	    0.10
08/07/1991	    0.14	    0.14	    0.13	    0.10
08/08/1991	    1.30	    0.14	    0.14	    0.10
08/09/1991	    0.25	    0.14	    0.21	    0.10
08/10/1991	    0.21	    0.16	    0.19	    0.09
08/11/1991	    0.19	    0.16	    0.16	    0.09
08/12/1991	    0.16	    0.16	    0.14	    0.09
08/13/1991	    0.14	    0.11	    0.13	    0.09
08/14/1991	    0.13	    0.11	    0.11	    0.08
08/15/1991	    0.11	    0.11	    0.10	    0.08
08/16/1991	    0.10	    0.08	    0.09	    0.08
08/17/1991	    0.09	    0.08	    0.08	    0.08
08/18/1991	    0.08	    0.08	    0.07	    0.08
08/19/1991	    0.07	    0.07	    0.07	    0.07
08/20/1991	    0.07	    0.07	    0.07	    0.07
08/21/1991	    0.07	    0.07	    0.07	    0.07
08/22/1991	    0.08	    0.08	    0.07	    0.08
08/23/1991	    0.08	    0.08	    0.08	    0.08
08/24/1991	    0.08	    0.08	    0.08	    0.08
08/25/1991	    0.09	    0.09	    0.08	    0.09
08/26/1991	    0.10	    0.09	    0.09	    0.09
08/27/1991	    0.10	    0.09	    0.10	    0.09
08/28/1991	    0.10	    0.10	    0.10	    0.09
08/29/1991	    0.11	    0.10	    0.10	    0.10
08/30/1991	    0.11	    0.10	    0.11	    0.10
08/31/1991	    0.11	    0.11	    0.11	    0.10
09/01/1991	    0.11	    0.11	    0.11	    0.11
09/02/1991	    0.11	    0.11	    0.11	    0.11
09/03/1991	    0.12	    0.12	    0.11	    0.11
09/04/1991	    0.12	    0.12	    0.12	    0.12
09/05/1991	    0.12	    0.12	    0.12	    0.12
09/06/1991	    0.12	    0.12	    0.12	    0.12
09/07/1991	    0.13	    0.12	    0.12	    0.13
09/08/1991	    0.13	    0.12	    0.13	    0.13
09/09/1991	    0.14	    0.14	    0.13	    0.14
09/10/1991	    0.14	    0.14	    0.14	    0.14
09/11/1991	    0.15	    0.14	    0.14	    0.14
09/12/1991	    0.16	    0.15	    0.15	    0.15
09/13/1991	    0.15	    0.15	    0.15	    0.15
09/14/1991	    0.16	    0.15	    0.15	    0.15
09/15/1991	    0.22	    0.14	    0.15	    0.14
09/16/1991	    0.15	    0.14	    0.14	    0.14
09/17/1991	    0.14	    0.14	    0.14	    0.14
09/18/1991	    0.14	    0.12	    0.13	    0.14
09/19/1991	    0.13	    0.12	    0.12	    0.13
09/20/1991	    0.12	    0.12	    0.12	    0.12
09/21/1991	    0.12	    0.11	    0.11	    0.12
09/22/1991	    0.11	    0.11	    0.11	    0.11
09/23/1991	    0.11	    0.11	    0.10	    0.11
09/24/1991	    0.10	    0.10	    0.10	    0.10
09/25/1991	    0.10	    0.10	    0.10	    0.10
09/26/1991	    0.10	    0.10	    0.09	    0.10
09/27/1991	    0.09	    0.08	    0.09	    0.09
09/28/1991	    0.09	    0.08	    0.08	    0.09
09/29/1991	    0.08	    0.08	    0.08	    0.08
09/30/1991	    0.08	    0.08	    0.08	    0.08
