date	phot_tot	phos_storm	QGW_slide	QGW_locmin
10/01/1991	    5.36	    5.36	    5.36	    5.36
10/02/1991	    5.53	    5.36	    5.36	    5.53
10/03/1991	    5.53	    5.36	    5.53	    5.53
10/04/1991	   12.00	   12.00	    5.53	    5.48
10/05/1991	   27.00	   12.00	   12.00	    5.42
10/06/1991	   15.00	   12.00	    6.21	    5.37
10/07/1991	    6.21	    5.60	    5.74	    5.32
10/08/1991	    5.74	    5.60	    5.60	    5.27
10/09/1991	    5.60	    5.60	    5.17	    5.22
10/10/1991	    5.17	    5.17	    5.17	    5.17
10/11/1991	    5.27	    5.17	    5.17	    5.12
10/12/1991	    5.17	    5.17	    5.03	    5.08
10/13/1991	    5.03	    5.03	    5.03	    5.03
10/14/1991	    5.21	    5.03	    5.03	    4.96
10/15/1991	    5.32	    5.03	    4.99	    4.89
10/16/1991	    4.99	    4.74	    4.89	    4.83
10/17/1991	    4.89	    4.74	    4.74	    4.76
10/18/1991	    4.74	    4.74	    4.63	    4.69
10/19/1991	    4.63	    4.63	    4.63	    4.63
10/20/1991	    4.71	    4.63	    4.63	    4.66
10/21/1991	    4.89	    4.63	    4.71	    4.69
10/22/1991	    4.89	    4.76	    4.76	    4.73
10/23/1991	    4.76	    4.76	    4.76	    4.76
10/24/1991	    6.60	    4.76	    4.76	    4.96
10/25/1991	   19.00	   10.00	    6.60	    5.16
10/26/1991	   14.00	   10.00	   10.00	    5.37
10/27/1991	   10.00	   10.00	    5.82	    5.59
10/28/1991	    5.82	    5.43	    5.82	    5.82
10/29/1991	    7.23	    5.43	    5.43	    5.45
10/30/1991	    5.43	    5.43	    4.77	    5.10
10/31/1991	    4.77	    4.77	    4.77	    4.77
11/01/1991	  166.20	    4.77	    4.77	    4.29
11/02/1991	   31.73	    4.77	    4.15	    3.87
11/03/1991	    4.15	    2.82	    2.92	    3.48
11/04/1991	    2.92	    2.82	    2.82	    2.92
11/05/1991	    2.82	    2.82	    2.82	    2.82
11/06/1991	    2.82	    2.72	    2.82	    2.82
11/07/1991	    2.82	    2.72	    2.72	    2.77
11/08/1991	    2.72	    2.72	    2.72	    2.72
11/09/1991	    2.72	    2.72	    2.72	    2.72
11/10/1991	    2.72	    2.72	    2.72	    2.72
11/11/1991	    2.72	    2.72	    2.72	    2.72
11/12/1991	    2.83	    2.83	    2.72	    2.83
11/13/1991	    3.01	    2.83	    2.83	    3.01
11/14/1991	    6.60	    2.83	    3.01	    3.21
11/15/1991	   12.00	    3.78	    3.81	    3.39
11/16/1991	    3.81	    3.78	    3.78	    3.58
11/17/1991	    3.78	    3.78	    3.78	    3.78
11/18/1991	   69.00	   12.00	    3.78	    3.84
11/19/1991	   22.00	   12.00	   12.00	    3.89
11/20/1991	   12.00	   12.00	    4.33	    3.95
11/21/1991	    4.33	    4.07	    4.07	    4.01
11/22/1991	    4.07	    4.07	    4.07	    4.07
11/23/1991	    4.86	    4.07	    4.07	    4.19
11/24/1991	    5.05	    4.57	    4.67	    4.31
11/25/1991	    4.67	    4.57	    4.57	    4.44
11/26/1991	    4.57	    4.57	    4.57	    4.57
11/27/1991	    4.57	    4.57	    4.57	    4.57
11/28/1991	    4.86	    4.57	    4.57	    4.86
11/29/1991	   34.00	    4.57	    4.86	    5.64
11/30/1991	  143.00	   52.00	   34.00	    6.27
12/01/1991	  131.00	   52.00	   52.00	    6.96
12/02/1991	   52.00	   52.00	   21.52	    7.74
12/03/1991	   21.52	    9.55	    9.55	    8.60
12/04/1991	    9.55	    9.55	    9.55	    9.55
12/05/1991	    9.55	    9.55	    9.55	    9.55
12/06/1991	    9.91	    9.91	    9.55	    9.60
12/07/1991	   11.02	    9.91	    9.91	    9.65
12/08/1991	   13.59	    9.91	   11.02	    9.70
12/09/1991	   11.38	    9.86	    9.91	    9.76
12/10/1991	    9.91	    9.86	    9.86	    9.81
12/11/1991	    9.86	    9.86	    9.86	    9.86
12/12/1991	   79.00	   10.28	    9.86	    9.57
12/13/1991	   53.00	   10.28	   10.28	    9.29
12/14/1991	   10.28	   10.28	    9.55	    9.02
12/15/1991	    9.55	    8.26	    8.81	    8.76
12/16/1991	    8.81	    8.26	    8.26	    8.51
12/17/1991	    8.26	    8.26	    8.26	    8.26
12/18/1991	    8.26	    7.34	    7.71	    7.94
12/19/1991	    7.71	    7.34	    7.34	    7.64
12/20/1991	    7.34	    7.34	    6.98	    7.34
12/21/1991	    6.98	    6.79	    6.79	    6.98
12/22/1991	    6.79	    6.79	    6.79	    6.79
12/23/1991	    6.79	    6.79	    6.79	    6.79
12/24/1991	    6.79	    6.61	    6.61	    6.70
12/25/1991	    6.61	    6.61	    6.61	    6.61
12/26/1991	    6.61	    6.61	    6.61	    6.61
12/27/1991	    6.79	    6.79	    6.61	    6.57
12/28/1991	    7.07	    6.79	    6.79	    6.53
12/29/1991	    7.07	    6.79	    6.60	    6.49
12/30/1991	    6.60	    6.41	    6.41	    6.45
12/31/1991	    6.41	    6.41	    6.41	    6.41
01/01/1992	    6.41	    6.41	    6.41	    6.41
01/02/1992	    6.41	    6.41	    6.41	    6.41
01/03/1992	    6.55	    6.41	    6.41	    6.51
01/04/1992	    6.73	    6.41	    6.55	    6.62
01/05/1992	    6.73	    6.73	    6.73	    6.73
01/06/1992	    6.73	    6.73	    6.73	    6.73
01/07/1992	    6.73	    6.73	    6.73	    6.73
01/08/1992	   60.00	   24.46	    6.73	    9.08
01/09/1992	   79.00	   24.46	   24.46	   12.25
01/10/1992	   24.46	   24.46	   22.29	   16.52
01/11/1992	   22.29	   22.29	   22.29	   22.29
01/12/1992	   69.00	   22.29	   22.29	   21.45
01/13/1992	   59.00	   22.29	   24.62	   20.65
01/14/1992	   24.62	   18.47	   22.16	   19.88
01/15/1992	   22.16	   18.47	   18.47	   19.13
01/16/1992	   18.47	   18.47	   17.65	   18.41
01/17/1992	   17.65	   16.42	   16.83	   17.65
01/18/1992	   16.83	   16.42	   16.42	   16.83
01/19/1992	   16.42	   16.42	   16.42	   16.42
01/20/1992	   16.42	   16.42	   16.42	   16.42
01/21/1992	   18.47	   16.42	   16.42	   16.33
01/22/1992	  130.25	   16.42	   18.47	   16.23
01/23/1992	  294.78	   28.73	   98.37	   16.14
01/24/1992	   98.37	   28.73	   28.73	   16.05
01/25/1992	   28.73	   28.73	   18.47	   15.96
01/26/1992	   18.47	   16.42	   17.65	   15.87
01/27/1992	   17.65	   16.42	   16.42	   15.78
01/28/1992	   16.42	   16.42	   15.60	   15.69
01/29/1992	   15.60	   15.60	   15.60	   15.60
01/30/1992	   15.60	   15.60	   15.60	   15.60
01/31/1992	   16.42	   15.60	   15.60	   15.11
02/01/1992	   26.27	   26.27	   16.42	   14.63
02/02/1992	   49.25	   26.27	   26.27	   14.16
02/03/1992	  211.36	   26.27	   49.25	   13.71
02/04/1992	   95.96	   20.74	   29.32	   13.28
02/05/1992	   29.32	   20.74	   20.74	   12.86
02/06/1992	   20.74	   20.74	   16.09	   12.45
02/07/1992	   16.09	   11.37	   13.02	   12.05
02/08/1992	   13.02	   11.37	   11.37	   11.67
02/09/1992	   11.37	   11.37	   10.79	   11.30
02/10/1992	   10.79	   10.21	   10.50	   10.79
02/11/1992	   10.50	   10.21	   10.21	   10.50
02/12/1992	   10.21	   10.21	    9.91	   10.21
02/13/1992	    9.91	    9.62	    9.62	    9.91
02/14/1992	    9.62	    9.62	    9.62	    9.62
02/15/1992	    9.91	    9.62	    9.62	    9.73
02/16/1992	    9.84	    9.84	    9.84	    9.84
02/17/1992	   11.00	    9.84	    9.84	   11.00
02/18/1992	   29.00	    9.84	   11.00	   29.00
02/19/1992	   36.00	   36.00	   29.00	   36.00
02/20/1992	 1374.45	   36.00	   36.00	  152.42
02/21/1992	  302.37	   36.00	  302.37	  302.37
02/22/1992	  562.29	  562.29	  302.37	  240.03
02/23/1992	  575.79	  562.29	  562.29	  190.55
02/24/1992	  624.00	  562.29	  124.00	  151.26
02/25/1992	  124.00	   17.90	   19.52	  120.08
02/26/1992	   19.52	   17.90	   17.90	   19.52
02/27/1992	   17.90	   17.90	   15.70	   17.90
02/28/1992	   15.70	   11.14	   12.24	   15.70
02/29/1992	   12.24	   11.14	   11.14	   12.24
03/01/1992	   11.14	   11.14	   10.90	   11.14
03/02/1992	   10.90	    9.29	    9.89	   10.90
03/03/1992	    9.89	    9.29	    9.29	    9.89
03/04/1992	    9.29	    9.29	    8.76	    9.29
03/05/1992	    8.76	    8.14	    8.57	    8.76
03/06/1992	    8.57	    8.14	    8.14	    8.57
03/07/1992	    8.14	    8.14	    7.52	    8.14
03/08/1992	    7.52	    6.29	    7.52	    7.52
03/09/1992	   38.00	    6.29	    6.29	    6.93
03/10/1992	    6.29	    6.29	    5.67	    6.29
03/11/1992	    5.67	    4.58	    5.10	    5.67
03/12/1992	    5.10	    4.58	    4.58	    5.10
03/13/1992	    4.58	    4.58	    4.30	    4.58
03/14/1992	    4.30	    3.36	    3.75	    4.30
03/15/1992	    3.75	    3.36	    3.36	    3.75
03/16/1992	    3.36	    3.36	    3.15	    3.36
03/17/1992	    3.15	    2.87	    3.04	    3.15
03/18/1992	    3.04	    2.87	    2.87	    3.04
03/19/1992	    2.87	    2.87	    2.70	    2.87
03/20/1992	    2.70	    2.61	    2.61	    2.70
03/21/1992	    2.61	    2.61	    2.61	    2.61
03/22/1992	    2.94	    2.61	    2.61	    2.50
03/23/1992	    2.95	    2.42	    2.78	    2.40
03/24/1992	    2.78	    2.42	    2.42	    2.30
03/25/1992	    2.42	    2.42	    2.20	    2.20
03/26/1992	    2.20	    1.94	    2.06	    2.11
03/27/1992	    2.06	    1.94	    1.94	    2.02
03/28/1992	    1.94	    1.94	    1.94	    1.94
03/29/1992	    2.09	    1.93	    1.94	    1.86
03/30/1992	    2.07	    1.93	    1.93	    1.78
03/31/1992	    1.93	    1.93	    1.79	    1.71
04/01/1992	    1.79	    1.51	    1.63	    1.64
04/02/1992	    1.63	    1.51	    1.51	    1.57
04/03/1992	    1.51	    1.51	    1.51	    1.51
04/04/1992	    1.53	    1.30	    1.40	    1.44
04/05/1992	    1.40	    1.30	    1.30	    1.37
04/06/1992	    1.30	    1.30	    1.30	    1.30
04/07/1992	    1.34	    1.27	    1.27	    1.28
04/08/1992	    1.27	    1.27	    1.27	    1.27
04/09/1992	    1.43	    1.27	    1.27	    1.23
04/10/1992	    1.38	    1.14	    1.32	    1.19
04/11/1992	    1.32	    1.14	    1.14	    1.15
04/12/1992	    1.14	    1.14	    1.07	    1.11
04/13/1992	    1.07	    1.07	    1.07	    1.07
04/14/1992	    1.40	    1.07	    1.07	    1.38
04/15/1992	    6.20	    1.07	    1.40	    1.78
04/16/1992	   24.00	    3.80	    5.00	    2.29
04/17/1992	    5.00	    3.80	    3.80	    2.95
04/18/1992	    3.80	    3.80	    3.80	    3.80
04/19/1992	   19.00	   19.00	    3.80	    3.77
04/20/1992	  261.28	   19.00	   19.00	    3.74
04/21/1992	  114.08	   19.00	   21.01	    3.71
04/22/1992	   21.01	   11.94	   12.55	    3.69
04/23/1992	   12.55	   11.94	   11.94	    3.66
04/24/1992	   11.94	   11.94	   10.93	    3.63
04/25/1992	   10.93	    9.67	   10.33	    3.60
04/26/1992	   10.33	    9.67	    9.67	    3.58
04/27/1992	    9.67	    9.67	    9.00	    3.55
04/28/1992	    9.00	    8.46	    8.90	    3.52
04/29/1992	    8.90	    8.46	    8.46	    3.50
04/30/1992	    8.46	    8.46	    7.74	    3.47
05/01/1992	    7.74	    6.03	    7.02	    3.44
05/02/1992	    7.02	    6.03	    6.03	    3.42
05/03/1992	    6.03	    6.03	    5.62	    3.39
05/04/1992	    5.62	    5.04	    5.42	    3.37
05/05/1992	    5.42	    5.04	    5.04	    3.34
05/06/1992	    5.04	    5.04	    4.58	    3.32
05/07/1992	    4.58	    4.06	    4.36	    3.29
05/08/1992	    4.36	    4.06	    4.06	    3.27
05/09/1992	    4.06	    4.06	    3.89	    3.24
05/10/1992	    3.89	    3.76	    3.85	    3.22
05/11/1992	    3.85	    3.76	    3.76	    3.19
05/12/1992	    3.76	    3.76	    3.42	    3.17
05/13/1992	    3.42	    3.12	    3.12	    3.14
05/14/1992	    3.12	    3.12	    3.12	    3.12
05/15/1992	    3.17	    3.12	    2.88	    3.00
05/16/1992	    2.88	    2.88	    2.88	    2.88
05/17/1992	    4.70	    2.88	    2.88	    2.68
05/18/1992	    2.97	    2.88	    2.43	    2.49
05/19/1992	    2.43	    2.16	    2.16	    2.32
05/20/1992	    2.16	    2.16	    2.16	    2.16
05/21/1992	    2.27	    2.16	    2.16	    2.09
05/22/1992	    2.35	    1.94	    2.27	    2.03
05/23/1992	    2.32	    1.94	    1.94	    1.96
05/24/1992	    1.94	    1.94	    1.84	    1.90
05/25/1992	    1.84	    1.81	    1.84	    1.84
05/26/1992	    1.89	    1.81	    1.81	    1.80
05/27/1992	    1.81	    1.81	    1.69	    1.75
05/28/1992	    1.69	    1.65	    1.67	    1.69
05/29/1992	    1.67	    1.65	    1.65	    1.67
05/30/1992	    1.65	    1.65	    1.59	    1.63
05/31/1992	    1.59	    1.59	    1.59	    1.59
06/01/1992	    1.59	    1.59	    1.59	    1.59
06/02/1992	    1.67	    1.59	    1.59	    1.64
06/03/1992	    1.75	    1.75	    1.67	    1.70
06/04/1992	    1.82	    1.75	    1.75	    1.76
06/05/1992	    2.01	    1.75	    1.82	    1.82
06/06/1992	    2.17	    2.01	    2.01	    1.88
06/07/1992	    2.24	    2.01	    2.01	    1.94
06/08/1992	    2.01	    2.01	    2.01	    2.01
06/09/1992	    2.12	    2.12	    2.01	    2.04
06/10/1992	    2.29	    2.12	    2.12	    2.07
06/11/1992	    2.37	    2.12	    2.29	    2.10
06/12/1992	    2.31	    2.17	    2.17	    2.14
06/13/1992	    2.17	    2.17	    2.17	    2.17
06/14/1992	    2.24	    2.17	    2.17	    2.18
06/15/1992	    2.19	    2.19	    2.19	    2.19
06/16/1992	    4.10	    2.19	    2.19	    2.32
06/17/1992	    2.69	    2.19	    2.60	    2.46
06/18/1992	    2.60	    2.60	    2.60	    2.60
06/19/1992	    2.61	    2.60	    2.60	    2.61
06/20/1992	    2.92	    2.60	    2.61	    2.82
06/21/1992	    2.95	    2.95	    2.92	    2.94
06/22/1992	    2.99	    2.95	    2.95	    2.99
06/23/1992	    3.39	    2.95	    2.99	    3.19
06/24/1992	    3.97	    3.77	    3.39	    3.32
06/25/1992	    3.93	    3.77	    3.77	    3.46
06/26/1992	    3.77	    3.77	    3.76	    3.61
06/27/1992	    3.76	    3.76	    3.76	    3.76
06/28/1992	    3.77	    3.76	    3.76	    3.77
06/29/1992	    4.02	    3.76	    3.77	    3.91
06/30/1992	    3.99	    3.99	    3.99	    3.99
07/01/1992	    4.10	    3.99	    3.99	    4.01
07/02/1992	    6.60	    3.99	    4.10	    4.03
07/03/1992	    4.70	    4.15	    4.29	    4.05
07/04/1992	    4.29	    4.15	    4.15	    4.07
07/05/1992	    4.15	    4.15	    4.11	    4.09
07/06/1992	    4.11	    4.11	    4.11	    4.11
07/07/1992	    7.07	    4.11	    4.11	    4.15
07/08/1992	    8.41	    4.11	    5.72	    4.18
07/09/1992	    5.72	    4.30	    5.01	    4.22
07/10/1992	    5.01	    4.30	    4.30	    4.26
07/11/1992	    4.30	    4.30	    4.30	    4.30
07/12/1992	   10.27	   10.27	    4.30	    4.33
07/13/1992	   19.09	   10.27	   10.27	    4.36
07/14/1992	   15.35	   10.27	    8.76	    4.40
07/15/1992	    8.76	    6.09	    6.80	    4.43
07/16/1992	    6.80	    6.09	    6.09	    4.46
07/17/1992	    6.09	    6.09	    5.41	    4.50
07/18/1992	    5.41	    5.13	    5.26	    4.53
07/19/1992	    5.26	    5.13	    5.13	    4.56
07/20/1992	    5.13	    5.13	    4.63	    4.60
07/21/1992	    4.63	    4.63	    4.63	    4.63
07/22/1992	    5.29	    4.63	    4.63	    4.93
07/23/1992	    5.91	    4.63	    5.29	    5.24
07/24/1992	    5.58	    5.58	    5.58	    5.58
07/25/1992	    6.27	    5.58	    5.58	    5.28
07/26/1992	    6.06	    5.58	    5.24	    5.00
07/27/1992	    5.24	    4.25	    4.46	    4.74
07/28/1992	    4.46	    4.25	    4.25	    4.46
07/29/1992	    4.25	    4.25	    4.25	    4.25
07/30/1992	    7.42	    5.68	    4.25	    4.13
07/31/1992	    9.19	    5.68	    5.68	    4.01
08/01/1992	    5.68	    5.68	    4.46	    3.90
08/02/1992	    4.46	    3.95	    4.09	    3.78
08/03/1992	    4.09	    3.95	    3.95	    3.68
08/04/1992	    3.95	    3.95	    3.57	    3.57
08/05/1992	    3.57	    3.37	    3.37	    3.47
08/06/1992	    3.37	    3.37	    3.37	    3.37
08/07/1992	    5.39	    3.37	    3.37	    3.24
08/08/1992	    5.40	    4.11	    4.37	    3.12
08/09/1992	    4.37	    4.11	    4.11	    3.01
08/10/1992	    4.11	    4.11	    3.22	    2.90
08/11/1992	    3.22	    2.92	    3.09	    2.79
08/12/1992	    3.09	    2.92	    2.92	    2.68
08/13/1992	    2.92	    2.92	    2.67	    2.58
08/14/1992	    2.67	    2.33	    2.48	    2.49
08/15/1992	    2.48	    2.33	    2.33	    2.40
08/16/1992	    2.33	    2.33	    2.22	    2.31
08/17/1992	    2.22	    2.15	    2.22	    2.22
08/18/1992	    2.22	    2.15	    2.15	    2.15
08/19/1992	    2.15	    2.15	    2.06	    2.08
08/20/1992	    2.06	    1.89	    1.96	    2.02
08/21/1992	    1.96	    1.89	    1.89	    1.95
08/22/1992	    1.89	    1.89	    1.89	    1.89
08/23/1992	    1.90	    1.90	    1.89	    1.87
08/24/1992	    1.95	    1.90	    1.90	    1.84
08/25/1992	    2.08	    1.90	    1.95	    1.82
08/26/1992	    2.33	    1.99	    2.08	    1.80
08/27/1992	    2.20	    1.99	    1.99	    1.78
08/28/1992	    1.99	    1.99	    1.90	    1.75
08/29/1992	    1.90	    1.69	    1.82	    1.73
08/30/1992	    1.82	    1.69	    1.69	    1.71
08/31/1992	    1.69	    1.69	    1.69	    1.69
09/01/1992	    1.70	    1.70	    1.69	    1.70
09/02/1992	    1.87	    1.70	    1.70	    1.72
09/03/1992	    1.89	    1.70	    1.76	    1.74
09/04/1992	    1.76	    1.76	    1.76	    1.76
09/05/1992	    1.76	    1.76	    1.76	    1.76
09/06/1992	    5.70	    1.76	    1.76	    2.94
09/07/1992	    4.90	    4.90	    4.90	    4.90
09/08/1992	    7.50	    4.90	    4.90	    4.69
09/09/1992	    9.50	    4.90	    6.00	    4.49
09/10/1992	    6.00	    4.04	    5.44	    4.30
09/11/1992	    5.44	    4.04	    4.04	    4.11
09/12/1992	    4.04	    4.04	    3.77	    3.94
09/13/1992	    3.77	    3.77	    3.77	    3.77
09/14/1992	    4.50	    3.77	    3.77	    4.07
09/15/1992	    6.19	    3.77	    4.50	    4.39
09/16/1992	    5.84	    5.11	    5.11	    4.74
09/17/1992	    5.11	    5.11	    5.11	    5.11
09/18/1992	    7.11	    5.11	    5.11	    4.05
09/19/1992	    5.49	    4.14	    4.74	    3.21
09/20/1992	    4.74	    4.14	    4.14	    2.55
09/21/1992	    4.14	    4.14	    2.55	    2.02
09/22/1992	    2.55	    0.87	    1.45	    1.60
09/23/1992	    1.45	    0.87	    0.87	    1.27
09/24/1992	    0.87	    0.87	    0.56	    0.87
09/25/1992	    0.56	    0.40	    0.42	    0.56
09/26/1992	    0.42	    0.40	    0.40	    0.42
09/27/1992	    0.40	    0.40	    0.35	    0.40
09/28/1992	    0.35	    0.25	    0.26	    0.35
09/29/1992	    0.26	    0.25	    0.25	    0.26
09/30/1992	    0.25	    0.25	    0.25	    0.25
10/01/1992	    1.91	    1.91	    0.25	    0.33
10/02/1992	    1.93	    1.91	    1.91	    0.43
10/03/1992	    2.01	    1.91	    1.93	    0.57
10/04/1992	    1.95	    1.75	    1.83	    0.75
10/05/1992	    1.83	    1.75	    1.75	    0.98
10/06/1992	    1.75	    1.75	    1.70	    1.29
10/07/1992	    1.70	    1.70	    1.70	    1.70
10/08/1992	    1.93	    1.70	    1.70	    1.65
10/09/1992	    1.96	    1.70	    1.86	    1.60
10/10/1992	    1.86	    1.44	    1.57	    1.55
10/11/1992	    1.57	    1.44	    1.44	    1.50
10/12/1992	    1.44	    1.44	    1.41	    1.44
10/13/1992	    1.41	    1.41	    1.41	    1.41
10/14/1992	    1.44	    1.41	    1.41	    1.42
10/15/1992	    1.56	    1.41	    1.44	    1.43
10/16/1992	    1.68	    1.55	    1.56	    1.44
10/17/1992	    1.63	    1.55	    1.55	    1.46
10/18/1992	    1.55	    1.55	    1.48	    1.47
10/19/1992	    1.48	    1.48	    1.48	    1.48
10/20/1992	    1.78	    1.48	    1.48	    1.56
10/21/1992	    1.84	    1.48	    1.78	    1.64
10/22/1992	    1.82	    1.81	    1.81	    1.72
10/23/1992	    1.81	    1.81	    1.81	    1.81
10/24/1992	    1.83	    1.81	    1.81	    1.80
10/25/1992	    1.86	    1.75	    1.81	    1.79
10/26/1992	    1.81	    1.75	    1.75	    1.78
10/27/1992	    1.75	    1.75	    1.75	    1.75
10/28/1992	    1.75	    1.75	    1.75	    1.75
10/29/1992	    1.79	    1.75	    1.75	    1.73
10/30/1992	    1.83	    1.75	    1.79	    1.71
10/31/1992	    1.89	    1.89	    1.83	    1.69
11/01/1992	    3.20	    1.89	    1.89	    1.67
11/02/1992	   21.26	    1.89	    3.20	    1.65
11/03/1992	   13.76	    3.10	    3.92	    1.63
11/04/1992	    3.92	    3.10	    3.10	    1.61
11/05/1992	    3.10	    3.10	    2.81	    1.59
11/06/1992	    2.81	    2.27	    2.46	    1.57
11/07/1992	    2.46	    2.27	    2.27	    1.55
11/08/1992	    2.27	    2.27	    2.12	    1.53
11/09/1992	    2.12	    1.96	    2.04	    1.51
11/10/1992	    2.04	    1.96	    1.96	    1.49
11/11/1992	    1.96	    1.96	    1.88	    1.47
11/12/1992	    1.88	    1.75	    1.80	    1.46
11/13/1992	    1.80	    1.75	    1.75	    1.44
11/14/1992	    1.75	    1.75	    1.55	    1.42
11/15/1992	    1.55	    1.41	    1.46	    1.40
11/16/1992	    1.46	    1.41	    1.41	    1.39
11/17/1992	    1.41	    1.41	    1.35	    1.37
11/18/1992	    1.35	    1.35	    1.35	    1.35
11/19/1992	    1.86	    1.35	    1.35	    1.86
11/20/1992	   96.05	    1.35	    1.86	    6.97
11/21/1992	  200.30	   35.89	   35.89	   15.81
11/22/1992	   35.89	   35.89	   35.89	   35.89
11/23/1992	   39.47	   35.89	   30.51	   31.84
11/24/1992	   30.51	   24.54	   26.16	   28.25
11/25/1992	   26.16	   24.54	   24.54	   25.07
11/26/1992	   24.54	   24.54	   22.27	   22.24
11/27/1992	   22.27	   16.70	   18.83	   19.73
11/28/1992	   18.83	   16.70	   16.70	   17.51
11/29/1992	   16.70	   16.70	   14.98	   15.54
11/30/1992	   14.98	   12.54	   13.36	   13.78
12/01/1992	   13.36	   12.54	   12.54	   12.23
12/02/1992	   12.54	   12.54	   10.73	   10.85
12/03/1992	   10.73	    7.58	    8.64	    9.63
12/04/1992	    8.64	    7.58	    7.58	    8.54
12/05/1992	    7.58	    7.58	    7.58	    7.58
12/06/1992	    7.63	    6.96	    7.58	    7.12
12/07/1992	    7.89	    6.96	    6.96	    6.69
12/08/1992	    6.96	    6.96	    6.33	    6.29
12/09/1992	    6.33	    5.22	    5.75	    5.91
12/10/1992	    5.75	    5.22	    5.22	    5.55
12/11/1992	    5.22	    5.22	    4.90	    5.22
12/12/1992	    4.90	    4.33	    4.61	    4.90
12/13/1992	    4.61	    4.33	    4.33	    4.61
12/14/1992	    4.33	    4.33	    4.33	    4.33
12/15/1992	   27.03	   25.36	    4.33	    4.53
12/16/1992	  186.88	   25.36	   25.36	    4.74
12/17/1992	   25.36	   25.36	   17.11	    4.97
12/18/1992	   17.11	   12.45	   14.92	    5.20
12/19/1992	   14.92	   12.45	   12.45	    5.44
12/20/1992	   12.45	   12.45	   10.66	    5.70
12/21/1992	   10.66	    8.71	    9.24	    5.96
12/22/1992	    9.24	    8.71	    8.71	    6.24
12/23/1992	    8.71	    8.71	    7.93	    6.53
12/24/1992	    7.93	    7.49	    7.71	    6.84
12/25/1992	    7.71	    7.49	    7.49	    7.16
12/26/1992	    7.49	    7.49	    7.49	    7.49
12/27/1992	    7.53	    7.53	    7.49	    7.28
12/28/1992	    7.79	    7.53	    7.53	    7.08
12/29/1992	    7.57	    7.53	    7.35	    6.88
12/30/1992	    7.35	    6.74	    7.15	    6.69
12/31/1992	    7.15	    6.74	    6.74	    6.50
01/01/1993	    6.74	    6.74	    6.14	    6.32
01/02/1993	    6.14	    6.14	    6.14	    6.14
01/03/1993	    6.36	    6.14	    6.14	    5.94
01/04/1993	    6.18	    6.14	    5.82	    5.75
01/05/1993	    5.82	    5.32	    5.48	    5.56
01/06/1993	    5.48	    5.32	    5.32	    5.38
01/07/1993	    5.32	    5.32	    5.17	    5.21
01/08/1993	    5.17	    4.72	    4.86	    5.04
01/09/1993	    4.86	    4.72	    4.72	    4.86
01/10/1993	    4.72	    4.72	    4.72	    4.72
01/11/1993	    4.75	    4.75	    4.72	    4.57
01/12/1993	    4.92	    4.75	    4.75	    4.43
01/13/1993	    4.93	    4.75	    4.65	    4.29
01/14/1993	    4.65	    4.12	    4.38	    4.15
01/15/1993	    4.38	    4.12	    4.12	    4.02
01/16/1993	    4.12	    4.12	    4.00	    3.89
01/17/1993	    4.00	    3.53	    3.63	    3.76
01/18/1993	    3.63	    3.53	    3.53	    3.63
01/19/1993	    3.53	    3.53	    3.53	    3.53
01/20/1993	    4.04	    4.04	    3.53	    3.52
01/21/1993	    4.29	    4.04	    4.04	    3.50
01/22/1993	    4.63	    4.04	    4.05	    3.49
01/23/1993	    4.05	    3.53	    3.62	    3.48
01/24/1993	    3.62	    3.53	    3.53	    3.47
01/25/1993	    3.53	    3.53	    3.44	    3.45
01/26/1993	    3.44	    3.44	    3.44	    3.44
01/27/1993	    3.47	    3.44	    3.44	    3.39
01/28/1993	    3.50	    3.44	    3.30	    3.35
01/29/1993	    3.30	    3.30	    3.30	    3.30
01/30/1993	    3.32	    3.30	    3.30	    3.30
01/31/1993	    3.47	    3.30	    3.32	    3.29
02/01/1993	    4.20	    3.29	    3.47	    3.29
02/02/1993	    3.47	    3.29	    3.29	    3.29
02/03/1993	    3.29	    3.29	    3.29	    3.29
02/04/1993	    3.67	    3.67	    3.29	    3.28
02/05/1993	    4.18	    3.67	    3.67	    3.27
02/06/1993	    3.76	    3.67	    3.33	    3.26
02/07/1993	    3.33	    3.25	    3.25	    3.25
02/08/1993	    3.25	    3.25	    3.25	    3.25
02/09/1993	    3.29	    3.25	    3.25	    3.29
02/10/1993	    3.57	    3.40	    3.29	    3.32
02/11/1993	    3.86	    3.40	    3.40	    3.36
02/12/1993	    3.40	    3.40	    3.40	    3.40
02/13/1993	    3.45	    3.45	    3.40	    3.36
02/14/1993	    3.49	    3.45	    3.45	    3.32
02/15/1993	    3.52	    3.45	    3.29	    3.27
02/16/1993	    3.29	    3.19	    3.19	    3.23
02/17/1993	    3.19	    3.19	    3.19	    3.19
02/18/1993	    3.35	    3.19	    3.19	    3.24
02/19/1993	    3.52	    3.52	    3.35	    3.30
02/20/1993	    3.56	    3.52	    3.52	    3.35
02/21/1993	    3.59	    3.52	    3.56	    3.41
02/22/1993	    3.62	    3.52	    3.52	    3.46
02/23/1993	    3.52	    3.52	    3.52	    3.52
02/24/1993	    3.55	    3.52	    3.52	    3.55
02/25/1993	    3.59	    3.59	    3.55	    3.59
02/26/1993	    3.62	    3.59	    3.59	    3.62
02/27/1993	    3.66	    3.59	    3.62	    3.66
02/28/1993	    3.69	    3.69	    3.66	    3.69
03/01/1993	    4.67	    3.69	    3.69	    4.67
03/02/1993	   11.65	    3.69	    4.67	   11.65
03/03/1993	   44.99	   44.99	   11.65	   44.99
03/04/1993	  957.62	   44.99	   44.99	  281.96
03/05/1993	  458.90	   44.99	  458.90	  458.90
03/06/1993	  490.00	  490.00	  458.90	  290.35
03/07/1993	 1128.37	  490.00	  490.00	  183.71
03/08/1993	  756.19	  490.00	  310.00	  116.23
03/09/1993	  310.00	   34.42	   79.45	   73.54
03/10/1993	   79.45	   34.42	   34.42	   46.53
03/11/1993	   34.42	   34.42	   12.22	   29.44
03/12/1993	   12.22	    7.46	    8.73	   12.22
03/13/1993	    8.73	    7.46	    7.46	    8.73
03/14/1993	    7.46	    7.46	    7.46	    7.46
03/15/1993	   36.92	   36.92	    7.46	    9.74
03/16/1993	  890.95	   36.92	   36.92	   12.73
03/17/1993	   92.00	   36.92	   63.00	   16.63
03/18/1993	   63.00	   28.40	   28.40	   21.73
03/19/1993	   28.40	   28.40	   28.40	   28.40
03/20/1993	   35.93	   28.40	   28.40	   27.89
03/21/1993	   35.93	   26.42	   28.75	   27.39
03/22/1993	   28.75	   26.42	   26.42	   26.90
03/23/1993	   26.42	   26.42	   26.42	   26.42
03/24/1993	   34.96	   34.96	   26.42	   34.96
03/25/1993	 2435.77	   34.96	   34.96	   63.11
03/26/1993	 1803.30	   34.96	 1386.46	   97.53
03/27/1993	 1386.46	  360.00	  594.50	  150.73
03/28/1993	  594.50	  360.00	  360.00	  232.94
03/29/1993	  360.00	  360.00	  360.00	  360.00
03/30/1993	 4950.55	  134.49	  360.00	  277.45
03/31/1993	 1822.77	  134.49	  134.49	  213.82
04/01/1993	  134.49	  134.49	   82.12	  134.49
04/02/1993	   82.12	   57.94	   68.90	   82.12
04/03/1993	   68.90	   57.94	   57.94	   68.90
04/04/1993	   57.94	   57.94	   51.56	   57.94
04/05/1993	   51.56	   34.53	   37.29	   51.56
04/06/1993	   37.29	   34.53	   34.53	   37.29
04/07/1993	   34.53	   34.53	   34.53	   34.53
04/08/1993	  103.00	   29.64	   34.53	   32.82
04/09/1993	   43.13	   29.64	   29.64	   31.19
04/10/1993	   29.64	   29.64	   29.64	   29.64
04/11/1993	   32.65	   20.19	   24.53	   26.08
04/12/1993	   24.53	   20.19	   20.19	   22.94
04/13/1993	   20.19	   20.19	   20.19	   20.19
04/14/1993	   22.51	   22.51	   20.19	   20.79
04/15/1993	  114.00	   22.51	   22.51	   21.41
04/16/1993	  126.00	   22.51	   92.00	   22.05
04/17/1993	   92.00	   23.39	   23.39	   22.71
04/18/1993	   23.39	   23.39	   23.39	   23.39
04/19/1993	   30.08	   23.39	   23.39	   21.04
04/20/1993	   54.31	   19.71	   25.64	   18.91
04/21/1993	   25.64	   19.71	   19.71	   17.01
04/22/1993	   19.71	   19.71	   16.19	   15.29
04/23/1993	   16.19	   12.05	   14.32	   13.75
04/24/1993	   14.32	   12.05	   12.05	   12.36
04/25/1993	   12.05	   12.05	   10.00	   11.12
04/26/1993	   10.00	   10.00	   10.00	   10.00
04/27/1993	   11.18	   10.00	   10.00	    9.79
04/28/1993	   12.42	   10.00	   10.68	    9.58
04/29/1993	   10.68	    9.19	    9.19	    9.39
04/30/1993	    9.19	    9.19	    9.19	    9.19
05/01/1993	   20.43	    9.19	    9.19	   13.37
05/02/1993	  353.95	  214.19	   20.43	   19.44
05/03/1993	 1266.97	  214.19	  214.19	   28.26
05/04/1993	  214.19	  214.19	  132.73	   41.10
05/05/1993	  132.73	   86.92	   86.92	   59.77
05/06/1993	   86.92	   86.92	   86.92	   86.92
05/07/1993	   88.87	   86.92	   65.26	   73.64
05/08/1993	   65.26	   39.54	   47.39	   62.38
05/09/1993	   47.39	   39.54	   39.54	   47.39
05/10/1993	   39.54	   39.54	   32.74	   39.54
05/11/1993	   32.74	   19.17	   23.05	   32.74
05/12/1993	   23.05	   19.17	   19.17	   23.05
05/13/1993	   19.17	   19.17	   18.59	   19.17
05/14/1993	   18.59	   14.96	   17.27	   18.59
05/15/1993	   17.27	   14.96	   14.96	   17.27
05/16/1993	   14.96	   14.96	   14.02	   14.96
05/17/1993	   14.02	   13.52	   14.02	   14.02
05/18/1993	   15.16	   13.52	   13.52	   13.38
05/19/1993	   13.52	   13.52	   12.46	   12.77
05/20/1993	   12.46	   11.64	   11.64	   12.19
05/21/1993	   11.64	   11.64	   11.64	   11.64
05/22/1993	   11.94	   11.64	   11.64	   11.39
05/23/1993	   17.87	   11.83	   11.94	   11.16
05/24/1993	   17.37	   11.83	   11.83	   10.92
05/25/1993	   11.83	   11.83	   10.47	   10.69
05/26/1993	   10.47	   10.47	   10.47	   10.47
05/27/1993	   12.80	   10.47	   10.47	   10.53
05/28/1993	   11.71	   10.47	   10.65	   10.59
05/29/1993	   10.65	   10.65	   10.65	   10.65
05/30/1993	   16.28	   10.65	   10.65	   10.52
05/31/1993	   13.48	   10.65	   10.28	   10.40
06/01/1993	   10.28	   10.28	   10.28	   10.28
06/02/1993	   13.67	   10.28	   10.28	   10.30
06/03/1993	   16.42	   10.28	   12.44	   10.32
06/04/1993	   12.44	   10.37	   11.89	   10.34
06/05/1993	   11.89	   10.37	   10.37	   10.36
06/06/1993	   10.37	   10.37	   10.37	   10.37
06/07/1993	  197.13	   42.15	   10.37	   10.48
06/08/1993	  151.96	   42.15	   42.15	   10.58
06/09/1993	   42.15	   42.15	   25.46	   10.68
06/10/1993	   25.46	   11.00	   16.30	   10.79
06/11/1993	   16.30	   11.00	   11.00	   10.89
06/12/1993	   11.00	   11.00	   11.00	   11.00
06/13/1993	   23.47	   23.47	   11.00	   15.01
06/14/1993	   99.79	   23.47	   23.47	   20.49
06/15/1993	   27.97	   23.47	   27.97	   27.97
06/16/1993	   33.31	   33.31	   27.97	   26.12
06/17/1993	  141.70	   33.31	   33.31	   24.38
06/18/1993	  634.71	   33.31	   51.25	   22.77
06/19/1993	   51.25	   28.24	   41.19	   21.26
06/20/1993	   41.19	   28.24	   28.24	   19.85
06/21/1993	   28.24	   28.24	   20.28	   18.53
06/22/1993	   20.28	   15.08	   15.98	   17.30
06/23/1993	   15.98	   15.08	   15.08	   15.98
06/24/1993	   15.08	   15.08	   15.08	   15.08
06/25/1993	   15.92	    8.98	   10.89	   12.69
06/26/1993	   10.89	    8.98	    8.98	   10.67
06/27/1993	    8.98	    8.98	    8.98	    8.98
06/28/1993	   83.54	   39.05	    8.98	   18.73
06/29/1993	   39.05	   39.05	   39.05	   39.05
06/30/1993	 1556.26	   39.05	   39.05	   47.83
07/01/1993	   78.43	   71.73	   71.73	   58.57
07/02/1993	   71.73	   71.73	   71.73	   71.73
07/03/1993	   73.82	   71.73	   71.73	   73.82
07/04/1993	   75.34	   75.34	   73.82	   75.34
07/05/1993	  466.67	   75.34	   75.34	  111.84
07/06/1993	  263.68	   75.34	  150.39	  129.69
07/07/1993	  150.39	  150.39	  150.39	  150.39
07/08/1993	  188.36	  150.39	  150.39	  132.03
07/09/1993	 2980.53	  150.39	  188.36	  115.91
07/10/1993	 1880.00	   94.31	  956.00	  101.75
07/11/1993	  956.00	   94.31	   94.31	   89.33
07/12/1993	   94.31	   94.31	   76.79	   78.42
07/13/1993	   76.79	   53.04	   65.77	   68.84
07/14/1993	   65.77	   53.04	   53.04	   60.44
07/15/1993	   53.04	   53.04	   46.58	   53.04
07/16/1993	   46.58	   46.58	   46.58	   46.58
07/17/1993	  523.27	   46.58	   46.58	   44.69
07/18/1993	   87.45	   46.58	   50.78	   42.88
07/19/1993	   50.78	   37.56	   40.34	   41.15
07/20/1993	   40.34	   37.56	   37.56	   39.48
07/21/1993	   37.56	   37.56	   34.72	   37.56
07/22/1993	   34.72	   33.47	   33.94	   34.72
07/23/1993	   33.94	   33.47	   33.47	   33.94
07/24/1993	   33.47	   33.47	   33.47	   33.47
07/25/1993	   39.79	   30.60	   30.60	   32.00
07/26/1993	   30.60	   30.60	   30.60	   30.60
07/27/1993	   32.18	   30.60	   30.60	   29.33
07/28/1993	   33.72	   25.82	   27.70	   28.11
07/29/1993	   27.70	   25.82	   25.82	   26.94
07/30/1993	   25.82	   25.82	   25.82	   25.82
07/31/1993	   80.00	   24.96	   25.82	   24.87
08/01/1993	   70.00	   24.96	   24.96	   23.95
08/02/1993	   24.96	   24.96	   23.19	   23.07
08/03/1993	   23.19	   20.60	   21.28	   22.21
08/04/1993	   21.28	   20.60	   20.60	   21.28
08/05/1993	   20.60	   20.60	   20.60	   20.60
08/06/1993	   22.37	   19.33	   20.16	   20.17
08/07/1993	   20.16	   19.33	   19.33	   19.74
08/08/1993	   19.33	   19.33	   19.33	   19.33
08/09/1993	   33.00	   17.86	   19.33	   18.76
08/10/1993	   39.00	   17.86	   17.86	   18.22
08/11/1993	   17.86	   17.86	   16.91	   17.69
08/12/1993	   16.91	   16.68	   16.68	   16.91
08/13/1993	   16.68	   16.68	   16.68	   16.68
08/14/1993	   54.28	   16.68	   16.68	   18.30
08/15/1993	  391.78	   24.21	   54.03	   20.09
08/16/1993	   54.03	   24.21	   24.21	   22.05
08/17/1993	   24.21	   24.21	   24.21	   24.21
08/18/1993	  143.12	   32.64	   24.21	   24.70
08/19/1993	   78.04	   32.64	   32.64	   25.20
08/20/1993	   32.64	   32.64	   28.11	   25.71
08/21/1993	   28.11	   26.76	   26.76	   26.23
08/22/1993	   26.76	   26.76	   26.76	   26.76
08/23/1993	   61.00	   26.76	   25.63	   24.97
08/24/1993	   25.63	   19.89	   21.47	   23.30
08/25/1993	   21.47	   19.89	   19.89	   21.47
08/26/1993	   19.89	   19.89	   18.93	   19.89
08/27/1993	   18.93	   17.66	   17.66	   18.92
08/28/1993	   17.66	   17.66	   17.66	   17.66
08/29/1993	   70.00	   17.66	   17.66	   16.82
08/30/1993	   24.25	   16.82	   19.23	   16.03
08/31/1993	   19.23	   16.82	   16.82	   15.28
09/01/1993	   16.82	   16.82	   14.38	   14.56
09/02/1993	   14.38	   12.79	   13.98	   13.87
09/03/1993	   13.98	   12.79	   12.79	   13.22
09/04/1993	   12.79	   12.79	   11.60	   12.59
09/05/1993	   11.60	   10.20	   11.02	   11.60
09/06/1993	   11.02	   10.20	   10.20	   11.02
09/07/1993	   10.20	   10.20	   10.15	   10.20
09/08/1993	   10.15	    9.41	    9.75	   10.15
09/09/1993	    9.75	    9.41	    9.41	    9.75
09/10/1993	    9.41	    9.41	    8.98	    9.41
09/11/1993	    8.98	    8.98	    8.98	    8.98
09/12/1993	    9.12	    8.98	    8.98	    8.72
09/13/1993	   10.44	    8.98	    9.12	    8.46
09/14/1993	   11.62	    7.60	    8.71	    8.21
09/15/1993	    8.71	    7.60	    7.60	    7.97
09/16/1993	    7.60	    7.60	    7.52	    7.60
09/17/1993	    7.52	    7.07	    7.32	    7.51
09/18/1993	    7.32	    7.07	    7.07	    7.28
09/19/1993	    7.07	    7.07	    7.07	    7.07
09/20/1993	    7.98	    7.45	    7.07	    6.93
09/21/1993	    8.09	    7.45	    7.45	    6.79
09/22/1993	    7.45	    7.45	    6.79	    6.65
09/23/1993	    6.79	    6.38	    6.38	    6.52
09/24/1993	    6.38	    6.38	    6.38	    6.38
09/25/1993	    6.72	    6.38	    6.38	    6.23
09/26/1993	    7.57	    6.41	    6.72	    6.08
09/27/1993	    6.98	    6.41	    6.41	    5.93
09/28/1993	    6.41	    6.41	    5.97	    5.79
09/29/1993	    5.97	    5.51	    5.72	    5.65
09/30/1993	    5.72	    5.51	    5.51	    5.51
10/01/1993	    5.51	    5.51	    5.34	    5.38
10/02/1993	    5.34	    5.12	    5.12	    5.25
10/03/1993	    5.12	    5.12	    5.12	    5.12
10/04/1993	    5.30	    5.12	    5.12	    5.21
10/05/1993	    5.30	    5.30	    5.30	    5.30
10/06/1993	    7.70	    5.30	    5.30	    5.64
10/07/1993	    7.90	    5.30	    6.40	    6.01
10/08/1993	    6.40	    5.68	    6.40	    6.40
10/09/1993	   13.00	    5.68	    5.68	    6.06
10/10/1993	    5.68	    5.68	    5.25	    5.68
10/11/1993	    5.25	    4.63	    4.93	    5.25
10/12/1993	    4.93	    4.63	    4.63	    4.93
10/13/1993	    4.63	    4.63	    4.45	    4.63
10/14/1993	    4.45	    4.39	    4.39	    4.45
10/15/1993	    4.39	    4.39	    4.39	    4.39
10/16/1993	    4.64	    4.39	    3.87	    4.19
10/17/1993	    3.87	    3.49	    3.63	    3.87
10/18/1993	    3.63	    3.49	    3.49	    3.63
10/19/1993	    3.49	    3.49	    3.36	    3.49
10/20/1993	    3.36	    2.86	    3.23	    3.36
10/21/1993	    3.23	    2.86	    2.86	    3.23
10/22/1993	    2.86	    2.86	    2.83	    2.86
10/23/1993	    2.83	    2.68	    2.73	    2.83
10/24/1993	    2.73	    2.68	    2.68	    2.73
10/25/1993	    2.68	    2.68	    2.63	    2.68
10/26/1993	    2.63	    2.52	    2.52	    2.63
10/27/1993	    2.52	    2.52	    2.52	    2.52
10/28/1993	    2.69	    2.52	    2.43	    2.44
10/29/1993	    2.43	    2.26	    2.32	    2.37
10/30/1993	    2.32	    2.26	    2.26	    2.30
10/31/1993	    2.26	    2.26	    2.19	    2.23
11/01/1993	    2.19	    2.10	    2.10	    2.16
11/02/1993	    2.10	    2.10	    2.10	    2.10
11/03/1993	    2.13	    2.10	    2.10	    2.10
11/04/1993	    2.19	    2.12	    2.13	    2.11
11/05/1993	    2.18	    2.12	    2.12	    2.12
11/06/1993	    2.12	    2.12	    2.12	    2.12
11/07/1993	    2.13	    2.06	    2.08	    2.10
11/08/1993	    2.08	    2.06	    2.06	    2.07
11/09/1993	    2.06	    2.06	    2.02	    2.05
11/10/1993	    2.02	    2.02	    2.02	    2.02
11/11/1993	    2.04	    2.02	    2.02	    2.04
11/12/1993	    2.13	    2.02	    2.04	    2.07
11/13/1993	    5.60	    2.18	    2.13	    2.10
11/14/1993	    3.20	    2.18	    2.18	    2.13
11/15/1993	    2.18	    2.18	    2.18	    2.15
11/16/1993	    2.18	    2.18	    2.18	    2.18
11/17/1993	    2.18	    2.18	    2.18	    2.18
11/18/1993	    2.19	    2.18	    2.18	    2.15
11/19/1993	    2.27	    2.08	    2.19	    2.13
11/20/1993	    2.22	    2.08	    2.08	    2.11
11/21/1993	    2.08	    2.08	    2.08	    2.08
11/22/1993	    2.08	    1.99	    2.06	    2.05
11/23/1993	    2.06	    1.99	    1.99	    2.02
11/24/1993	    1.99	    1.99	    1.99	    1.99
11/25/1993	    2.18	    2.18	    1.99	    1.97
11/26/1993	    3.50	    2.18	    2.18	    1.96
11/27/1993	    4.80	    2.18	    2.09	    1.94
11/28/1993	    2.09	    1.94	    2.01	    1.93
11/29/1993	    2.01	    1.94	    1.94	    1.91
11/30/1993	    1.94	    1.94	    1.88	    1.90
12/01/1993	    1.88	    1.88	    1.88	    1.88
12/02/1993	    1.89	    1.88	    1.88	    1.89
12/03/1993	    1.95	    1.88	    1.89	    1.92
12/04/1993	    1.95	    1.95	    1.95	    1.95
12/05/1993	    2.09	    1.95	    1.95	    1.97
12/06/1993	    2.17	    1.95	    2.05	    1.99
12/07/1993	    2.05	    2.04	    2.04	    2.02
12/08/1993	    2.04	    2.04	    2.04	    2.04
12/09/1993	    2.05	    2.04	    2.04	    2.03
12/10/1993	    2.06	    2.02	    2.02	    2.03
12/11/1993	    2.02	    2.02	    2.02	    2.02
12/12/1993	    2.03	    2.02	    2.02	    2.02
12/13/1993	    2.11	    2.11	    2.03	    2.03
12/14/1993	    2.20	    2.11	    2.11	    2.03
12/15/1993	    2.21	    2.11	    2.20	    2.03
12/16/1993	    2.22	    2.22	    2.21	    2.04
12/17/1993	    2.28	    2.22	    2.22	    2.04
12/18/1993	    2.34	    2.22	    2.28	    2.05
12/19/1993	    2.35	    2.26	    2.32	    2.05
12/20/1993	    2.32	    2.26	    2.26	    2.05
12/21/1993	    2.26	    2.26	    2.06	    2.06
12/22/1993	    2.06	    2.01	    2.06	    2.06
12/23/1993	    2.07	    2.01	    2.01	    2.02
12/24/1993	    2.01	    2.01	    1.95	    1.98
12/25/1993	    1.95	    1.95	    1.95	    1.95
12/26/1993	    1.95	    1.95	    1.95	    1.91
12/27/1993	    1.96	    1.95	    1.83	    1.87
12/28/1993	    1.83	    1.83	    1.83	    1.83
12/29/1993	    1.84	    1.83	    1.83	    1.84
12/30/1993	    1.85	    1.83	    1.84	    1.85
12/31/1993	    1.93	    1.93	    1.85	    1.93
01/01/1994	    2.09	    1.93	    1.93	    1.96
01/02/1994	    2.10	    1.93	    2.03	    2.00
01/03/1994	    2.03	    2.00	    2.03	    2.03
01/04/1994	    2.04	    2.00	    2.00	    2.01
01/05/1994	    2.00	    2.00	    1.95	    1.98
01/06/1994	    1.95	    1.95	    1.95	    1.95
01/07/1994	    1.99	    1.95	    1.95	    1.96
01/08/1994	    2.02	    1.95	    1.99	    1.96
01/09/1994	    2.13	    2.13	    2.02	    1.97
01/10/1994	    2.25	    2.13	    2.13	    1.97
01/11/1994	    2.37	    2.13	    2.25	    1.97
01/12/1994	    2.33	    2.14	    2.19	    1.98
01/13/1994	    2.19	    2.14	    2.14	    1.98
01/14/1994	    2.14	    2.14	    1.99	    1.99
01/15/1994	    1.99	    1.99	    1.99	    1.99
01/16/1994	    2.02	    1.99	    1.99	    1.99
01/17/1994	    2.01	    1.99	    1.99	    1.99
01/18/1994	    1.99	    1.99	    1.99	    1.99
01/19/1994	    2.03	    1.99	    1.99	    1.99
01/20/1994	    2.06	    1.99	    2.03	    1.99
01/21/1994	    2.09	    2.09	    2.06	    1.99
01/22/1994	    2.23	    2.09	    2.09	    1.99
01/23/1994	    2.37	    2.09	    2.23	    1.99
01/24/1994	    2.46	    2.46	    2.37	    1.99
01/25/1994	    2.55	    2.46	    2.46	    1.99
01/26/1994	    2.59	    2.46	    2.55	    1.99
01/27/1994	    2.58	    2.39	    2.51	    1.99
01/28/1994	    2.51	    2.39	    2.39	    1.99
01/29/1994	    2.39	    2.39	    2.33	    1.99
01/30/1994	    2.33	    2.25	    2.26	    1.98
01/31/1994	    2.26	    2.25	    2.25	    1.98
02/01/1994	    2.25	    2.25	    2.24	    1.98
02/02/1994	    2.24	    2.21	    2.23	    1.98
02/03/1994	    2.23	    2.21	    2.21	    1.98
02/04/1994	    2.21	    2.21	    2.20	    1.98
02/05/1994	    2.20	    2.13	    2.19	    1.98
02/06/1994	    2.19	    2.13	    2.13	    1.98
02/07/1994	    2.13	    2.13	    2.07	    1.98
02/08/1994	    2.07	    2.00	    2.06	    1.98
02/09/1994	    2.06	    2.00	    2.00	    1.98
02/10/1994	    2.00	    2.00	    1.98	    1.98
02/11/1994	    1.98	    1.97	    1.97	    1.98
02/12/1994	    1.97	    1.97	    1.97	    1.97
02/13/1994	    2.01	    1.97	    1.97	    2.00
02/14/1994	    2.05	    2.04	    2.01	    2.02
02/15/1994	    2.04	    2.04	    2.04	    2.04
02/16/1994	    2.10	    2.04	    2.04	    2.07
02/17/1994	    2.12	    2.12	    2.10	    2.10
02/18/1994	    3.47	    2.12	    2.12	    2.13
02/19/1994	 3780.00	    2.12	    3.47	    2.16
02/20/1994	  270.00	    6.10	   20.00	    2.19
02/21/1994	   20.00	    6.10	    6.10	    2.22
02/22/1994	    6.10	    6.10	    2.86	    2.25
02/23/1994	    2.86	    2.69	    2.78	    2.28
02/24/1994	    2.78	    2.69	    2.69	    2.31
02/25/1994	    2.69	    2.69	    2.50	    2.34
02/26/1994	    2.50	    2.41	    2.41	    2.38
02/27/1994	    2.41	    2.41	    2.41	    2.41
02/28/1994	    2.48	    2.41	    2.41	    2.48
03/01/1994	    2.54	    2.54	    2.48	    2.54
03/02/1994	    2.67	    2.54	    2.54	    2.67
03/03/1994	    3.76	    2.54	    2.67	    3.23
03/04/1994	 1863.89	   83.15	    3.76	    3.47
03/05/1994	  383.05	   83.15	   83.15	    3.74
03/06/1994	   83.15	   83.15	   25.00	    4.02
03/07/1994	   25.00	   11.90	   15.77	    4.33
03/08/1994	   15.77	   11.90	   11.90	    4.66
03/09/1994	   11.90	   11.90	    9.66	    5.01
03/10/1994	    9.66	    8.51	    8.65	    5.39
03/11/1994	    8.65	    8.51	    8.51	    5.80
03/12/1994	    8.51	    8.51	    7.69	    6.24
03/13/1994	    7.69	    7.23	    7.23	    6.72
03/14/1994	    7.23	    7.23	    7.23	    7.23
03/15/1994	    7.23	    7.23	    6.39	    6.69
03/16/1994	    6.39	    5.32	    5.60	    6.20
03/17/1994	    5.60	    5.32	    5.32	    5.60
03/18/1994	    5.32	    5.32	    4.86	    5.32
03/19/1994	    4.86	    4.56	    4.56	    4.86
03/20/1994	    4.56	    4.56	    4.56	    4.56
03/21/1994	    9.60	    4.56	    4.31	    4.17
03/22/1994	    4.31	    3.42	    3.78	    3.82
03/23/1994	    3.78	    3.42	    3.42	    3.50
03/24/1994	    3.42	    3.42	    2.83	    3.20
03/25/1994	    2.83	    2.59	    2.69	    2.83
03/26/1994	    2.69	    2.59	    2.59	    2.69
03/27/1994	    2.59	    2.59	    2.38	    2.46
03/28/1994	    2.38	    1.84	    2.12	    2.25
03/29/1994	    2.12	    1.84	    1.84	    2.06
03/30/1994	    1.84	    1.84	    1.69	    1.84
03/31/1994	    1.69	    1.46	    1.57	    1.69
04/01/1994	    1.57	    1.46	    1.46	    1.57
04/02/1994	    1.46	    1.46	    1.30	    1.45
04/03/1994	    1.30	    1.21	    1.21	    1.30
04/04/1994	    1.21	    1.21	    1.21	    1.21
04/05/1994	    1.22	    1.21	    1.06	    1.11
04/06/1994	    1.06	    0.89	    0.95	    1.02
04/07/1994	    0.95	    0.89	    0.89	    0.94
04/08/1994	    0.89	    0.89	    0.83	    0.86
04/09/1994	    0.83	    0.66	    0.76	    0.79
04/10/1994	    0.76	    0.66	    0.66	    0.72
04/11/1994	    0.66	    0.66	    0.66	    0.66
04/12/1994	    5.40	    1.15	    0.66	    0.79
04/13/1994	    6.80	    1.15	    1.15	    0.95
04/14/1994	    1.15	    1.15	    1.15	    1.15
04/15/1994	    8.20	    1.34	    1.15	    1.21
04/16/1994	    1.38	    1.34	    1.34	    1.27
04/17/1994	    1.34	    1.34	    1.34	    1.34
04/18/1994	    1.47	    1.47	    1.34	    1.40
04/19/1994	    1.53	    1.47	    1.47	    1.46
04/20/1994	    1.53	    1.47	    1.53	    1.53
04/21/1994	    1.78	    1.78	    1.53	    1.78
04/22/1994	    1.94	    1.78	    1.78	    1.94
04/23/1994	    2.11	    1.78	    1.94	    2.11
04/24/1994	    2.57	    2.57	    2.11	    2.57
04/25/1994	    3.35	    2.57	    2.57	    3.27
04/26/1994	   71.00	    2.57	    3.35	    3.81
04/27/1994	    4.44	    4.44	    4.44	    4.44
04/28/1994	    4.45	    4.44	    4.44	    4.40
04/29/1994	    4.78	    4.44	    4.45	    4.36
04/30/1994	    5.36	    4.67	    4.78	    4.33
05/01/1994	    5.84	    4.67	    4.67	    4.29
05/02/1994	    4.67	    4.67	    4.19	    4.26
05/03/1994	    4.19	    4.14	    4.17	    4.19
05/04/1994	    4.17	    4.14	    4.14	    4.17
05/05/1994	    4.14	    4.14	    4.12	    4.14
05/06/1994	    4.12	    4.12	    4.12	    4.12
05/07/1994	    4.35	    4.12	    4.12	    3.98
05/08/1994	    4.18	    4.12	    3.77	    3.85
05/09/1994	    3.77	    3.37	    3.42	    3.72
05/10/1994	    3.42	    3.37	    3.37	    3.42
05/11/1994	    3.37	    3.37	    3.35	    3.37
05/12/1994	    3.35	    3.24	    3.24	    3.35
05/13/1994	    3.24	    3.24	    3.24	    3.24
05/14/1994	    3.26	    3.24	    3.24	    3.16
05/15/1994	    3.56	    2.88	    2.94	    3.09
05/16/1994	    2.94	    2.88	    2.88	    2.94
05/17/1994	    2.88	    2.88	    2.86	    2.88
05/18/1994	    2.86	    2.81	    2.81	    2.86
05/19/1994	    2.81	    2.81	    2.81	    2.81
05/20/1994	    2.99	    2.81	    2.81	    2.89
05/21/1994	    2.97	    2.97	    2.97	    2.97
05/22/1994	    3.05	    2.97	    2.97	    3.05
05/23/1994	    4.47	    2.97	    3.05	    3.68
05/24/1994	    7.00	    4.57	    4.47	    4.10
05/25/1994	    4.57	    4.57	    4.57	    4.57
05/26/1994	    4.79	    4.57	    4.09	    4.33
05/27/1994	    4.09	    3.90	    3.90	    4.09
05/28/1994	    3.90	    3.90	    3.90	    3.90
05/29/1994	    3.98	    3.90	    3.90	    3.86
05/30/1994	    4.19	    3.74	    3.98	    3.82
05/31/1994	    4.12	    3.74	    3.74	    3.78
06/01/1994	    3.74	    3.74	    3.74	    3.74
06/02/1994	    3.85	    3.67	    3.67	    3.70
06/03/1994	    3.67	    3.67	    3.67	    3.67
06/04/1994	    3.80	    3.67	    3.67	    3.72
06/05/1994	    3.84	    3.82	    3.80	    3.77
06/06/1994	    3.82	    3.82	    3.82	    3.82
06/07/1994	    4.29	    3.82	    3.82	    3.84
06/08/1994	    4.39	    3.89	    3.89	    3.87
06/09/1994	    3.89	    3.89	    3.89	    3.89
06/10/1994	    4.15	    3.89	    3.89	    4.09
06/11/1994	    4.74	    4.51	    4.15	    4.29
06/12/1994	    4.51	    4.51	    4.51	    4.51
06/13/1994	    6.40	    4.51	    4.51	    4.34
06/14/1994	    5.04	    3.99	    4.34	    4.17
06/15/1994	    4.34	    3.99	    3.99	    4.01
06/16/1994	    3.99	    3.99	    3.71	    3.86
06/17/1994	    3.71	    3.71	    3.71	    3.71
06/18/1994	    3.77	    3.71	    3.71	    3.77
06/19/1994	    3.80	    3.71	    3.77	    3.80
06/20/1994	   57.18	    6.07	    3.80	    4.99
06/21/1994	   10.84	    6.07	    6.07	    5.50
06/22/1994	    6.07	    6.07	    6.07	    6.07
06/23/1994	  266.58	   19.61	    6.07	    5.78
06/24/1994	  225.89	   19.61	   19.61	    5.51
06/25/1994	   19.61	   19.61	   11.94	    5.24
06/26/1994	   11.94	    5.63	    7.95	    4.99
06/27/1994	    7.95	    5.63	    5.63	    4.75
06/28/1994	    5.63	    5.63	    4.87	    4.52
06/29/1994	    4.87	    4.20	    4.42	    4.31
06/30/1994	    4.42	    4.20	    4.20	    4.10
07/01/1994	    4.20	    4.20	    3.77	    3.90
07/02/1994	    3.77	    3.54	    3.54	    3.72
07/03/1994	    3.54	    3.54	    3.54	    3.54
07/04/1994	  291.13	    3.54	    3.54	    5.19
07/05/1994	  105.27	   16.44	   21.45	    7.63
07/06/1994	   21.45	   16.44	   16.44	   11.20
07/07/1994	   16.44	   16.44	   16.44	   16.44
07/08/1994	   57.00	    9.33	   16.44	   13.07
07/09/1994	   16.75	    9.33	    9.33	   10.40
07/10/1994	    9.33	    9.33	    6.50	    8.27
07/11/1994	    6.50	    5.23	    5.23	    6.50
07/12/1994	    5.23	    5.23	    5.23	    5.23
07/13/1994	    6.03	    5.23	    5.23	    5.37
07/14/1994	  133.88	   11.75	    6.03	    5.52
07/15/1994	   17.47	   11.75	   11.75	    5.67
07/16/1994	   11.75	   11.75	   10.01	    5.83
07/17/1994	   10.01	    6.32	    7.69	    5.98
07/18/1994	    7.69	    6.32	    6.32	    6.15
07/19/1994	    6.32	    6.32	    6.32	    6.32
07/20/1994	  225.51	    7.06	    6.32	    5.86
07/21/1994	   10.22	    7.06	    7.06	    5.43
07/22/1994	    7.06	    7.06	    5.05	    5.04
07/23/1994	    5.05	    2.91	    3.73	    4.67
07/24/1994	    3.73	    2.91	    2.91	    3.73
07/25/1994	    2.91	    2.91	    2.75	    2.91
07/26/1994	    2.75	    2.60	    2.68	    2.75
07/27/1994	    2.68	    2.60	    2.60	    2.68
07/28/1994	    2.60	    2.60	    2.49	    2.60
07/29/1994	    2.49	    2.44	    2.46	    2.49
07/30/1994	    2.46	    2.44	    2.44	    2.46
07/31/1994	    2.44	    2.44	    2.37	    2.44
08/01/1994	    2.37	    2.37	    2.37	    2.37
08/02/1994	    6.50	    2.37	    2.37	    2.33
08/03/1994	    8.90	    2.37	    6.50	    2.28
08/04/1994	   14.00	    2.26	    2.50	    2.23
08/05/1994	    2.50	    2.26	    2.26	    2.19
08/06/1994	    2.26	    2.26	    2.23	    2.14
08/07/1994	    2.23	    2.01	    2.23	    2.10
08/08/1994	    2.23	    2.01	    2.01	    2.05
08/09/1994	    2.01	    2.01	    2.01	    2.01
08/10/1994	    8.60	    2.63	    2.01	    2.20
08/11/1994	    7.00	    2.63	    2.63	    2.41
08/12/1994	    2.63	    2.63	    2.63	    2.63
08/13/1994	    2.69	    2.45	    2.51	    2.57
08/14/1994	    2.51	    2.45	    2.45	    2.51
08/15/1994	    2.45	    2.45	    2.39	    2.45
08/16/1994	    2.39	    2.39	    2.39	    2.39
08/17/1994	    2.46	    2.39	    2.39	    2.46
08/18/1994	    8.60	    2.39	    2.46	    2.60
08/19/1994	    3.78	    3.24	    3.74	    2.72
08/20/1994	    3.74	    3.24	    3.24	    2.84
08/21/1994	    3.24	    3.24	    3.09	    2.96
08/22/1994	    3.09	    3.05	    3.09	    3.09
08/23/1994	    3.11	    3.05	    3.05	    3.01
08/24/1994	    3.05	    3.05	    2.85	    2.93
08/25/1994	    2.85	    2.85	    2.85	    2.85
08/26/1994	    5.40	    2.85	    2.85	    2.77
08/27/1994	    3.15	    2.85	    2.78	    2.68
08/28/1994	    2.78	    2.52	    2.52	    2.60
08/29/1994	    2.52	    2.52	    2.52	    2.52
08/30/1994	    2.72	    2.52	    2.52	    2.53
08/31/1994	    2.85	    2.54	    2.54	    2.53
09/01/1994	    2.54	    2.54	    2.54	    2.54
09/02/1994	    2.58	    2.54	    2.54	    2.54
09/03/1994	    3.69	    3.04	    2.58	    2.55
09/04/1994	    5.70	    3.04	    3.04	    2.55
09/05/1994	    3.04	    3.04	    2.80	    2.55
09/06/1994	    2.80	    2.56	    2.56	    2.56
09/07/1994	    2.56	    2.56	    2.56	    2.56
09/08/1994	    2.57	    2.56	    2.56	    2.47
09/09/1994	    2.87	    2.07	    2.40	    2.38
09/10/1994	    2.40	    2.07	    2.07	    2.29
09/11/1994	    2.07	    2.07	    2.02	    2.07
09/12/1994	    2.02	    1.98	    2.00	    2.02
09/13/1994	    2.00	    1.98	    1.98	    2.00
09/14/1994	    1.98	    1.98	    1.98	    1.98
09/15/1994	    2.05	    1.98	    1.98	    1.96
09/16/1994	    2.09	    1.98	    1.98	    1.95
09/17/1994	    1.98	    1.98	    1.93	    1.94
09/18/1994	    1.93	    1.91	    1.92	    1.93
09/19/1994	    1.92	    1.91	    1.91	    1.92
09/20/1994	    1.91	    1.91	    1.91	    1.91
09/21/1994	    1.92	    1.92	    1.91	    1.92
09/22/1994	    2.27	    1.92	    1.92	    1.93
09/23/1994	    2.37	    1.92	    2.27	    1.94
09/24/1994	    6.00	    6.00	    2.37	    1.95
09/25/1994	   25.00	    6.00	    6.00	    1.96
09/26/1994	   13.00	    6.00	    3.19	    1.97
09/27/1994	    3.19	    2.44	    2.75	    1.98
09/28/1994	    2.75	    2.44	    2.44	    1.99
09/29/1994	    2.44	    2.44	    2.37	    2.00
09/30/1994	    2.37	    2.03	    2.03	    2.01
10/01/1994	    2.03	    2.03	    2.03	    2.03
10/02/1994	    2.24	    2.03	    2.03	    2.09
10/03/1994	    2.49	    2.47	    2.24	    2.16
10/04/1994	    2.53	    2.47	    2.47	    2.23
10/05/1994	    2.47	    2.47	    2.37	    2.30
10/06/1994	    2.37	    2.37	    2.37	    2.37
10/07/1994	    2.47	    2.37	    2.37	    2.32
10/08/1994	    2.44	    2.37	    2.28	    2.27
10/09/1994	    2.28	    2.17	    2.26	    2.22
10/10/1994	    2.26	    2.17	    2.17	    2.17
10/11/1994	    2.17	    2.17	    2.06	    2.13
10/12/1994	    2.06	    2.03	    2.03	    2.06
10/13/1994	    2.03	    2.03	    2.03	    2.03
10/14/1994	    2.13	    2.03	    2.03	    2.07
10/15/1994	    2.15	    2.15	    2.13	    2.11
10/16/1994	    2.19	    2.15	    2.15	    2.14
10/17/1994	    2.18	    2.15	    2.18	    2.18
10/18/1994	    2.25	    2.00	    2.16	    2.09
10/19/1994	    2.16	    2.00	    2.00	    2.01
10/20/1994	    2.00	    2.00	    1.82	    1.93
10/21/1994	    1.82	    1.70	    1.73	    1.82
10/22/1994	    1.73	    1.70	    1.70	    1.73
10/23/1994	    1.70	    1.70	    1.65	    1.70
10/24/1994	    1.65	    1.54	    1.59	    1.64
10/25/1994	    1.59	    1.54	    1.54	    1.57
10/26/1994	    1.54	    1.54	    1.44	    1.51
10/27/1994	    1.44	    1.26	    1.30	    1.44
10/28/1994	    1.30	    1.26	    1.26	    1.30
10/29/1994	    1.26	    1.26	    1.22	    1.26
10/30/1994	    1.22	    1.15	    1.18	    1.22
10/31/1994	    1.18	    1.15	    1.15	    1.18
11/01/1994	    1.15	    1.15	    1.09	    1.15
11/02/1994	    1.09	    1.08	    1.08	    1.09
11/03/1994	    1.08	    1.08	    1.08	    1.08
11/04/1994	    1.10	    1.08	    1.08	    1.07
11/05/1994	    1.15	    1.03	    1.10	    1.06
11/06/1994	    1.13	    1.03	    1.03	    1.04
11/07/1994	    1.03	    1.03	    1.03	    1.03
11/08/1994	    1.04	    1.04	    1.03	    1.01
11/09/1994	    1.09	    1.04	    1.04	    0.99
11/10/1994	    1.06	    1.04	    0.98	    0.98
11/11/1994	    0.98	    0.95	    0.95	    0.96
11/12/1994	    0.95	    0.95	    0.95	    0.95
11/13/1994	    1.10	    0.95	    0.95	    1.06
11/14/1994	    1.46	    1.46	    1.10	    1.18
11/15/1994	    1.48	    1.46	    1.46	    1.32
11/16/1994	    1.48	    1.46	    1.48	    1.48
11/17/1994	    1.53	    1.36	    1.48	    1.44
11/18/1994	    1.58	    1.36	    1.36	    1.40
11/19/1994	    1.36	    1.36	    1.36	    1.36
11/20/1994	    3.70	    3.70	    1.36	    1.39
11/21/1994	   14.00	    3.70	    3.70	    1.42
11/22/1994	    4.50	    3.70	    1.86	    1.45
11/23/1994	    1.86	    1.69	    1.73	    1.48
11/24/1994	    1.73	    1.69	    1.69	    1.51
11/25/1994	    1.69	    1.69	    1.57	    1.54
11/26/1994	    1.57	    1.57	    1.57	    1.57
11/27/1994	   10.00	    1.57	    1.57	    1.61
11/28/1994	   10.00	    1.57	    2.03	    1.64
11/29/1994	    2.03	    1.75	    1.94	    1.68
11/30/1994	    1.94	    1.75	    1.75	    1.72
12/01/1994	    1.75	    1.75	    1.75	    1.75
12/02/1994	    1.82	    1.78	    1.75	    1.76
12/03/1994	    1.81	    1.78	    1.78	    1.77
12/04/1994	    1.78	    1.78	    1.78	    1.78
12/05/1994	    1.81	    1.68	    1.72	    1.75
12/06/1994	    1.72	    1.68	    1.68	    1.72
12/07/1994	    1.68	    1.68	    1.68	    1.68
12/08/1994	    1.68	    1.68	    1.68	    1.68
12/09/1994	    1.68	    1.68	    1.68	    1.68
12/10/1994	    1.68	    1.68	    1.60	    1.64
12/11/1994	    1.60	    1.56	    1.60	    1.60
12/12/1994	    1.60	    1.56	    1.56	    1.58
12/13/1994	    1.56	    1.56	    1.56	    1.56
12/14/1994	    1.60	    1.60	    1.56	    1.58
12/15/1994	    1.60	    1.60	    1.60	    1.60
12/16/1994	    1.60	    1.60	    1.60	    1.60
12/17/1994	    1.64	    1.60	    1.60	    1.55
12/18/1994	    1.64	    1.60	    1.60	    1.50
12/19/1994	    1.60	    1.60	    1.51	    1.46
12/20/1994	    1.51	    1.36	    1.43	    1.42
12/21/1994	    1.43	    1.36	    1.36	    1.37
12/22/1994	    1.36	    1.36	    1.30	    1.33
12/23/1994	    1.30	    1.25	    1.25	    1.29
12/24/1994	    1.25	    1.25	    1.25	    1.25
12/25/1994	    1.25	    1.25	    1.25	    1.25
12/26/1994	    1.25	    1.25	    1.25	    1.25
12/27/1994	    1.31	    1.25	    1.25	    1.25
12/28/1994	    1.53	    1.25	    1.31	    1.25
12/29/1994	    1.51	    1.25	    1.43	    1.25
12/30/1994	    1.43	    1.25	    1.25	    1.25
12/31/1994	    1.25	    1.25	    1.25	    1.25
01/01/1995	    1.25	    1.21	    1.21	    1.23
01/02/1995	    1.21	    1.21	    1.21	    1.21
01/03/1995	    1.21	    1.21	    1.21	    1.21
01/04/1995	    1.21	    1.17	    1.17	    1.19
01/05/1995	    1.17	    1.17	    1.17	    1.17
01/06/1995	    1.21	    1.17	    1.17	    1.19
01/07/1995	    1.21	    1.21	    1.21	    1.21
01/08/1995	    1.21	    1.21	    1.21	    1.21
01/09/1995	    1.21	    1.21	    1.21	    1.21
01/10/1995	    1.21	    1.21	    1.21	    1.21
01/11/1995	    1.25	    1.21	    1.21	    1.23
01/12/1995	    1.25	    1.21	    1.25	    1.25
01/13/1995	    1.25	    1.25	    1.25	    1.25
01/14/1995	    1.25	    1.25	    1.25	    1.25
01/15/1995	    1.25	    1.25	    1.25	    1.25
01/16/1995	    1.25	    1.25	    1.25	    1.25
01/17/1995	    1.89	    1.25	    1.25	    1.26
01/18/1995	    4.08	    1.25	    1.89	    1.27
01/19/1995	    2.01	    1.34	    1.43	    1.27
01/20/1995	    1.43	    1.34	    1.34	    1.28
01/21/1995	    1.34	    1.34	    1.30	    1.29
01/22/1995	    1.30	    1.25	    1.30	    1.30
01/23/1995	    1.30	    1.25	    1.25	    1.27
01/24/1995	    1.25	    1.25	    1.25	    1.25
01/25/1995	    1.25	    1.25	    1.25	    1.25
01/26/1995	    1.25	    1.25	    1.25	    1.25
01/27/1995	    1.25	    1.25	    1.25	    1.25
01/28/1995	    1.25	    1.25	    1.25	    1.25
01/29/1995	    1.25	    1.25	    1.25	    1.25
01/30/1995	    1.25	    1.25	    1.25	    1.25
01/31/1995	    1.25	    1.25	    1.25	    1.25
02/01/1995	    1.25	    1.25	    1.25	    1.25
02/02/1995	    1.25	    1.25	    1.25	    1.25
02/03/1995	    1.25	    1.21	    1.25	    1.25
02/04/1995	    1.25	    1.21	    1.21	    1.23
02/05/1995	    1.21	    1.21	    1.21	    1.21
02/06/1995	    1.21	    1.21	    1.21	    1.21
02/07/1995	    1.21	    1.21	    1.21	    1.21
02/08/1995	    1.21	    1.21	    1.21	    1.21
02/09/1995	    1.21	    1.17	    1.21	    1.21
02/10/1995	    1.21	    1.17	    1.17	    1.19
02/11/1995	    1.17	    1.17	    1.17	    1.17
02/12/1995	    1.17	    1.17	    1.17	    1.17
02/13/1995	    1.17	    1.17	    1.17	    1.17
02/14/1995	    1.17	    1.17	    1.17	    1.17
02/15/1995	    1.17	    1.17	    1.17	    1.17
02/16/1995	    1.17	    1.17	    1.17	    1.17
02/17/1995	    1.17	    1.17	    1.17	    1.17
02/18/1995	    1.30	    1.30	    1.17	    1.19
02/19/1995	    3.30	    1.30	    1.30	    1.22
02/20/1995	   18.00	    1.30	    3.30	    1.25
02/21/1995	    7.50	    3.20	    5.10	    1.28
02/22/1995	    5.10	    3.20	    3.20	    1.30
02/23/1995	    3.20	    3.20	    1.73	    1.33
02/24/1995	    1.73	    1.43	    1.51	    1.36
02/25/1995	    1.51	    1.43	    1.43	    1.39
02/26/1995	    1.43	    1.43	    1.43	    1.43
02/27/1995	    1.43	    1.43	    1.43	    1.43
02/28/1995	    1.43	    1.43	    1.43	    1.43
03/01/1995	    1.43	    1.43	    1.34	    1.38
03/02/1995	    1.34	    1.30	    1.30	    1.34
03/03/1995	    1.30	    1.30	    1.30	    1.30
03/04/1995	    1.30	    1.30	    1.30	    1.30
03/05/1995	    1.30	    1.30	    1.30	    1.30
03/06/1995	    1.30	    1.30	    1.30	    1.30
03/07/1995	    1.30	    1.30	    1.30	    1.30
03/08/1995	    1.30	    1.30	    1.30	    1.30
03/09/1995	    1.30	    1.30	    1.30	    1.30
03/10/1995	    1.34	    1.30	    1.30	    1.32
03/11/1995	   35.00	    2.09	    1.34	    1.34
03/12/1995	    4.50	    2.09	    2.09	    1.37
03/13/1995	    2.09	    2.09	    1.96	    1.39
03/14/1995	    1.96	    1.64	    1.73	    1.42
03/15/1995	    1.73	    1.64	    1.64	    1.44
03/16/1995	    1.64	    1.64	    1.61	    1.47
03/17/1995	    1.61	    1.55	    1.55	    1.49
03/18/1995	    1.55	    1.55	    1.55	    1.52
03/19/1995	    1.55	    1.55	    1.55	    1.55
03/20/1995	    5.60	    2.17	    1.55	    1.57
03/21/1995	    3.60	    2.17	    2.17	    1.59
03/22/1995	    2.17	    2.17	    2.12	    1.61
03/23/1995	    2.12	    1.67	    1.83	    1.63
03/24/1995	    1.83	    1.67	    1.67	    1.65
03/25/1995	    1.67	    1.67	    1.67	    1.67
03/26/1995	    1.88	    1.88	    1.67	    1.65
03/27/1995	    3.10	    1.88	    1.88	    1.63
03/28/1995	    3.10	    1.88	    2.46	    1.61
03/29/1995	    2.46	    2.00	    2.18	    1.60
03/30/1995	    2.18	    2.00	    2.00	    1.58
03/31/1995	    2.00	    2.00	    1.94	    1.56
04/01/1995	    1.94	    1.68	    1.75	    1.54
04/02/1995	    1.75	    1.68	    1.68	    1.53
04/03/1995	    1.68	    1.68	    1.49	    1.51
04/04/1995	    1.49	    1.48	    1.48	    1.49
04/05/1995	    1.48	    1.48	    1.48	    1.48
04/06/1995	    1.55	    1.48	    1.48	    1.55
04/07/1995	    1.72	    1.72	    1.55	    1.72
04/08/1995	    2.80	    1.72	    1.72	    1.85
04/09/1995	    1.99	    1.72	    1.99	    1.99
04/10/1995	    3.60	    3.60	    1.99	    2.07
04/11/1995	   51.00	    3.60	    3.60	    2.15
04/12/1995	   96.09	    3.60	    6.80	    2.24
04/13/1995	    6.80	    2.90	    3.42	    2.33
04/14/1995	    3.42	    2.90	    2.90	    2.42
04/15/1995	    2.90	    2.90	    2.74	    2.51
04/16/1995	    2.74	    2.72	    2.72	    2.61
04/17/1995	    2.72	    2.72	    2.72	    2.72
04/18/1995	   46.62	    2.72	    2.72	    3.40
04/19/1995	   20.15	    5.32	    5.32	    4.25
04/20/1995	    5.32	    5.32	    5.32	    5.32
04/21/1995	   10.28	    5.32	    3.73	    4.69
04/22/1995	    3.73	    2.87	    3.06	    3.73
04/23/1995	    3.06	    2.87	    2.87	    3.06
04/24/1995	    2.87	    2.87	    2.83	    2.87
04/25/1995	    2.83	    2.83	    2.83	    2.83
04/26/1995	    3.70	    2.83	    2.83	    2.77
04/27/1995	    9.26	    2.83	    2.82	    2.71
04/28/1995	    2.82	    2.59	    2.59	    2.65
04/29/1995	    2.59	    2.59	    2.59	    2.59
04/30/1995	    2.93	    2.59	    2.49	    2.50
05/01/1995	    2.49	    2.15	    2.32	    2.41
05/02/1995	    2.32	    2.15	    2.15	    2.32
05/03/1995	    2.15	    2.15	    2.15	    2.15
05/04/1995	    2.15	    1.95	    2.08	    2.15
05/05/1995	    2.08	    1.95	    1.95	    2.07
05/06/1995	    1.95	    1.95	    1.92	    1.95
05/07/1995	    1.92	    1.92	    1.92	    1.92
05/08/1995	   37.60	    1.92	    1.92	    2.62
05/09/1995	  139.74	    1.92	   37.60	    3.59
05/10/1995	  228.83	    9.19	   11.40	    4.91
05/11/1995	   11.40	    9.19	    9.19	    6.72
05/12/1995	    9.19	    9.19	    9.19	    9.19
05/13/1995	   47.73	    8.42	    9.19	    8.52
05/14/1995	   11.61	    8.42	    8.42	    7.90
05/15/1995	    8.42	    8.42	    7.80	    7.32
05/16/1995	    7.80	    6.08	    7.09	    6.79
05/17/1995	    7.09	    6.08	    6.08	    6.29
05/18/1995	    6.08	    6.08	    5.46	    5.83
05/19/1995	    5.46	    4.49	    4.89	    5.40
05/20/1995	    4.89	    4.49	    4.49	    4.89
05/21/1995	    4.49	    4.49	    4.30	    4.49
05/22/1995	    4.30	    4.30	    4.30	    4.30
05/23/1995	    4.39	    4.30	    4.30	    4.10
05/24/1995	    4.35	    4.30	    3.82	    3.90
05/25/1995	    3.82	    3.54	    3.54	    3.72
05/26/1995	    3.54	    3.54	    3.54	    3.54
05/27/1995	    7.98	    3.54	    3.54	    3.55
05/28/1995	    9.72	    3.97	    4.78	    3.57
05/29/1995	    4.78	    3.97	    3.97	    3.58
05/30/1995	    3.97	    3.97	    3.68	    3.60
05/31/1995	    3.68	    3.63	    3.63	    3.61
06/01/1995	    3.63	    3.63	    3.63	    3.63
06/02/1995	    3.67	    3.63	    3.63	    3.55
06/03/1995	    3.69	    3.33	    3.40	    3.48
06/04/1995	    3.40	    3.33	    3.33	    3.40
06/05/1995	    3.33	    3.33	    3.33	    3.33
06/06/1995	    3.91	    3.38	    3.33	    3.30
06/07/1995	    3.78	    3.38	    3.38	    3.27
06/08/1995	    3.38	    3.38	    3.21	    3.24
06/09/1995	    3.21	    3.21	    3.21	    3.21
06/10/1995	    3.24	    3.21	    3.21	    3.15
06/11/1995	    3.21	    3.21	    3.02	    3.08
06/12/1995	    3.02	    2.92	    3.02	    3.02
06/13/1995	    3.03	    2.92	    2.92	    2.92
06/14/1995	    2.92	    2.92	    2.74	    2.83
06/15/1995	    2.74	    2.74	    2.74	    2.74
06/16/1995	    2.80	    2.74	    2.74	    2.69
06/17/1995	    2.81	    2.74	    2.73	    2.64
06/18/1995	    2.73	    2.51	    2.59	    2.60
06/19/1995	    2.59	    2.51	    2.51	    2.56
06/20/1995	    2.51	    2.51	    2.51	    2.51
06/21/1995	    2.60	    2.40	    2.40	    2.46
06/22/1995	    2.40	    2.40	    2.40	    2.40
06/23/1995	    2.47	    2.40	    2.40	    2.47
06/24/1995	   10.00	   10.00	    2.47	    2.72
06/25/1995	   16.00	   10.00	   10.00	    2.89
06/26/1995	   20.00	   10.00	   16.00	    3.07
06/27/1995	   20.00	    6.68	    7.60	    3.27
06/28/1995	    7.60	    6.68	    6.68	    3.47
06/29/1995	    6.68	    6.68	    5.53	    3.70
06/30/1995	    5.53	    4.79	    5.16	    3.93
07/01/1995	    5.16	    4.79	    4.79	    4.18
07/02/1995	    4.79	    4.79	    4.73	    4.45
07/03/1995	    4.73	    4.73	    4.73	    4.73
07/04/1995	    4.88	    4.73	    4.73	    4.42
07/05/1995	   10.00	    4.73	    4.36	    4.13
07/06/1995	    4.36	    2.99	    3.23	    3.86
07/07/1995	    3.23	    2.99	    2.99	    3.23
07/08/1995	    2.99	    2.99	    2.95	    2.99
07/09/1995	    2.95	    2.59	    2.71	    2.95
07/10/1995	    2.71	    2.59	    2.59	    2.71
07/11/1995	    2.59	    2.59	    2.58	    2.59
07/12/1995	    2.58	    2.58	    2.58	    2.58
07/13/1995	    2.63	    2.58	    2.58	    2.59
07/14/1995	    2.61	    2.58	    2.61	    2.61
07/15/1995	    2.68	    2.68	    2.61	    2.59
07/16/1995	    3.05	    2.68	    2.68	    2.57
07/17/1995	    2.88	    2.68	    2.60	    2.55
07/18/1995	    2.60	    2.52	    2.52	    2.54
07/19/1995	    2.52	    2.52	    2.52	    2.52
07/20/1995	    2.62	    2.52	    2.52	    2.52
07/21/1995	    2.61	    2.54	    2.54	    2.53
07/22/1995	    2.54	    2.54	    2.54	    2.54
07/23/1995	    2.54	    2.54	    2.44	    2.47
07/24/1995	    2.44	    2.28	    2.36	    2.40
07/25/1995	    2.36	    2.28	    2.28	    2.34
07/26/1995	    2.28	    2.28	    2.28	    2.28
07/27/1995	   39.36	    4.43	    2.28	    2.46
07/28/1995	   49.44	    4.43	    4.43	    2.67
07/29/1995	    4.43	    4.43	    3.68	    2.88
07/30/1995	    3.68	    3.38	    3.38	    3.12
07/31/1995	    3.38	    3.38	    3.38	    3.38
08/01/1995	    3.39	    3.38	    3.26	    3.32
08/02/1995	    3.26	    3.17	    3.26	    3.26
08/03/1995	    3.29	    3.17	    3.17	    3.12
08/04/1995	    3.17	    3.17	    2.87	    2.99
08/05/1995	    2.87	    2.87	    2.87	    2.87
08/06/1995	   67.11	    2.87	    2.87	    3.28
08/07/1995	  379.21	    2.87	   15.56	    3.76
08/08/1995	   15.56	    4.93	    4.93	    4.31
08/09/1995	    4.93	    4.93	    4.93	    4.93
08/10/1995	    5.27	    4.93	    4.93	    4.45
08/11/1995	    5.25	    3.16	    3.70	    4.02
08/12/1995	    3.70	    3.16	    3.16	    3.63
08/13/1995	    3.16	    3.16	    3.00	    3.16
08/14/1995	    3.00	    2.68	    2.68	    2.97
08/15/1995	    2.68	    2.68	    2.68	    2.68
08/16/1995	    2.70	    2.68	    2.68	    2.59
08/17/1995	    2.87	    2.52	    2.65	    2.51
08/18/1995	    2.65	    2.52	    2.52	    2.43
08/19/1995	    2.52	    2.52	    2.29	    2.35
08/20/1995	    2.29	    2.20	    2.20	    2.28
08/21/1995	    2.20	    2.20	    2.20	    2.20
08/22/1995	    2.39	    2.20	    2.20	    2.21
08/23/1995	    2.43	    2.22	    2.22	    2.22
08/24/1995	    2.22	    2.22	    2.22	    2.22
08/25/1995	    2.37	    2.22	    2.22	    2.23
08/26/1995	    2.24	    2.24	    2.24	    2.23
08/27/1995	    2.24	    2.24	    2.24	    2.24
08/28/1995	    5.13	    2.24	    2.24	    2.31
08/29/1995	   18.23	    2.92	    4.32	    2.39
08/30/1995	    4.32	    2.92	    2.92	    2.47
08/31/1995	    2.92	    2.92	    2.64	    2.55
09/01/1995	    2.64	    2.64	    2.64	    2.64
09/02/1995	    2.81	    2.64	    2.64	    2.61
09/03/1995	    3.03	    2.64	    2.81	    2.59
09/04/1995	    2.84	    2.54	    2.54	    2.57
09/05/1995	    2.54	    2.54	    2.54	    2.54
09/06/1995	    2.97	    2.54	    2.54	    2.52
09/07/1995	    6.20	    3.06	    2.97	    2.49
09/08/1995	    3.31	    3.06	    3.06	    2.47
09/09/1995	    3.06	    3.06	    2.91	    2.44
09/10/1995	    2.91	    2.73	    2.83	    2.42
09/11/1995	    2.83	    2.73	    2.73	    2.39
09/12/1995	    2.73	    2.73	    2.61	    2.37
09/13/1995	    2.61	    2.30	    2.37	    2.34
09/14/1995	    2.37	    2.30	    2.30	    2.32
09/15/1995	    2.30	    2.30	    2.30	    2.30
09/16/1995	    2.82	    2.82	    2.30	    2.26
09/17/1995	    3.71	    2.82	    2.82	    2.22
09/18/1995	    4.56	    2.82	    3.71	    2.19
09/19/1995	    7.93	    4.03	    4.56	    2.15
09/20/1995	    9.94	    4.03	    4.03	    2.12
09/21/1995	    4.03	    4.03	    2.24	    2.08
09/22/1995	    2.24	    1.98	    2.09	    2.05
09/23/1995	    2.09	    1.98	    1.98	    2.02
09/24/1995	    1.98	    1.98	    1.98	    1.98
09/25/1995	    2.11	    1.87	    1.98	    1.95
09/26/1995	    2.14	    1.87	    1.87	    1.92
09/27/1995	    1.87	    1.87	    1.86	    1.87
09/28/1995	    1.86	    1.86	    1.86	    1.86
09/29/1995	    1.90	    1.86	    1.86	    1.86
09/30/1995	    2.25	    1.86	    1.90	    1.86
