date	solids_tot	solids_storm	QGW_slide	QGW_locmin
10/01/1991	    0.03	    0.03	    0.03	    0.03
10/02/1991	    0.04	    0.03	    0.03	    0.04
10/03/1991	    0.04	    0.03	    0.04	    0.04
10/04/1991	    0.25	    0.25	    0.04	    0.04
10/05/1991	    0.70	    0.25	    0.25	    0.04
10/06/1991	    0.32	    0.25	    0.04	    0.04
10/07/1991	    0.04	    0.04	    0.04	    0.04
10/08/1991	    0.04	    0.04	    0.04	    0.04
10/09/1991	    0.04	    0.04	    0.04	    0.04
10/10/1991	    0.04	    0.04	    0.04	    0.04
10/11/1991	    0.04	    0.04	    0.04	    0.04
10/12/1991	    0.04	    0.04	    0.03	    0.03
10/13/1991	    0.03	    0.03	    0.03	    0.03
10/14/1991	    0.04	    0.03	    0.03	    0.03
10/15/1991	    0.04	    0.03	    0.04	    0.04
10/16/1991	    0.04	    0.03	    0.03	    0.03
10/17/1991	    0.03	    0.03	    0.03	    0.03
10/18/1991	    0.03	    0.03	    0.03	    0.03
10/19/1991	    0.03	    0.03	    0.03	    0.03
10/20/1991	    0.03	    0.03	    0.03	    0.03
10/21/1991	    0.04	    0.03	    0.03	    0.03
10/22/1991	    0.04	    0.04	    0.04	    0.04
10/23/1991	    0.04	    0.04	    0.04	    0.04
10/24/1991	    0.11	    0.04	    0.04	    0.04
10/25/1991	    0.42	    0.19	    0.11	    0.04
10/26/1991	    0.30	    0.19	    0.19	    0.04
10/27/1991	    0.19	    0.19	    0.04	    0.04
10/28/1991	    0.04	    0.04	    0.04	    0.04
10/29/1991	    0.06	    0.04	    0.04	    0.04
10/30/1991	    0.04	    0.04	    0.04	    0.04
10/31/1991	    0.04	    0.04	    0.04	    0.04
11/01/1991	    6.08	    0.04	    0.04	    0.05
11/02/1991	    1.08	    0.04	    0.12	    0.06
11/03/1991	    0.12	    0.09	    0.09	    0.07
11/04/1991	    0.09	    0.09	    0.09	    0.09
11/05/1991	    0.09	    0.09	    0.09	    0.09
11/06/1991	    0.09	    0.09	    0.09	    0.09
11/07/1991	    0.09	    0.09	    0.09	    0.09
11/08/1991	    0.09	    0.09	    0.09	    0.09
11/09/1991	    0.09	    0.09	    0.09	    0.09
11/10/1991	    0.09	    0.09	    0.09	    0.09
11/11/1991	    0.09	    0.09	    0.09	    0.09
11/12/1991	    0.09	    0.09	    0.09	    0.09
11/13/1991	    0.09	    0.09	    0.09	    0.09
11/14/1991	    0.11	    0.09	    0.09	    0.09
11/15/1991	    0.25	    0.11	    0.11	    0.10
11/16/1991	    0.12	    0.11	    0.11	    0.10
11/17/1991	    0.11	    0.11	    0.11	    0.11
11/18/1991	    2.30	    0.25	    0.11	    0.11
11/19/1991	    0.52	    0.25	    0.25	    0.11
11/20/1991	    0.25	    0.25	    0.13	    0.12
11/21/1991	    0.13	    0.12	    0.12	    0.12
11/22/1991	    0.12	    0.12	    0.12	    0.12
11/23/1991	    0.14	    0.12	    0.12	    0.12
11/24/1991	    0.14	    0.13	    0.13	    0.13
11/25/1991	    0.13	    0.13	    0.13	    0.13
11/26/1991	    0.13	    0.13	    0.13	    0.13
11/27/1991	    0.13	    0.13	    0.13	    0.13
11/28/1991	    0.13	    0.13	    0.13	    0.13
11/29/1991	    1.30	    0.13	    0.13	    0.14
11/30/1991	   12.20	    2.50	    1.30	    0.15
12/01/1991	   10.70	    2.50	    2.50	    0.16
12/02/1991	    2.50	    2.50	    0.92	    0.17
12/03/1991	    0.92	    0.20	    0.20	    0.19
12/04/1991	    0.20	    0.20	    0.20	    0.20
12/05/1991	    0.20	    0.20	    0.20	    0.20
12/06/1991	    0.22	    0.22	    0.20	    0.21
12/07/1991	    0.25	    0.22	    0.22	    0.21
12/08/1991	    0.32	    0.22	    0.25	    0.22
12/09/1991	    0.28	    0.24	    0.25	    0.23
12/10/1991	    0.25	    0.24	    0.24	    0.23
12/11/1991	    0.24	    0.24	    0.24	    0.24
12/12/1991	    4.80	    0.25	    0.24	    0.23
12/13/1991	    2.60	    0.25	    0.25	    0.23
12/14/1991	    0.25	    0.25	    0.23	    0.22
12/15/1991	    0.23	    0.20	    0.21	    0.21
12/16/1991	    0.21	    0.20	    0.20	    0.21
12/17/1991	    0.20	    0.20	    0.20	    0.20
12/18/1991	    0.20	    0.17	    0.18	    0.19
12/19/1991	    0.18	    0.17	    0.17	    0.18
12/20/1991	    0.17	    0.17	    0.16	    0.17
12/21/1991	    0.16	    0.16	    0.16	    0.16
12/22/1991	    0.16	    0.16	    0.16	    0.16
12/23/1991	    0.16	    0.16	    0.15	    0.15
12/24/1991	    0.15	    0.15	    0.15	    0.15
12/25/1991	    0.15	    0.15	    0.15	    0.15
12/26/1991	    0.15	    0.15	    0.15	    0.15
12/27/1991	    0.15	    0.15	    0.15	    0.15
12/28/1991	    0.16	    0.15	    0.15	    0.15
12/29/1991	    0.15	    0.15	    0.14	    0.14
12/30/1991	    0.14	    0.14	    0.14	    0.14
12/31/1991	    0.14	    0.14	    0.14	    0.14
01/01/1992	    0.14	    0.14	    0.14	    0.14
01/02/1992	    0.14	    0.14	    0.14	    0.14
01/03/1992	    0.14	    0.14	    0.14	    0.14
01/04/1992	    0.14	    0.14	    0.14	    0.14
01/05/1992	    0.14	    0.14	    0.14	    0.14
01/06/1992	    0.14	    0.14	    0.14	    0.14
01/07/1992	    0.14	    0.14	    0.14	    0.14
01/08/1992	    3.20	    0.55	    0.14	    0.20
01/09/1992	    4.80	    0.55	    0.55	    0.27
01/10/1992	    0.55	    0.55	    0.53	    0.38
01/11/1992	    0.53	    0.53	    0.53	    0.53
01/12/1992	    4.00	    0.53	    0.53	    0.51
01/13/1992	    2.90	    0.53	    0.66	    0.49
01/14/1992	    0.66	    0.47	    0.58	    0.47
01/15/1992	    0.58	    0.47	    0.47	    0.46
01/16/1992	    0.47	    0.47	    0.44	    0.44
01/17/1992	    0.44	    0.39	    0.41	    0.42
01/18/1992	    0.41	    0.39	    0.39	    0.41
01/19/1992	    0.39	    0.39	    0.38	    0.39
01/20/1992	    0.38	    0.38	    0.38	    0.38
01/21/1992	    0.42	    0.38	    0.38	    0.38
01/22/1992	   17.79	    0.38	    0.42	    0.37
01/23/1992	   31.84	    0.64	    4.03	    0.37
01/24/1992	    4.03	    0.64	    0.64	    0.36
01/25/1992	    0.64	    0.64	    0.41	    0.36
01/26/1992	    0.41	    0.36	    0.39	    0.35
01/27/1992	    0.39	    0.36	    0.36	    0.35
01/28/1992	    0.36	    0.36	    0.34	    0.34
01/29/1992	    0.34	    0.34	    0.34	    0.34
01/30/1992	    0.34	    0.34	    0.34	    0.34
01/31/1992	    0.36	    0.34	    0.34	    0.31
02/01/1992	    0.58	    0.58	    0.36	    0.29
02/02/1992	    1.09	    0.58	    0.58	    0.27
02/03/1992	   30.16	    0.58	    1.09	    0.25
02/04/1992	   10.80	    0.79	    1.72	    0.23
02/05/1992	    1.72	    0.79	    0.79	    0.21
02/06/1992	    0.79	    0.79	    0.40	    0.19
02/07/1992	    0.40	    0.15	    0.21	    0.18
02/08/1992	    0.21	    0.15	    0.15	    0.16
02/09/1992	    0.15	    0.15	    0.14	    0.15
02/10/1992	    0.14	    0.14	    0.14	    0.14
02/11/1992	    0.14	    0.14	    0.14	    0.14
02/12/1992	    0.14	    0.14	    0.14	    0.14
02/13/1992	    0.14	    0.14	    0.14	    0.14
02/14/1992	    0.14	    0.14	    0.14	    0.14
02/15/1992	    0.15	    0.14	    0.14	    0.14
02/16/1992	    0.15	    0.15	    0.15	    0.15
02/17/1992	    0.16	    0.15	    0.15	    0.16
02/18/1992	    0.78	    0.15	    0.16	    0.78
02/19/1992	    1.10	    1.10	    0.78	    1.10
02/20/1992	  341.32	    1.10	    1.10	    6.40
02/21/1992	   16.35	    1.10	   16.35	   16.35
02/22/1992	   88.46	   63.57	   16.35	   32.24
02/23/1992	   63.57	   63.57	   63.57	   63.57
02/24/1992	   86.00	   63.57	    7.20	   27.50
02/25/1992	    7.20	    0.25	    0.26	    7.20
02/26/1992	    0.26	    0.25	    0.25	    0.26
02/27/1992	    0.25	    0.25	    0.23	    0.25
02/28/1992	    0.23	    0.18	    0.19	    0.23
02/29/1992	    0.19	    0.18	    0.18	    0.19
03/01/1992	    0.18	    0.18	    0.18	    0.18
03/02/1992	    0.18	    0.17	    0.17	    0.17
03/03/1992	    0.17	    0.17	    0.17	    0.17
03/04/1992	    0.17	    0.17	    0.16	    0.16
03/05/1992	    0.16	    0.16	    0.16	    0.16
03/06/1992	    0.17	    0.16	    0.16	    0.16
03/07/1992	    0.17	    0.16	    0.16	    0.16
03/08/1992	    0.16	    0.15	    0.16	    0.16
03/09/1992	    1.20	    0.15	    0.15	    0.15
03/10/1992	    0.15	    0.15	    0.14	    0.14
03/11/1992	    0.14	    0.12	    0.13	    0.13
03/12/1992	    0.13	    0.12	    0.12	    0.13
03/13/1992	    0.12	    0.12	    0.12	    0.12
03/14/1992	    0.12	    0.10	    0.11	    0.11
03/15/1992	    0.11	    0.10	    0.10	    0.11
03/16/1992	    0.10	    0.10	    0.10	    0.10
03/17/1992	    0.10	    0.09	    0.09	    0.09
03/18/1992	    0.09	    0.09	    0.09	    0.09
03/19/1992	    0.09	    0.09	    0.08	    0.08
03/20/1992	    0.08	    0.08	    0.08	    0.08
03/21/1992	    0.08	    0.08	    0.08	    0.08
03/22/1992	    0.08	    0.08	    0.08	    0.08
03/23/1992	    0.08	    0.07	    0.08	    0.08
03/24/1992	    0.08	    0.07	    0.07	    0.07
03/25/1992	    0.07	    0.07	    0.06	    0.06
03/26/1992	    0.06	    0.05	    0.05	    0.06
03/27/1992	    0.05	    0.05	    0.05	    0.05
03/28/1992	    0.05	    0.05	    0.05	    0.05
03/29/1992	    0.05	    0.05	    0.05	    0.05
03/30/1992	    0.05	    0.05	    0.05	    0.05
03/31/1992	    0.05	    0.05	    0.04	    0.04
04/01/1992	    0.04	    0.04	    0.04	    0.04
04/02/1992	    0.04	    0.04	    0.04	    0.04
04/03/1992	    0.04	    0.04	    0.04	    0.04
04/04/1992	    0.04	    0.03	    0.03	    0.03
04/05/1992	    0.03	    0.03	    0.03	    0.03
04/06/1992	    0.03	    0.03	    0.03	    0.03
04/07/1992	    0.03	    0.03	    0.03	    0.03
04/08/1992	    0.03	    0.03	    0.03	    0.03
04/09/1992	    0.03	    0.03	    0.03	    0.03
04/10/1992	    0.03	    0.02	    0.03	    0.03
04/11/1992	    0.03	    0.02	    0.02	    0.02
04/12/1992	    0.02	    0.02	    0.02	    0.02
04/13/1992	    0.03	    0.03	    0.02	    0.02
04/14/1992	    0.03	    0.03	    0.03	    0.03
04/15/1992	    0.16	    0.03	    0.03	    0.04
04/16/1992	    0.80	    0.10	    0.13	    0.05
04/17/1992	    0.13	    0.10	    0.10	    0.07
04/18/1992	    0.10	    0.10	    0.10	    0.10
04/19/1992	    0.60	    0.60	    0.10	    0.11
04/20/1992	   12.99	    0.60	    0.60	    0.12
04/21/1992	    5.53	    0.60	    0.68	    0.14
04/22/1992	    0.68	    0.36	    0.37	    0.16
04/23/1992	    0.37	    0.36	    0.36	    0.17
04/24/1992	    0.36	    0.36	    0.34	    0.19
04/25/1992	    0.34	    0.32	    0.33	    0.22
04/26/1992	    0.33	    0.32	    0.32	    0.24
04/27/1992	    0.32	    0.32	    0.30	    0.27
04/28/1992	    0.30	    0.30	    0.30	    0.30
04/29/1992	    0.31	    0.30	    0.30	    0.26
04/30/1992	    0.30	    0.30	    0.25	    0.23
05/01/1992	    0.25	    0.17	    0.21	    0.20
05/02/1992	    0.21	    0.17	    0.17	    0.17
05/03/1992	    0.17	    0.17	    0.14	    0.15
05/04/1992	    0.14	    0.11	    0.13	    0.13
05/05/1992	    0.13	    0.11	    0.11	    0.11
05/06/1992	    0.11	    0.11	    0.09	    0.10
05/07/1992	    0.09	    0.07	    0.08	    0.09
05/08/1992	    0.08	    0.07	    0.07	    0.08
05/09/1992	    0.07	    0.07	    0.06	    0.07
05/10/1992	    0.06	    0.05	    0.05	    0.06
05/11/1992	    0.05	    0.05	    0.05	    0.05
05/12/1992	    0.05	    0.05	    0.04	    0.04
05/13/1992	    0.04	    0.03	    0.03	    0.04
05/14/1992	    0.03	    0.03	    0.03	    0.03
05/15/1992	    0.04	    0.03	    0.03	    0.03
05/16/1992	    0.04	    0.04	    0.04	    0.04
05/17/1992	    0.06	    0.04	    0.04	    0.04
05/18/1992	    0.05	    0.04	    0.05	    0.05
05/19/1992	    0.05	    0.05	    0.05	    0.05
05/20/1992	    0.05	    0.05	    0.05	    0.05
05/21/1992	    0.06	    0.05	    0.05	    0.06
05/22/1992	    0.08	    0.08	    0.06	    0.06
05/23/1992	    0.09	    0.08	    0.08	    0.07
05/24/1992	    0.08	    0.08	    0.08	    0.08
05/25/1992	    0.09	    0.09	    0.08	    0.08
05/26/1992	    0.10	    0.09	    0.09	    0.08
05/27/1992	    0.10	    0.09	    0.08	    0.08
05/28/1992	    0.08	    0.07	    0.08	    0.08
05/29/1992	    0.08	    0.07	    0.07	    0.07
05/30/1992	    0.07	    0.07	    0.06	    0.07
05/31/1992	    0.06	    0.06	    0.06	    0.06
06/01/1992	    0.06	    0.06	    0.06	    0.06
06/02/1992	    0.06	    0.06	    0.05	    0.05
06/03/1992	    0.05	    0.05	    0.05	    0.05
06/04/1992	    0.05	    0.05	    0.05	    0.05
06/05/1992	    0.05	    0.05	    0.05	    0.05
06/06/1992	    0.05	    0.04	    0.05	    0.05
06/07/1992	    0.05	    0.04	    0.04	    0.04
06/08/1992	    0.04	    0.04	    0.04	    0.04
06/09/1992	    0.04	    0.04	    0.04	    0.04
06/10/1992	    0.04	    0.04	    0.04	    0.04
06/11/1992	    0.04	    0.04	    0.04	    0.04
06/12/1992	    0.04	    0.03	    0.04	    0.04
06/13/1992	    0.04	    0.03	    0.03	    0.03
06/14/1992	    0.03	    0.03	    0.03	    0.03
06/15/1992	    0.03	    0.03	    0.03	    0.03
06/16/1992	    0.04	    0.03	    0.03	    0.03
06/17/1992	    0.04	    0.03	    0.03	    0.03
06/18/1992	    0.03	    0.03	    0.03	    0.03
06/19/1992	    0.03	    0.03	    0.03	    0.03
06/20/1992	    0.04	    0.03	    0.03	    0.03
06/21/1992	    0.03	    0.03	    0.03	    0.03
06/22/1992	    0.03	    0.03	    0.03	    0.03
06/23/1992	    0.04	    0.03	    0.03	    0.03
06/24/1992	    0.05	    0.04	    0.04	    0.03
06/25/1992	    0.05	    0.04	    0.04	    0.04
06/26/1992	    0.04	    0.04	    0.04	    0.04
06/27/1992	    0.04	    0.04	    0.04	    0.04
06/28/1992	    0.04	    0.04	    0.04	    0.04
06/29/1992	    0.05	    0.04	    0.04	    0.04
06/30/1992	    0.05	    0.05	    0.05	    0.05
07/01/1992	    0.05	    0.05	    0.05	    0.05
07/02/1992	    0.09	    0.05	    0.05	    0.05
07/03/1992	    0.06	    0.05	    0.05	    0.05
07/04/1992	    0.05	    0.05	    0.05	    0.05
07/05/1992	    0.05	    0.05	    0.05	    0.05
07/06/1992	    0.05	    0.05	    0.05	    0.05
07/07/1992	    0.12	    0.05	    0.05	    0.05
07/08/1992	    0.15	    0.05	    0.06	    0.05
07/09/1992	    0.06	    0.05	    0.05	    0.05
07/10/1992	    0.05	    0.05	    0.05	    0.05
07/11/1992	    0.05	    0.05	    0.05	    0.05
07/12/1992	    0.21	    0.21	    0.05	    0.05
07/13/1992	    0.56	    0.21	    0.21	    0.05
07/14/1992	    0.25	    0.21	    0.07	    0.04
07/15/1992	    0.07	    0.04	    0.04	    0.04
07/16/1992	    0.04	    0.04	    0.04	    0.04
07/17/1992	    0.04	    0.04	    0.04	    0.04
07/18/1992	    0.04	    0.04	    0.04	    0.04
07/19/1992	    0.04	    0.04	    0.04	    0.04
07/20/1992	    0.04	    0.04	    0.03	    0.03
07/21/1992	    0.03	    0.03	    0.03	    0.03
07/22/1992	    0.04	    0.03	    0.03	    0.03
07/23/1992	    0.04	    0.03	    0.04	    0.04
07/24/1992	    0.04	    0.04	    0.04	    0.04
07/25/1992	    0.04	    0.04	    0.04	    0.04
07/26/1992	    0.04	    0.04	    0.03	    0.03
07/27/1992	    0.03	    0.03	    0.03	    0.03
07/28/1992	    0.03	    0.03	    0.03	    0.03
07/29/1992	    0.03	    0.03	    0.03	    0.03
07/30/1992	    0.08	    0.05	    0.03	    0.04
07/31/1992	    0.13	    0.05	    0.05	    0.04
08/01/1992	    0.05	    0.05	    0.05	    0.05
08/02/1992	    0.05	    0.05	    0.05	    0.05
08/03/1992	    0.05	    0.05	    0.05	    0.05
08/04/1992	    0.06	    0.05	    0.05	    0.05
08/05/1992	    0.05	    0.05	    0.05	    0.05
08/06/1992	    0.05	    0.05	    0.05	    0.05
08/07/1992	    0.09	    0.05	    0.05	    0.06
08/08/1992	    0.09	    0.08	    0.08	    0.07
08/09/1992	    0.08	    0.08	    0.08	    0.08
08/10/1992	    0.08	    0.08	    0.07	    0.07
08/11/1992	    0.07	    0.07	    0.07	    0.07
08/12/1992	    0.07	    0.07	    0.07	    0.07
08/13/1992	    0.07	    0.07	    0.06	    0.06
08/14/1992	    0.06	    0.06	    0.06	    0.06
08/15/1992	    0.06	    0.06	    0.06	    0.06
08/16/1992	    0.06	    0.06	    0.06	    0.06
08/17/1992	    0.06	    0.06	    0.06	    0.06
08/18/1992	    0.06	    0.06	    0.06	    0.06
08/19/1992	    0.06	    0.06	    0.06	    0.06
08/20/1992	    0.06	    0.05	    0.05	    0.05
08/21/1992	    0.05	    0.05	    0.05	    0.05
08/22/1992	    0.05	    0.05	    0.05	    0.05
08/23/1992	    0.05	    0.05	    0.05	    0.05
08/24/1992	    0.05	    0.05	    0.05	    0.05
08/25/1992	    0.05	    0.05	    0.05	    0.05
08/26/1992	    0.06	    0.05	    0.05	    0.05
08/27/1992	    0.05	    0.05	    0.05	    0.05
08/28/1992	    0.05	    0.05	    0.04	    0.04
08/29/1992	    0.04	    0.04	    0.04	    0.04
08/30/1992	    0.04	    0.04	    0.04	    0.04
08/31/1992	    0.04	    0.04	    0.04	    0.04
09/01/1992	    0.04	    0.04	    0.04	    0.04
09/02/1992	    0.04	    0.04	    0.04	    0.04
09/03/1992	    0.04	    0.04	    0.03	    0.03
09/04/1992	    0.03	    0.03	    0.03	    0.03
09/05/1992	    0.03	    0.03	    0.03	    0.03
09/06/1992	    0.07	    0.03	    0.03	    0.04
09/07/1992	    0.05	    0.05	    0.05	    0.05
09/08/1992	    0.12	    0.05	    0.05	    0.05
09/09/1992	    0.18	    0.05	    0.08	    0.05
09/10/1992	    0.08	    0.04	    0.06	    0.04
09/11/1992	    0.06	    0.04	    0.04	    0.04
09/12/1992	    0.04	    0.04	    0.04	    0.04
09/13/1992	    0.04	    0.04	    0.04	    0.04
09/14/1992	    0.05	    0.04	    0.04	    0.04
09/15/1992	    0.07	    0.04	    0.05	    0.05
09/16/1992	    0.07	    0.06	    0.06	    0.05
09/17/1992	    0.06	    0.06	    0.06	    0.06
09/18/1992	    0.09	    0.06	    0.06	    0.06
09/19/1992	    0.07	    0.06	    0.06	    0.06
09/20/1992	    0.06	    0.06	    0.06	    0.06
09/21/1992	    0.08	    0.06	    0.06	    0.06
09/22/1992	    0.07	    0.06	    0.06	    0.06
09/23/1992	    0.06	    0.06	    0.06	    0.06
09/24/1992	    0.06	    0.06	    0.05	    0.05
09/25/1992	    0.05	    0.05	    0.05	    0.05
09/26/1992	    0.06	    0.05	    0.05	    0.05
09/27/1992	    0.08	    0.05	    0.06	    0.05
09/28/1992	    0.07	    0.04	    0.05	    0.04
09/29/1992	    0.05	    0.04	    0.04	    0.04
09/30/1992	    0.04	    0.04	    0.04	    0.04
10/01/1992	    0.05	    0.05	    0.04	    0.04
10/02/1992	    0.05	    0.05	    0.05	    0.04
10/03/1992	    0.05	    0.05	    0.05	    0.04
10/04/1992	    0.05	    0.04	    0.05	    0.04
10/05/1992	    0.05	    0.04	    0.04	    0.04
10/06/1992	    0.04	    0.04	    0.04	    0.04
10/07/1992	    0.04	    0.04	    0.04	    0.04
10/08/1992	    0.05	    0.04	    0.04	    0.04
10/09/1992	    0.05	    0.04	    0.05	    0.04
10/10/1992	    0.05	    0.04	    0.04	    0.04
10/11/1992	    0.04	    0.04	    0.04	    0.04
10/12/1992	    0.04	    0.04	    0.04	    0.04
10/13/1992	    0.04	    0.04	    0.04	    0.04
10/14/1992	    0.04	    0.04	    0.04	    0.04
10/15/1992	    0.04	    0.04	    0.04	    0.04
10/16/1992	    0.05	    0.05	    0.04	    0.04
10/17/1992	    0.05	    0.05	    0.05	    0.04
10/18/1992	    0.05	    0.05	    0.05	    0.04
10/19/1992	    0.05	    0.05	    0.05	    0.05
10/20/1992	    0.06	    0.05	    0.05	    0.05
10/21/1992	    0.06	    0.05	    0.06	    0.05
10/22/1992	    0.06	    0.06	    0.06	    0.05
10/23/1992	    0.07	    0.06	    0.06	    0.05
10/24/1992	    0.07	    0.06	    0.07	    0.06
10/25/1992	    0.08	    0.08	    0.07	    0.06
10/26/1992	    0.08	    0.08	    0.08	    0.06
10/27/1992	    0.08	    0.08	    0.08	    0.06
10/28/1992	    0.08	    0.08	    0.08	    0.06
10/29/1992	    0.09	    0.08	    0.08	    0.07
10/30/1992	    0.09	    0.08	    0.09	    0.07
10/31/1992	    0.10	    0.10	    0.09	    0.07
11/01/1992	    0.18	    0.10	    0.10	    0.07
11/02/1992	    0.89	    0.10	    0.18	    0.08
11/03/1992	    0.81	    0.23	    0.28	    0.08
11/04/1992	    0.28	    0.23	    0.23	    0.08
11/05/1992	    0.23	    0.23	    0.21	    0.09
11/06/1992	    0.21	    0.18	    0.19	    0.09
11/07/1992	    0.19	    0.18	    0.18	    0.09
11/08/1992	    0.18	    0.18	    0.17	    0.10
11/09/1992	    0.17	    0.16	    0.17	    0.10
11/10/1992	    0.17	    0.16	    0.16	    0.10
11/11/1992	    0.16	    0.16	    0.16	    0.11
11/12/1992	    0.16	    0.16	    0.16	    0.11
11/13/1992	    0.16	    0.16	    0.16	    0.12
11/14/1992	    0.16	    0.16	    0.14	    0.12
11/15/1992	    0.14	    0.14	    0.14	    0.12
11/16/1992	    0.14	    0.14	    0.14	    0.13
11/17/1992	    0.14	    0.14	    0.14	    0.13
11/18/1992	    0.14	    0.14	    0.14	    0.14
11/19/1992	    0.17	    0.14	    0.14	    0.14
11/20/1992	    5.72	    0.14	    0.17	    0.15
11/21/1992	   13.22	    1.00	    1.34	    0.15
11/22/1992	    1.34	    1.00	    1.00	    0.16
11/23/1992	    1.00	    1.00	    0.75	    0.16
11/24/1992	    0.75	    0.62	    0.65	    0.16
11/25/1992	    0.65	    0.62	    0.62	    0.17
11/26/1992	    0.62	    0.62	    0.57	    0.17
11/27/1992	    0.57	    0.44	    0.49	    0.18
11/28/1992	    0.49	    0.44	    0.44	    0.18
11/29/1992	    0.44	    0.44	    0.40	    0.19
11/30/1992	    0.40	    0.35	    0.37	    0.19
12/01/1992	    0.37	    0.35	    0.35	    0.20
12/02/1992	    0.35	    0.35	    0.30	    0.20
12/03/1992	    0.30	    0.22	    0.25	    0.21
12/04/1992	    0.25	    0.22	    0.22	    0.22
12/05/1992	    0.22	    0.22	    0.22	    0.22
12/06/1992	    0.23	    0.21	    0.22	    0.21
12/07/1992	    0.24	    0.21	    0.21	    0.20
12/08/1992	    0.21	    0.21	    0.20	    0.19
12/09/1992	    0.20	    0.17	    0.18	    0.19
12/10/1992	    0.18	    0.17	    0.17	    0.18
12/11/1992	    0.17	    0.17	    0.16	    0.17
12/12/1992	    0.16	    0.15	    0.15	    0.16
12/13/1992	    0.15	    0.15	    0.15	    0.15
12/14/1992	    0.15	    0.15	    0.15	    0.15
12/15/1992	    0.79	    0.79	    0.15	    0.17
12/16/1992	    6.91	    0.79	    0.79	    0.18
12/17/1992	    1.26	    0.79	    0.81	    0.21
12/18/1992	    0.81	    0.63	    0.73	    0.23
12/19/1992	    0.73	    0.63	    0.63	    0.26
12/20/1992	    0.63	    0.63	    0.56	    0.29
12/21/1992	    0.56	    0.48	    0.50	    0.32
12/22/1992	    0.50	    0.48	    0.48	    0.36
12/23/1992	    0.48	    0.48	    0.45	    0.41
12/24/1992	    0.45	    0.45	    0.45	    0.45
12/25/1992	    0.45	    0.45	    0.45	    0.45
12/26/1992	    0.46	    0.45	    0.45	    0.46
12/27/1992	    0.47	    0.47	    0.46	    0.46
12/28/1992	    0.50	    0.47	    0.47	    0.46
12/29/1992	    0.50	    0.47	    0.50	    0.46
12/30/1992	    0.51	    0.49	    0.50	    0.46
12/31/1992	    0.51	    0.49	    0.49	    0.46
01/01/1993	    0.49	    0.49	    0.46	    0.46
01/02/1993	    0.46	    0.46	    0.46	    0.46
01/03/1993	    0.49	    0.46	    0.46	    0.46
01/04/1993	    0.50	    0.46	    0.48	    0.46
01/05/1993	    0.48	    0.47	    0.47	    0.47
01/06/1993	    0.47	    0.47	    0.47	    0.47
01/07/1993	    0.47	    0.47	    0.47	    0.46
01/08/1993	    0.47	    0.45	    0.45	    0.46
01/09/1993	    0.45	    0.45	    0.45	    0.45
01/10/1993	    0.45	    0.45	    0.45	    0.45
01/11/1993	    0.47	    0.47	    0.45	    0.46
01/12/1993	    0.50	    0.47	    0.47	    0.46
01/13/1993	    0.52	    0.47	    0.50	    0.47
01/14/1993	    0.51	    0.48	    0.49	    0.47
01/15/1993	    0.49	    0.48	    0.48	    0.47
01/16/1993	    0.48	    0.48	    0.48	    0.48
01/17/1993	    0.48	    0.45	    0.45	    0.46
01/18/1993	    0.45	    0.45	    0.45	    0.45
01/19/1993	    0.45	    0.45	    0.45	    0.45
01/20/1993	    0.53	    0.53	    0.45	    0.46
01/21/1993	    0.58	    0.53	    0.53	    0.47
01/22/1993	    0.64	    0.53	    0.58	    0.48
01/23/1993	    0.58	    0.53	    0.53	    0.49
01/24/1993	    0.53	    0.53	    0.53	    0.50
01/25/1993	    0.53	    0.53	    0.52	    0.51
01/26/1993	    0.52	    0.52	    0.52	    0.52
01/27/1993	    0.54	    0.52	    0.52	    0.52
01/28/1993	    0.55	    0.52	    0.52	    0.52
01/29/1993	    0.52	    0.52	    0.52	    0.52
01/30/1993	    0.53	    0.52	    0.52	    0.53
01/31/1993	    0.57	    0.52	    0.53	    0.54
02/01/1993	    0.71	    0.57	    0.57	    0.55
02/02/1993	    0.59	    0.57	    0.57	    0.56
02/03/1993	    0.57	    0.57	    0.57	    0.57
02/04/1993	    0.64	    0.64	    0.57	    0.57
02/05/1993	    0.74	    0.64	    0.64	    0.58
02/06/1993	    0.67	    0.64	    0.61	    0.59
02/07/1993	    0.61	    0.60	    0.60	    0.59
02/08/1993	    0.60	    0.60	    0.60	    0.60
02/09/1993	    0.61	    0.60	    0.60	    0.61
02/10/1993	    0.67	    0.66	    0.61	    0.63
02/11/1993	    0.74	    0.66	    0.66	    0.64
02/12/1993	    0.66	    0.66	    0.66	    0.66
02/13/1993	    0.68	    0.68	    0.66	    0.65
02/14/1993	    0.69	    0.68	    0.68	    0.64
02/15/1993	    0.69	    0.68	    0.64	    0.63
02/16/1993	    0.64	    0.62	    0.62	    0.62
02/17/1993	    0.62	    0.62	    0.62	    0.62
02/18/1993	    0.64	    0.62	    0.62	    0.63
02/19/1993	    0.67	    0.67	    0.64	    0.65
02/20/1993	    0.67	    0.67	    0.67	    0.67
02/21/1993	    0.67	    0.67	    0.67	    0.67
02/22/1993	    0.67	    0.64	    0.64	    0.65
02/23/1993	    0.64	    0.64	    0.64	    0.64
02/24/1993	    0.64	    0.64	    0.64	    0.64
02/25/1993	    0.64	    0.64	    0.64	    0.64
02/26/1993	    0.64	    0.64	    0.64	    0.64
02/27/1993	    0.64	    0.64	    0.64	    0.64
02/28/1993	    0.64	    0.64	    0.64	    0.64
03/01/1993	    0.79	    0.64	    0.64	    0.79
03/02/1993	    1.68	    0.64	    0.79	    1.68
03/03/1993	    5.59	    5.59	    1.68	    4.57
03/04/1993	  191.87	    5.59	    5.59	    8.79
03/05/1993	   97.13	    5.59	   32.55	   16.91
03/06/1993	   32.55	   32.55	   32.55	   32.55
03/07/1993	  255.26	   32.55	   32.55	   18.81
03/08/1993	  102.28	   32.55	   40.00	   10.88
03/09/1993	   40.00	    2.49	   12.00	    6.29
03/10/1993	   12.00	    2.49	    2.49	    3.63
03/11/1993	    2.49	    2.49	    0.93	    2.10
03/12/1993	    0.93	    0.70	    0.70	    0.93
03/13/1993	    0.70	    0.70	    0.70	    0.70
03/14/1993	    0.72	    0.70	    0.70	    0.72
03/15/1993	    8.36	    5.99	    0.72	    0.98
03/16/1993	  292.25	    5.99	    5.99	    1.15
03/17/1993	    5.99	    5.99	    4.21	    1.35
03/18/1993	    4.21	    1.88	    1.88	    1.60
03/19/1993	    1.88	    1.88	    1.88	    1.88
03/20/1993	    2.19	    1.88	    1.88	    1.72
03/21/1993	    2.06	    1.31	    1.54	    1.57
03/22/1993	    1.54	    1.31	    1.31	    1.43
03/23/1993	    1.31	    1.31	    1.31	    1.31
03/24/1993	    1.61	    1.61	    1.31	    1.61
03/25/1993	  893.98	    1.61	    1.61	    4.44
03/26/1993	  563.34	    1.61	  236.01	    8.17
03/27/1993	  236.01	   51.00	  103.87	   15.05
03/28/1993	  103.87	   51.00	   51.00	   27.70
03/29/1993	   51.00	   51.00	   51.00	   51.00
03/30/1993	 2391.99	   10.92	   51.00	   34.71
03/31/1993	  639.41	   10.92	   10.92	   23.62
04/01/1993	   10.92	   10.92	    6.04	   10.92
04/02/1993	    6.04	    3.54	    4.62	    6.04
04/03/1993	    4.62	    3.54	    3.54	    4.62
04/04/1993	    3.54	    3.54	    2.87	    3.54
04/05/1993	    2.87	    1.60	    1.90	    2.87
04/06/1993	    1.90	    1.60	    1.60	    1.90
04/07/1993	    1.60	    1.60	    1.60	    1.60
04/08/1993	    7.80	    1.04	    1.60	    1.38
04/09/1993	    1.66	    1.04	    1.04	    1.20
04/10/1993	    1.04	    1.04	    1.04	    1.04
04/11/1993	    1.04	    0.54	    0.71	    0.83
04/12/1993	    0.71	    0.54	    0.54	    0.67
04/13/1993	    0.54	    0.54	    0.54	    0.54
04/14/1993	    0.54	    0.54	    0.54	    0.51
04/15/1993	    9.20	    0.54	    0.54	    0.48
04/16/1993	   11.00	    0.54	    6.70	    0.45
04/17/1993	    6.70	    0.40	    0.40	    0.42
04/18/1993	    0.40	    0.40	    0.40	    0.40
04/19/1993	    0.55	    0.40	    0.40	    0.39
04/20/1993	    1.08	    0.46	    0.55	    0.38
04/21/1993	    0.55	    0.46	    0.46	    0.37
04/22/1993	    0.46	    0.46	    0.41	    0.36
04/23/1993	    0.41	    0.36	    0.40	    0.35
04/24/1993	    0.40	    0.36	    0.36	    0.34
04/25/1993	    0.36	    0.36	    0.32	    0.33
04/26/1993	    0.32	    0.32	    0.32	    0.32
04/27/1993	    0.38	    0.32	    0.32	    0.33
04/28/1993	    0.44	    0.32	    0.38	    0.34
04/29/1993	    0.39	    0.35	    0.35	    0.34
04/30/1993	    0.35	    0.35	    0.35	    0.35
05/01/1993	    5.20	    0.35	    0.35	    0.36
05/02/1993	   80.21	   14.20	    5.20	    0.37
05/03/1993	  275.61	   14.20	   14.20	    0.38
05/04/1993	   14.20	   14.20	    8.50	    0.40
05/05/1993	    8.50	    5.29	    5.37	    0.41
05/06/1993	    5.37	    5.29	    5.29	    0.42
05/07/1993	    5.29	    5.29	    3.76	    0.44
05/08/1993	    3.76	    2.12	    2.63	    0.45
05/09/1993	    2.63	    2.12	    2.12	    0.47
05/10/1993	    2.12	    2.12	    1.70	    0.48
05/11/1993	    1.70	    0.93	    1.15	    0.50
05/12/1993	    1.15	    0.93	    0.93	    0.52
05/13/1993	    0.93	    0.93	    0.88	    0.53
05/14/1993	    0.88	    0.67	    0.79	    0.55
05/15/1993	    0.79	    0.67	    0.67	    0.57
05/16/1993	    0.67	    0.67	    0.61	    0.59
05/17/1993	    0.61	    0.55	    0.61	    0.61
05/18/1993	    0.64	    0.55	    0.55	    0.57
05/19/1993	    0.55	    0.55	    0.50	    0.54
05/20/1993	    0.50	    0.45	    0.45	    0.50
05/21/1993	    0.45	    0.45	    0.45	    0.45
05/22/1993	    0.45	    0.45	    0.45	    0.45
05/23/1993	    0.65	    0.41	    0.45	    0.43
05/24/1993	    0.62	    0.41	    0.41	    0.41
05/25/1993	    0.41	    0.41	    0.36	    0.38
05/26/1993	    0.36	    0.36	    0.36	    0.36
05/27/1993	    0.45	    0.36	    0.36	    0.37
05/28/1993	    0.41	    0.36	    0.38	    0.37
05/29/1993	    0.38	    0.38	    0.38	    0.38
05/30/1993	    0.58	    0.38	    0.38	    0.38
05/31/1993	    0.49	    0.38	    0.37	    0.37
06/01/1993	    0.37	    0.37	    0.37	    0.37
06/02/1993	    0.50	    0.37	    0.37	    0.38
06/03/1993	    0.60	    0.37	    0.46	    0.38
06/04/1993	    0.46	    0.39	    0.44	    0.38
06/05/1993	    0.44	    0.39	    0.39	    0.39
06/06/1993	    0.39	    0.39	    0.39	    0.39
06/07/1993	   33.56	    9.11	    0.39	    0.72
06/08/1993	   20.95	    9.11	    9.11	    1.34
06/09/1993	    9.11	    9.11	    8.61	    2.49
06/10/1993	    8.61	    8.60	    8.60	    4.63
06/11/1993	    8.60	    8.60	    8.60	    8.60
06/12/1993	    9.01	    8.60	    8.60	    6.77
06/13/1993	   13.11	    5.05	    9.01	    5.33
06/14/1993	   19.37	    5.05	    5.05	    4.19
06/15/1993	    5.05	    5.05	    2.60	    3.30
06/16/1993	    2.60	    2.60	    2.60	    2.60
06/17/1993	   12.43	    2.60	    2.60	    2.60
06/18/1993	   89.85	    2.60	    4.81	    2.61
06/19/1993	    4.81	    3.43	    4.39	    2.62
06/20/1993	    4.39	    3.43	    3.43	    2.62
06/21/1993	    3.43	    3.43	    2.82	    2.63
06/22/1993	    2.82	    2.65	    2.65	    2.64
06/23/1993	    2.65	    2.65	    2.65	    2.65
06/24/1993	    3.00	    2.65	    2.65	    2.74
06/25/1993	    3.75	    3.03	    3.00	    2.83
06/26/1993	    3.07	    3.03	    3.03	    2.93
06/27/1993	    3.03	    3.03	    3.03	    3.03
06/28/1993	   20.35	    5.73	    3.03	    4.17
06/29/1993	    5.73	    5.73	    5.73	    5.73
06/30/1993	  473.30	    5.73	    5.73	    6.20
07/01/1993	   11.56	    9.08	    9.64	    6.70
07/02/1993	    9.64	    9.08	    9.08	    7.25
07/03/1993	    9.08	    9.08	    8.48	    7.84
07/04/1993	    8.48	    8.48	    8.48	    8.48
07/05/1993	   86.03	    8.48	    8.48	   15.39
07/06/1993	   80.49	    8.48	   50.71	   27.93
07/07/1993	   50.71	   50.71	   50.71	   50.71
07/08/1993	   53.80	   50.71	   50.71	   40.74
07/09/1993	  741.31	   50.71	   53.80	   32.73
07/10/1993	  430.00	   13.09	  340.00	   26.29
07/11/1993	  340.00	   13.09	   13.09	   21.12
07/12/1993	   13.09	   13.09	   10.92	   13.09
07/13/1993	   10.92	    7.87	    9.55	   10.92
07/14/1993	    9.55	    7.87	    7.87	    9.55
07/15/1993	    7.87	    7.87	    7.07	    7.87
07/16/1993	    7.07	    7.07	    7.07	    7.07
07/17/1993	  177.13	    7.07	    7.07	    6.48
07/18/1993	   13.90	    7.07	    5.73	    5.93
07/19/1993	    5.73	    4.34	    4.49	    5.43
07/20/1993	    4.49	    4.34	    4.34	    4.49
07/21/1993	    4.34	    4.34	    4.18	    4.34
07/22/1993	    4.18	    4.18	    4.18	    4.18
07/23/1993	    4.24	    4.18	    4.18	    4.20
07/24/1993	    4.35	    4.18	    4.24	    4.23
07/25/1993	    5.37	    4.29	    4.29	    4.26
07/26/1993	    4.29	    4.29	    4.29	    4.29
07/27/1993	    4.70	    4.29	    4.29	    4.28
07/28/1993	    5.11	    4.23	    4.36	    4.26
07/29/1993	    4.36	    4.23	    4.23	    4.24
07/30/1993	    4.23	    4.23	    4.23	    4.23
07/31/1993	    6.11	    4.56	    4.23	    4.14
08/01/1993	    6.10	    4.56	    4.56	    4.05
08/02/1993	    4.56	    4.56	    4.24	    3.97
08/03/1993	    4.24	    3.73	    3.87	    3.89
08/04/1993	    3.87	    3.73	    3.73	    3.81
08/05/1993	    3.73	    3.73	    3.73	    3.73
08/06/1993	    4.03	    3.44	    3.61	    3.63
08/07/1993	    3.61	    3.44	    3.44	    3.53
08/08/1993	    3.44	    3.44	    3.44	    3.44
08/09/1993	    3.88	    3.13	    3.44	    3.32
08/10/1993	    3.82	    3.13	    3.13	    3.21
08/11/1993	    3.13	    3.13	    2.95	    3.10
08/12/1993	    2.95	    2.89	    2.89	    2.95
08/13/1993	    2.89	    2.89	    2.89	    2.89
08/14/1993	   10.47	    2.89	    2.89	    2.96
08/15/1993	  110.56	    3.21	    7.76	    3.04
08/16/1993	    7.76	    3.21	    3.21	    3.12
08/17/1993	    3.21	    3.21	    3.21	    3.21
08/18/1993	   28.23	    3.93	    3.21	    3.17
08/19/1993	   11.24	    3.93	    3.93	    3.14
08/20/1993	    3.93	    3.93	    3.29	    3.11
08/21/1993	    3.29	    3.04	    3.04	    3.07
08/22/1993	    3.04	    3.04	    3.04	    3.04
08/23/1993	    4.06	    3.04	    2.75	    2.76
08/24/1993	    2.75	    2.02	    2.24	    2.50
08/25/1993	    2.24	    2.02	    2.02	    2.24
08/26/1993	    2.02	    2.02	    1.87	    2.02
08/27/1993	    1.87	    1.69	    1.69	    1.87
08/28/1993	    1.69	    1.69	    1.69	    1.69
08/29/1993	    2.90	    1.69	    1.69	    1.60
08/30/1993	    2.20	    1.52	    1.74	    1.52
08/31/1993	    1.74	    1.52	    1.52	    1.44
09/01/1993	    1.52	    1.52	    1.30	    1.37
09/02/1993	    1.30	    1.15	    1.26	    1.30
09/03/1993	    1.26	    1.15	    1.15	    1.23
09/04/1993	    1.15	    1.15	    1.04	    1.15
09/05/1993	    1.04	    0.92	    0.99	    1.04
09/06/1993	    0.99	    0.92	    0.92	    0.99
09/07/1993	    0.92	    0.92	    0.91	    0.92
09/08/1993	    0.91	    0.84	    0.87	    0.91
09/09/1993	    0.87	    0.84	    0.84	    0.87
09/10/1993	    0.84	    0.84	    0.80	    0.84
09/11/1993	    0.80	    0.80	    0.80	    0.80
09/12/1993	    0.82	    0.80	    0.80	    0.78
09/13/1993	    0.93	    0.80	    0.82	    0.76
09/14/1993	    1.04	    0.68	    0.78	    0.74
09/15/1993	    0.78	    0.68	    0.68	    0.72
09/16/1993	    0.68	    0.68	    0.67	    0.68
09/17/1993	    0.67	    0.64	    0.66	    0.67
09/18/1993	    0.66	    0.64	    0.64	    0.65
09/19/1993	    0.64	    0.64	    0.64	    0.64
09/20/1993	    0.72	    0.67	    0.64	    0.62
09/21/1993	    0.73	    0.67	    0.67	    0.61
09/22/1993	    0.67	    0.67	    0.62	    0.60
09/23/1993	    0.62	    0.58	    0.58	    0.59
09/24/1993	    0.58	    0.58	    0.58	    0.58
09/25/1993	    0.61	    0.58	    0.58	    0.49
09/26/1993	    0.69	    0.59	    0.61	    0.41
09/27/1993	    0.64	    0.59	    0.59	    0.34
09/28/1993	    0.59	    0.59	    0.55	    0.29
09/29/1993	    0.55	    0.13	    0.53	    0.24
09/30/1993	    0.53	    0.13	    0.13	    0.20
10/01/1993	    0.13	    0.13	    0.13	    0.13
10/02/1993	    0.13	    0.12	    0.12	    0.13
10/03/1993	    0.12	    0.12	    0.12	    0.12
10/04/1993	    0.13	    0.12	    0.12	    0.12
10/05/1993	    0.13	    0.13	    0.13	    0.13
10/06/1993	    0.14	    0.13	    0.13	    0.13
10/07/1993	    0.14	    0.13	    0.14	    0.13
10/08/1993	    0.14	    0.14	    0.14	    0.14
10/09/1993	    2.50	    0.14	    0.14	    0.14
10/10/1993	    0.14	    0.14	    0.13	    0.13
10/11/1993	    0.13	    0.12	    0.13	    0.13
10/12/1993	    0.13	    0.12	    0.12	    0.13
10/13/1993	    0.12	    0.12	    0.12	    0.12
10/14/1993	    0.12	    0.12	    0.12	    0.12
10/15/1993	    0.13	    0.12	    0.12	    0.12
10/16/1993	    0.14	    0.12	    0.12	    0.12
10/17/1993	    0.12	    0.12	    0.12	    0.12
10/18/1993	    0.12	    0.12	    0.12	    0.12
10/19/1993	    0.12	    0.12	    0.12	    0.12
10/20/1993	    0.12	    0.11	    0.12	    0.12
10/21/1993	    0.12	    0.11	    0.11	    0.11
10/22/1993	    0.11	    0.11	    0.11	    0.11
10/23/1993	    0.12	    0.12	    0.11	    0.12
10/24/1993	    0.12	    0.12	    0.12	    0.12
10/25/1993	    0.12	    0.12	    0.12	    0.12
10/26/1993	    0.13	    0.13	    0.12	    0.13
10/27/1993	    0.13	    0.13	    0.13	    0.13
10/28/1993	    0.15	    0.13	    0.13	    0.14
10/29/1993	    0.15	    0.15	    0.15	    0.15
10/30/1993	    0.15	    0.15	    0.15	    0.15
10/31/1993	    0.16	    0.15	    0.15	    0.16
11/01/1993	    0.17	    0.17	    0.16	    0.16
11/02/1993	    0.17	    0.17	    0.17	    0.17
11/03/1993	    0.18	    0.17	    0.17	    0.17
11/04/1993	    0.19	    0.19	    0.18	    0.18
11/05/1993	    0.19	    0.19	    0.19	    0.18
11/06/1993	    0.19	    0.19	    0.19	    0.19
11/07/1993	    0.19	    0.19	    0.19	    0.19
11/08/1993	    0.19	    0.19	    0.19	    0.19
11/09/1993	    0.19	    0.19	    0.19	    0.19
11/10/1993	    0.19	    0.19	    0.19	    0.19
11/11/1993	    0.19	    0.19	    0.19	    0.19
11/12/1993	    0.20	    0.19	    0.19	    0.20
11/13/1993	    1.10	    0.22	    0.20	    0.20
11/14/1993	    0.64	    0.22	    0.22	    0.21
11/15/1993	    0.22	    0.22	    0.22	    0.22
11/16/1993	    0.22	    0.22	    0.22	    0.22
11/17/1993	    0.22	    0.22	    0.22	    0.22
11/18/1993	    0.23	    0.22	    0.22	    0.22
11/19/1993	    0.24	    0.22	    0.23	    0.22
11/20/1993	    0.24	    0.22	    0.22	    0.22
11/21/1993	    0.22	    0.22	    0.22	    0.22
11/22/1993	    0.23	    0.22	    0.22	    0.22
11/23/1993	    0.23	    0.22	    0.22	    0.22
11/24/1993	    0.22	    0.22	    0.22	    0.22
11/25/1993	    0.25	    0.25	    0.22	    0.23
11/26/1993	    0.70	    0.25	    0.25	    0.23
11/27/1993	    0.95	    0.25	    0.25	    0.23
11/28/1993	    0.25	    0.25	    0.25	    0.24
11/29/1993	    0.25	    0.25	    0.25	    0.24
11/30/1993	    0.25	    0.25	    0.24	    0.24
12/01/1993	    0.24	    0.24	    0.24	    0.24
12/02/1993	    0.25	    0.24	    0.24	    0.24
12/03/1993	    0.26	    0.24	    0.25	    0.25
12/04/1993	    0.26	    0.26	    0.26	    0.25
12/05/1993	    0.28	    0.26	    0.26	    0.25
12/06/1993	    0.29	    0.26	    0.27	    0.25
12/07/1993	    0.27	    0.27	    0.27	    0.25
12/08/1993	    0.27	    0.27	    0.27	    0.25
12/09/1993	    0.27	    0.27	    0.27	    0.26
12/10/1993	    0.27	    0.26	    0.26	    0.26
12/11/1993	    0.26	    0.26	    0.26	    0.26
12/12/1993	    0.26	    0.26	    0.26	    0.26
12/13/1993	    0.27	    0.27	    0.26	    0.27
12/14/1993	    0.28	    0.27	    0.27	    0.27
12/15/1993	    0.28	    0.27	    0.28	    0.27
12/16/1993	    0.28	    0.28	    0.28	    0.28
12/17/1993	    0.29	    0.28	    0.28	    0.27
12/18/1993	    0.29	    0.28	    0.29	    0.27
12/19/1993	    0.29	    0.28	    0.29	    0.26
12/20/1993	    0.29	    0.28	    0.28	    0.26
12/21/1993	    0.28	    0.28	    0.25	    0.25
12/22/1993	    0.25	    0.24	    0.25	    0.25
12/23/1993	    0.25	    0.24	    0.24	    0.25
12/24/1993	    0.24	    0.24	    0.23	    0.24
12/25/1993	    0.23	    0.23	    0.23	    0.23
12/26/1993	    0.23	    0.23	    0.23	    0.23
12/27/1993	    0.23	    0.23	    0.22	    0.23
12/28/1993	    0.22	    0.22	    0.22	    0.22
12/29/1993	    0.22	    0.22	    0.22	    0.22
12/30/1993	    0.22	    0.22	    0.22	    0.22
12/31/1993	    0.22	    0.22	    0.22	    0.22
01/01/1994	    0.24	    0.22	    0.22	    0.22
01/02/1994	    0.24	    0.22	    0.23	    0.23
01/03/1994	    0.23	    0.23	    0.23	    0.23
01/04/1994	    0.23	    0.23	    0.23	    0.23
01/05/1994	    0.24	    0.23	    0.23	    0.24
01/06/1994	    0.24	    0.24	    0.24	    0.24
01/07/1994	    0.25	    0.24	    0.24	    0.25
01/08/1994	    0.26	    0.24	    0.25	    0.26
01/09/1994	    0.29	    0.29	    0.26	    0.29
01/10/1994	    0.31	    0.29	    0.29	    0.30
01/11/1994	    0.34	    0.29	    0.31	    0.31
01/12/1994	    0.35	    0.34	    0.34	    0.33
01/13/1994	    0.34	    0.34	    0.34	    0.34
01/14/1994	    0.34	    0.34	    0.33	    0.33
01/15/1994	    0.33	    0.33	    0.33	    0.33
01/16/1994	    0.35	    0.33	    0.33	    0.33
01/17/1994	    0.35	    0.33	    0.35	    0.33
01/18/1994	    0.36	    0.36	    0.35	    0.33
01/19/1994	    0.38	    0.36	    0.36	    0.32
01/20/1994	    0.40	    0.36	    0.38	    0.32
01/21/1994	    0.42	    0.42	    0.40	    0.32
01/22/1994	    0.46	    0.42	    0.42	    0.32
01/23/1994	    0.51	    0.42	    0.46	    0.32
01/24/1994	    0.55	    0.55	    0.51	    0.32
01/25/1994	    0.59	    0.55	    0.55	    0.32
01/26/1994	    0.61	    0.55	    0.59	    0.32
01/27/1994	    0.60	    0.53	    0.57	    0.32
01/28/1994	    0.57	    0.53	    0.53	    0.32
01/29/1994	    0.53	    0.53	    0.50	    0.31
01/30/1994	    0.50	    0.46	    0.47	    0.31
01/31/1994	    0.47	    0.46	    0.46	    0.31
02/01/1994	    0.46	    0.46	    0.45	    0.31
02/02/1994	    0.45	    0.42	    0.43	    0.31
02/03/1994	    0.43	    0.42	    0.42	    0.31
02/04/1994	    0.42	    0.42	    0.41	    0.31
02/05/1994	    0.41	    0.37	    0.40	    0.31
02/06/1994	    0.40	    0.37	    0.37	    0.31
02/07/1994	    0.37	    0.37	    0.35	    0.31
02/08/1994	    0.35	    0.33	    0.34	    0.30
02/09/1994	    0.34	    0.33	    0.33	    0.30
02/10/1994	    0.33	    0.33	    0.32	    0.30
02/11/1994	    0.32	    0.31	    0.31	    0.30
02/12/1994	    0.31	    0.31	    0.31	    0.30
02/13/1994	    0.31	    0.31	    0.30	    0.30
02/14/1994	    0.30	    0.30	    0.30	    0.30
02/15/1994	    0.30	    0.30	    0.30	    0.30
02/16/1994	    0.32	    0.30	    0.30	    0.32
02/17/1994	    0.34	    0.34	    0.32	    0.34
02/18/1994	    0.77	    0.34	    0.34	    0.40
02/19/1994	 1580.00	    0.34	    0.77	    0.43
02/20/1994	   66.00	    0.64	    2.30	    0.48
02/21/1994	    2.30	    0.64	    0.64	    0.52
02/22/1994	    0.64	    0.64	    0.63	    0.58
02/23/1994	    0.63	    0.63	    0.63	    0.63
02/24/1994	    0.65	    0.63	    0.63	    0.64
02/25/1994	    0.66	    0.63	    0.65	    0.64
02/26/1994	    0.65	    0.65	    0.65	    0.65
02/27/1994	    0.66	    0.65	    0.65	    0.64
02/28/1994	    0.71	    0.65	    0.66	    0.62
03/01/1994	    0.77	    0.77	    0.71	    0.61
03/02/1994	    0.85	    0.77	    0.77	    0.60
03/03/1994	    1.27	    0.77	    0.85	    0.59
03/04/1994	  778.08	    9.59	    1.27	    0.58
03/05/1994	   93.86	    9.59	    9.59	    0.57
03/06/1994	    9.59	    9.59	    3.10	    0.55
03/07/1994	    3.10	    1.24	    1.66	    0.54
03/08/1994	    1.66	    1.24	    1.24	    0.53
03/09/1994	    1.24	    1.24	    1.00	    0.52
03/10/1994	    1.00	    0.87	    0.89	    0.51
03/11/1994	    0.89	    0.87	    0.87	    0.50
03/12/1994	    0.87	    0.87	    0.78	    0.49
03/13/1994	    0.78	    0.72	    0.73	    0.48
03/14/1994	    0.73	    0.72	    0.72	    0.47
03/15/1994	    0.72	    0.72	    0.63	    0.47
03/16/1994	    0.63	    0.51	    0.54	    0.46
03/17/1994	    0.54	    0.51	    0.51	    0.45
03/18/1994	    0.51	    0.51	    0.46	    0.44
03/19/1994	    0.46	    0.42	    0.42	    0.43
03/20/1994	    0.42	    0.42	    0.42	    0.42
03/21/1994	    0.87	    0.42	    0.39	    0.38
03/22/1994	    0.39	    0.30	    0.34	    0.34
03/23/1994	    0.34	    0.30	    0.30	    0.31
03/24/1994	    0.30	    0.30	    0.24	    0.28
03/25/1994	    0.24	    0.22	    0.23	    0.24
03/26/1994	    0.23	    0.22	    0.22	    0.23
03/27/1994	    0.22	    0.22	    0.20	    0.21
03/28/1994	    0.20	    0.15	    0.17	    0.19
03/29/1994	    0.17	    0.15	    0.15	    0.17
03/30/1994	    0.15	    0.15	    0.13	    0.15
03/31/1994	    0.13	    0.11	    0.12	    0.13
04/01/1994	    0.12	    0.11	    0.11	    0.12
04/02/1994	    0.11	    0.11	    0.10	    0.11
04/03/1994	    0.10	    0.09	    0.09	    0.10
04/04/1994	    0.09	    0.09	    0.09	    0.09
04/05/1994	    0.09	    0.09	    0.08	    0.08
04/06/1994	    0.08	    0.06	    0.07	    0.07
04/07/1994	    0.07	    0.06	    0.06	    0.07
04/08/1994	    0.06	    0.06	    0.06	    0.06
04/09/1994	    0.06	    0.04	    0.05	    0.05
04/10/1994	    0.05	    0.04	    0.04	    0.05
04/11/1994	    0.04	    0.04	    0.04	    0.04
04/12/1994	    0.41	    0.08	    0.04	    0.05
04/13/1994	    0.56	    0.08	    0.08	    0.07
04/14/1994	    0.08	    0.08	    0.08	    0.08
04/15/1994	    0.70	    0.10	    0.08	    0.09
04/16/1994	    0.10	    0.10	    0.10	    0.09
04/17/1994	    0.10	    0.10	    0.10	    0.10
04/18/1994	    0.11	    0.11	    0.10	    0.11
04/19/1994	    0.12	    0.11	    0.11	    0.12
04/20/1994	    0.12	    0.11	    0.12	    0.12
04/21/1994	    0.14	    0.14	    0.12	    0.14
04/22/1994	    0.15	    0.14	    0.14	    0.15
04/23/1994	    0.17	    0.14	    0.15	    0.17
04/24/1994	    0.21	    0.21	    0.17	    0.21
04/25/1994	    0.28	    0.21	    0.21	    0.28
04/26/1994	   12.00	    0.21	    0.28	    0.33
04/27/1994	    0.38	    0.38	    0.38	    0.38
04/28/1994	    0.38	    0.38	    0.38	    0.37
04/29/1994	    0.41	    0.38	    0.38	    0.36
04/30/1994	    0.45	    0.37	    0.41	    0.35
05/01/1994	    0.48	    0.37	    0.37	    0.34
05/02/1994	    0.37	    0.37	    0.33	    0.33
05/03/1994	    0.33	    0.31	    0.32	    0.32
05/04/1994	    0.32	    0.31	    0.31	    0.32
05/05/1994	    0.31	    0.31	    0.30	    0.31
05/06/1994	    0.30	    0.29	    0.30	    0.30
05/07/1994	    0.31	    0.29	    0.29	    0.29
05/08/1994	    0.29	    0.29	    0.26	    0.27
05/09/1994	    0.26	    0.22	    0.23	    0.26
05/10/1994	    0.23	    0.22	    0.22	    0.23
05/11/1994	    0.22	    0.22	    0.21	    0.22
05/12/1994	    0.21	    0.20	    0.20	    0.21
05/13/1994	    0.20	    0.20	    0.20	    0.20
05/14/1994	    0.20	    0.20	    0.20	    0.20
05/15/1994	    0.21	    0.17	    0.17	    0.19
05/16/1994	    0.17	    0.17	    0.17	    0.17
05/17/1994	    0.17	    0.17	    0.16	    0.17
05/18/1994	    0.16	    0.16	    0.16	    0.16
05/19/1994	    0.17	    0.16	    0.16	    0.17
05/20/1994	    0.20	    0.16	    0.17	    0.20
05/21/1994	    0.23	    0.23	    0.20	    0.23
05/22/1994	    0.26	    0.23	    0.23	    0.26
05/23/1994	    0.43	    0.23	    0.26	    0.38
05/24/1994	    0.61	    0.53	    0.43	    0.45
05/25/1994	    0.53	    0.53	    0.53	    0.53
05/26/1994	    0.62	    0.53	    0.53	    0.56
05/27/1994	    0.59	    0.59	    0.59	    0.59
05/28/1994	    0.62	    0.59	    0.59	    0.62
05/29/1994	    0.71	    0.59	    0.62	    0.67
05/30/1994	    0.83	    0.81	    0.71	    0.71
05/31/1994	    0.89	    0.81	    0.81	    0.76
06/01/1994	    0.81	    0.81	    0.81	    0.81
06/02/1994	    0.82	    0.77	    0.77	    0.79
06/03/1994	    0.77	    0.77	    0.77	    0.77
06/04/1994	    0.79	    0.77	    0.77	    0.77
06/05/1994	    0.79	    0.77	    0.77	    0.77
06/06/1994	    0.77	    0.77	    0.77	    0.77
06/07/1994	    0.85	    0.77	    0.77	    0.77
06/08/1994	    0.86	    0.76	    0.76	    0.76
06/09/1994	    0.76	    0.76	    0.76	    0.76
06/10/1994	    0.80	    0.76	    0.76	    0.78
06/11/1994	    0.90	    0.84	    0.80	    0.81
06/12/1994	    0.84	    0.84	    0.84	    0.84
06/13/1994	    1.06	    0.84	    0.84	    0.80
06/14/1994	    0.91	    0.69	    0.76	    0.77
06/15/1994	    0.76	    0.69	    0.69	    0.73
06/16/1994	    0.69	    0.69	    0.62	    0.69
06/17/1994	    0.62	    0.61	    0.62	    0.62
06/18/1994	    0.62	    0.61	    0.61	    0.62
06/19/1994	    0.61	    0.61	    0.61	    0.61
06/20/1994	    7.42	    0.68	    0.61	    0.63
06/21/1994	    1.11	    0.68	    0.68	    0.65
06/22/1994	    0.68	    0.68	    0.68	    0.68
06/23/1994	   78.22	    1.78	    0.68	    0.63
06/24/1994	   48.94	    1.78	    1.78	    0.59
06/25/1994	    1.78	    1.78	    0.99	    0.55
06/26/1994	    0.99	    0.40	    0.61	    0.52
06/27/1994	    0.61	    0.40	    0.40	    0.48
06/28/1994	    0.40	    0.40	    0.36	    0.40
06/29/1994	    0.36	    0.34	    0.34	    0.36
06/30/1994	    0.34	    0.34	    0.34	    0.34
07/01/1994	    0.34	    0.34	    0.33	    0.34
07/02/1994	    0.33	    0.32	    0.32	    0.33
07/03/1994	    0.32	    0.32	    0.32	    0.32
07/04/1994	   78.19	    0.32	    0.32	    0.48
07/05/1994	   17.56	    1.54	    2.37	    0.70
07/06/1994	    2.37	    1.54	    1.54	    1.04
07/07/1994	    1.54	    1.54	    1.54	    1.54
07/08/1994	   15.00	    0.62	    1.54	    1.10
07/09/1994	    2.20	    0.62	    0.62	    0.80
07/10/1994	    0.62	    0.62	    0.38	    0.57
07/11/1994	    0.38	    0.30	    0.30	    0.38
07/12/1994	    0.30	    0.30	    0.30	    0.30
07/13/1994	    0.55	    0.30	    0.30	    0.35
07/14/1994	  181.76	    4.19	    0.55	    0.40
07/15/1994	    8.46	    4.19	    4.19	    0.47
07/16/1994	    4.19	    4.19	    2.62	    0.55
07/17/1994	    2.62	    0.88	    1.47	    0.65
07/18/1994	    1.47	    0.88	    0.88	    0.76
07/19/1994	    0.88	    0.88	    0.88	    0.88
07/20/1994	   54.32	    0.98	    0.88	    0.75
07/21/1994	    1.78	    0.98	    0.98	    0.64
07/22/1994	    0.98	    0.98	    0.55	    0.55
07/23/1994	    0.55	    0.21	    0.33	    0.47
07/24/1994	    0.33	    0.21	    0.21	    0.33
07/25/1994	    0.21	    0.21	    0.19	    0.21
07/26/1994	    0.19	    0.18	    0.19	    0.19
07/27/1994	    0.19	    0.18	    0.18	    0.19
07/28/1994	    0.18	    0.18	    0.18	    0.18
07/29/1994	    0.18	    0.18	    0.18	    0.18
07/30/1994	    0.18	    0.18	    0.18	    0.18
07/31/1994	    0.18	    0.18	    0.18	    0.18
08/01/1994	    0.18	    0.18	    0.18	    0.18
08/02/1994	    0.66	    0.18	    0.18	    0.18
08/03/1994	    1.00	    0.18	    0.66	    0.18
08/04/1994	    1.90	    0.18	    0.20	    0.18
08/05/1994	    0.20	    0.18	    0.18	    0.18
08/06/1994	    0.18	    0.18	    0.18	    0.18
08/07/1994	    0.18	    0.16	    0.18	    0.17
08/08/1994	    0.18	    0.16	    0.16	    0.17
08/09/1994	    0.16	    0.16	    0.16	    0.16
08/10/1994	    0.99	    0.21	    0.16	    0.18
08/11/1994	    0.74	    0.21	    0.21	    0.19
08/12/1994	    0.21	    0.21	    0.21	    0.21
08/13/1994	    0.21	    0.19	    0.20	    0.20
08/14/1994	    0.20	    0.19	    0.19	    0.20
08/15/1994	    0.19	    0.19	    0.18	    0.19
08/16/1994	    0.18	    0.18	    0.18	    0.18
08/17/1994	    0.19	    0.18	    0.18	    0.19
08/18/1994	    0.99	    0.18	    0.19	    0.19
08/19/1994	    0.62	    0.24	    0.28	    0.19
08/20/1994	    0.28	    0.24	    0.24	    0.19
08/21/1994	    0.24	    0.24	    0.23	    0.19
08/22/1994	    0.23	    0.21	    0.23	    0.19
08/23/1994	    0.23	    0.21	    0.21	    0.19
08/24/1994	    0.21	    0.21	    0.19	    0.19
08/25/1994	    0.19	    0.19	    0.19	    0.19
08/26/1994	    0.51	    0.19	    0.19	    0.18
08/27/1994	    0.20	    0.19	    0.17	    0.17
08/28/1994	    0.17	    0.15	    0.15	    0.16
08/29/1994	    0.15	    0.15	    0.15	    0.15
08/30/1994	    0.16	    0.15	    0.15	    0.15
08/31/1994	    0.16	    0.14	    0.14	    0.15
09/01/1994	    0.14	    0.14	    0.14	    0.14
09/02/1994	    0.14	    0.14	    0.14	    0.14
09/03/1994	    0.55	    0.15	    0.14	    0.14
09/04/1994	    0.39	    0.15	    0.15	    0.13
09/05/1994	    0.15	    0.15	    0.14	    0.13
09/06/1994	    0.14	    0.13	    0.13	    0.13
09/07/1994	    0.13	    0.13	    0.13	    0.13
09/08/1994	    0.13	    0.13	    0.13	    0.12
09/09/1994	    0.15	    0.11	    0.12	    0.12
09/10/1994	    0.12	    0.11	    0.11	    0.11
09/11/1994	    0.11	    0.11	    0.11	    0.11
09/12/1994	    0.11	    0.11	    0.11	    0.11
09/13/1994	    0.11	    0.11	    0.11	    0.11
09/14/1994	    0.11	    0.11	    0.11	    0.11
09/15/1994	    0.12	    0.11	    0.11	    0.11
09/16/1994	    0.12	    0.11	    0.11	    0.11
09/17/1994	    0.11	    0.11	    0.11	    0.11
09/18/1994	    0.11	    0.11	    0.11	    0.11
09/19/1994	    0.12	    0.11	    0.11	    0.12
09/20/1994	    0.12	    0.11	    0.12	    0.12
09/21/1994	    0.12	    0.12	    0.12	    0.12
09/22/1994	    0.14	    0.12	    0.12	    0.12
09/23/1994	    0.14	    0.12	    0.14	    0.12
09/24/1994	    0.58	    0.58	    0.14	    0.13
09/25/1994	    4.50	    0.58	    0.58	    0.13
09/26/1994	    1.90	    0.58	    0.19	    0.13
09/27/1994	    0.19	    0.14	    0.16	    0.13
09/28/1994	    0.16	    0.14	    0.14	    0.13
09/29/1994	    0.14	    0.14	    0.14	    0.14
09/30/1994	    0.14	    0.14	    0.14	    0.14
10/01/1994	    0.20	    0.14	    0.14	    0.13
10/02/1994	    0.20	    0.14	    0.20	    0.13
10/03/1994	    0.21	    0.18	    0.20	    0.13
10/04/1994	    0.20	    0.18	    0.18	    0.13
10/05/1994	    0.18	    0.18	    0.17	    0.12
10/06/1994	    0.17	    0.16	    0.17	    0.12
10/07/1994	    0.17	    0.16	    0.16	    0.12
10/08/1994	    0.16	    0.16	    0.14	    0.12
10/09/1994	    0.14	    0.12	    0.13	    0.12
10/10/1994	    0.13	    0.12	    0.12	    0.11
10/11/1994	    0.12	    0.12	    0.11	    0.11
10/12/1994	    0.11	    0.11	    0.11	    0.11
10/13/1994	    0.11	    0.11	    0.11	    0.11
10/14/1994	    0.11	    0.11	    0.10	    0.10
10/15/1994	    0.10	    0.10	    0.10	    0.10
10/16/1994	    0.10	    0.10	    0.10	    0.09
10/17/1994	    0.10	    0.10	    0.09	    0.09
10/18/1994	    0.09	    0.08	    0.09	    0.09
10/19/1994	    0.09	    0.08	    0.08	    0.08
10/20/1994	    0.08	    0.08	    0.07	    0.08
10/21/1994	    0.07	    0.07	    0.07	    0.07
10/22/1994	    0.07	    0.07	    0.07	    0.07
10/23/1994	    0.07	    0.07	    0.07	    0.07
10/24/1994	    0.07	    0.06	    0.07	    0.07
10/25/1994	    0.07	    0.06	    0.06	    0.07
10/26/1994	    0.06	    0.06	    0.06	    0.06
10/27/1994	    0.06	    0.05	    0.06	    0.06
10/28/1994	    0.06	    0.05	    0.05	    0.06
10/29/1994	    0.05	    0.05	    0.05	    0.05
10/30/1994	    0.05	    0.05	    0.05	    0.05
10/31/1994	    0.05	    0.05	    0.05	    0.05
11/01/1994	    0.05	    0.05	    0.05	    0.05
11/02/1994	    0.05	    0.05	    0.05	    0.05
11/03/1994	    0.05	    0.05	    0.05	    0.05
11/04/1994	    0.05	    0.05	    0.05	    0.05
11/05/1994	    0.05	    0.05	    0.05	    0.05
11/06/1994	    0.05	    0.05	    0.05	    0.05
11/07/1994	    0.05	    0.05	    0.05	    0.05
11/08/1994	    0.05	    0.05	    0.05	    0.04
11/09/1994	    0.05	    0.05	    0.05	    0.04
11/10/1994	    0.05	    0.05	    0.04	    0.04
11/11/1994	    0.04	    0.04	    0.04	    0.04
11/12/1994	    0.04	    0.04	    0.04	    0.04
11/13/1994	    0.05	    0.04	    0.04	    0.05
11/14/1994	    0.07	    0.07	    0.05	    0.05
11/15/1994	    0.07	    0.07	    0.07	    0.05
11/16/1994	    0.07	    0.07	    0.07	    0.05
11/17/1994	    0.07	    0.06	    0.07	    0.06
11/18/1994	    0.07	    0.06	    0.06	    0.06
11/19/1994	    0.06	    0.06	    0.06	    0.06
11/20/1994	    0.29	    0.29	    0.06	    0.06
11/21/1994	    1.80	    0.29	    0.29	    0.07
11/22/1994	    0.38	    0.29	    0.09	    0.07
11/23/1994	    0.09	    0.08	    0.08	    0.07
11/24/1994	    0.08	    0.08	    0.08	    0.07
11/25/1994	    0.08	    0.08	    0.08	    0.07
11/26/1994	    0.08	    0.08	    0.08	    0.08
11/27/1994	    1.20	    0.08	    0.08	    0.08
11/28/1994	    1.20	    0.08	    0.10	    0.08
11/29/1994	    0.10	    0.09	    0.09	    0.08
11/30/1994	    0.09	    0.09	    0.09	    0.08
12/01/1994	    0.09	    0.09	    0.09	    0.09
12/02/1994	    0.09	    0.09	    0.09	    0.09
12/03/1994	    0.09	    0.09	    0.09	    0.09
12/04/1994	    0.09	    0.09	    0.09	    0.09
12/05/1994	    0.09	    0.08	    0.09	    0.09
12/06/1994	    0.09	    0.08	    0.08	    0.09
12/07/1994	    0.08	    0.08	    0.08	    0.08
12/08/1994	    0.08	    0.08	    0.08	    0.08
12/09/1994	    0.08	    0.08	    0.08	    0.08
12/10/1994	    0.08	    0.08	    0.08	    0.08
12/11/1994	    0.08	    0.08	    0.08	    0.08
12/12/1994	    0.08	    0.08	    0.08	    0.08
12/13/1994	    0.08	    0.08	    0.08	    0.08
12/14/1994	    0.08	    0.08	    0.08	    0.08
12/15/1994	    0.08	    0.08	    0.08	    0.08
12/16/1994	    0.08	    0.08	    0.08	    0.08
12/17/1994	    0.08	    0.08	    0.08	    0.08
12/18/1994	    0.08	    0.08	    0.08	    0.08
12/19/1994	    0.08	    0.08	    0.08	    0.07
12/20/1994	    0.08	    0.07	    0.07	    0.07
12/21/1994	    0.07	    0.07	    0.07	    0.07
12/22/1994	    0.07	    0.07	    0.06	    0.07
12/23/1994	    0.06	    0.06	    0.06	    0.06
12/24/1994	    0.06	    0.06	    0.06	    0.06
12/25/1994	    0.06	    0.06	    0.06	    0.06
12/26/1994	    0.06	    0.06	    0.06	    0.06
12/27/1994	    0.07	    0.06	    0.06	    0.06
12/28/1994	    0.08	    0.06	    0.07	    0.06
12/29/1994	    0.08	    0.06	    0.07	    0.06
12/30/1994	    0.07	    0.06	    0.06	    0.06
12/31/1994	    0.06	    0.06	    0.06	    0.06
01/01/1995	    0.06	    0.06	    0.06	    0.06
01/02/1995	    0.06	    0.06	    0.06	    0.06
01/03/1995	    0.06	    0.06	    0.06	    0.06
01/04/1995	    0.06	    0.06	    0.06	    0.06
01/05/1995	    0.06	    0.06	    0.06	    0.06
01/06/1995	    0.06	    0.06	    0.06	    0.06
01/07/1995	    0.06	    0.06	    0.06	    0.06
01/08/1995	    0.06	    0.06	    0.06	    0.06
01/09/1995	    0.06	    0.06	    0.06	    0.06
01/10/1995	    0.06	    0.06	    0.06	    0.06
01/11/1995	    0.06	    0.06	    0.06	    0.06
01/12/1995	    0.06	    0.06	    0.06	    0.06
01/13/1995	    0.06	    0.06	    0.06	    0.06
01/14/1995	    0.06	    0.06	    0.06	    0.06
01/15/1995	    0.06	    0.06	    0.06	    0.06
01/16/1995	    0.06	    0.06	    0.06	    0.06
01/17/1995	    0.11	    0.06	    0.06	    0.06
01/18/1995	    0.29	    0.06	    0.11	    0.06
01/19/1995	    0.12	    0.07	    0.07	    0.06
01/20/1995	    0.07	    0.07	    0.07	    0.06
01/21/1995	    0.07	    0.07	    0.06	    0.06
01/22/1995	    0.06	    0.06	    0.06	    0.06
01/23/1995	    0.06	    0.06	    0.06	    0.06
01/24/1995	    0.06	    0.06	    0.06	    0.06
01/25/1995	    0.06	    0.06	    0.06	    0.06
01/26/1995	    0.06	    0.06	    0.06	    0.06
01/27/1995	    0.06	    0.06	    0.06	    0.06
01/28/1995	    0.06	    0.06	    0.06	    0.06
01/29/1995	    0.06	    0.06	    0.06	    0.06
01/30/1995	    0.06	    0.06	    0.06	    0.06
01/31/1995	    0.06	    0.06	    0.06	    0.06
02/01/1995	    0.06	    0.06	    0.06	    0.06
02/02/1995	    0.06	    0.06	    0.06	    0.06
02/03/1995	    0.06	    0.06	    0.06	    0.06
02/04/1995	    0.06	    0.06	    0.06	    0.06
02/05/1995	    0.06	    0.06	    0.06	    0.06
02/06/1995	    0.06	    0.06	    0.06	    0.06
02/07/1995	    0.06	    0.06	    0.06	    0.06
02/08/1995	    0.06	    0.06	    0.06	    0.06
02/09/1995	    0.06	    0.06	    0.06	    0.06
02/10/1995	    0.06	    0.06	    0.06	    0.06
02/11/1995	    0.06	    0.06	    0.06	    0.06
02/12/1995	    0.06	    0.06	    0.06	    0.06
02/13/1995	    0.06	    0.06	    0.06	    0.06
02/14/1995	    0.06	    0.06	    0.06	    0.06
02/15/1995	    0.06	    0.06	    0.06	    0.06
02/16/1995	    0.06	    0.06	    0.06	    0.06
02/17/1995	    0.06	    0.06	    0.06	    0.06
02/18/1995	    0.06	    0.06	    0.06	    0.06
02/19/1995	    0.64	    0.06	    0.06	    0.06
02/20/1995	    3.70	    0.06	    0.64	    0.06
02/21/1995	    1.50	    0.64	    1.00	    0.06
02/22/1995	    1.00	    0.64	    0.64	    0.07
02/23/1995	    0.64	    0.64	    0.09	    0.07
02/24/1995	    0.09	    0.07	    0.08	    0.07
02/25/1995	    0.08	    0.07	    0.07	    0.07
02/26/1995	    0.07	    0.07	    0.07	    0.07
02/27/1995	    0.07	    0.07	    0.07	    0.07
02/28/1995	    0.07	    0.07	    0.07	    0.07
03/01/1995	    0.07	    0.07	    0.07	    0.07
03/02/1995	    0.07	    0.06	    0.06	    0.07
03/03/1995	    0.06	    0.06	    0.06	    0.06
03/04/1995	    0.06	    0.06	    0.06	    0.06
03/05/1995	    0.06	    0.06	    0.06	    0.06
03/06/1995	    0.06	    0.06	    0.06	    0.06
03/07/1995	    0.06	    0.06	    0.06	    0.06
03/08/1995	    0.06	    0.06	    0.06	    0.06
03/09/1995	    0.06	    0.06	    0.06	    0.06
03/10/1995	    0.07	    0.06	    0.06	    0.06
03/11/1995	    7.20	    0.05	    0.07	    0.06
03/12/1995	    0.90	    0.05	    0.05	    0.05
03/13/1995	    0.05	    0.05	    0.04	    0.05
03/14/1995	    0.04	    0.04	    0.04	    0.04
03/15/1995	    0.04	    0.04	    0.04	    0.04
03/16/1995	    0.04	    0.04	    0.04	    0.04
03/17/1995	    0.04	    0.04	    0.04	    0.04
03/18/1995	    0.04	    0.04	    0.04	    0.04
03/19/1995	    0.04	    0.04	    0.04	    0.04
03/20/1995	    0.36	    0.05	    0.04	    0.04
03/21/1995	    0.22	    0.05	    0.05	    0.04
03/22/1995	    0.05	    0.05	    0.05	    0.04
03/23/1995	    0.05	    0.04	    0.04	    0.04
03/24/1995	    0.04	    0.04	    0.04	    0.04
03/25/1995	    0.04	    0.04	    0.04	    0.04
03/26/1995	    0.04	    0.04	    0.04	    0.04
03/27/1995	    0.18	    0.04	    0.04	    0.04
03/28/1995	    0.18	    0.04	    0.06	    0.04
03/29/1995	    0.06	    0.05	    0.05	    0.04
03/30/1995	    0.05	    0.05	    0.05	    0.04
03/31/1995	    0.05	    0.05	    0.04	    0.04
04/01/1995	    0.04	    0.04	    0.04	    0.04
04/02/1995	    0.04	    0.04	    0.04	    0.03
04/03/1995	    0.04	    0.04	    0.03	    0.03
04/04/1995	    0.03	    0.03	    0.03	    0.03
04/05/1995	    0.03	    0.03	    0.03	    0.03
04/06/1995	    0.04	    0.03	    0.03	    0.04
04/07/1995	    0.04	    0.04	    0.04	    0.04
04/08/1995	    0.10	    0.04	    0.04	    0.04
04/09/1995	    0.05	    0.04	    0.05	    0.05
04/10/1995	    0.15	    0.15	    0.05	    0.05
04/11/1995	    9.90	    0.15	    0.15	    0.05
04/12/1995	    7.30	    0.15	    0.33	    0.05
04/13/1995	    0.33	    0.07	    0.08	    0.05
04/14/1995	    0.08	    0.07	    0.07	    0.05
04/15/1995	    0.07	    0.07	    0.06	    0.06
04/16/1995	    0.06	    0.06	    0.06	    0.06
04/17/1995	    0.06	    0.06	    0.06	    0.06
04/18/1995	   11.70	    0.06	    0.06	    0.10
04/19/1995	    2.83	    0.24	    0.24	    0.15
04/20/1995	    0.24	    0.24	    0.24	    0.24
04/21/1995	    1.48	    0.24	    0.09	    0.18
04/22/1995	    0.09	    0.07	    0.07	    0.09
04/23/1995	    0.07	    0.07	    0.07	    0.07
04/24/1995	    0.07	    0.07	    0.06	    0.07
04/25/1995	    0.06	    0.06	    0.06	    0.06
04/26/1995	    0.14	    0.06	    0.06	    0.06
04/27/1995	    1.04	    0.06	    0.07	    0.06
04/28/1995	    0.07	    0.06	    0.06	    0.06
04/29/1995	    0.06	    0.06	    0.06	    0.06
04/30/1995	    0.07	    0.06	    0.06	    0.06
05/01/1995	    0.06	    0.05	    0.06	    0.06
05/02/1995	    0.06	    0.05	    0.05	    0.06
05/03/1995	    0.05	    0.05	    0.05	    0.05
05/04/1995	    0.05	    0.05	    0.05	    0.05
05/05/1995	    0.05	    0.05	    0.05	    0.05
05/06/1995	    0.05	    0.05	    0.05	    0.05
05/07/1995	    0.05	    0.05	    0.05	    0.05
05/08/1995	    6.85	    0.05	    0.05	    0.09
05/09/1995	   33.72	    0.05	    6.85	    0.16
05/10/1995	   47.08	    0.97	    1.20	    0.29
05/11/1995	    1.20	    0.97	    0.97	    0.53
05/12/1995	    0.97	    0.97	    0.97	    0.97
05/13/1995	   14.15	    0.89	    0.97	    0.89
05/14/1995	    1.31	    0.89	    0.89	    0.82
05/15/1995	    0.89	    0.89	    0.82	    0.76
05/16/1995	    0.82	    0.63	    0.74	    0.70
05/17/1995	    0.74	    0.63	    0.63	    0.65
05/18/1995	    0.63	    0.63	    0.56	    0.60
05/19/1995	    0.56	    0.46	    0.50	    0.55
05/20/1995	    0.50	    0.46	    0.46	    0.50
05/21/1995	    0.46	    0.46	    0.43	    0.46
05/22/1995	    0.43	    0.43	    0.43	    0.43
05/23/1995	    0.44	    0.43	    0.43	    0.41
05/24/1995	    0.43	    0.43	    0.38	    0.39
05/25/1995	    0.38	    0.35	    0.35	    0.37
05/26/1995	    0.35	    0.35	    0.35	    0.35
05/27/1995	    1.52	    0.35	    0.35	    0.34
05/28/1995	    1.70	    0.39	    0.46	    0.33
05/29/1995	    0.46	    0.39	    0.39	    0.33
05/30/1995	    0.39	    0.39	    0.36	    0.32
05/31/1995	    0.36	    0.34	    0.35	    0.32
06/01/1995	    0.35	    0.34	    0.34	    0.31
06/02/1995	    0.34	    0.34	    0.34	    0.31
06/03/1995	    0.34	    0.29	    0.30	    0.30
06/04/1995	    0.30	    0.29	    0.29	    0.30
06/05/1995	    0.29	    0.29	    0.29	    0.29
06/06/1995	    0.33	    0.28	    0.29	    0.28
06/07/1995	    0.32	    0.28	    0.28	    0.27
06/08/1995	    0.28	    0.28	    0.26	    0.26
06/09/1995	    0.26	    0.25	    0.25	    0.25
06/10/1995	    0.25	    0.25	    0.25	    0.24
06/11/1995	    0.25	    0.25	    0.23	    0.23
06/12/1995	    0.23	    0.21	    0.22	    0.22
06/13/1995	    0.22	    0.21	    0.21	    0.21
06/14/1995	    0.21	    0.21	    0.20	    0.20
06/15/1995	    0.20	    0.20	    0.20	    0.20
06/16/1995	    0.20	    0.20	    0.20	    0.19
06/17/1995	    0.20	    0.20	    0.20	    0.19
06/18/1995	    0.20	    0.18	    0.19	    0.19
06/19/1995	    0.19	    0.18	    0.18	    0.18
06/20/1995	    0.18	    0.18	    0.18	    0.18
06/21/1995	    0.19	    0.17	    0.17	    0.18
06/22/1995	    0.17	    0.17	    0.17	    0.17
06/23/1995	    0.18	    0.17	    0.17	    0.18
06/24/1995	    0.30	    0.30	    0.18	    0.18
06/25/1995	    1.30	    0.30	    0.30	    0.19
06/26/1995	    1.70	    0.30	    1.30	    0.19
06/27/1995	    1.70	    0.42	    0.51	    0.20
06/28/1995	    0.51	    0.42	    0.42	    0.21
06/29/1995	    0.42	    0.42	    0.34	    0.21
06/30/1995	    0.34	    0.26	    0.30	    0.22
07/01/1995	    0.30	    0.26	    0.26	    0.23
07/02/1995	    0.26	    0.26	    0.25	    0.23
07/03/1995	    0.25	    0.25	    0.25	    0.24
07/04/1995	    0.25	    0.25	    0.25	    0.25
07/05/1995	    0.72	    0.25	    0.20	    0.22
07/06/1995	    0.20	    0.13	    0.14	    0.19
07/07/1995	    0.14	    0.13	    0.13	    0.14
07/08/1995	    0.13	    0.13	    0.12	    0.13
07/09/1995	    0.12	    0.10	    0.10	    0.12
07/10/1995	    0.10	    0.10	    0.10	    0.10
07/11/1995	    0.10	    0.10	    0.09	    0.10
07/12/1995	    0.09	    0.09	    0.09	    0.09
07/13/1995	    0.09	    0.09	    0.09	    0.09
07/14/1995	    0.09	    0.09	    0.09	    0.09
07/15/1995	    0.10	    0.10	    0.09	    0.09
07/16/1995	    0.11	    0.10	    0.10	    0.09
07/17/1995	    0.10	    0.10	    0.09	    0.09
07/18/1995	    0.09	    0.09	    0.09	    0.09
07/19/1995	    0.09	    0.09	    0.09	    0.09
07/20/1995	    0.09	    0.09	    0.09	    0.09
07/21/1995	    0.09	    0.09	    0.09	    0.08
07/22/1995	    0.09	    0.09	    0.09	    0.08
07/23/1995	    0.09	    0.09	    0.08	    0.08
07/24/1995	    0.08	    0.08	    0.08	    0.08
07/25/1995	    0.08	    0.08	    0.08	    0.08
07/26/1995	    0.08	    0.08	    0.08	    0.08
07/27/1995	   10.22	    0.11	    0.08	    0.08
07/28/1995	    5.14	    0.11	    0.11	    0.08
07/29/1995	    0.11	    0.11	    0.09	    0.08
07/30/1995	    0.09	    0.09	    0.09	    0.09
07/31/1995	    0.09	    0.09	    0.09	    0.09
08/01/1995	    0.09	    0.09	    0.09	    0.09
08/02/1995	    0.09	    0.09	    0.09	    0.09
08/03/1995	    0.10	    0.09	    0.09	    0.09
08/04/1995	    0.10	    0.09	    0.09	    0.09
08/05/1995	    0.09	    0.09	    0.09	    0.09
08/06/1995	   23.70	    0.09	    0.09	    0.13
08/07/1995	   88.27	    0.09	    1.38	    0.18
08/08/1995	    1.38	    0.35	    0.35	    0.25
08/09/1995	    0.35	    0.35	    0.35	    0.35
08/10/1995	    0.37	    0.35	    0.35	    0.32
08/11/1995	    0.37	    0.22	    0.26	    0.29
08/12/1995	    0.26	    0.22	    0.22	    0.26
08/13/1995	    0.22	    0.22	    0.20	    0.22
08/14/1995	    0.20	    0.17	    0.18	    0.20
08/15/1995	    0.18	    0.17	    0.17	    0.18
08/16/1995	    0.17	    0.17	    0.17	    0.17
08/17/1995	    0.18	    0.15	    0.17	    0.16
08/18/1995	    0.17	    0.15	    0.15	    0.16
08/19/1995	    0.15	    0.15	    0.14	    0.15
08/20/1995	    0.14	    0.13	    0.13	    0.14
08/21/1995	    0.13	    0.13	    0.13	    0.13
08/22/1995	    0.14	    0.13	    0.13	    0.13
08/23/1995	    0.14	    0.13	    0.13	    0.13
08/24/1995	    0.13	    0.13	    0.13	    0.13
08/25/1995	    0.13	    0.13	    0.13	    0.13
08/26/1995	    0.13	    0.13	    0.13	    0.13
08/27/1995	    0.13	    0.13	    0.13	    0.13
08/28/1995	    0.59	    0.13	    0.13	    0.13
08/29/1995	    3.10	    0.16	    0.26	    0.13
08/30/1995	    0.26	    0.16	    0.16	    0.14
08/31/1995	    0.16	    0.16	    0.14	    0.14
09/01/1995	    0.14	    0.14	    0.14	    0.14
09/02/1995	    0.15	    0.14	    0.14	    0.14
09/03/1995	    0.16	    0.14	    0.15	    0.14
09/04/1995	    0.15	    0.14	    0.14	    0.14
09/05/1995	    0.14	    0.14	    0.14	    0.14
09/06/1995	    0.16	    0.14	    0.14	    0.14
09/07/1995	    0.36	    0.17	    0.16	    0.15
09/08/1995	    0.18	    0.17	    0.17	    0.16
09/09/1995	    0.17	    0.17	    0.17	    0.16
09/10/1995	    0.17	    0.17	    0.17	    0.17
09/11/1995	    0.17	    0.17	    0.17	    0.17
09/12/1995	    0.17	    0.17	    0.17	    0.17
09/13/1995	    0.17	    0.16	    0.16	    0.16
09/14/1995	    0.16	    0.16	    0.16	    0.16
09/15/1995	    0.16	    0.16	    0.16	    0.16
09/16/1995	    0.20	    0.20	    0.16	    0.17
09/17/1995	    0.22	    0.20	    0.20	    0.18
09/18/1995	    0.22	    0.20	    0.22	    0.18
09/19/1995	    0.39	    0.30	    0.22	    0.19
09/20/1995	    0.54	    0.30	    0.30	    0.20
09/21/1995	    0.30	    0.30	    0.25	    0.20
09/22/1995	    0.25	    0.22	    0.23	    0.21
09/23/1995	    0.23	    0.22	    0.22	    0.21
09/24/1995	    0.22	    0.22	    0.22	    0.22
09/25/1995	    0.23	    0.21	    0.22	    0.22
09/26/1995	    0.24	    0.21	    0.21	    0.21
09/27/1995	    0.21	    0.21	    0.20	    0.21
09/28/1995	    0.20	    0.20	    0.20	    0.20
09/29/1995	    0.21	    0.20	    0.20	    0.20
09/30/1995	    0.25	    0.20	    0.21	    0.20
