DV_date	QTOT	QGW_fixed	QGW_slide	QGW_locmin
10D	12N	12N	12N	12N
10/01/1991	    3.10	    3.10	    3.10	    0.00
10/02/1991	    3.20	    3.10	    3.10	    0.00
10/03/1991	    3.20	    3.10	    3.20	    3.20
10/04/1991	    4.90	    4.90	    3.20	    3.17
10/05/1991	    6.80	    4.90	    4.90	    3.14
10/06/1991	    5.30	    4.90	    3.60	    3.11
10/07/1991	    3.60	    3.20	    3.30	    3.08
10/08/1991	    3.30	    3.20	    3.20	    3.06
10/09/1991	    3.20	    3.20	    3.00	    3.03
10/10/1991	    3.00	    3.00	    3.00	    3.00
10/11/1991	    3.10	    3.00	    3.00	    2.97
10/12/1991	    3.00	    3.00	    2.90	    2.93
10/13/1991	    2.90	    2.90	    2.90	    2.90
10/14/1991	    3.00	    2.90	    2.90	    2.86
10/15/1991	    3.10	    2.90	    2.90	    2.82
10/16/1991	    2.90	    2.70	    2.80	    2.78
10/17/1991	    2.80	    2.70	    2.70	    2.74
10/18/1991	    2.70	    2.70	    2.70	    2.70
10/19/1991	    2.70	    2.70	    2.70	    2.70
10/20/1991	    2.70	    2.70	    2.70	    2.70
10/21/1991	    2.80	    2.70	    2.70	    2.75
10/22/1991	    2.80	    2.80	    2.80	    2.80
10/23/1991	    2.80	    2.80	    2.80	    2.80
10/24/1991	    3.80	    2.80	    2.80	    2.91
10/25/1991	    5.80	    4.50	    3.80	    3.03
10/26/1991	    5.20	    4.50	    4.50	    3.15
10/27/1991	    4.50	    4.50	    3.40	    3.27
10/28/1991	    3.40	    3.10	    3.40	    3.40
10/29/1991	    4.20	    3.10	    3.10	    3.19
10/30/1991	    3.10	    3.10	    2.80	    2.99
10/31/1991	    2.80	    2.80	    2.80	    2.80
11/01/1991	   13.00	    2.80	    2.80	    2.82
11/02/1991	    7.80	    2.80	    4.30	    2.84
11/03/1991	    4.30	    2.90	    3.00	    2.86
11/04/1991	    3.00	    2.90	    2.90	    2.88
11/05/1991	    2.90	    2.90	    2.90	    2.90
11/06/1991	    2.90	    2.80	    2.90	    2.90
11/07/1991	    2.90	    2.80	    2.80	    2.85
11/08/1991	    2.80	    2.80	    2.80	    2.80
11/09/1991	    2.80	    2.80	    2.80	    2.80
11/10/1991	    2.80	    2.80	    2.80	    2.80
11/11/1991	    2.80	    2.80	    2.80	    2.80
11/12/1991	    2.90	    2.90	    2.80	    2.90
11/13/1991	    3.10	    2.90	    2.90	    3.10
11/14/1991	    3.80	    2.90	    3.10	    3.42
11/15/1991	    4.90	    3.90	    3.80	    3.65
11/16/1991	    3.90	    3.90	    3.90	    3.90
11/17/1991	    3.90	    3.90	    3.90	    3.90
11/18/1991	    9.90	    4.90	    3.90	    3.96
11/19/1991	    6.20	    4.90	    4.90	    4.02
11/20/1991	    4.90	    4.90	    4.40	    4.08
11/21/1991	    4.40	    4.20	    4.20	    4.14
11/22/1991	    4.20	    4.20	    4.20	    4.20
11/23/1991	    5.00	    4.20	    4.20	    4.32
11/24/1991	    5.20	    4.70	    4.80	    4.44
11/25/1991	    4.80	    4.70	    4.70	    4.57
11/26/1991	    4.70	    4.70	    4.70	    4.70
11/27/1991	    4.70	    4.70	    4.70	    4.70
11/28/1991	    5.00	    4.70	    4.70	    4.77
11/29/1991	    6.80	    4.70	    5.00	    4.84
11/30/1991	   18.00	    9.00	    6.80	    4.91
12/01/1991	   17.00	    9.00	    9.00	    4.98
12/02/1991	    9.00	    9.00	    6.60	    5.05
12/03/1991	    6.60	    5.20	    5.20	    5.13
12/04/1991	    5.20	    5.20	    5.20	    5.20
12/05/1991	    5.20	    5.20	    5.20	    5.20
12/06/1991	    5.40	    5.40	    5.20	    5.24
12/07/1991	    6.00	    5.40	    5.40	    5.28
12/08/1991	    7.40	    5.40	    6.00	    5.32
12/09/1991	    6.20	    5.40	    5.40	    5.36
12/10/1991	    5.40	    5.40	    5.40	    5.40
12/11/1991	    5.40	    5.40	    5.40	    5.40
12/12/1991	   12.00	    5.60	    5.40	    5.24
12/13/1991	    9.30	    5.60	    5.60	    5.08
12/14/1991	    5.60	    5.60	    5.20	    4.93
12/15/1991	    5.20	    4.50	    4.80	    4.78
12/16/1991	    4.80	    4.50	    4.50	    4.64
12/17/1991	    4.50	    4.50	    4.50	    4.50
12/18/1991	    4.50	    4.00	    4.20	    4.33
12/19/1991	    4.20	    4.00	    4.00	    4.16
12/20/1991	    4.00	    4.00	    3.80	    4.00
12/21/1991	    3.80	    3.70	    3.70	    3.80
12/22/1991	    3.70	    3.70	    3.70	    3.70
12/23/1991	    3.70	    3.70	    3.70	    3.70
12/24/1991	    3.70	    3.60	    3.60	    3.65
12/25/1991	    3.60	    3.60	    3.60	    3.60
12/26/1991	    3.60	    3.60	    3.60	    3.60
12/27/1991	    3.70	    3.70	    3.60	    3.58
12/28/1991	    3.80	    3.70	    3.70	    3.56
12/29/1991	    3.80	    3.70	    3.60	    3.54
12/30/1991	    3.60	    3.50	    3.50	    3.52
12/31/1991	    3.50	    3.50	    3.50	    3.50
01/01/1992	    3.50	    3.50	    3.50	    3.50
01/02/1992	    3.50	    3.50	    3.50	    3.50
01/03/1992	    3.60	    3.50	    3.50	    3.57
01/04/1992	    3.70	    3.50	    3.60	    3.63
01/05/1992	    3.70	    3.70	    3.70	    3.70
01/06/1992	    3.70	    3.70	    3.70	    3.70
01/07/1992	    3.70	    3.70	    3.70	    3.70
01/08/1992	   10.00	    5.90	    3.70	    4.07
01/09/1992	   12.00	    5.90	    5.90	    4.47
01/10/1992	    5.90	    5.90	    5.40	    4.91
01/11/1992	    5.40	    5.40	    5.40	    5.40
01/12/1992	   11.00	    5.40	    5.40	    5.20
01/13/1992	    9.60	    5.40	    6.00	    5.01
01/14/1992	    6.00	    4.50	    5.40	    4.83
01/15/1992	    5.40	    4.50	    4.50	    4.65
01/16/1992	    4.50	    4.50	    4.30	    4.48
01/17/1992	    4.30	    4.00	    4.10	    4.30
01/18/1992	    4.10	    4.00	    4.00	    4.10
01/19/1992	    4.00	    4.00	    4.00	    4.00
01/20/1992	    4.00	    4.00	    4.00	    4.00
01/21/1992	    4.50	    4.00	    4.00	    3.98
01/22/1992	   14.00	    4.00	    4.50	    3.95
01/23/1992	   30.00	    7.00	   14.00	    3.93
01/24/1992	   15.00	    7.00	    7.00	    3.91
01/25/1992	    7.00	    7.00	    4.50	    3.89
01/26/1992	    4.50	    4.00	    4.30	    3.87
01/27/1992	    4.30	    4.00	    4.00	    3.84
01/28/1992	    4.00	    4.00	    3.80	    3.82
01/29/1992	    3.80	    3.80	    3.80	    3.80
01/30/1992	    3.80	    3.80	    3.80	    3.80
01/31/1992	    4.00	    3.80	    3.80	    3.76
02/01/1992	    6.40	    6.40	    4.00	    3.73
02/02/1992	   12.00	    6.40	    6.40	    3.69
02/03/1992	   18.00	    6.40	    8.00	    3.66
02/04/1992	    8.00	    4.70	    5.20	    3.63
02/05/1992	    5.20	    4.70	    4.70	    3.59
02/06/1992	    4.70	    4.70	    4.30	    3.56
02/07/1992	    4.30	    3.90	    4.10	    3.52
02/08/1992	    4.10	    3.90	    3.90	    3.49
02/09/1992	    3.90	    3.90	    3.70	    3.46
02/10/1992	    3.70	    3.50	    3.60	    3.43
02/11/1992	    3.60	    3.50	    3.50	    3.39
02/12/1992	    3.50	    3.50	    3.40	    3.36
02/13/1992	    3.40	    3.30	    3.30	    3.33
02/14/1992	    3.30	    3.30	    3.30	    3.30
02/15/1992	    3.40	    3.30	    3.30	    3.35
02/16/1992	    3.40	    3.40	    3.40	    3.40
02/17/1992	    3.80	    3.40	    3.40	    3.80
02/18/1992	    6.50	    3.40	    3.80	    6.50
02/19/1992	    7.30	    7.30	    6.50	    7.30
02/20/1992	   44.00	    7.30	    7.30	   17.31
02/21/1992	   26.00	    7.30	   26.00	   26.00
02/22/1992	   36.00	   31.00	   26.00	   28.39
02/23/1992	   31.00	   31.00	   31.00	   31.00
02/24/1992	   33.00	   31.00	   14.00	   24.15
02/25/1992	   14.00	    7.10	    7.20	   14.00
02/26/1992	    7.20	    7.10	    7.10	    7.20
02/27/1992	    7.10	    7.10	    6.60	    7.10
02/28/1992	    6.60	    5.40	    5.50	    6.60
02/29/1992	    5.50	    5.40	    5.40	    5.50
03/01/1992	    5.40	    5.40	    5.40	    5.40
03/02/1992	    5.60	    5.50	    5.40	    5.45
03/03/1992	    5.50	    5.50	    5.50	    5.50
03/04/1992	    5.50	    5.50	    5.50	    5.50
03/05/1992	    5.60	    5.60	    5.50	    5.57
03/06/1992	    5.80	    5.60	    5.60	    5.65
03/07/1992	    5.90	    5.60	    5.80	    5.72
03/08/1992	    5.80	    5.60	    5.80	    5.80
03/09/1992	    7.50	    5.60	    5.60	    5.63
03/10/1992	    5.60	    5.60	    5.40	    5.47
03/11/1992	    5.40	    5.00	    5.20	    5.31
03/12/1992	    5.20	    5.00	    5.00	    5.15
03/13/1992	    5.00	    5.00	    5.00	    5.00
03/14/1992	    5.00	    4.50	    4.70	    4.83
03/15/1992	    4.70	    4.50	    4.50	    4.66
03/16/1992	    4.50	    4.50	    4.50	    4.50
03/17/1992	    4.50	    4.40	    4.50	    4.50
03/18/1992	    4.50	    4.40	    4.40	    4.43
03/19/1992	    4.40	    4.40	    4.30	    4.37
03/20/1992	    4.30	    4.30	    4.30	    4.30
03/21/1992	    4.30	    4.30	    4.30	    4.30
03/22/1992	    5.00	    4.30	    4.30	    4.26
03/23/1992	    5.20	    4.50	    5.00	    4.21
03/24/1992	    5.00	    4.50	    4.50	    4.17
03/25/1992	    4.50	    4.50	    4.30	    4.13
03/26/1992	    4.30	    4.00	    4.10	    4.08
03/27/1992	    4.10	    4.00	    4.00	    4.04
03/28/1992	    4.00	    4.00	    4.00	    4.00
03/29/1992	    4.50	    4.40	    4.00	    3.98
03/30/1992	    4.60	    4.40	    4.40	    3.97
03/31/1992	    4.40	    4.40	    4.30	    3.95
04/01/1992	    4.30	    3.90	    4.00	    3.93
04/02/1992	    4.00	    3.90	    3.90	    3.92
04/03/1992	    3.90	    3.90	    3.90	    3.90
04/04/1992	    4.00	    3.70	    3.80	    3.83
04/05/1992	    3.80	    3.70	    3.70	    3.77
04/06/1992	    3.70	    3.70	    3.70	    3.70
04/07/1992	    3.90	    3.80	    3.70	    3.75
04/08/1992	    3.80	    3.80	    3.80	    3.80
04/09/1992	    4.50	    3.80	    3.80	    3.82
04/10/1992	    4.50	    4.00	    4.40	    3.84
04/11/1992	    4.40	    4.00	    4.00	    3.86
04/12/1992	    4.00	    4.00	    3.90	    3.88
04/13/1992	    3.90	    3.90	    3.90	    3.90
04/14/1992	    4.20	    3.90	    3.90	    4.16
04/15/1992	    6.10	    3.90	    4.20	    4.44
04/16/1992	    8.60	    5.40	    5.80	    4.74
04/17/1992	    5.80	    5.40	    5.40	    5.06
04/18/1992	    5.40	    5.40	    5.40	    5.40
04/19/1992	    8.10	    8.10	    5.40	    5.28
04/20/1992	   15.00	    8.10	    8.10	    5.17
04/21/1992	   14.00	    8.10	    8.60	    5.06
04/22/1992	    8.60	    7.10	    7.50	    4.95
04/23/1992	    7.50	    7.10	    7.10	    4.84
04/24/1992	    7.10	    7.10	    6.50	    4.73
04/25/1992	    6.50	    5.80	    6.20	    4.63
04/26/1992	    6.20	    5.80	    5.80	    4.53
04/27/1992	    5.80	    5.80	    5.40	    4.43
04/28/1992	    5.40	    5.10	    5.30	    4.34
04/29/1992	    5.30	    5.10	    5.10	    4.24
04/30/1992	    5.10	    5.10	    4.80	    4.15
05/01/1992	    4.80	    4.00	    4.50	    4.06
05/02/1992	    4.50	    4.00	    4.00	    3.97
05/03/1992	    4.00	    4.00	    3.80	    3.88
05/04/1992	    3.80	    3.70	    3.80	    3.80
05/05/1992	    3.80	    3.70	    3.70	    3.69
05/06/1992	    3.70	    3.70	    3.50	    3.59
05/07/1992	    3.50	    3.30	    3.40	    3.49
05/08/1992	    3.40	    3.30	    3.30	    3.39
05/09/1992	    3.30	    3.30	    3.30	    3.30
05/10/1992	    3.30	    3.30	    3.30	    3.30
05/11/1992	    3.40	    3.30	    3.30	    3.22
05/12/1992	    3.40	    3.30	    3.20	    3.15
05/13/1992	    3.20	    3.00	    3.00	    3.07
05/14/1992	    3.00	    3.00	    3.00	    3.00
05/15/1992	    3.20	    3.00	    2.90	    2.95
05/16/1992	    2.90	    2.90	    2.90	    2.90
05/17/1992	    3.60	    2.90	    2.90	    2.77
05/18/1992	    3.10	    2.90	    2.60	    2.64
05/19/1992	    2.60	    2.40	    2.40	    2.52
05/20/1992	    2.40	    2.40	    2.40	    2.40
05/21/1992	    2.50	    2.40	    2.40	    2.36
05/22/1992	    2.70	    2.30	    2.50	    2.32
05/23/1992	    2.70	    2.30	    2.30	    2.28
05/24/1992	    2.30	    2.30	    2.20	    2.24
05/25/1992	    2.20	    2.20	    2.20	    2.20
05/26/1992	    2.30	    2.20	    2.20	    2.17
05/27/1992	    2.30	    2.20	    2.10	    2.13
05/28/1992	    2.10	    2.10	    2.10	    2.10
05/29/1992	    2.10	    2.10	    2.10	    2.10
05/30/1992	    2.10	    2.10	    2.10	    2.10
05/31/1992	    2.10	    2.10	    2.10	    2.10
06/01/1992	    2.10	    2.10	    2.10	    2.10
06/02/1992	    2.20	    2.10	    2.10	    2.19
06/03/1992	    2.40	    2.40	    2.20	    2.28
06/04/1992	    2.50	    2.40	    2.40	    2.38
06/05/1992	    2.70	    2.40	    2.50	    2.48
06/06/1992	    3.00	    2.80	    2.70	    2.58
06/07/1992	    3.10	    2.80	    2.80	    2.69
06/08/1992	    2.80	    2.80	    2.80	    2.80
06/09/1992	    3.00	    3.00	    2.80	    2.80
06/10/1992	    3.20	    3.00	    3.00	    2.80
06/11/1992	    3.20	    3.00	    3.10	    2.80
06/12/1992	    3.10	    2.80	    2.80	    2.80
06/13/1992	    2.80	    2.80	    2.80	    2.80
06/14/1992	    2.80	    2.80	    2.70	    2.75
06/15/1992	    2.70	    2.70	    2.70	    2.70
06/16/1992	    3.30	    2.70	    2.70	    2.75
06/17/1992	    3.10	    2.70	    3.00	    2.80
06/18/1992	    3.00	    2.90	    2.90	    2.85
06/19/1992	    2.90	    2.90	    2.90	    2.90
06/20/1992	    3.20	    2.90	    2.90	    3.00
06/21/1992	    3.10	    3.10	    3.10	    3.10
06/22/1992	    3.10	    3.10	    3.10	    3.10
06/23/1992	    3.40	    3.10	    3.10	    3.18
06/24/1992	    3.90	    3.60	    3.40	    3.25
06/25/1992	    3.80	    3.60	    3.60	    3.33
06/26/1992	    3.60	    3.60	    3.50	    3.42
06/27/1992	    3.50	    3.50	    3.50	    3.50
06/28/1992	    3.50	    3.50	    3.50	    3.50
06/29/1992	    3.70	    3.50	    3.50	    3.55
06/30/1992	    3.60	    3.60	    3.60	    3.60
07/01/1992	    3.60	    3.60	    3.60	    3.60
07/02/1992	    4.50	    3.60	    3.60	    3.54
07/03/1992	    4.00	    3.40	    3.60	    3.48
07/04/1992	    3.60	    3.40	    3.40	    3.42
07/05/1992	    3.40	    3.40	    3.30	    3.36
07/06/1992	    3.30	    3.30	    3.30	    3.30
07/07/1992	    4.60	    3.30	    3.30	    3.34
07/08/1992	    5.30	    3.30	    4.60	    3.38
07/09/1992	    4.60	    3.50	    4.00	    3.42
07/10/1992	    4.00	    3.50	    3.50	    3.46
07/11/1992	    3.50	    3.50	    3.50	    3.50
07/12/1992	    5.80	    5.80	    3.50	    3.42
07/13/1992	    8.00	    5.80	    5.80	    3.35
07/14/1992	    7.40	    5.80	    4.80	    3.28
07/15/1992	    4.80	    3.40	    3.80	    3.20
07/16/1992	    3.80	    3.40	    3.40	    3.14
07/17/1992	    3.40	    3.40	    3.00	    3.07
07/18/1992	    3.00	    2.90	    3.00	    3.00
07/19/1992	    3.00	    2.90	    2.90	    2.86
07/20/1992	    2.90	    2.90	    2.60	    2.73
07/21/1992	    2.60	    2.60	    2.60	    2.60
07/22/1992	    3.00	    2.60	    2.60	    2.76
07/23/1992	    3.30	    2.60	    3.00	    2.92
07/24/1992	    3.10	    3.10	    3.10	    3.10
07/25/1992	    3.50	    3.10	    3.10	    2.95
07/26/1992	    3.40	    3.10	    2.90	    2.80
07/27/1992	    2.90	    2.40	    2.50	    2.66
07/28/1992	    2.50	    2.40	    2.40	    2.50
07/29/1992	    2.40	    2.40	    2.40	    2.40
07/30/1992	    4.20	    3.20	    2.40	    2.36
07/31/1992	    5.10	    3.20	    3.20	    2.32
08/01/1992	    3.20	    3.20	    2.50	    2.28
08/02/1992	    2.50	    2.20	    2.20	    2.24
08/03/1992	    2.20	    2.20	    2.20	    2.20
08/04/1992	    2.20	    2.20	    2.00	    2.10
08/05/1992	    2.00	    2.00	    2.00	    2.00
08/06/1992	    2.00	    2.00	    2.00	    2.00
08/07/1992	    3.30	    2.00	    2.00	    2.24
08/08/1992	    3.40	    2.80	    2.80	    2.50
08/09/1992	    2.80	    2.80	    2.80	    2.80
08/10/1992	    2.80	    2.80	    2.20	    2.48
08/11/1992	    2.20	    2.20	    2.20	    2.20
08/12/1992	    2.20	    2.20	    2.20	    2.20
08/13/1992	    2.20	    2.20	    2.10	    2.12
08/14/1992	    2.10	    1.90	    2.00	    2.04
08/15/1992	    2.00	    1.90	    1.90	    1.97
08/16/1992	    1.90	    1.90	    1.90	    1.90
08/17/1992	    1.90	    1.90	    1.90	    1.90
08/18/1992	    1.90	    1.90	    1.90	    1.90
08/19/1992	    1.90	    1.90	    1.90	    1.90
08/20/1992	    1.90	    1.70	    1.80	    1.83
08/21/1992	    1.80	    1.70	    1.70	    1.76
08/22/1992	    1.70	    1.70	    1.70	    1.70
08/23/1992	    1.80	    1.80	    1.70	    1.75
08/24/1992	    1.80	    1.80	    1.80	    1.80
08/25/1992	    2.00	    1.80	    1.80	    1.82
08/26/1992	    2.30	    2.00	    2.00	    1.84
08/27/1992	    2.20	    2.00	    2.00	    1.86
08/28/1992	    2.00	    2.00	    1.90	    1.88
08/29/1992	    1.90	    1.70	    1.90	    1.90
08/30/1992	    1.90	    1.70	    1.70	    1.80
08/31/1992	    1.70	    1.70	    1.70	    1.70
09/01/1992	    1.70	    1.70	    1.70	    1.70
09/02/1992	    1.90	    1.70	    1.70	    1.73
09/03/1992	    1.90	    1.70	    1.80	    1.77
09/04/1992	    1.80	    1.80	    1.80	    1.80
09/05/1992	    1.80	    1.80	    1.80	    1.80
09/06/1992	    4.10	    1.80	    1.80	    2.58
09/07/1992	    3.70	    3.70	    3.70	    3.70
09/08/1992	    4.90	    3.70	    3.70	    3.39
09/09/1992	    5.70	    3.70	    4.20	    3.11
09/10/1992	    4.20	    2.40	    3.00	    2.85
09/11/1992	    3.00	    2.40	    2.40	    2.62
09/12/1992	    2.40	    2.40	    2.20	    2.40
09/13/1992	    2.20	    2.20	    2.20	    2.20
09/14/1992	    2.70	    2.20	    2.20	    2.40
09/15/1992	    3.70	    2.20	    2.70	    2.61
09/16/1992	    3.50	    3.10	    3.10	    2.85
09/17/1992	    3.10	    3.10	    3.10	    3.10
09/18/1992	    4.20	    3.10	    3.10	    3.07
09/19/1992	    3.30	    3.00	    3.00	    3.03
09/20/1992	    3.00	    3.00	    3.00	    3.00
09/21/1992	    3.60	    3.00	    3.00	    2.84
09/22/1992	    3.20	    2.40	    2.70	    2.70
09/23/1992	    2.70	    2.40	    2.40	    2.56
09/24/1992	    2.40	    2.40	    2.30	    2.40
09/25/1992	    2.30	    2.30	    2.30	    2.30
09/26/1992	    2.60	    2.30	    2.30	    2.32
09/27/1992	    3.50	    2.30	    2.60	    2.35
09/28/1992	    3.30	    2.40	    2.40	    2.37
09/29/1992	    2.40	    2.40	    2.40	    2.40
09/30/1992	    2.40	    2.40	    2.40	    2.40
10/01/1992	    2.40	    2.30	    2.30	    2.35
10/02/1992	    2.30	    2.30	    2.30	    2.30
10/03/1992	    2.40	    2.30	    2.30	    2.27
10/04/1992	    2.30	    2.20	    2.20	    2.23
10/05/1992	    2.20	    2.20	    2.20	    2.20
10/06/1992	    2.20	    2.20	    2.20	    2.20
10/07/1992	    2.20	    2.20	    2.20	    2.20
10/08/1992	    2.60	    2.20	    2.20	    2.20
10/09/1992	    2.70	    2.20	    2.60	    2.20
10/10/1992	    2.60	    2.20	    2.30	    2.20
10/11/1992	    2.30	    2.20	    2.20	    2.20
10/12/1992	    2.20	    2.20	    2.20	    2.20
10/13/1992	    2.20	    2.20	    2.20	    2.20
10/14/1992	    2.30	    2.20	    2.20	    2.22
10/15/1992	    2.60	    2.20	    2.30	    2.23
10/16/1992	    2.80	    2.40	    2.60	    2.25
10/17/1992	    2.60	    2.40	    2.40	    2.27
10/18/1992	    2.40	    2.40	    2.30	    2.28
10/19/1992	    2.30	    2.30	    2.30	    2.30
10/20/1992	    2.70	    2.30	    2.30	    2.35
10/21/1992	    2.70	    2.30	    2.60	    2.40
10/22/1992	    2.60	    2.50	    2.50	    2.45
10/23/1992	    2.50	    2.50	    2.50	    2.50
10/24/1992	    2.50	    2.50	    2.50	    2.50
10/25/1992	    2.50	    2.20	    2.30	    2.40
10/26/1992	    2.30	    2.20	    2.20	    2.30
10/27/1992	    2.20	    2.20	    2.20	    2.20
10/28/1992	    2.20	    2.20	    2.20	    2.20
10/29/1992	    2.20	    2.20	    2.20	    2.20
10/30/1992	    2.20	    2.20	    2.20	    2.20
10/31/1992	    2.20	    2.20	    2.20	    2.20
11/01/1992	    3.40	    2.20	    2.20	    2.22
11/02/1992	    5.60	    2.20	    3.40	    2.24
11/03/1992	    5.40	    3.00	    3.60	    2.26
11/04/1992	    3.60	    3.00	    3.00	    2.29
11/05/1992	    3.00	    3.00	    2.80	    2.31
11/06/1992	    2.80	    2.50	    2.60	    2.33
11/07/1992	    2.60	    2.50	    2.50	    2.35
11/08/1992	    2.50	    2.50	    2.40	    2.38
11/09/1992	    2.40	    2.40	    2.40	    2.40
11/10/1992	    2.40	    2.40	    2.40	    2.40
11/11/1992	    2.40	    2.40	    2.40	    2.40
11/12/1992	    2.40	    2.40	    2.40	    2.40
11/13/1992	    2.40	    2.40	    2.40	    2.40
11/14/1992	    2.40	    2.40	    2.20	    2.30
11/15/1992	    2.20	    2.20	    2.20	    2.20
11/16/1992	    2.20	    2.20	    2.20	    2.20
11/17/1992	    2.20	    2.20	    2.20	    2.20
11/18/1992	    2.20	    2.20	    2.20	    2.20
11/19/1992	    2.50	    2.20	    2.20	    2.49
11/20/1992	    9.30	    2.20	    2.50	    2.81
11/21/1992	   17.00	    7.20	    8.00	    3.18
11/22/1992	    8.00	    7.20	    7.20	    3.60
11/23/1992	    7.20	    7.20	    5.70	    4.07
11/24/1992	    5.70	    5.20	    5.20	    4.60
11/25/1992	    5.20	    5.20	    5.20	    5.20
11/26/1992	    5.20	    5.20	    5.00	    4.94
11/27/1992	    5.00	    4.20	    4.50	    4.68
11/28/1992	    4.50	    4.20	    4.20	    4.45
11/29/1992	    4.20	    4.20	    4.10	    4.20
11/30/1992	    4.10	    3.80	    3.80	    4.00
12/01/1992	    3.80	    3.80	    3.80	    3.80
12/02/1992	    3.80	    3.80	    3.50	    3.52
12/03/1992	    3.50	    2.80	    3.00	    3.26
12/04/1992	    3.00	    2.80	    2.80	    3.00
12/05/1992	    2.80	    2.80	    2.80	    2.80
12/06/1992	    3.00	    3.00	    2.80	    2.80
12/07/1992	    3.30	    3.00	    3.00	    2.80
12/08/1992	    3.10	    3.00	    3.00	    2.80
12/09/1992	    3.00	    2.80	    2.90	    2.80
12/10/1992	    2.90	    2.80	    2.80	    2.80
12/11/1992	    2.80	    2.80	    2.80	    2.80
12/12/1992	    2.80	    2.80	    2.80	    2.80
12/13/1992	    2.80	    2.80	    2.80	    2.80
12/14/1992	    2.80	    2.80	    2.80	    2.80
12/15/1992	    6.00	    6.00	    2.80	    2.82
12/16/1992	   12.00	    6.00	    6.00	    2.84
12/17/1992	    6.80	    6.00	    5.50	    2.86
12/18/1992	    5.50	    4.20	    4.90	    2.88
12/19/1992	    4.90	    4.20	    4.20	    2.90
12/20/1992	    4.20	    4.20	    3.70	    2.92
12/21/1992	    3.70	    3.20	    3.30	    2.94
12/22/1992	    3.30	    3.20	    3.20	    2.96
12/23/1992	    3.20	    3.20	    3.00	    2.98
12/24/1992	    3.00	    3.00	    3.00	    3.00
12/25/1992	    3.00	    3.00	    3.00	    3.00
12/26/1992	    3.00	    3.00	    3.00	    3.00
12/27/1992	    3.10	    3.10	    3.00	    3.10
12/28/1992	    3.30	    3.10	    3.10	    3.20
12/29/1992	    3.30	    3.10	    3.30	    3.30
12/30/1992	    3.30	    3.20	    3.30	    3.30
12/31/1992	    3.30	    3.20	    3.20	    3.20
01/01/1993	    3.20	    3.20	    3.00	    3.10
01/02/1993	    3.00	    3.00	    3.00	    3.00
01/03/1993	    3.20	    3.00	    3.00	    3.00
01/04/1993	    3.20	    3.00	    3.10	    3.00
01/05/1993	    3.10	    3.00	    3.00	    3.00
01/06/1993	    3.00	    3.00	    3.00	    3.00
01/07/1993	    3.00	    3.00	    3.00	    3.00
01/08/1993	    3.00	    2.90	    2.90	    2.95
01/09/1993	    2.90	    2.90	    2.90	    2.90
01/10/1993	    2.90	    2.90	    2.90	    2.90
01/11/1993	    3.00	    3.00	    2.90	    2.92
01/12/1993	    3.20	    3.00	    3.00	    2.93
01/13/1993	    3.30	    3.00	    3.20	    2.95
01/14/1993	    3.20	    3.00	    3.10	    2.97
01/15/1993	    3.10	    3.00	    3.00	    2.98
01/16/1993	    3.00	    3.00	    3.00	    3.00
01/17/1993	    3.00	    2.80	    2.80	    2.90
01/18/1993	    2.80	    2.80	    2.80	    2.80
01/19/1993	    2.80	    2.80	    2.80	    2.80
01/20/1993	    3.30	    3.30	    2.80	    2.84
01/21/1993	    3.60	    3.30	    3.30	    2.88
01/22/1993	    4.00	    3.30	    3.60	    2.92
01/23/1993	    3.60	    3.20	    3.30	    2.97
01/24/1993	    3.30	    3.20	    3.20	    3.01
01/25/1993	    3.20	    3.20	    3.10	    3.06
01/26/1993	    3.10	    3.10	    3.10	    3.10
01/27/1993	    3.10	    3.10	    3.10	    3.10
01/28/1993	    3.10	    3.10	    2.90	    3.00
01/29/1993	    2.90	    2.90	    2.90	    2.90
01/30/1993	    2.90	    2.90	    2.90	    2.90
01/31/1993	    3.00	    2.90	    2.90	    2.90
02/01/1993	    3.80	    2.90	    3.00	    2.90
02/02/1993	    3.10	    2.90	    2.90	    2.90
02/03/1993	    2.90	    2.90	    2.90	    2.90
02/04/1993	    3.20	    3.20	    2.90	    2.86
02/05/1993	    3.60	    3.20	    3.20	    2.82
02/06/1993	    3.20	    3.20	    2.80	    2.78
02/07/1993	    2.80	    2.70	    2.70	    2.74
02/08/1993	    2.70	    2.70	    2.70	    2.70
02/09/1993	    2.70	    2.70	    2.70	    2.70
02/10/1993	    2.90	    2.70	    2.70	    2.70
02/11/1993	    3.10	    2.70	    2.70	    2.70
02/12/1993	    2.70	    2.70	    2.70	    2.70
02/13/1993	    2.70	    2.70	    2.70	    2.70
02/14/1993	    2.70	    2.70	    2.70	    2.70
02/15/1993	    2.70	    2.70	    2.50	    2.60
02/16/1993	    2.50	    2.40	    2.40	    2.50
02/17/1993	    2.40	    2.40	    2.40	    2.40
02/18/1993	    2.50	    2.40	    2.40	    2.46
02/19/1993	    2.60	    2.60	    2.50	    2.53
02/20/1993	    2.60	    2.60	    2.60	    2.60
02/21/1993	    2.60	    2.60	    2.60	    2.60
02/22/1993	    2.60	    2.50	    2.50	    2.55
02/23/1993	    2.50	    2.50	    2.50	    2.50
02/24/1993	    2.50	    2.50	    2.50	    2.50
02/25/1993	    2.50	    2.50	    2.50	    2.50
02/26/1993	    2.50	    2.50	    2.50	    2.50
02/27/1993	    2.50	    2.50	    2.50	    2.50
02/28/1993	    2.50	    2.50	    2.50	    2.50
03/01/1993	    2.80	    2.50	    2.50	    2.80
03/02/1993	    3.30	    2.50	    2.80	    3.30
03/03/1993	    5.80	    5.80	    3.30	    5.80
03/04/1993	   45.00	    5.80	    5.80	   15.77
03/05/1993	   25.00	    5.80	   25.00	   25.00
03/06/1993	   40.00	   40.00	   25.00	   20.61
03/07/1993	   50.00	   40.00	   40.00	   16.99
03/08/1993	   53.00	   40.00	   30.00	   14.01
03/09/1993	   30.00	   10.00	   18.00	   11.55
03/10/1993	   18.00	   10.00	   10.00	    9.52
03/11/1993	   10.00	   10.00	    4.80	    7.85
03/12/1993	    4.80	    4.40	    4.50	    4.80
03/13/1993	    4.50	    4.40	    4.40	    4.50
03/14/1993	    4.40	    4.40	    4.40	    4.40
03/15/1993	   10.00	   10.00	    4.40	    4.51
03/16/1993	   70.00	   10.00	   10.00	    4.63
03/17/1993	   14.00	   10.00	   11.00	    4.75
03/18/1993	   11.00	    5.00	    5.00	    4.87
03/19/1993	    5.00	    5.00	    5.00	    5.00
03/20/1993	    6.30	    5.00	    5.00	    4.87
03/21/1993	    6.20	    4.50	    4.90	    4.74
03/22/1993	    4.90	    4.50	    4.50	    4.62
03/23/1993	    4.50	    4.50	    4.50	    4.50
03/24/1993	    5.90	    5.90	    4.50	    5.90
03/25/1993	   81.00	    5.90	    5.90	    8.74
03/26/1993	  112.00	    5.90	   81.00	   12.19
03/27/1993	   95.00	   33.00	   58.00	   16.99
03/28/1993	   58.00	   33.00	   33.00	   23.68
03/29/1993	   33.00	   33.00	   33.00	   33.00
03/30/1993	   99.00	   19.00	   33.00	   27.51
03/31/1993	   85.00	   19.00	   19.00	   22.94
04/01/1993	   19.00	   19.00	   13.00	   19.00
04/02/1993	   13.00	   10.00	   11.00	   13.00
04/03/1993	   11.00	   10.00	   10.00	   11.00
04/04/1993	   10.00	   10.00	    9.90	   10.00
04/05/1993	    9.90	    7.70	    7.70	    9.24
04/06/1993	    7.70	    7.70	    7.70	    7.70
04/07/1993	    7.70	    7.70	    7.70	    7.70
04/08/1993	   15.00	    8.30	    7.70	    7.90
04/09/1993	   11.00	    8.30	    8.30	    8.09
04/10/1993	    8.30	    8.30	    8.30	    8.30
04/11/1993	    9.90	    7.10	    8.00	    7.88
04/12/1993	    8.00	    7.10	    7.10	    7.48
04/13/1993	    7.10	    7.10	    7.10	    7.10
04/14/1993	    8.60	    8.60	    7.10	    7.89
04/15/1993	   16.00	    8.60	    8.60	    8.76
04/16/1993	   17.00	    8.60	   14.00	    9.73
04/17/1993	   14.00	   12.00	   12.00	   10.80
04/18/1993	   12.00	   12.00	   12.00	   12.00
04/19/1993	   16.00	   12.00	   12.00	   11.41
04/20/1993	   31.00	   13.00	   16.00	   10.84
04/21/1993	   16.00	   13.00	   13.00	   10.31
04/22/1993	   13.00	   13.00	   11.00	    9.80
04/23/1993	   11.00	    9.20	   10.00	    9.31
04/24/1993	   10.00	    9.20	    9.20	    8.85
04/25/1993	    9.20	    9.20	    8.00	    8.42
04/26/1993	    8.00	    8.00	    8.00	    8.00
04/27/1993	    9.00	    8.00	    8.00	    7.85
04/28/1993	   10.00	    8.00	    8.60	    7.69
04/29/1993	    8.60	    7.40	    7.40	    7.55
04/30/1993	    7.40	    7.40	    7.40	    7.40
05/01/1993	   16.00	    7.40	    7.40	    8.58
05/02/1993	   25.00	   25.00	   16.00	    9.95
05/03/1993	   56.00	   25.00	   25.00	   11.54
05/04/1993	   33.00	   25.00	   24.00	   13.38
05/05/1993	   24.00	   18.00	   18.00	   15.52
05/06/1993	   18.00	   18.00	   18.00	   18.00
05/07/1993	   21.00	   18.00	   18.00	   16.90
05/08/1993	   18.00	   14.00	   15.00	   15.87
05/09/1993	   15.00	   14.00	   14.00	   14.91
05/10/1993	   14.00	   14.00	   14.00	   14.00
05/11/1993	   14.00	    9.40	   11.00	   12.26
05/12/1993	   11.00	    9.40	    9.40	   10.73
05/13/1993	    9.40	    9.40	    9.40	    9.40
05/14/1993	    9.40	    8.00	    9.00	    8.97
05/15/1993	    9.00	    8.00	    8.00	    8.56
05/16/1993	    8.00	    8.00	    7.80	    8.00
05/17/1993	    7.80	    7.80	    7.80	    7.80
05/18/1993	    8.70	    7.80	    7.80	    7.67
05/19/1993	    8.00	    7.80	    7.60	    7.55
05/20/1993	    7.60	    7.30	    7.30	    7.42
05/21/1993	    7.30	    7.30	    7.30	    7.30
05/22/1993	    7.80	    7.30	    7.30	    7.34
05/23/1993	   12.00	    8.40	    7.80	    7.38
05/24/1993	   12.00	    8.40	    8.40	    7.42
05/25/1993	    8.40	    8.40	    7.50	    7.46
05/26/1993	    7.50	    7.50	    7.50	    7.50
05/27/1993	    9.20	    7.50	    7.50	    7.60
05/28/1993	    8.50	    7.50	    7.80	    7.70
05/29/1993	    7.80	    7.80	    7.80	    7.80
05/30/1993	   12.00	    7.80	    7.80	    7.77
05/31/1993	   10.00	    7.80	    7.70	    7.73
06/01/1993	    7.70	    7.70	    7.70	    7.70
06/02/1993	   10.00	    7.70	    7.70	    7.76
06/03/1993	   12.00	    7.70	    9.50	    7.82
06/04/1993	    9.50	    8.00	    9.10	    7.88
06/05/1993	    9.10	    8.00	    8.00	    7.94
06/06/1993	    8.00	    8.00	    8.00	    8.00
06/07/1993	   20.00	   12.00	    8.00	    8.02
06/08/1993	   23.00	   12.00	   12.00	    8.03
06/09/1993	   12.00	   12.00	    9.90	    8.05
06/10/1993	    9.90	    8.10	    8.70	    8.07
06/11/1993	    8.70	    8.10	    8.10	    8.08
06/12/1993	    8.10	    8.10	    8.10	    8.10
06/13/1993	   10.00	    9.40	    8.10	    8.38
06/14/1993	   19.00	    9.40	    9.40	    8.68
06/15/1993	    9.40	    9.40	    9.30	    8.98
06/16/1993	    9.30	    9.30	    9.30	    9.30
06/17/1993	   13.00	    9.30	    9.30	   10.40
06/18/1993	   37.00	    9.30	   13.00	   11.63
06/19/1993	   13.00	   11.00	   13.00	   13.00
06/20/1993	   13.00	   11.00	   11.00	   11.76
06/21/1993	   11.00	   11.00	    9.50	   10.63
06/22/1993	    9.50	    8.70	    8.70	    9.50
06/23/1993	    8.70	    8.70	    8.70	    8.70
06/24/1993	    9.40	    8.70	    8.70	    8.60
06/25/1993	   11.00	    8.30	    8.80	    8.50
06/26/1993	    8.80	    8.30	    8.30	    8.40
06/27/1993	    8.30	    8.30	    8.30	    8.30
06/28/1993	   19.00	   14.00	    8.30	   10.78
06/29/1993	   14.00	   14.00	   14.00	   14.00
06/30/1993	   68.00	   14.00	   14.00	   13.09
07/01/1993	   15.00	   11.00	   12.00	   12.24
07/02/1993	   12.00	   11.00	   11.00	   11.44
07/03/1993	   11.00	   11.00	   10.00	   10.70
07/04/1993	   10.00	   10.00	   10.00	   10.00
07/05/1993	   31.00	   10.00	   10.00	   11.19
07/06/1993	   27.00	   10.00	   14.00	   12.51
07/07/1993	   14.00	   14.00	   14.00	   14.00
07/08/1993	   14.00	   14.00	   14.00	   14.00
07/09/1993	  201.00	   14.00	   14.00	   14.45
07/10/1993	  149.00	   31.00	  118.00	   14.91
07/11/1993	  118.00	   31.00	   31.00	   15.38
07/12/1993	   31.00	   31.00	   26.00	   15.87
07/13/1993	   26.00	   20.00	   24.00	   16.38
07/14/1993	   24.00	   20.00	   20.00	   16.90
07/15/1993	   20.00	   20.00	   18.00	   17.44
07/16/1993	   18.00	   18.00	   18.00	   18.00
07/17/1993	   40.00	   18.00	   18.00	   17.46
07/18/1993	   25.00	   18.00	   21.00	   16.94
07/19/1993	   21.00	   16.00	   17.00	   16.43
07/20/1993	   17.00	   16.00	   16.00	   15.94
07/21/1993	   16.00	   16.00	   15.00	   15.46
07/22/1993	   15.00	   15.00	   15.00	   15.00
07/23/1993	   15.00	   15.00	   15.00	   15.00
07/24/1993	   15.00	   15.00	   15.00	   15.00
07/25/1993	   19.00	   15.00	   15.00	   15.00
07/26/1993	   15.00	   15.00	   15.00	   15.00
07/27/1993	   16.00	   15.00	   15.00	   14.47
07/28/1993	   17.00	   13.00	   14.00	   13.96
07/29/1993	   14.00	   13.00	   13.00	   13.47
07/30/1993	   13.00	   13.00	   13.00	   13.00
07/31/1993	   19.00	   14.00	   13.00	   12.79
08/01/1993	   18.00	   14.00	   14.00	   12.59
08/02/1993	   14.00	   14.00	   13.00	   12.39
08/03/1993	   13.00	   12.00	   12.00	   12.19
08/04/1993	   12.00	   12.00	   12.00	   12.00
08/05/1993	   12.00	   12.00	   12.00	   12.00
08/06/1993	   13.00	   12.00	   12.00	   12.00
08/07/1993	   12.00	   12.00	   12.00	   12.00
08/08/1993	   12.00	   12.00	   12.00	   12.00
08/09/1993	   13.00	   11.00	   12.00	   11.66
08/10/1993	   14.00	   11.00	   11.00	   11.32
08/11/1993	   11.00	   11.00	   11.00	   11.00
08/12/1993	   11.00	   11.00	   11.00	   11.00
08/13/1993	   11.00	   11.00	   11.00	   11.00
08/14/1993	   15.00	   11.00	   11.00	   11.47
08/15/1993	   39.00	   13.00	   15.00	   11.96
08/16/1993	   18.00	   13.00	   13.00	   12.47
08/17/1993	   13.00	   13.00	   13.00	   13.00
08/18/1993	   21.00	   14.00	   13.00	   12.74
08/19/1993	   20.00	   14.00	   14.00	   12.49
08/20/1993	   14.00	   14.00	   12.00	   12.24
08/21/1993	   12.00	   12.00	   12.00	   12.00
08/22/1993	   12.00	   12.00	   12.00	   12.00
08/23/1993	   17.00	   12.00	   12.00	   11.47
08/24/1993	   12.00	   10.00	   11.00	   10.95
08/25/1993	   11.00	   10.00	   10.00	   10.47
08/26/1993	   10.00	   10.00	   10.00	   10.00
08/27/1993	   10.00	    9.80	    9.80	    9.90
08/28/1993	    9.80	    9.80	    9.80	    9.80
08/29/1993	   18.00	    9.80	    9.80	    9.82
08/30/1993	   14.00	   11.00	   12.00	    9.84
08/31/1993	   12.00	   11.00	   11.00	    9.86
09/01/1993	   11.00	   11.00	    9.90	    9.88
09/02/1993	    9.90	    9.60	    9.90	    9.90
09/03/1993	   10.00	    9.60	    9.60	    9.67
09/04/1993	    9.60	    9.60	    9.20	    9.44
09/05/1993	    9.20	    8.80	    9.10	    9.20
09/06/1993	    9.10	    8.80	    8.80	    9.01
09/07/1993	    8.80	    8.80	    8.80	    8.80
09/08/1993	    9.20	    9.20	    8.80	    8.95
09/09/1993	    9.30	    9.20	    9.20	    9.10
09/10/1993	    9.40	    9.20	    9.30	    9.25
09/11/1993	    9.40	    9.40	    9.40	    9.40
09/12/1993	   10.00	    9.40	    9.40	    9.52
09/13/1993	   12.00	    9.40	   10.00	    9.64
09/14/1993	   14.00	   10.00	   11.00	    9.76
09/15/1993	   11.00	   10.00	   10.00	    9.88
09/16/1993	   10.00	   10.00	   10.00	   10.00
09/17/1993	   10.00	    9.50	    9.80	    9.83
09/18/1993	    9.80	    9.50	    9.50	    9.66
09/19/1993	    9.50	    9.50	    9.50	    9.50
09/20/1993	   11.00	   10.00	    9.50	    9.36
09/21/1993	   11.00	   10.00	   10.00	    9.21
09/22/1993	   10.00	   10.00	    9.30	    9.07
09/23/1993	    9.30	    8.80	    8.80	    8.94
09/24/1993	    8.80	    8.80	    8.80	    8.80
09/25/1993	    9.40	    8.80	    8.80	    8.70
09/26/1993	   11.00	    9.10	    9.40	    8.60
09/27/1993	    9.80	    9.10	    9.10	    8.49
09/28/1993	    9.10	    9.10	    8.50	    8.40
09/29/1993	    8.50	    8.20	    8.20	    8.30
09/30/1993	    8.20	    8.20	    8.20	    8.20
10/01/1993	    8.50	    8.20	    8.20	    8.10
10/02/1993	    8.20	    7.90	    7.90	    8.00
10/03/1993	    7.90	    7.90	    7.90	    7.90
10/04/1993	    8.20	    7.90	    7.90	    8.05
10/05/1993	    8.20	    8.20	    8.20	    8.20
10/06/1993	    9.30	    8.20	    8.20	    8.46
10/07/1993	    9.40	    8.20	    9.00	    8.73
10/08/1993	    9.00	    8.80	    9.00	    9.00
10/09/1993	   11.00	    8.80	    8.80	    8.79
10/10/1993	    8.80	    8.80	    8.40	    8.59
10/11/1993	    8.40	    8.00	    8.20	    8.39
10/12/1993	    8.20	    8.00	    8.00	    8.19
10/13/1993	    8.00	    8.00	    8.00	    8.00
10/14/1993	    8.00	    8.00	    8.00	    8.00
10/15/1993	    8.20	    8.00	    8.00	    7.90
10/16/1993	    9.00	    8.00	    7.80	    7.80
10/17/1993	    7.80	    7.60	    7.60	    7.70
10/18/1993	    7.60	    7.60	    7.60	    7.60
10/19/1993	    7.60	    7.60	    7.60	    7.60
10/20/1993	    7.60	    7.00	    7.60	    7.60
10/21/1993	    7.60	    7.00	    7.00	    7.29
10/22/1993	    7.00	    7.00	    7.00	    7.00
10/23/1993	    7.20	    7.20	    7.00	    7.10
10/24/1993	    7.20	    7.20	    7.20	    7.20
10/25/1993	    7.20	    7.20	    7.20	    7.20
10/26/1993	    7.20	    7.00	    7.00	    7.10
10/27/1993	    7.00	    7.00	    7.00	    7.00
10/28/1993	    7.60	    7.00	    7.00	    6.90
10/29/1993	    7.00	    6.70	    6.80	    6.79
10/30/1993	    6.80	    6.70	    6.70	    6.69
10/31/1993	    6.70	    6.70	    6.60	    6.59
11/01/1993	    6.60	    6.40	    6.40	    6.50
11/02/1993	    6.40	    6.40	    6.40	    6.40
11/03/1993	    6.60	    6.40	    6.40	    6.45
11/04/1993	    6.80	    6.60	    6.60	    6.50
11/05/1993	    6.70	    6.60	    6.60	    6.55
11/06/1993	    6.60	    6.60	    6.60	    6.60
11/07/1993	    6.60	    6.40	    6.40	    6.50
11/08/1993	    6.40	    6.40	    6.40	    6.40
11/09/1993	    6.40	    6.40	    6.20	    6.30
11/10/1993	    6.20	    6.20	    6.20	    6.20
11/11/1993	    6.30	    6.20	    6.20	    6.30
11/12/1993	    6.60	    6.20	    6.30	    6.40
11/13/1993	    8.40	    6.70	    6.60	    6.50
11/14/1993	    7.00	    6.70	    6.70	    6.60
11/15/1993	    6.70	    6.70	    6.70	    6.70
11/16/1993	    6.70	    6.70	    6.70	    6.70
11/17/1993	    6.70	    6.70	    6.70	    6.70
11/18/1993	    6.80	    6.70	    6.70	    6.62
11/19/1993	    7.00	    6.40	    6.80	    6.55
11/20/1993	    6.80	    6.40	    6.40	    6.47
11/21/1993	    6.40	    6.40	    6.40	    6.40
11/22/1993	    6.40	    6.10	    6.40	    6.40
11/23/1993	    6.40	    6.10	    6.10	    6.25
11/24/1993	    6.10	    6.10	    6.10	    6.10
11/25/1993	    6.70	    6.70	    6.10	    6.06
11/26/1993	    7.20	    6.70	    6.70	    6.01
11/27/1993	    8.00	    6.70	    6.40	    5.97
11/28/1993	    6.40	    6.00	    6.20	    5.93
11/29/1993	    6.20	    6.00	    6.00	    5.88
11/30/1993	    6.00	    6.00	    5.80	    5.84
12/01/1993	    5.80	    5.80	    5.80	    5.80
12/02/1993	    5.80	    5.80	    5.80	    5.80
12/03/1993	    6.00	    5.80	    5.80	    5.90
12/04/1993	    6.00	    6.00	    6.00	    6.00
12/05/1993	    6.40	    6.00	    6.00	    6.02
12/06/1993	    6.60	    6.00	    6.20	    6.05
12/07/1993	    6.20	    6.10	    6.10	    6.07
12/08/1993	    6.10	    6.10	    6.10	    6.10
12/09/1993	    6.10	    6.10	    6.10	    6.10
12/10/1993	    6.10	    6.00	    6.00	    6.05
12/11/1993	    6.00	    6.00	    6.00	    6.00
12/12/1993	    6.00	    6.00	    6.00	    6.00
12/13/1993	    6.20	    6.20	    6.00	    6.13
12/14/1993	    6.40	    6.20	    6.20	    6.26
12/15/1993	    6.40	    6.20	    6.40	    6.40
12/16/1993	    6.40	    6.40	    6.40	    6.40
12/17/1993	    6.60	    6.40	    6.40	    6.30
12/18/1993	    6.70	    6.40	    6.60	    6.19
12/19/1993	    6.70	    6.40	    6.60	    6.09
12/20/1993	    6.60	    6.40	    6.40	    5.99
12/21/1993	    6.40	    6.40	    5.80	    5.90
12/22/1993	    5.80	    5.60	    5.80	    5.80
12/23/1993	    5.80	    5.60	    5.60	    5.66
12/24/1993	    5.60	    5.60	    5.40	    5.53
12/25/1993	    5.40	    5.40	    5.40	    5.40
12/26/1993	    5.40	    5.40	    5.40	    5.40
12/27/1993	    5.40	    5.40	    5.00	    5.20
12/28/1993	    5.00	    5.00	    5.00	    5.00
12/29/1993	    5.00	    5.00	    5.00	    5.00
12/30/1993	    5.00	    5.00	    5.00	    5.00
12/31/1993	    5.20	    5.20	    5.00	    5.10
01/01/1994	    5.60	    5.20	    5.20	    5.20
01/02/1994	    5.60	    5.20	    5.40	    5.30
01/03/1994	    5.40	    5.20	    5.40	    5.40
01/04/1994	    5.40	    5.20	    5.20	    5.26
01/05/1994	    5.20	    5.20	    5.00	    5.13
01/06/1994	    5.00	    5.00	    5.00	    5.00
01/07/1994	    5.00	    5.00	    5.00	    5.00
01/08/1994	    5.00	    5.00	    5.00	    5.00
01/09/1994	    5.20	    5.20	    5.00	    4.91
01/10/1994	    5.40	    5.20	    5.20	    4.82
01/11/1994	    5.60	    5.20	    5.40	    4.73
01/12/1994	    5.40	    4.80	    5.00	    4.65
01/13/1994	    5.00	    4.80	    4.80	    4.56
01/14/1994	    4.80	    4.80	    4.40	    4.48
01/15/1994	    4.40	    4.30	    4.40	    4.40
01/16/1994	    4.40	    4.30	    4.30	    4.33
01/17/1994	    4.30	    4.30	    4.20	    4.27
01/18/1994	    4.20	    4.20	    4.20	    4.20
01/19/1994	    4.20	    4.20	    4.20	    4.20
01/20/1994	    4.20	    4.20	    4.20	    4.20
01/21/1994	    4.20	    4.20	    4.20	    4.20
01/22/1994	    4.40	    4.20	    4.20	    4.31
01/23/1994	    4.60	    4.20	    4.40	    4.43
01/24/1994	    4.70	    4.70	    4.60	    4.55
01/25/1994	    4.80	    4.70	    4.70	    4.67
01/26/1994	    4.80	    4.70	    4.80	    4.80
01/27/1994	    4.80	    4.50	    4.70	    4.70
01/28/1994	    4.70	    4.50	    4.50	    4.59
01/29/1994	    4.50	    4.50	    4.40	    4.49
01/30/1994	    4.40	    4.30	    4.30	    4.40
01/31/1994	    4.30	    4.30	    4.30	    4.30
02/01/1994	    4.30	    4.30	    4.30	    4.30
02/02/1994	    4.30	    4.30	    4.30	    4.30
02/03/1994	    4.30	    4.30	    4.30	    4.30
02/04/1994	    4.30	    4.30	    4.30	    4.30
02/05/1994	    4.30	    4.20	    4.30	    4.30
02/06/1994	    4.30	    4.20	    4.20	    4.23
02/07/1994	    4.20	    4.20	    4.10	    4.17
02/08/1994	    4.10	    4.00	    4.10	    4.10
02/09/1994	    4.10	    4.00	    4.00	    4.05
02/10/1994	    4.00	    4.00	    4.00	    4.00
02/11/1994	    4.00	    4.00	    4.00	    4.00
02/12/1994	    4.00	    4.00	    4.00	    4.00
02/13/1994	    4.10	    4.00	    4.00	    4.07
02/14/1994	    4.20	    4.20	    4.10	    4.13
02/15/1994	    4.20	    4.20	    4.20	    4.20
02/16/1994	    4.30	    4.20	    4.20	    4.25
02/17/1994	    4.30	    4.30	    4.30	    4.30
02/18/1994	    7.00	    4.30	    4.30	    4.33
02/19/1994	  130.00	    4.30	    7.00	    4.36
02/20/1994	   30.00	    6.00	   10.00	    4.39
02/21/1994	   10.00	    6.00	    6.00	    4.42
02/22/1994	    6.00	    6.00	    5.60	    4.45
02/23/1994	    5.60	    5.20	    5.40	    4.48
02/24/1994	    5.40	    5.20	    5.20	    4.51
02/25/1994	    5.20	    5.20	    4.80	    4.54
02/26/1994	    4.80	    4.60	    4.60	    4.57
02/27/1994	    4.60	    4.60	    4.60	    4.60
02/28/1994	    4.70	    4.60	    4.60	    4.70
03/01/1994	    4.80	    4.80	    4.70	    4.79
03/02/1994	    5.00	    4.80	    4.80	    4.90
03/03/1994	    7.00	    4.80	    5.00	    5.00
03/04/1994	   64.00	   17.00	    7.00	    5.10
03/05/1994	   39.00	   17.00	   17.00	    5.21
03/06/1994	   17.00	   17.00	   11.00	    5.32
03/07/1994	   11.00	    6.90	    8.50	    5.43
03/08/1994	    8.50	    6.90	    6.90	    5.54
03/09/1994	    6.90	    6.90	    6.10	    5.66
03/10/1994	    6.10	    5.90	    5.90	    5.78
03/11/1994	    5.90	    5.90	    5.90	    5.90
03/12/1994	    6.30	    5.90	    5.90	    6.00
03/13/1994	    6.10	    6.10	    6.10	    6.10
03/14/1994	    6.20	    6.10	    6.10	    6.07
03/15/1994	    6.70	    6.10	    6.20	    6.05
03/16/1994	    6.40	    6.00	    6.00	    6.02
03/17/1994	    6.00	    6.00	    6.00	    6.00
03/18/1994	    6.10	    6.00	    6.00	    6.00
03/19/1994	    6.00	    6.00	    6.00	    6.00
03/20/1994	    6.00	    6.00	    6.00	    6.00
03/21/1994	    7.30	    6.00	    6.00	    5.85
03/22/1994	    6.50	    5.90	    6.10	    5.71
03/23/1994	    6.10	    5.90	    5.90	    5.57
03/24/1994	    5.90	    5.90	    5.30	    5.43
03/25/1994	    5.30	    5.30	    5.30	    5.30
03/26/1994	    5.40	    5.30	    5.30	    5.21
03/27/1994	    5.60	    5.30	    5.40	    5.13
03/28/1994	    5.50	    4.90	    5.20	    5.04
03/29/1994	    5.20	    4.90	    4.90	    4.96
03/30/1994	    4.90	    4.90	    4.80	    4.88
03/31/1994	    4.80	    4.80	    4.80	    4.80
04/01/1994	    4.80	    4.80	    4.80	    4.80
04/02/1994	    4.80	    4.80	    4.60	    4.70
04/03/1994	    4.60	    4.60	    4.60	    4.60
04/04/1994	    4.60	    4.60	    4.60	    4.60
04/05/1994	    4.90	    4.60	    4.60	    4.53
04/06/1994	    4.60	    4.40	    4.40	    4.47
04/07/1994	    4.40	    4.40	    4.40	    4.40
04/08/1994	    4.40	    4.40	    4.40	    4.40
04/09/1994	    4.40	    4.00	    4.30	    4.26
04/10/1994	    4.30	    4.00	    4.00	    4.13
04/11/1994	    4.00	    4.00	    4.00	    4.00
04/12/1994	    5.70	    5.20	    4.00	    4.37
04/13/1994	    6.30	    5.20	    5.20	    4.76
04/14/1994	    5.20	    5.20	    5.20	    5.20
04/15/1994	    6.80	    4.40	    5.00	    4.89
04/16/1994	    5.00	    4.40	    4.40	    4.60
04/17/1994	    4.40	    4.40	    4.30	    4.33
04/18/1994	    4.30	    3.60	    4.00	    4.07
04/19/1994	    4.00	    3.60	    3.60	    3.83
04/20/1994	    3.60	    3.60	    3.60	    3.60
04/21/1994	    3.70	    3.60	    3.60	    3.60
04/22/1994	    3.70	    3.60	    3.60	    3.60
04/23/1994	    3.60	    3.60	    3.60	    3.60
04/24/1994	    3.90	    3.90	    3.60	    3.75
04/25/1994	    4.50	    3.90	    3.90	    3.90
04/26/1994	   17.00	    3.90	    4.50	    4.06
04/27/1994	    4.90	    4.40	    4.40	    4.23
04/28/1994	    4.40	    4.40	    4.40	    4.40
04/29/1994	    4.70	    4.40	    4.40	    4.36
04/30/1994	    5.30	    4.60	    4.70	    4.32
05/01/1994	    5.80	    4.60	    4.60	    4.28
05/02/1994	    4.60	    4.60	    4.20	    4.24
05/03/1994	    4.20	    4.20	    4.20	    4.20
05/04/1994	    4.20	    4.20	    4.20	    4.20
05/05/1994	    4.20	    4.20	    4.20	    4.20
05/06/1994	    4.20	    4.20	    4.20	    4.20
05/07/1994	    4.50	    4.20	    4.20	    4.05
05/08/1994	    4.30	    4.20	    3.90	    3.90
05/09/1994	    3.90	    3.50	    3.60	    3.76
05/10/1994	    3.60	    3.50	    3.50	    3.60
05/11/1994	    3.50	    3.50	    3.50	    3.50
05/12/1994	    3.50	    3.40	    3.40	    3.45
05/13/1994	    3.40	    3.40	    3.40	    3.40
05/14/1994	    3.50	    3.40	    3.40	    3.32
05/15/1994	    3.80	    3.10	    3.20	    3.25
05/16/1994	    3.20	    3.10	    3.10	    3.17
05/17/1994	    3.10	    3.10	    3.10	    3.10
05/18/1994	    3.10	    3.00	    3.00	    3.05
05/19/1994	    3.00	    3.00	    3.00	    3.00
05/20/1994	    3.10	    3.00	    3.00	    3.00
05/21/1994	    3.00	    3.00	    3.00	    3.00
05/22/1994	    3.00	    3.00	    3.00	    3.00
05/23/1994	    4.30	    3.00	    3.00	    3.33
05/24/1994	    5.10	    4.10	    4.10	    3.69
05/25/1994	    4.10	    4.10	    4.10	    4.10
05/26/1994	    4.20	    4.10	    3.50	    3.85
05/27/1994	    3.50	    3.20	    3.30	    3.50
05/28/1994	    3.30	    3.20	    3.20	    3.30
05/29/1994	    3.20	    3.20	    3.20	    3.20
05/30/1994	    3.30	    2.90	    3.20	    3.10
05/31/1994	    3.20	    2.90	    2.90	    3.00
06/01/1994	    2.90	    2.90	    2.90	    2.90
06/02/1994	    3.00	    2.90	    2.90	    2.90
06/03/1994	    2.90	    2.90	    2.90	    2.90
06/04/1994	    3.00	    2.90	    2.90	    2.97
06/05/1994	    3.10	    3.10	    3.00	    3.03
06/06/1994	    3.10	    3.10	    3.10	    3.10
06/07/1994	    3.50	    3.10	    3.10	    3.13
06/08/1994	    3.60	    3.20	    3.20	    3.17
06/09/1994	    3.20	    3.20	    3.20	    3.20
06/10/1994	    3.40	    3.20	    3.20	    3.39
06/11/1994	    3.90	    3.80	    3.40	    3.59
06/12/1994	    3.80	    3.80	    3.80	    3.80
06/13/1994	    4.90	    3.80	    3.80	    3.82
06/14/1994	    4.50	    4.00	    4.10	    3.84
06/15/1994	    4.10	    4.00	    4.00	    3.86
06/16/1994	    4.00	    4.00	    3.90	    3.88
06/17/1994	    3.90	    3.90	    3.90	    3.90
06/18/1994	    4.30	    3.90	    3.90	    3.98
06/19/1994	    4.50	    3.90	    4.30	    4.06
06/20/1994	    9.00	    4.30	    4.50	    4.14
06/21/1994	    5.50	    4.30	    4.30	    4.22
06/22/1994	    4.30	    4.30	    4.30	    4.30
06/23/1994	   26.00	    8.40	    4.30	    4.32
06/24/1994	   32.00	    8.40	    8.40	    4.35
06/25/1994	    8.40	    8.40	    6.60	    4.37
06/26/1994	    6.60	    5.10	    5.70	    4.40
06/27/1994	    5.70	    5.10	    5.10	    4.42
06/28/1994	    5.10	    5.10	    4.70	    4.45
06/29/1994	    4.70	    4.50	    4.50	    4.47
06/30/1994	    4.50	    4.50	    4.50	    4.50
07/01/1994	    4.50	    4.50	    4.30	    4.40
07/02/1994	    4.30	    4.20	    4.20	    4.30
07/03/1994	    4.20	    4.20	    4.20	    4.20
07/04/1994	   19.00	    4.20	    4.20	    4.39
07/05/1994	   12.00	    5.00	    5.10	    4.58
07/06/1994	    5.10	    5.00	    5.00	    4.79
07/07/1994	    5.00	    5.00	    5.00	    5.00
07/08/1994	   14.00	    5.30	    5.00	    4.90
07/09/1994	    7.70	    5.30	    5.30	    4.79
07/10/1994	    5.30	    5.30	    4.60	    4.69
07/11/1994	    4.60	    4.50	    4.50	    4.60
07/12/1994	    4.50	    4.50	    4.50	    4.50
07/13/1994	    5.50	    4.50	    4.50	    4.63
07/14/1994	   32.00	    7.30	    5.50	    4.77
07/15/1994	    9.40	    7.30	    7.30	    4.90
07/16/1994	    7.30	    7.30	    6.90	    5.05
07/17/1994	    6.90	    5.50	    6.00	    5.19
07/18/1994	    6.00	    5.50	    5.50	    5.34
07/19/1994	    5.50	    5.50	    5.50	    5.50
07/20/1994	   24.00	    6.80	    5.50	    5.37
07/21/1994	    8.00	    6.80	    6.80	    5.24
07/22/1994	    6.80	    6.80	    5.80	    5.11
07/23/1994	    5.80	    4.80	    5.20	    4.98
07/24/1994	    5.20	    4.80	    4.80	    4.86
07/25/1994	    4.80	    4.80	    4.70	    4.74
07/26/1994	    4.70	    4.50	    4.60	    4.63
07/27/1994	    4.60	    4.50	    4.50	    4.52
07/28/1994	    4.50	    4.50	    4.30	    4.41
07/29/1994	    4.30	    4.30	    4.30	    4.30
07/30/1994	    4.30	    4.30	    4.30	    4.30
07/31/1994	    4.30	    4.30	    4.20	    4.25
08/01/1994	    4.20	    4.20	    4.20	    4.20
08/02/1994	    5.30	    4.20	    4.20	    4.20
08/03/1994	    6.10	    4.20	    5.30	    4.20
08/04/1994	    7.40	    4.20	    4.60	    4.20
08/05/1994	    4.60	    4.20	    4.20	    4.20
08/06/1994	    4.20	    4.20	    4.20	    4.20
08/07/1994	    4.20	    3.70	    4.20	    4.20
08/08/1994	    4.20	    3.70	    3.70	    3.94
08/09/1994	    3.70	    3.70	    3.70	    3.70
08/10/1994	    6.00	    4.40	    3.70	    3.92
08/11/1994	    5.50	    4.40	    4.40	    4.15
08/12/1994	    4.40	    4.40	    4.40	    4.40
08/13/1994	    4.40	    3.80	    4.00	    4.18
08/14/1994	    4.00	    3.80	    3.80	    3.98
08/15/1994	    3.80	    3.80	    3.60	    3.79
08/16/1994	    3.60	    3.60	    3.60	    3.60
08/17/1994	    3.60	    3.60	    3.60	    3.60
08/18/1994	    6.00	    3.60	    3.60	    3.66
08/19/1994	    5.20	    4.20	    5.00	    3.72
08/20/1994	    5.00	    4.20	    4.20	    3.78
08/21/1994	    4.20	    4.20	    3.90	    3.84
08/22/1994	    3.90	    3.90	    3.90	    3.90
08/23/1994	    3.90	    3.90	    3.90	    3.90
08/24/1994	    3.90	    3.90	    3.60	    3.75
08/25/1994	    3.60	    3.60	    3.60	    3.60
08/26/1994	    4.90	    3.60	    3.60	    3.52
08/27/1994	    4.10	    3.60	    3.60	    3.45
08/28/1994	    3.60	    3.30	    3.30	    3.37
08/29/1994	    3.30	    3.30	    3.30	    3.30
08/30/1994	    3.60	    3.30	    3.30	    3.33
08/31/1994	    3.80	    3.40	    3.40	    3.37
09/01/1994	    3.40	    3.40	    3.40	    3.40
09/02/1994	    3.50	    3.40	    3.40	    3.42
09/03/1994	    5.00	    4.20	    3.50	    3.43
09/04/1994	    4.50	    4.20	    4.20	    3.45
09/05/1994	    4.20	    4.20	    3.80	    3.47
09/06/1994	    3.80	    3.50	    3.50	    3.48
09/07/1994	    3.50	    3.50	    3.50	    3.50
09/08/1994	    3.60	    3.50	    3.50	    3.34
09/09/1994	    4.00	    2.90	    3.40	    3.19
09/10/1994	    3.40	    2.90	    2.90	    3.04
09/11/1994	    2.90	    2.90	    2.90	    2.90
09/12/1994	    2.90	    2.90	    2.90	    2.90
09/13/1994	    2.90	    2.90	    2.90	    2.90
09/14/1994	    2.90	    2.90	    2.90	    2.90
09/15/1994	    3.00	    2.90	    2.90	    2.90
09/16/1994	    3.10	    2.90	    2.90	    2.90
09/17/1994	    2.90	    2.90	    2.90	    2.90
09/18/1994	    2.90	    2.90	    2.90	    2.90
09/19/1994	    2.90	    2.90	    2.90	    2.90
09/20/1994	    2.90	    2.90	    2.90	    2.90
09/21/1994	    2.90	    2.90	    2.90	    2.90
09/22/1994	    3.40	    2.90	    2.90	    2.97
09/23/1994	    3.60	    2.90	    3.40	    3.04
09/24/1994	    5.10	    5.10	    3.60	    3.12
09/25/1994	    9.60	    5.10	    5.10	    3.19
09/26/1994	    7.30	    5.10	    4.80	    3.27
09/27/1994	    4.80	    3.70	    4.10	    3.35
09/28/1994	    4.10	    3.70	    3.70	    3.43
09/29/1994	    3.70	    3.70	    3.60	    3.51
09/30/1994	    3.60	    3.60	    3.60	    3.60
10/01/1994	    3.60	    3.60	    3.60	    3.60
10/02/1994	    3.60	    3.60	    3.60	    3.60
10/03/1994	    3.60	    3.30	    3.30	    3.45
10/04/1994	    3.30	    3.30	    3.30	    3.30
10/05/1994	    3.30	    3.30	    3.20	    3.25
10/06/1994	    3.20	    3.20	    3.20	    3.20
10/07/1994	    3.30	    3.20	    3.20	    3.17
10/08/1994	    3.30	    3.20	    3.10	    3.13
10/09/1994	    3.10	    3.00	    3.10	    3.10
10/10/1994	    3.10	    3.00	    3.00	    3.03
10/11/1994	    3.00	    3.00	    2.90	    2.97
10/12/1994	    2.90	    2.90	    2.90	    2.90
10/13/1994	    2.90	    2.90	    2.90	    2.90
10/14/1994	    3.00	    2.90	    2.90	    2.97
10/15/1994	    3.10	    3.10	    3.00	    3.05
10/16/1994	    3.20	    3.10	    3.10	    3.12
10/17/1994	    3.20	    3.10	    3.20	    3.20
10/18/1994	    3.30	    3.10	    3.20	    3.12
10/19/1994	    3.20	    3.10	    3.10	    3.05
10/20/1994	    3.10	    3.10	    2.90	    2.97
10/21/1994	    2.90	    2.90	    2.90	    2.90
10/22/1994	    2.90	    2.90	    2.90	    2.90
10/23/1994	    2.90	    2.90	    2.90	    2.90
10/24/1994	    2.90	    2.90	    2.90	    2.90
10/25/1994	    2.90	    2.90	    2.90	    2.90
10/26/1994	    2.90	    2.90	    2.80	    2.80
10/27/1994	    2.80	    2.60	    2.60	    2.70
10/28/1994	    2.60	    2.60	    2.60	    2.60
10/29/1994	    2.60	    2.60	    2.60	    2.60
10/30/1994	    2.60	    2.60	    2.60	    2.60
10/31/1994	    2.60	    2.60	    2.60	    2.60
11/01/1994	    2.60	    2.60	    2.50	    2.55
11/02/1994	    2.50	    2.50	    2.50	    2.50
11/03/1994	    2.50	    2.50	    2.50	    2.50
11/04/1994	    2.50	    2.50	    2.50	    2.50
11/05/1994	    2.60	    2.40	    2.50	    2.47
11/06/1994	    2.60	    2.40	    2.40	    2.43
11/07/1994	    2.40	    2.40	    2.40	    2.40
11/08/1994	    2.40	    2.40	    2.40	    2.40
11/09/1994	    2.50	    2.40	    2.40	    2.33
11/10/1994	    2.40	    2.40	    2.20	    2.26
11/11/1994	    2.20	    2.20	    2.20	    2.20
11/12/1994	    2.20	    2.20	    2.20	    2.20
11/13/1994	    2.50	    2.20	    2.20	    2.45
11/14/1994	    3.30	    3.30	    2.50	    2.73
11/15/1994	    3.40	    3.30	    3.30	    3.05
11/16/1994	    3.40	    3.30	    3.40	    3.40
11/17/1994	    3.50	    3.10	    3.40	    3.30
11/18/1994	    3.60	    3.10	    3.10	    3.20
11/19/1994	    3.10	    3.10	    3.10	    3.10
11/20/1994	    4.30	    4.30	    3.10	    3.17
11/21/1994	    7.80	    4.30	    4.30	    3.24
11/22/1994	    4.70	    4.30	    4.30	    3.31
11/23/1994	    4.30	    3.90	    4.00	    3.38
11/24/1994	    4.00	    3.90	    3.90	    3.45
11/25/1994	    3.90	    3.90	    3.60	    3.52
11/26/1994	    3.60	    3.60	    3.60	    3.60
11/27/1994	    6.80	    3.60	    3.60	    3.69
11/28/1994	    6.90	    3.60	    4.70	    3.79
11/29/1994	    4.70	    4.10	    4.50	    3.89
11/30/1994	    4.50	    4.10	    4.10	    3.99
12/01/1994	    4.10	    4.10	    4.10	    4.10
12/02/1994	    4.20	    4.10	    4.10	    4.10
12/03/1994	    4.20	    4.10	    4.10	    4.10
12/04/1994	    4.10	    4.10	    4.10	    4.10
12/05/1994	    4.20	    3.90	    4.00	    4.03
12/06/1994	    4.00	    3.90	    3.90	    3.97
12/07/1994	    3.90	    3.90	    3.90	    3.90
12/08/1994	    3.90	    3.90	    3.90	    3.90
12/09/1994	    3.90	    3.90	    3.90	    3.90
12/10/1994	    3.90	    3.90	    3.70	    3.80
12/11/1994	    3.70	    3.60	    3.70	    3.70
12/12/1994	    3.70	    3.60	    3.60	    3.65
12/13/1994	    3.60	    3.60	    3.60	    3.60
12/14/1994	    3.70	    3.70	    3.60	    3.65
12/15/1994	    3.70	    3.70	    3.70	    3.70
12/16/1994	    3.70	    3.70	    3.70	    3.70
12/17/1994	    3.80	    3.70	    3.70	    3.59
12/18/1994	    3.80	    3.70	    3.70	    3.48
12/19/1994	    3.70	    3.70	    3.50	    3.38
12/20/1994	    3.50	    3.10	    3.30	    3.28
12/21/1994	    3.30	    3.10	    3.10	    3.18
12/22/1994	    3.10	    3.10	    3.00	    3.08
12/23/1994	    3.00	    2.90	    2.90	    2.99
12/24/1994	    2.90	    2.90	    2.90	    2.90
12/25/1994	    2.90	    2.90	    2.90	    2.90
12/26/1994	    2.90	    2.90	    2.90	    2.90
12/27/1994	    3.00	    2.90	    2.90	    2.90
12/28/1994	    3.60	    2.90	    3.00	    2.90
12/29/1994	    3.50	    2.90	    3.30	    2.90
12/30/1994	    3.30	    2.90	    2.90	    2.90
12/31/1994	    2.90	    2.90	    2.90	    2.90
01/01/1995	    2.90	    2.80	    2.80	    2.85
01/02/1995	    2.80	    2.80	    2.80	    2.80
01/03/1995	    2.80	    2.80	    2.80	    2.80
01/04/1995	    2.80	    2.70	    2.70	    2.75
01/05/1995	    2.70	    2.70	    2.70	    2.70
01/06/1995	    2.80	    2.70	    2.70	    2.75
01/07/1995	    2.80	    2.80	    2.80	    2.80
01/08/1995	    2.80	    2.80	    2.80	    2.80
01/09/1995	    2.80	    2.80	    2.80	    2.80
01/10/1995	    2.80	    2.80	    2.80	    2.80
01/11/1995	    2.90	    2.80	    2.80	    2.85
01/12/1995	    2.90	    2.80	    2.90	    2.90
01/13/1995	    2.90	    2.90	    2.90	    2.90
01/14/1995	    2.90	    2.90	    2.90	    2.90
01/15/1995	    2.90	    2.90	    2.90	    2.90
01/16/1995	    2.90	    2.90	    2.90	    2.90
01/17/1995	    3.30	    2.90	    2.90	    2.92
01/18/1995	    5.00	    2.90	    3.30	    2.93
01/19/1995	    3.50	    3.10	    3.30	    2.95
01/20/1995	    3.30	    3.10	    3.10	    2.97
01/21/1995	    3.10	    3.10	    3.00	    2.98
01/22/1995	    3.00	    2.90	    3.00	    3.00
01/23/1995	    3.00	    2.90	    2.90	    2.95
01/24/1995	    2.90	    2.90	    2.90	    2.90
01/25/1995	    2.90	    2.90	    2.90	    2.90
01/26/1995	    2.90	    2.90	    2.90	    2.90
01/27/1995	    2.90	    2.90	    2.90	    2.90
01/28/1995	    2.90	    2.90	    2.90	    2.90
01/29/1995	    2.90	    2.90	    2.90	    2.90
01/30/1995	    2.90	    2.90	    2.90	    2.90
01/31/1995	    2.90	    2.90	    2.90	    2.90
02/01/1995	    2.90	    2.90	    2.90	    2.90
02/02/1995	    2.90	    2.90	    2.90	    2.90
02/03/1995	    2.90	    2.80	    2.90	    2.90
02/04/1995	    2.90	    2.80	    2.80	    2.85
02/05/1995	    2.80	    2.80	    2.80	    2.80
02/06/1995	    2.80	    2.80	    2.80	    2.80
02/07/1995	    2.80	    2.80	    2.80	    2.80
02/08/1995	    2.80	    2.80	    2.80	    2.80
02/09/1995	    2.80	    2.70	    2.80	    2.80
02/10/1995	    2.80	    2.70	    2.70	    2.75
02/11/1995	    2.70	    2.70	    2.70	    2.70
02/12/1995	    2.70	    2.70	    2.70	    2.70
02/13/1995	    2.70	    2.70	    2.70	    2.70
02/14/1995	    2.70	    2.70	    2.70	    2.70
02/15/1995	    2.70	    2.70	    2.70	    2.70
02/16/1995	    2.70	    2.70	    2.70	    2.70
02/17/1995	    2.70	    2.70	    2.70	    2.70
02/18/1995	    3.00	    3.00	    2.70	    2.76
02/19/1995	    5.00	    3.00	    3.00	    2.82
02/20/1995	   10.00	    3.00	    5.00	    2.89
02/21/1995	    7.00	    5.00	    6.00	    2.95
02/22/1995	    6.00	    5.00	    5.00	    3.02
02/23/1995	    5.00	    5.00	    4.00	    3.09
02/24/1995	    4.00	    3.30	    3.50	    3.16
02/25/1995	    3.50	    3.30	    3.30	    3.23
02/26/1995	    3.30	    3.30	    3.30	    3.30
02/27/1995	    3.30	    3.30	    3.30	    3.30
02/28/1995	    3.30	    3.30	    3.30	    3.30
03/01/1995	    3.30	    3.30	    3.10	    3.20
03/02/1995	    3.10	    3.00	    3.00	    3.10
03/03/1995	    3.00	    3.00	    3.00	    3.00
03/04/1995	    3.00	    3.00	    3.00	    3.00
03/05/1995	    3.00	    3.00	    3.00	    3.00
03/06/1995	    3.00	    3.00	    3.00	    3.00
03/07/1995	    3.00	    3.00	    3.00	    3.00
03/08/1995	    3.00	    3.00	    3.00	    3.00
03/09/1995	    3.00	    3.00	    3.00	    3.00
03/10/1995	    3.10	    3.00	    3.00	    2.95
03/11/1995	   13.00	    3.50	    3.10	    2.91
03/12/1995	    5.70	    3.50	    3.50	    2.86
03/13/1995	    3.50	    3.50	    3.30	    2.82
03/14/1995	    3.30	    2.80	    2.90	    2.77
03/15/1995	    2.90	    2.80	    2.80	    2.73
03/16/1995	    2.80	    2.80	    2.70	    2.68
03/17/1995	    2.70	    2.60	    2.60	    2.64
03/18/1995	    2.60	    2.60	    2.60	    2.60
03/19/1995	    2.60	    2.60	    2.60	    2.60
03/20/1995	    6.20	    3.70	    2.60	    2.63
03/21/1995	    5.20	    3.70	    3.70	    2.67
03/22/1995	    3.70	    3.70	    3.60	    2.70
03/23/1995	    3.60	    2.80	    3.10	    2.73
03/24/1995	    3.10	    2.80	    2.80	    2.77
03/25/1995	    2.80	    2.80	    2.80	    2.80
03/26/1995	    3.20	    3.20	    2.80	    2.77
03/27/1995	    4.90	    3.20	    3.20	    2.74
03/28/1995	    4.90	    3.20	    4.10	    2.71
03/29/1995	    4.10	    3.40	    3.70	    2.68
03/30/1995	    3.70	    3.40	    3.40	    2.65
03/31/1995	    3.40	    3.40	    3.30	    2.62
04/01/1995	    3.30	    2.80	    2.90	    2.59
04/02/1995	    2.90	    2.80	    2.80	    2.56
04/03/1995	    2.80	    2.80	    2.50	    2.53
04/04/1995	    2.50	    2.50	    2.50	    2.50
04/05/1995	    2.50	    2.50	    2.50	    2.50
04/06/1995	    2.60	    2.50	    2.50	    2.60
04/07/1995	    2.90	    2.90	    2.60	    2.87
04/08/1995	    3.90	    2.90	    2.90	    3.08
04/09/1995	    3.30	    2.90	    3.30	    3.30
04/10/1995	    3.80	    3.80	    3.30	    3.46
04/11/1995	   12.00	    3.80	    3.80	    3.63
04/12/1995	   14.00	    3.80	    7.50	    3.80
04/13/1995	    7.50	    4.90	    5.80	    3.99
04/14/1995	    5.80	    4.90	    4.90	    4.18
04/15/1995	    4.90	    4.90	    4.60	    4.39
04/16/1995	    4.60	    4.60	    4.60	    4.60
04/17/1995	    4.60	    4.60	    4.60	    4.60
04/18/1995	   12.00	    4.60	    4.60	    5.05
04/19/1995	    9.00	    6.10	    6.10	    5.55
04/20/1995	    6.10	    6.10	    6.10	    6.10
04/21/1995	    8.90	    6.10	    6.10	    5.75
04/22/1995	    6.30	    4.80	    5.20	    5.41
04/23/1995	    5.20	    4.80	    4.80	    5.10
04/24/1995	    4.80	    4.80	    4.80	    4.80
04/25/1995	    4.80	    4.80	    4.80	    4.80
04/26/1995	    5.10	    4.80	    4.80	    4.80
04/27/1995	    7.50	    4.80	    5.10	    4.80
04/28/1995	    5.20	    4.80	    4.80	    4.80
04/29/1995	    4.80	    4.80	    4.80	    4.80
04/30/1995	    5.40	    4.80	    4.60	    4.59
05/01/1995	    4.60	    4.00	    4.30	    4.38
05/02/1995	    4.30	    4.00	    4.00	    4.19
05/03/1995	    4.00	    4.00	    4.00	    4.00
05/04/1995	    4.00	    3.60	    3.90	    3.86
05/05/1995	    3.90	    3.60	    3.60	    3.73
05/06/1995	    3.60	    3.60	    3.60	    3.60
05/07/1995	    3.60	    3.60	    3.60	    3.60
05/08/1995	    9.50	    3.60	    3.60	    4.23
05/09/1995	   13.00	    3.60	    9.50	    4.98
05/10/1995	   20.00	    8.10	    9.90	    5.86
05/11/1995	    9.90	    8.10	    8.10	    6.89
05/12/1995	    8.10	    8.10	    8.10	    8.10
05/13/1995	   14.00	    7.50	    8.10	    7.64
05/14/1995	    9.60	    7.50	    7.50	    7.21
05/15/1995	    7.50	    7.50	    6.90	    6.80
05/16/1995	    6.90	    5.80	    6.50	    6.42
05/17/1995	    6.50	    5.80	    5.80	    6.06
05/18/1995	    5.80	    5.80	    5.40	    5.71
05/19/1995	    5.40	    4.80	    5.00	    5.39
05/20/1995	    5.00	    4.80	    4.80	    5.00
05/21/1995	    4.80	    4.80	    4.80	    4.80
05/22/1995	    4.80	    4.80	    4.80	    4.80
05/23/1995	    5.00	    4.80	    4.80	    4.72
05/24/1995	    5.20	    4.80	    4.70	    4.65
05/25/1995	    4.70	    4.50	    4.50	    4.57
05/26/1995	    4.50	    4.50	    4.50	    4.50
05/27/1995	    7.10	    4.50	    4.50	    4.58
05/28/1995	    9.10	    5.30	    6.40	    4.66
05/29/1995	    6.40	    5.30	    5.30	    4.74
05/30/1995	    5.30	    5.30	    4.90	    4.82
05/31/1995	    4.90	    4.90	    4.90	    4.90
06/01/1995	    4.90	    4.90	    4.90	    4.90
06/02/1995	    5.00	    4.90	    4.90	    4.82
06/03/1995	    5.00	    4.60	    4.70	    4.75
06/04/1995	    4.70	    4.60	    4.60	    4.67
06/05/1995	    4.60	    4.60	    4.60	    4.60
06/06/1995	    5.40	    4.80	    4.60	    4.60
06/07/1995	    5.30	    4.80	    4.80	    4.60
06/08/1995	    4.80	    4.80	    4.60	    4.60
06/09/1995	    4.60	    4.60	    4.60	    4.60
06/10/1995	    4.70	    4.60	    4.60	    4.53
06/11/1995	    4.60	    4.60	    4.40	    4.47
06/12/1995	    4.40	    4.30	    4.40	    4.40
06/13/1995	    4.50	    4.30	    4.30	    4.30
06/14/1995	    4.30	    4.30	    4.10	    4.20
06/15/1995	    4.10	    4.10	    4.10	    4.10
06/16/1995	    4.20	    4.10	    4.10	    4.02
06/17/1995	    4.20	    4.10	    4.00	    3.94
06/18/1995	    4.00	    3.70	    3.80	    3.86
06/19/1995	    3.80	    3.70	    3.70	    3.78
06/20/1995	    3.70	    3.70	    3.70	    3.70
06/21/1995	    3.80	    3.60	    3.60	    3.65
06/22/1995	    3.60	    3.60	    3.60	    3.60
06/23/1995	    3.70	    3.60	    3.60	    3.64
06/24/1995	    5.90	    5.90	    3.70	    3.68
06/25/1995	    7.10	    5.90	    5.90	    3.72
06/26/1995	    7.70	    5.90	    7.10	    3.75
06/27/1995	    7.70	    4.80	    5.20	    3.79
06/28/1995	    5.20	    4.80	    4.80	    3.83
06/29/1995	    4.80	    4.80	    4.20	    3.88
06/30/1995	    4.20	    4.00	    4.10	    3.92
07/01/1995	    4.10	    4.00	    4.00	    3.96
07/02/1995	    4.00	    4.00	    4.00	    4.00
07/03/1995	    4.20	    4.20	    4.00	    3.89
07/04/1995	    4.60	    4.20	    4.20	    3.79
07/05/1995	    5.90	    4.20	    4.50	    3.69
07/06/1995	    4.50	    3.50	    3.50	    3.59
07/07/1995	    3.50	    3.50	    3.50	    3.50
07/08/1995	    3.50	    3.50	    3.50	    3.50
07/09/1995	    3.60	    3.50	    3.50	    3.50
07/10/1995	    3.50	    3.50	    3.50	    3.50
07/11/1995	    3.50	    3.50	    3.50	    3.50
07/12/1995	    3.50	    3.50	    3.50	    3.50
07/13/1995	    3.60	    3.50	    3.50	    3.50
07/14/1995	    3.50	    3.50	    3.50	    3.50
07/15/1995	    3.60	    3.60	    3.50	    3.48
07/16/1995	    4.10	    3.60	    3.60	    3.46
07/17/1995	    3.90	    3.60	    3.50	    3.44
07/18/1995	    3.50	    3.40	    3.40	    3.42
07/19/1995	    3.40	    3.40	    3.40	    3.40
07/20/1995	    3.60	    3.40	    3.40	    3.43
07/21/1995	    3.60	    3.50	    3.50	    3.47
07/22/1995	    3.50	    3.50	    3.50	    3.50
07/23/1995	    3.50	    3.50	    3.30	    3.40
07/24/1995	    3.30	    3.10	    3.20	    3.29
07/25/1995	    3.20	    3.10	    3.10	    3.20
07/26/1995	    3.10	    3.10	    3.10	    3.10
07/27/1995	    7.60	    4.30	    3.10	    3.19
07/28/1995	   13.00	    4.30	    4.30	    3.29
07/29/1995	    4.30	    4.30	    3.80	    3.39
07/30/1995	    3.80	    3.60	    3.60	    3.49
07/31/1995	    3.60	    3.60	    3.60	    3.60
08/01/1995	    3.80	    3.60	    3.60	    3.70
08/02/1995	    3.80	    3.80	    3.80	    3.80
08/03/1995	    4.00	    3.80	    3.80	    3.77
08/04/1995	    4.00	    3.80	    3.70	    3.73
08/05/1995	    3.70	    3.70	    3.70	    3.70
08/06/1995	    7.90	    3.70	    3.70	    3.95
08/07/1995	   33.00	    3.70	    6.00	    4.21
08/08/1995	    6.00	    4.80	    4.80	    4.50
08/09/1995	    4.80	    4.80	    4.80	    4.80
08/10/1995	    5.10	    4.80	    4.80	    4.41
08/11/1995	    5.10	    3.30	    3.70	    4.06
08/12/1995	    3.70	    3.30	    3.30	    3.70
08/13/1995	    3.30	    3.30	    3.20	    3.30
08/14/1995	    3.20	    2.90	    2.90	    3.15
08/15/1995	    2.90	    2.90	    2.90	    2.90
08/16/1995	    3.10	    2.90	    2.90	    2.90
08/17/1995	    3.30	    3.10	    3.10	    2.90
08/18/1995	    3.20	    3.10	    3.10	    2.90
08/19/1995	    3.10	    3.10	    2.90	    2.90
08/20/1995	    2.90	    2.90	    2.90	    2.90
08/21/1995	    2.90	    2.90	    2.90	    2.90
08/22/1995	    3.20	    2.90	    2.90	    2.97
08/23/1995	    3.40	    3.10	    3.10	    3.03
08/24/1995	    3.10	    3.10	    3.10	    3.10
08/25/1995	    3.30	    3.10	    3.10	    3.10
08/26/1995	    3.10	    3.10	    3.10	    3.10
08/27/1995	    3.10	    3.10	    3.10	    3.10
08/28/1995	    4.50	    3.10	    3.10	    3.14
08/29/1995	    7.80	    3.60	    4.50	    3.18
08/30/1995	    4.90	    3.60	    3.60	    3.22
08/31/1995	    3.60	    3.60	    3.30	    3.26
09/01/1995	    3.30	    3.30	    3.30	    3.30
09/02/1995	    3.50	    3.30	    3.30	    3.27
09/03/1995	    3.80	    3.30	    3.50	    3.25
09/04/1995	    3.50	    3.20	    3.20	    3.22
09/05/1995	    3.20	    3.20	    3.20	    3.20
09/06/1995	    3.70	    3.20	    3.20	    3.17
09/07/1995	    4.80	    3.80	    3.70	    3.14
09/08/1995	    4.10	    3.80	    3.80	    3.11
09/09/1995	    3.80	    3.80	    3.60	    3.08
09/10/1995	    3.60	    3.40	    3.50	    3.05
09/11/1995	    3.50	    3.40	    3.40	    3.02
09/12/1995	    3.40	    3.40	    3.20	    2.99
09/13/1995	    3.20	    2.90	    3.00	    2.96
09/14/1995	    3.00	    2.90	    2.90	    2.93
09/15/1995	    2.90	    2.90	    2.90	    2.90
09/16/1995	    3.40	    3.40	    2.90	    3.12
09/17/1995	    3.60	    3.40	    3.40	    3.35
09/18/1995	    3.60	    3.40	    3.60	    3.60
09/19/1995	    4.90	    4.50	    3.60	    3.55
09/20/1995	    5.40	    4.50	    4.50	    3.50
09/21/1995	    4.50	    4.50	    3.80	    3.45
09/22/1995	    3.80	    3.30	    3.50	    3.40
09/23/1995	    3.50	    3.30	    3.30	    3.35
09/24/1995	    3.30	    3.30	    3.30	    3.30
09/25/1995	    3.50	    3.10	    3.30	    3.23
09/26/1995	    3.60	    3.10	    3.10	    3.17
09/27/1995	    3.10	    3.10	    3.10	    3.10
09/28/1995	    3.10	    3.10	    3.10	    3.10
09/29/1995	    3.20	    3.10	    3.10	    3.10
09/30/1995	    3.80	    3.10	    3.20	    3.10
