DV_date	QTOT	QGW_fixed	QGW_slide	QGW_locmin
10D	12N	12N	12N	12N
10/1/1990	0.39	0.37	0.39	0
10/2/1990	0.48	0.37	0.37	0
10/3/1990	0.37	0.37	0.37	0.37
10/4/1990	0.72	0.49	0.37	0.38
10/5/1990	0.64	0.49	0.49	0.38
10/6/1990	0.49	0.49	0.4	0.39
10/7/1990	0.4	0.4	0.4	0.4
10/8/1990	0.41	0.4	0.4	0.41
10/9/1990	0.56	0.4	0.41	0.56
10/10/1990	0.81	0.81	0.56	0.77
10/11/1990	1.4	0.81	0.81	0.97
10/12/1990	2.3	0.81	1.4	1.2
10/13/1990	1.5	1.5	1.5	1.5
10/14/1990	2.3	1.5	1.5	1.72
10/15/1990	4.2	1.5	2.3	1.97
10/16/1990	3.5	2.6	2.6	2.27
10/17/1990	2.6	2.6	2.6	2.6
10/18/1990	22	2.6	2.6	3.25
10/19/1990	16	5.1	5.1	4.07
10/20/1990	5.1	5.1	5.1	5.1
10/21/1990	9.9	5.1	5.1	4.36
10/22/1990	7.6	2.5	3.5	3.72
10/23/1990	3.5	2.5	2.5	3.18
10/24/1990	2.5	2.5	2	2.5
10/25/1990	2	1.2	1.4	2
10/26/1990	1.4	1.2	1.2	1.4
10/27/1990	1.2	1.2	1.1	1.2
10/28/1990	1.1	0.89	0.94	1.1
10/29/1990	0.94	0.89	0.89	0.94
10/30/1990	0.89	0.89	0.79	0.89
10/31/1990	0.79	0.77	0.77	0.79
11/1/1990	0.77	0.77	0.77	0.77
11/2/1990	0.83	0.77	0.77	0.83
11/3/1990	1.6	1.6	0.83	1.1
11/4/1990	7.3	1.6	1.6	1.31
11/5/1990	11	1.6	7.3	1.57
11/6/1990	19	4.6	9	1.88
11/7/1990	9	4.6	4.6	2.24
11/8/1990	4.6	4.6	3.2	2.68
11/9/1990	3.2	3.2	3.2	3.2
11/10/1990	5.6	3.2	3.2	2.59
11/11/1990	4.7	3.2	2.4	2.1
11/12/1990	2.4	0.98	1.4	1.71
11/13/1990	1.4	0.98	0.98	1.38
11/14/1990	0.98	0.98	0.91	0.98
11/15/1990	0.91	0.91	0.91	0.91
11/16/1990	1	0.91	0.91	0.91
11/17/1990	0.92	0.91	0.92	0.92
11/18/1990	0.92	0.77	0.9	0.87
11/19/1990	0.9	0.77	0.77	0.82
11/20/1990	0.77	0.77	0.77	0.77
11/21/1990	1.3	1.3	0.77	0.78
11/22/1990	3	1.3	1.3	0.8
11/23/1990	2.8	1.3	1.7	0.81
11/24/1990	1.7	0.86	1.2	0.83
11/25/1990	1.2	0.86	0.86	0.84
11/26/1990	0.86	0.86	0.86	0.86
11/27/1990	1.1	1.1	0.86	0.92
11/28/1990	4	1.1	1.1	0.99
11/29/1990	3.7	1.1	2	1.06
11/30/1990	2	1.3	1.5	1.13
12/1/1990	1.5	1.3	1.3	1.21
12/2/1990	1.3	1.3	1.3	1.3
12/3/1990	2.9	1.9	1.3	1.48
12/4/1990	6.1	1.9	1.9	1.67
12/5/1990	1.9	1.9	1.9	1.9
12/6/1990	2.5	1.6	1.9	1.79
12/7/1990	1.9	1.6	1.6	1.69
12/8/1990	1.6	1.6	1.5	1.59
12/9/1990	1.5	1.5	1.5	1.5
12/10/1990	2	1.5	1.5	1.47
12/11/1990	2.4	1.5	2	1.45
12/12/1990	9.4	9.4	2.4	1.42
12/13/1990	18	9.4	9.4	1.4
12/14/1990	9.9	9.4	7	1.38
12/15/1990	7	3.7	4.5	1.35
12/16/1990	4.5	3.7	3.7	1.33
12/17/1990	3.7	3.7	3.4	1.31
12/18/1990	3.4	3.1	3.2	1.28
12/19/1990	3.2	3.1	3.1	1.26
12/20/1990	3.1	3.1	2.7	1.24
12/21/1990	2.7	1.7	2	1.22
12/22/1990	2	1.7	1.7	1.2
12/23/1990	1.7	1.7	1.5	1.18
12/24/1990	1.5	1.2	1.3	1.16
12/25/1990	1.3	1.2	1.2	1.14
12/26/1990	1.2	1.2	1.1	1.12
12/27/1990	1.1	1.1	1.1	1.1
12/28/1990	1.1	1.1	1.1	1.1
12/29/1990	2	1.1	1.1	1.01
12/30/1990	1.5	1.1	1.2	0.94
12/31/1990	1.2	1.1	1.1	0.86
1/1/1991	1.1	1.1	1	0.79
1/2/1991	1	0.74	0.97	0.73
1/3/1991	0.97	0.74	0.74	0.68
1/4/1991	0.74	0.74	0.58	0.62
1/5/1991	0.58	0.49	0.51	0.57
1/6/1991	0.51	0.49	0.49	0.51
1/7/1991	0.49	0.49	0.45	0.49
1/8/1991	0.45	0.45	0.45	0.45
1/9/1991	0.58	0.45	0.45	0.44
1/10/1991	0.48	0.45	0.43	0.43
1/11/1991	0.43	0.42	0.42	0.43
1/12/1991	0.42	0.42	0.42	0.42
1/13/1991	0.45	0.42	0.42	0.42
1/14/1991	0.43	0.42	0.43	0.43
1/15/1991	0.45	0.42	0.42	0.42
1/16/1991	0.42	0.42	0.42	0.42
1/17/1991	0.42	0.42	0.42	0.42
1/18/1991	0.45	0.42	0.42	0.39
1/19/1991	0.48	0.42	0.45	0.37
1/20/1991	0.52	0.3	0.35	0.34
1/21/1991	0.35	0.3	0.3	0.32
1/22/1991	0.3	0.3	0.26	0.3
1/23/1991	0.26	0.23	0.24	0.26
1/24/1991	0.24	0.23	0.23	0.24
1/25/1991	0.23	0.23	0.22	0.23
1/26/1991	0.22	0.2	0.21	0.22
1/27/1991	0.21	0.2	0.2	0.21
1/28/1991	0.2	0.2	0.2	0.2
1/29/1991	0.2	0.2	0.2	0.2
1/30/1991	0.2	0.2	0.2	0.2
1/31/1991	0.2	0.2	0.2	0.2
2/1/1991	0.22	0.22	0.2	0.22
2/2/1991	0.27	0.22	0.22	0.27
2/3/1991	0.36	0.22	0.27	0.36
2/4/1991	1.8	1.8	0.36	1.8
2/5/1991	17	1.8	1.8	7
2/6/1991	33	1.8	17	14.24
2/7/1991	29	29	29	29
2/8/1991	55	29	29	21.68
2/9/1991	58	29	29	16.21
2/10/1991	29	12	21	12.11
2/11/1991	21	12	12	9.06
2/12/1991	12	12	4.7	6.77
2/13/1991	4.7	3	3.9	4.7
2/14/1991	3.9	3	3	3.78
2/15/1991	3	3	2	2.83
2/16/1991	2	1	1.5	2
2/17/1991	1.5	1	1	1.5
2/18/1991	1	1	0.87	1
2/19/1991	0.87	0.66	0.66	0.87
2/20/1991	0.66	0.66	0.66	0.66
2/21/1991	2	0.66	0.66	0.76
2/22/1991	14	8.8	2	0.88
2/23/1991	12	8.8	8.8	1.02
2/24/1991	8.8	8.8	3.3	1.18
2/25/1991	3.3	2.2	2.5	1.36
2/26/1991	2.5	2.2	2.2	1.57
2/27/1991	2.2	2.2	2.1	1.82
2/28/1991	2.1	2.1	2.1	2.1
3/1/1991	14	2.1	2.1	2.87
3/2/1991	263	2.1	14	3.92
3/3/1991	32	10	19	5.36
3/4/1991	19	10	10	7.32
3/5/1991	10	10	10	10
3/6/1991	88	16	10	9.37
3/7/1991	25	16	16	8.77
3/8/1991	16	16	7.7	8.22
3/9/1991	7.7	7.7	7.7	7.7
3/10/1991	15	7.7	7.7	9.52
3/11/1991	28	7.7	15	11.77
3/12/1991	25	18	18	14.56
3/13/1991	18	18	18	18
3/14/1991	18	18	18	18
3/15/1991	22	22	18	22
3/16/1991	39	22	22	30.14
3/17/1991	39	22	39	39
3/18/1991	45	45	39	45
3/19/1991	86	45	45	60.85
3/20/1991	76	45	76	76
3/21/1991	125	40	40	55.14
3/22/1991	40	40	40	40
3/23/1991	83	40	40	28.84
3/24/1991	46	15	15	20.8
3/25/1991	15	15	15	15
3/26/1991	16	15	15	11.53
3/27/1991	23	8.2	16	8.87
3/28/1991	23	8.2	8.2	6.82
3/29/1991	8.2	8.2	4.6	5.24
3/30/1991	4.6	3.1	3.1	4.03
3/31/1991	3.1	3.1	3.1	3.1
4/1/1991	3.1	3.1	2.8	2.74
4/2/1991	2.8	1.9	2.3	2.43
4/3/1991	2.3	1.9	1.9	2.15
4/4/1991	1.9	1.9	1.9	1.9
4/5/1991	1.9	1.2	1.5	1.63
4/6/1991	1.5	1.2	1.2	1.4
4/7/1991	1.2	1.2	1.2	1.2
4/8/1991	1.4	1.4	1.2	1.4
4/9/1991	5.9	1.4	1.4	3.84
4/10/1991	45	1.4	5.9	6.87
4/11/1991	59	22	22	12.3
4/12/1991	22	22	22	22
4/13/1991	59	22	22	17.59
4/14/1991	175	23	59	14.06
4/15/1991	67	23	23	11.24
4/16/1991	23	23	8.4	8.99
4/17/1991	8.4	3.4	4.6	7.19
4/18/1991	4.6	3.4	3.4	4.6
4/19/1991	3.4	3.4	2.7	3.4
4/20/1991	2.7	1.9	2.1	2.7
4/21/1991	2.1	1.9	1.9	2.1
4/22/1991	1.9	1.9	1.6	1.9
4/23/1991	1.6	1.2	1.5	1.6
4/24/1991	1.5	1.2	1.2	1.5
4/25/1991	1.2	1.2	1.2	1.2
4/26/1991	1.3	1.3	1.2	1.15
4/27/1991	1.5	1.3	1.3	1.09
4/28/1991	2	1.3	1.5	1.04
4/29/1991	1.9	1.1	1.3	1
4/30/1991	1.3	1.1	1.1	0.95
5/1/1991	1.1	1.1	0.98	0.91
5/2/1991	0.98	0.79	0.8	0.87
5/3/1991	0.8	0.79	0.79	0.8
5/4/1991	0.79	0.79	0.79	0.79
5/5/1991	1.1	1.1	0.79	0.98
5/6/1991	2.4	1.1	1.1	1.23
5/7/1991	2.1	1.1	1.9	1.53
5/8/1991	1.9	1.9	1.9	1.9
5/9/1991	3.5	1.9	1.9	1.65
5/10/1991	2.8	1.9	1.8	1.43
5/11/1991	1.8	1.2	1.5	1.25
5/12/1991	1.5	1.2	1.2	1.08
5/13/1991	1.2	1.2	0.99	0.94
5/14/1991	0.99	0.71	0.71	0.82
5/15/1991	0.71	0.71	0.71	0.71
5/16/1991	1	0.71	0.71	0.76
5/17/1991	7	2.8	1	0.82
5/18/1991	7.3	2.8	2.8	0.88
5/19/1991	2.8	2.8	1.5	0.95
5/20/1991	1.5	1.1	1.1	1.02
5/21/1991	1.1	1.1	1.1	1.1
5/22/1991	1.1	1.1	1.1	1.1
5/23/1991	1.3	0.85	1.1	1.01
5/24/1991	1.2	0.85	0.85	0.93
5/25/1991	0.85	0.85	0.85	0.85
5/26/1991	0.92	0.85	0.85	0.85
5/27/1991	1.1	0.85	0.85	0.85
5/28/1991	0.85	0.85	0.85	0.85
5/29/1991	1.1	0.85	0.85	0.85
5/30/1991	0.85	0.85	0.85	0.85
5/31/1991	4.6	0.85	0.85	0.58
6/1/1991	5.5	2.5	4.6	0.4
6/2/1991	6.9	2.5	2.5	0.28
6/3/1991	2.5	2.5	1.1	0.19
6/4/1991	1.1	0.37	0.61	0.13
6/5/1991	0.61	0.37	0.37	0.09
6/6/1991	0.37	0.37	0.17	0.06
6/7/1991	0.17	0.02	0.1	0.04
6/8/1991	0.1	0.02	0.02	0.03
6/9/1991	0.02	0.02	0.02	0.02
6/10/1991	0.02	0	0	0.01
6/11/1991	0	0	0	0
6/12/1991	0	0	0	0
6/13/1991	0	0	0	0
6/14/1991	10	0	0	0.01
6/15/1991	4.2	0	2.1	0.01
6/16/1991	2.1	0.4	0.86	0.01
6/17/1991	0.86	0.4	0.4	0.01
6/18/1991	0.4	0.4	0.18	0.01
6/19/1991	0.18	0.01	0.11	0.01
6/20/1991	0.11	0.01	0.01	0.01
6/21/1991	0.01	0.01	0.01	0.01
6/22/1991	0.02	0	0	0.01
6/23/1991	0	0	0	0
6/24/1991	0	0	0	0
6/25/1991	0	0	0	0
6/26/1991	0	0	0	0
6/27/1991	0	0	0	0
6/28/1991	0	0	0	0
6/29/1991	0	0	0	0
6/30/1991	0	0	0	0
7/1/1991	0	0	0	0
7/2/1991	0	0	0	0
7/3/1991	0	0	0	0
7/4/1991	0	0	0	0
7/5/1991	0	0	0	0
7/6/1991	0	0	0	0
7/7/1991	0	0	0	0
7/8/1991	0	0	0	0
7/9/1991	0	0	0	0
7/10/1991	0	0	0	0
7/11/1991	0	0	0	0
7/12/1991	0	0	0	0
7/13/1991	0	0	0	0
7/14/1991	0	0	0	0
7/15/1991	0	0	0	0
7/16/1991	0	0	0	0
7/17/1991	0	0	0	0
7/18/1991	0	0	0	0
7/19/1991	0	0	0	0
7/20/1991	0	0	0	0
7/21/1991	0	0	0	0
7/22/1991	0	0	0	0
7/23/1991	0	0	0	0
7/24/1991	0	0	0	0
7/25/1991	0	0	0	0
7/26/1991	0	0	0	0
7/27/1991	0	0	0	0
7/28/1991	0	0	0	0
7/29/1991	0	0	0	0
7/30/1991	0	0	0	0
7/31/1991	0	0	0	0
8/1/1991	0	0	0	0
8/2/1991	0	0	0	0
8/3/1991	0	0	0	0
8/4/1991	0	0	0	0
8/5/1991	0	0	0	0
8/6/1991	0	0	0	0
8/7/1991	0	0	0	0
8/8/1991	0	0	0	0
8/9/1991	0	0	0	0
8/10/1991	0	0	0	0
8/11/1991	0	0	0	0
8/12/1991	0	0	0	0
8/13/1991	0	0	0	0
8/14/1991	0	0	0	0
8/15/1991	0	0	0	0
8/16/1991	0	0	0	0
8/17/1991	0	0	0	0
8/18/1991	0	0	0	0
8/19/1991	0	0	0	0
8/20/1991	0	0	0	0
8/21/1991	0	0	0	0
8/22/1991	0	0	0	0
8/23/1991	0	0	0	0
8/24/1991	0	0	0	0
8/25/1991	0	0	0	0
8/26/1991	0	0	0	0
8/27/1991	0	0	0	0
8/28/1991	0	0	0	0
8/29/1991	0	0	0	0
8/30/1991	0	0	0	0
8/31/1991	0	0	0	0
9/1/1991	0	0	0	0
9/2/1991	0	0	0	0
9/3/1991	0	0	0	0
9/4/1991	0	0	0	0
9/5/1991	0	0	0	0
9/6/1991	0	0	0	0
9/7/1991	0	0	0	0
9/8/1991	0	0	0	0
9/9/1991	0	0	0	0
9/10/1991	0	0	0	0
9/11/1991	0	0	0	0
9/12/1991	0	0	0	0
9/13/1991	0	0	0	0
9/14/1991	0	0	0	0
9/15/1991	0	0	0	0
9/16/1991	0	0	0	0
9/17/1991	0	0	0	0
9/18/1991	0	0	0	0
9/19/1991	0	0	0	0
9/20/1991	0	0	0	0
9/21/1991	0	0	0	0
9/22/1991	0	0	0	0
9/23/1991	0	0	0	0
9/24/1991	0	0	0	0
9/25/1991	0	0	0	0
9/26/1991	0	0	0	0
9/27/1991	0	0	0	0
9/28/1991	0	0	0	0
9/29/1991	0	0	0	0
9/30/1991	0	0	0	0
10/1/1991	0	0	0	0
10/2/1991	0	0	0	0
10/3/1991	0	0	0	0
10/4/1991	0	0	0	0
10/5/1991	0	0	0	0
10/6/1991	0	0	0	0
10/7/1991	0	0	0	0
10/8/1991	0	0	0	0
10/9/1991	0	0	0	0
10/10/1991	0	0	0	0
10/11/1991	0	0	0	0
10/12/1991	0	0	0	0
10/13/1991	0	0	0	0
10/14/1991	0	0	0	0
10/15/1991	0	0	0	0
10/16/1991	0	0	0	0
10/17/1991	0	0	0	0
10/18/1991	0	0	0	0
10/19/1991	0	0	0	0
10/20/1991	0	0	0	0
10/21/1991	0	0	0	0
10/22/1991	0	0	0	0
10/23/1991	0	0	0	0
10/24/1991	0	0	0	0
10/25/1991	0	0	0	0
10/26/1991	0	0	0	0
10/27/1991	0	0	0	0
10/28/1991	0	0	0	0
10/29/1991	2.5	2.5	0	0.04
10/30/1991	7.4	2.5	2.5	0.14
10/31/1991	2.5	2.5	2.1	0.55
11/1/1991	2.1	2.1	2.1	2.1
11/2/1991	5.8	2.1	2.1	1.67
11/3/1991	3	2.1	1.9	1.33
11/4/1991	1.9	1	1.2	1.06
11/5/1991	1.2	1	1	0.84
11/6/1991	1	1	0.74	0.67
11/7/1991	0.74	0.33	0.55	0.53
11/8/1991	0.55	0.33	0.33	0.43
11/9/1991	0.33	0.33	0.27	0.33
11/10/1991	0.27	0.27	0.27	0.27
11/11/1991	0.27	0.27	0.27	0.27
11/12/1991	0.27	0.27	0.27	0.27
11/13/1991	0.27	0.27	0.27	0.27
11/14/1991	0.41	0.27	0.27	0.41
11/15/1991	1.8	0.27	0.41	0.9
11/16/1991	3.4	3	1.8	1.64
11/17/1991	3	3	3	3
11/18/1991	3.7	3	3	2.68
11/19/1991	5.8	2.3	3.7	2.39
11/20/1991	4	2.3	2.3	2.13
11/21/1991	2.3	2.3	1.7	1.9
11/22/1991	1.7	1.7	1.7	1.7
11/23/1991	5.5	1.7	1.7	1.58
11/24/1991	17	1.7	5.5	1.47
11/25/1991	5.7	1.6	2.3	1.37
11/26/1991	2.3	1.6	1.6	1.27
11/27/1991	1.6	1.6	1.1	1.18
11/28/1991	1.1	1.1	1.1	1.1
11/29/1991	1.2	1.1	1.1	1.12
11/30/1991	95	1.1	1.2	1.14
12/1/1991	21	2.7	6.4	1.16
12/2/1991	6.4	2.7	2.7	1.18
12/3/1991	2.7	2.7	1.9	1.21
12/4/1991	1.9	1.5	1.7	1.23
12/5/1991	1.7	1.5	1.5	1.25
12/6/1991	1.5	1.5	1.3	1.28
12/7/1991	1.3	1.3	1.3	1.3
12/8/1991	1.5	1.3	1.3	1.22
12/9/1991	3.4	1.3	1.5	1.14
12/10/1991	4.3	4.3	3.4	1.06
12/11/1991	4.4	4.3	4.3	1
12/12/1991	81	4.3	4.4	0.93
12/13/1991	77	4.5	22	0.87
12/14/1991	22	4.5	4.5	0.82
12/15/1991	4.5	4.5	2.6	0.76
12/16/1991	2.6	1.2	1.6	0.71
12/17/1991	1.6	1.2	1.2	0.67
12/18/1991	1.2	1.2	1	0.62
12/19/1991	1	0.7	0.8	0.58
12/20/1991	0.8	0.7	0.7	0.55
12/21/1991	0.7	0.7	0.6	0.51
12/22/1991	0.6	0.47	0.52	0.48
12/23/1991	0.52	0.47	0.47	0.45
12/24/1991	0.47	0.47	0.43	0.42
12/25/1991	0.43	0.35	0.38	0.39
12/26/1991	0.38	0.35	0.35	0.37
12/27/1991	0.35	0.35	0.32	0.34
12/28/1991	0.32	0.3	0.3	0.32
12/29/1991	0.3	0.3	0.3	0.3
12/30/1991	0.3	0.3	0.3	0.3
12/31/1991	0.31	0.31	0.3	0.31
1/1/1992	0.32	0.31	0.31	0.32
1/2/1992	0.33	0.31	0.32	0.33
1/3/1992	1.3	1.3	0.33	0.69
1/4/1992	6	1.3	1.3	0.85
1/5/1992	4.1	1.3	2.7	1.05
1/6/1992	2.7	1.6	1.6	1.3
1/7/1992	1.6	1.6	1.6	1.6
1/8/1992	5.3	1.6	1.6	2.06
1/9/1992	41	6.4	5.3	2.66
1/10/1992	19	6.4	6.4	3.43
1/11/1992	6.4	6.4	5.7	4.42
1/12/1992	5.7	5.7	5.7	5.7
1/13/1992	23	5.7	5.7	4.64
1/14/1992	7	5.7	2.3	3.77
1/15/1992	2.3	1.2	1.7	2.3
1/16/1992	1.7	1.2	1.2	1.7
1/17/1992	1.2	1.2	0.75	1.2
1/18/1992	0.75	0.47	0.6	0.75
1/19/1992	0.6	0.47	0.47	0.6
1/20/1992	0.47	0.47	0.4	0.47
1/21/1992	0.4	0.3	0.35	0.4
1/22/1992	0.35	0.3	0.3	0.35
1/23/1992	0.3	0.3	0.27	0.3
1/24/1992	0.27	0.22	0.24	0.27
1/25/1992	0.24	0.22	0.22	0.24
1/26/1992	0.22	0.22	0.19	0.22
1/27/1992	0.19	0.17	0.18	0.19
1/28/1992	0.18	0.17	0.17	0.18
1/29/1992	0.17	0.17	0.17	0.17
1/30/1992	0.17	0.17	0.17	0.17
1/31/1992	0.21	0.17	0.17	0.17
2/1/1992	0.31	0.17	0.21	0.17
2/2/1992	0.56	0.56	0.31	0.17
2/3/1992	0.83	0.56	0.56	0.17
2/4/1992	1.1	0.56	0.83	0.17
2/5/1992	1.5	0.5	0.7	0.17
2/6/1992	0.7	0.5	0.5	0.17
2/7/1992	0.5	0.5	0.4	0.17
2/8/1992	0.4	0.25	0.3	0.17
2/9/1992	0.3	0.25	0.25	0.17
2/10/1992	0.25	0.25	0.21	0.17
2/11/1992	0.21	0.18	0.2	0.17
2/12/1992	0.2	0.18	0.18	0.17
2/13/1992	0.18	0.18	0.17	0.17
2/14/1992	0.17	0.17	0.17	0.17
2/15/1992	0.17	0.17	0.17	0.17
2/16/1992	0.17	0.17	0.16	0.16
2/17/1992	0.16	0.16	0.16	0.16
2/18/1992	0.19	0.16	0.16	0.17
2/19/1992	0.2	0.16	0.19	0.19
2/20/1992	0.25	0.25	0.2	0.21
2/21/1992	0.27	0.25	0.25	0.23
2/22/1992	0.25	0.25	0.25	0.25
2/23/1992	1	1	0.25	0.43
2/24/1992	1.9	1	1	0.74
2/25/1992	2.3	1	1.9	1.28
2/26/1992	2.2	2.2	2.2	2.2
2/27/1992	10	2.2	2.2	4.67
2/28/1992	55	2.2	10	9.9
2/29/1992	21	21	21	21
3/1/1992	34	21	21	20.66
3/2/1992	25	21	20	20.33
3/3/1992	20	20	20	20
3/4/1992	27	20	20	20
3/5/1992	36	20	27	20
3/6/1992	140	20	36	20
3/7/1992	37	20	20	20
3/8/1992	20	20	20	20
3/9/1992	100	8.8	18	14.18
3/10/1992	18	8.8	8.8	10.05
3/11/1992	8.8	8.8	5.4	7.13
3/12/1992	5.4	2.2	3.3	5.05
3/13/1992	3.3	2.2	2.2	3.3
3/14/1992	2.2	2.2	1.8	2.2
3/15/1992	1.8	1.8	1.8	1.8
3/16/1992	5.7	1.8	1.8	1.73
3/17/1992	16	1.8	5.7	1.66
3/18/1992	9.4	3.6	5.1	1.59
3/19/1992	5.1	3.6	3.6	1.53
3/20/1992	3.6	3.6	2.2	1.47
3/21/1992	2.2	1.3	1.5	1.41
3/22/1992	1.5	1.3	1.3	1.35
3/23/1992	1.3	1.3	1.3	1.3
3/24/1992	1.6	1.6	1.3	1.6
3/25/1992	4.3	1.6	1.6	2.28
3/26/1992	4.3	1.6	4	3.02
3/27/1992	4	4	4	4
3/28/1992	6.2	4	4	3.97
3/29/1992	13	4	6.2	3.94
3/30/1992	29	21	13	3.91
3/31/1992	33	21	21	3.88
4/1/1992	21	21	5.5	3.86
4/2/1992	5.5	3.8	3.8	3.83
4/3/1992	3.8	3.8	3.8	3.8
4/4/1992	3.8	3.8	3.5	3.55
4/5/1992	3.5	3.1	3.1	3.32
4/6/1992	3.1	3.1	3.1	3.1
4/7/1992	4.6	3.1	3.1	3.22
4/8/1992	5.7	3.6	4.3	3.34
4/9/1992	4.3	3.6	3.6	3.47
4/10/1992	3.6	3.6	3.6	3.6
4/11/1992	61	17	3.6	4.76
4/12/1992	61	17	17	6.29
4/13/1992	17	17	11	8.32
4/14/1992	11	11	11	11
4/15/1992	13	11	11	12.08
4/16/1992	329	11	13	13.27
4/17/1992	45	16	16	14.57
4/18/1992	16	16	16	16
4/19/1992	20	16	16	13.12
4/20/1992	39	14	20	10.75
4/21/1992	66	14	14	8.82
4/22/1992	14	14	7.5	7.23
4/23/1992	7.5	4.3	5.3	5.93
4/24/1992	5.3	4.3	4.3	4.86
4/25/1992	4.3	4.3	3.3	3.98
4/26/1992	3.3	2	2.8	3.27
4/27/1992	2.8	2	2	2.68
4/28/1992	2	2	1.8	2
4/29/1992	1.8	1.8	1.8	1.8
4/30/1992	2	1.8	1.8	1.55
5/1/1992	1.8	1.8	1.2	1.34
5/2/1992	1.2	1	1	1.16
5/3/1992	1	1	1	1
5/4/1992	1	1	0.86	0.88
5/5/1992	0.86	0.59	0.74	0.78
5/6/1992	0.74	0.59	0.59	0.69
5/7/1992	0.59	0.59	0.54	0.59
5/8/1992	0.54	0.48	0.54	0.54
5/9/1992	0.57	0.48	0.48	0.47
5/10/1992	0.48	0.48	0.42	0.42
5/11/1992	0.42	0.32	0.32	0.36
5/12/1992	0.32	0.32	0.32	0.32
5/13/1992	0.4	0.32	0.3	0.27
5/14/1992	0.3	0.17	0.21	0.23
5/15/1992	0.21	0.17	0.17	0.2
5/16/1992	0.17	0.17	0.17	0.17
5/17/1992	1.1	0.9	0.17	0.17
5/18/1992	1.2	0.9	0.9	0.17
5/19/1992	0.9	0.9	0.54	0.17
5/20/1992	0.54	0.18	0.3	0.18
5/21/1992	0.3	0.18	0.18	0.18
5/22/1992	0.18	0.18	0.18	0.18
5/23/1992	0.18	0.18	0.18	0.18
5/24/1992	0.27	0.18	0.18	0.13
5/25/1992	0.25	0.18	0.23	0.09
5/26/1992	0.23	0.09	0.13	0.07
5/27/1992	0.13	0.09	0.09	0.05
5/28/1992	0.09	0.09	0.07	0.04
5/29/1992	0.07	0.02	0.04	0.03
5/30/1992	0.04	0.02	0.02	0.02
5/31/1992	0.02	0.02	0	0.01
6/1/1992	0	0	0	0
6/2/1992	0	0	0	0
6/3/1992	0	0	0	0
6/4/1992	0	0	0	0
6/5/1992	0	0	0	0
6/6/1992	0	0	0	0
6/7/1992	0	0	0	0
6/8/1992	0	0	0	0
6/9/1992	0	0	0	0
6/10/1992	0	0	0	0
6/11/1992	0	0	0	0
6/12/1992	0	0	0	0
6/13/1992	0	0	0	0
6/14/1992	0	0	0	0
6/15/1992	0	0	0	0
6/16/1992	0	0	0	0
6/17/1992	0	0	0	0
6/18/1992	0	0	0	0
6/19/1992	0	0	0	0
6/20/1992	0	0	0	0
6/21/1992	0	0	0	0
6/22/1992	0	0	0	0
6/23/1992	0	0	0	0
6/24/1992	0	0	0	0
6/25/1992	0	0	0	0
6/26/1992	0	0	0	0
6/27/1992	0	0	0	0
6/28/1992	0	0	0	0
6/29/1992	0	0	0	0
6/30/1992	0	0	0	0
7/1/1992	0	0	0	0
7/2/1992	0	0	0	0
7/3/1992	0	0	0	0
7/4/1992	0	0	0	0
7/5/1992	0	0	0	0
7/6/1992	0	0	0	0
7/7/1992	0	0	0	0
7/8/1992	0	0	0	0
7/9/1992	0	0	0	0
7/10/1992	0	0	0	0
7/11/1992	0	0	0	0
7/12/1992	0.06	0	0	0.01
7/13/1992	0.23	0.23	0.06	0.02
7/14/1992	3.1	0.23	0.23	0.02
7/15/1992	2.1	0.23	0.65	0.03
7/16/1992	0.65	0.2	0.23	0.04
7/17/1992	0.23	0.2	0.2	0.06
7/18/1992	0.2	0.2	0.1	0.07
7/19/1992	0.1	0.1	0.1	0.1
7/20/1992	0.1	0.1	0.1	0.1
7/21/1992	0.11	0.1	0.04	0.06
7/22/1992	0.04	0.04	0.04	0.04
7/23/1992	0.06	0.04	0.04	0.03
7/24/1992	0.1	0.04	0.01	0.02
7/25/1992	0.01	0	0	0.01
7/26/1992	0	0	0	0
7/27/1992	0	0	0	0
7/28/1992	0	0	0	0
7/29/1992	0	0	0	0
7/30/1992	0	0	0	0
7/31/1992	0	0	0	0
8/1/1992	0	0	0	0
8/2/1992	0	0	0	0
8/3/1992	0	0	0	0
8/4/1992	0	0	0	0
8/5/1992	0	0	0	0
8/6/1992	0	0	0	0
8/7/1992	0	0	0	0
8/8/1992	0	0	0	0
8/9/1992	0	0	0	0
8/10/1992	0	0	0	0
8/11/1992	0	0	0	0
8/12/1992	0	0	0	0
8/13/1992	0	0	0	0
8/14/1992	0	0	0	0
8/15/1992	0	0	0	0
8/16/1992	0	0	0	0
8/17/1992	0	0	0	0
8/18/1992	0	0	0	0
8/19/1992	0	0	0	0
8/20/1992	0	0	0	0
8/21/1992	0	0	0	0
8/22/1992	0	0	0	0
8/23/1992	0	0	0	0
8/24/1992	0	0	0	0
8/25/1992	0	0	0	0
8/26/1992	0	0	0	0
8/27/1992	0	0	0	0
8/28/1992	0	0	0	0
8/29/1992	0	0	0	0
8/30/1992	0	0	0	0
8/31/1992	0	0	0	0
9/1/1992	0	0	0	0
9/2/1992	0	0	0	0
9/3/1992	0	0	0	0
9/4/1992	0	0	0	0
9/5/1992	0	0	0	0
9/6/1992	0	0	0	0
9/7/1992	0	0	0	0
9/8/1992	0	0	0	0
9/9/1992	0	0	0	0
9/10/1992	0	0	0	0
9/11/1992	0	0	0	0
9/12/1992	0	0	0	0
9/13/1992	0	0	0	0
9/14/1992	0.11	0.02	0	0.01
9/15/1992	0.02	0.02	0.02	0.02
9/16/1992	6.8	0.02	0.02	0.03
9/17/1992	15	15	6.8	0.04
9/18/1992	107	15	15	0.05
9/19/1992	37	15	8	0.07
9/20/1992	8	1.4	2.9	0.09
9/21/1992	2.9	1.4	1.4	0.12
9/22/1992	1.4	1.4	0.98	0.17
9/23/1992	0.98	0.41	0.64	0.22
9/24/1992	0.64	0.41	0.41	0.3
9/25/1992	0.41	0.41	0.41	0.41
9/26/1992	0.89	0.89	0.41	0.42
9/27/1992	20	0.89	0.89	0.42
9/28/1992	13	0.89	4.1	0.43
9/29/1992	4.1	1	1.8	0.44
9/30/1992	1.8	1	1	0.45
10/1/1992	1	1	0.77	0.46
10/2/1992	0.77	0.48	0.57	0.46
10/3/1992	0.57	0.48	0.48	0.47
10/4/1992	0.48	0.48	0.48	0.48
10/5/1992	0.54	0.54	0.48	0.5
10/6/1992	0.67	0.54	0.54	0.51
10/7/1992	0.58	0.54	0.55	0.53
10/8/1992	0.55	0.55	0.55	0.55
10/9/1992	0.6	0.55	0.55	0.57
10/10/1992	0.88	0.55	0.6	0.58
10/11/1992	0.88	0.7	0.77	0.6
10/12/1992	0.77	0.7	0.7	0.61
10/13/1992	0.7	0.7	0.65	0.63
10/14/1992	0.65	0.65	0.65	0.65
10/15/1992	0.74	0.65	0.65	0.7
10/16/1992	1.3	0.65	0.74	0.75
10/17/1992	1.5	1.5	1.3	0.8
10/18/1992	1.6	1.5	1.5	0.86
10/19/1992	1.7	1.5	1.6	0.92
10/20/1992	2.1	2.1	1.7	0.99
10/21/1992	3.6	2.1	2.1	1.06
10/22/1992	4	2.1	3.1	1.13
10/23/1992	3.1	2.3	2.4	1.21
10/24/1992	2.4	2.3	2.3	1.3
10/25/1992	2.3	2.3	1.8	1.39
10/26/1992	1.8	1.6	1.6	1.49
10/27/1992	1.6	1.6	1.6	1.6
10/28/1992	1.6	1.6	1.3	1.44
10/29/1992	1.3	1.3	1.3	1.3
10/30/1992	1.3	1.3	1.3	1.3
10/31/1992	1.3	1.3	1.3	1.3
11/1/1992	1.5	1.5	1.3	1.42
11/2/1992	59	1.5	1.5	1.55
11/3/1992	35	1.5	14	1.69
11/4/1992	14	5.4	8.7	1.84
11/5/1992	8.7	5.4	5.4	2
11/6/1992	5.4	5.4	3.6	2.19
11/7/1992	3.6	2.6	2.6	2.38
11/8/1992	2.6	2.6	2.6	2.6
11/9/1992	16	2.6	2.6	4.21
11/10/1992	19	11	11	6.8
11/11/1992	11	11	11	11
11/12/1992	20	11	11	8.35
11/13/1992	33	4.8	11	6.34
11/14/1992	11	4.8	4.8	4.81
11/15/1992	4.8	4.8	2.8	3.66
11/16/1992	2.8	1.6	2	2.78
11/17/1992	2	1.6	1.6	2
11/18/1992	1.6	1.6	1.6	1.6
11/19/1992	1.6	1.6	1.6	1.6
11/20/1992	118	1.6	1.6	1.54
11/21/1992	305	1.6	46	1.48
11/22/1992	46	22	29	1.42
11/23/1992	29	22	22	1.36
11/24/1992	22	22	16	1.31
11/25/1992	16	8.9	12	1.25
11/26/1992	12	8.9	8.9	1.2
11/27/1992	8.9	8.9	5.9	1.16
11/28/1992	5.9	3	4	1.11
11/29/1992	4	3	3	1.07
11/30/1992	3	3	2.3	1.02
12/1/1992	2.3	1.5	2	0.98
12/2/1992	2	1.5	1.5	0.94
12/3/1992	1.5	1.5	1.3	0.91
12/4/1992	1.3	0.92	1.2	0.87
12/5/1992	1.2	0.92	0.92	0.84
12/6/1992	0.92	0.92	0.84	0.8
12/7/1992	0.84	0.74	0.74	0.77
12/8/1992	0.74	0.74	0.74	0.74
12/9/1992	0.77	0.74	0.74	0.77
12/10/1992	0.89	0.89	0.77	0.84
12/11/1992	0.89	0.89	0.89	0.89
12/12/1992	0.93	0.89	0.89	0.89
12/13/1992	1.2	1.2	0.93	0.89
12/14/1992	2	1.2	1.2	0.89
12/15/1992	130	1.2	2	0.89
12/16/1992	356	20	57	0.9
12/17/1992	57	20	20	0.9
12/18/1992	20	20	11	0.9
12/19/1992	11	4.2	6.4	0.9
12/20/1992	6.4	4.2	4.2	0.9
12/21/1992	4.2	4.2	2.6	0.9
12/22/1992	2.6	1.5	1.7	0.9
12/23/1992	1.7	1.5	1.5	0.9
12/24/1992	1.5	1.5	1.3	0.91
12/25/1992	1.3	1	1.2	0.91
12/26/1992	1.2	1	1	0.91
12/27/1992	1	1	0.91	0.91
12/28/1992	0.91	0.91	0.91	0.91
12/29/1992	1.5	0.91	0.91	1.11
12/30/1992	9	0.91	1.5	1.35
12/31/1992	9.6	7	8.4	1.65
1/1/1993	8.4	7	7	2.02
1/2/1993	7	7	3	2.46
1/3/1993	3	3	3	3
1/4/1993	11	3	3	2.59
1/5/1993	8.4	3	4.7	2.23
1/6/1993	4.7	1.2	1.5	1.92
1/7/1993	1.5	1.2	1.2	1.5
1/8/1993	1.2	1.2	0.88	1.2
1/9/1993	0.88	0.56	0.7	0.88
1/10/1993	0.7	0.56	0.56	0.7
1/11/1993	0.56	0.56	0.48	0.56
1/12/1993	0.48	0.37	0.43	0.48
1/13/1993	0.43	0.37	0.37	0.43
1/14/1993	0.37	0.37	0.33	0.37
1/15/1993	0.33	0.28	0.32	0.33
1/16/1993	0.32	0.28	0.28	0.32
1/17/1993	0.28	0.28	0.26	0.28
1/18/1993	0.26	0.24	0.25	0.26
1/19/1993	0.25	0.24	0.24	0.25
1/20/1993	0.24	0.24	0.24	0.24
1/21/1993	2.3	2.3	0.24	0.29
1/22/1993	10	2.3	2.3	0.35
1/23/1993	11	2.3	10	0.42
1/24/1993	13	10	11	0.51
1/25/1993	11	10	10	0.61
1/26/1993	10	10	4	0.74
1/27/1993	4	1.3	1.5	0.89
1/28/1993	1.5	1.3	1.3	1.08
1/29/1993	1.3	1.3	1.3	1.3
1/30/1993	2.2	2.2	1.3	1.75
1/31/1993	3.3	2.2	2.2	2.35
2/1/1993	17	2.2	3.3	3.16
2/2/1993	8	5.7	5.7	4.24
2/3/1993	5.7	5.7	5.7	5.7
2/4/1993	6.2	5.7	5.7	4.94
2/5/1993	8	2.9	6	4.28
2/6/1993	6	2.9	2.9	3.71
2/7/1993	2.9	2.9	1.2	2.9
2/8/1993	1.2	0.66	0.8	1.2
2/9/1993	0.8	0.66	0.66	0.8
2/10/1993	0.66	0.66	0.58	0.66
2/11/1993	0.58	0.45	0.5	0.58
2/12/1993	0.5	0.45	0.45	0.5
2/13/1993	0.45	0.45	0.42	0.45
2/14/1993	0.42	0.38	0.4	0.42
2/15/1993	0.4	0.38	0.38	0.4
2/16/1993	0.38	0.38	0.36	0.38
2/17/1993	0.36	0.34	0.35	0.36
2/18/1993	0.35	0.34	0.34	0.35
2/19/1993	0.34	0.34	0.32	0.34
2/20/1993	0.32	0.3	0.31	0.32
2/21/1993	0.31	0.3	0.3	0.31
2/22/1993	0.3	0.3	0.29	0.3
2/23/1993	0.29	0.28	0.28	0.29
2/24/1993	0.28	0.28	0.28	0.28
2/25/1993	0.28	0.28	0.27	0.27
2/26/1993	0.27	0.27	0.27	0.27
2/27/1993	0.27	0.27	0.27	0.27
2/28/1993	0.27	0.27	0.27	0.27
3/1/1993	0.3	0.3	0.27	0.3
3/2/1993	7.8	0.3	0.3	1.78
3/3/1993	50	0.3	7.8	4.56
3/4/1993	37	30	30	11.69
3/5/1993	30	30	30	30
3/6/1993	46	30	30	23.7
3/7/1993	37	13	28	18.73
3/8/1993	28	13	13	14.8
3/9/1993	13	13	7.4	11.69
3/10/1993	7.4	5.1	5.8	7.4
3/11/1993	5.8	5.1	5.1	5.8
3/12/1993	5.1	5.1	4.2	5.1
3/13/1993	4.2	3.6	3.6	4.2
3/14/1993	3.6	3.6	3.6	3.6
3/15/1993	4.1	3.6	3.6	3.21
3/16/1993	27	9.8	4.1	2.86
3/17/1993	24	9.8	9.8	2.54
3/18/1993	9.8	9.8	5.8	2.26
3/19/1993	5.8	1.6	2.7	2.02
3/20/1993	2.7	1.6	1.6	1.8
3/21/1993	1.6	1.6	1.6	1.6
3/22/1993	2.7	2.7	1.6	2.64
3/23/1993	3.9	2.7	2.7	3.9
3/24/1993	19	2.7	3.9	7.16
3/25/1993	45	32	19	11.79
3/26/1993	43	32	32	19.42
3/27/1993	32	32	32	32
3/28/1993	36	29	32	23.16
3/29/1993	38	29	29	16.76
3/30/1993	29	29	23	12.13
3/31/1993	23	4.6	6.7	8.78
4/1/1993	6.7	4.6	4.6	6.36
4/2/1993	4.6	4.6	4.6	4.6
4/3/1993	6.1	6.1	4.6	6.1
4/4/1993	40	6.1	6.1	10.51
4/5/1993	42	6.1	24	15.88
4/6/1993	24	24	24	24
4/7/1993	25	24	24	21.55
4/8/1993	251	24	25	19.35
4/9/1993	57	14	19	17.37
4/10/1993	19	14	14	15.59
4/11/1993	14	14	14	14
4/12/1993	48	12	14	13.3
4/13/1993	28	12	12	12.63
4/14/1993	12	12	12	12
4/15/1993	181	71	12	17.64
4/16/1993	220	71	71	25.92
4/17/1993	71	71	56	38.1
4/18/1993	56	56	56	56
4/19/1993	72	56	56	42.42
4/20/1993	154	56	72	32.14
4/21/1993	114	14	34	24.34
4/22/1993	34	14	14	18.44
4/23/1993	14	14	9.1	13.97
4/24/1993	9.1	4.8	6.8	9.1
4/25/1993	6.8	4.8	4.8	6.8
4/26/1993	4.8	4.8	4.6	4.8
4/27/1993	4.6	4.6	4.6	4.6
4/28/1993	86	4.6	4.6	4.5
4/29/1993	15	4.6	8.4	4.39
4/30/1993	8.4	4.1	5	4.29
5/1/1993	5	4.1	4.1	4.2
5/2/1993	4.1	4.1	4.1	4.1
5/3/1993	4.8	4.8	4.1	3.74
5/4/1993	10	4.8	4.8	3.42
5/5/1993	7.7	4.8	4.1	3.12
5/6/1993	4.1	2.6	2.6	2.85
5/7/1993	2.6	2.6	2.6	2.6
5/8/1993	6.2	2.6	2.6	2.1
5/9/1993	5.7	1.3	2.1	1.7
5/10/1993	2.1	1.3	1.3	1.37
5/11/1993	1.3	1.3	0.99	1.11
5/12/1993	0.99	0.46	0.75	0.9
5/13/1993	0.75	0.46	0.46	0.72
5/14/1993	0.46	0.46	0.38	0.46
5/15/1993	0.38	0.28	0.33	0.38
5/16/1993	0.33	0.28	0.28	0.33
5/17/1993	0.28	0.28	0.25	0.28
5/18/1993	0.25	0.25	0.25	0.25
5/19/1993	0.3	0.25	0.25	0.23
5/20/1993	0.33	0.25	0.25	0.22
5/21/1993	0.25	0.19	0.19	0.2
5/22/1993	0.19	0.19	0.19	0.19
5/23/1993	0.64	0.19	0.19	0.22
5/24/1993	1.8	1.2	0.64	0.25
5/25/1993	2.4	1.2	1.2	0.29
5/26/1993	1.2	1.2	0.87	0.34
5/27/1993	0.87	0.52	0.76	0.39
5/28/1993	0.76	0.52	0.52	0.45
5/29/1993	0.52	0.52	0.52	0.52
5/30/1993	2.2	2.2	0.52	0.53
5/31/1993	23	2.2	2.2	0.54
6/1/1993	15	2.2	5.8	0.55
6/2/1993	5.8	1.5	2.6	0.57
6/3/1993	2.6	1.5	1.5	0.58
6/4/1993	1.5	1.5	1.2	0.59
6/5/1993	1.2	0.63	0.77	0.6
6/6/1993	0.77	0.63	0.63	0.62
6/7/1993	0.63	0.63	0.63	0.63
6/8/1993	22	22	0.63	0.79
6/9/1993	392	22	22	0.98
6/10/1993	24	22	8.4	1.23
6/11/1993	8.4	2.4	4	1.54
6/12/1993	4	2.4	2.4	1.92
6/13/1993	2.4	2.4	2.4	2.4
6/14/1993	64	4.8	2.4	3.02
6/15/1993	16	4.8	4.8	3.81
6/16/1993	4.8	4.8	4.8	4.8
6/17/1993	460	94	4.8	4.86
6/18/1993	525	94	94	4.91
6/19/1993	94	94	62	4.97
6/20/1993	62	11	26	5.02
6/21/1993	26	11	11	5.08
6/22/1993	11	11	5.2	5.14
6/23/1993	5.2	5.2	5.2	5.2
6/24/1993	6.5	5.2	5.2	3.76
6/25/1993	12	5.2	4.8	2.72
6/26/1993	4.8	0.9	1.8	1.97
6/27/1993	1.8	0.9	0.9	1.43
6/28/1993	0.9	0.9	0.61	0.9
6/29/1993	0.61	0.54	0.54	0.61
6/30/1993	0.54	0.54	0.54	0.54
7/1/1993	0.55	0.54	0.54	0.55
7/2/1993	0.88	0.88	0.55	0.55
7/3/1993	1.5	0.88	0.88	0.56
7/4/1993	2.4	0.88	1.5	0.57
7/5/1993	160	98	2.4	0.57
7/6/1993	473	98	98	0.58
7/7/1993	98	98	85	0.59
7/8/1993	85	15	30	0.59
7/9/1993	30	15	15	0.6
7/10/1993	15	15	6.1	0.61
7/11/1993	6.1	2.2	3.5	0.61
7/12/1993	3.5	2.2	2.2	0.62
7/13/1993	2.2	2.2	2.1	0.63
7/14/1993	2.1	0.96	1.4	0.64
7/15/1993	1.4	0.96	0.96	0.64
7/16/1993	0.96	0.96	0.66	0.65
7/17/1993	0.66	0.66	0.66	0.66
7/18/1993	0.9	0.66	0.66	0.75
7/19/1993	1.1	0.66	0.9	0.85
7/20/1993	0.97	0.97	0.97	0.97
7/21/1993	1.2	0.97	0.97	0.95
7/22/1993	1.1	0.97	1	0.94
7/23/1993	1	0.91	0.91	0.92
7/24/1993	0.91	0.91	0.91	0.91
7/25/1993	9	0.91	0.91	0.77
7/26/1993	6.8	0.8	1.8	0.66
7/27/1993	1.8	0.8	0.8	0.56
7/28/1993	0.8	0.8	0.44	0.47
7/29/1993	0.44	0.37	0.39	0.4
7/30/1993	0.39	0.37	0.37	0.34
7/31/1993	0.37	0.37	0.33	0.29
8/1/1993	0.33	0.21	0.21	0.25
8/2/1993	0.21	0.21	0.21	0.21
8/3/1993	0.21	0.21	0.19	0.13
8/4/1993	0.19	0.05	0.05	0.08
8/5/1993	0.05	0.05	0.05	0.05
8/6/1993	10	0.05	0.05	0.06
8/7/1993	7	0.33	1	0.07
8/8/1993	1	0.33	0.33	0.08
8/9/1993	0.33	0.33	0.3	0.1
8/10/1993	0.3	0.16	0.17	0.11
8/11/1993	0.17	0.16	0.16	0.14
8/12/1993	0.16	0.16	0.16	0.16
8/13/1993	0.2	0.15	0.16	0.1
8/14/1993	0.16	0.15	0.15	0.06
8/15/1993	0.15	0.15	0.08	0.04
8/16/1993	0.08	0	0.03	0.03
8/17/1993	0.03	0	0	0.02
8/18/1993	0	0	0	0
8/19/1993	0	0	0	0
8/20/1993	0	0	0	0
8/21/1993	0	0	0	0
8/22/1993	0	0	0	0
8/23/1993	0	0	0	0
8/24/1993	0	0	0	0
8/25/1993	0	0	0	0
8/26/1993	0	0	0	0
8/27/1993	0	0	0	0
8/28/1993	0	0	0	0
8/29/1993	0	0	0	0
8/30/1993	0.12	0	0	0.01
8/31/1993	0.7	0.15	0.12	0.01
9/1/1993	0.52	0.15	0.15	0.01
9/2/1993	0.15	0.15	0.09	0.01
9/3/1993	0.09	0.02	0.05	0.01
9/4/1993	0.05	0.02	0.02	0.01
9/5/1993	0.02	0.02	0	0.01
9/6/1993	0	0	0	0
9/7/1993	0	0	0	0
9/8/1993	0	0	0	0
9/9/1993	0	0	0	0
9/10/1993	0	0	0	0
9/11/1993	0	0	0	0
9/12/1993	0	0	0	0
9/13/1993	0	0	0	0
9/14/1993	0.12	0	0	0.02
9/15/1993	3	2.3	0.12	0.04
9/16/1993	3.1	2.3	2.3	0.08
9/17/1993	2.3	2.3	1.1	0.15
9/18/1993	1.1	0.58	0.58	0.29
9/19/1993	0.58	0.58	0.58	0.58
9/20/1993	0.58	0.58	0.58	0.58
9/21/1993	4.6	2.8	0.58	0.44
9/22/1993	7.7	2.8	2.8	0.34
9/23/1993	2.8	2.8	0.77	0.26
9/24/1993	0.77	0.21	0.41	0.2
9/25/1993	0.41	0.21	0.21	0.15
9/26/1993	0.21	0.21	0.12	0.12
9/27/1993	0.12	0.08	0.11	0.09
9/28/1993	0.11	0.08	0.08	0.07
9/29/1993	0.08	0.08	0.04	0.05
9/30/1993	0.04	0.04	0.04	0.04
10/1/1993	0.04	0.04	0.04	0.04
10/2/1993	0.07	0.04	0.04	0.04
10/3/1993	0.07	0.04	0.04	0.04
10/4/1993	0.04	0.04	0.04	0.04
10/5/1993	0.04	0.04	0.04	0.04
10/6/1993	0.16	0.09	0.04	0.06
10/7/1993	0.09	0.09	0.09	0.09
10/8/1993	0.11	0.09	0.09	0.09
10/9/1993	0.18	0.12	0.11	0.09
10/10/1993	0.18	0.12	0.12	0.08
10/11/1993	0.12	0.12	0.08	0.08
10/12/1993	0.08	0.08	0.08	0.08
10/13/1993	0.1	0.08	0.08	0.09
10/14/1993	0.1	0.08	0.1	0.1
10/15/1993	0.22	0.22	0.1	0.15
10/16/1993	6.9	0.22	0.22	0.21
10/17/1993	8.9	0.22	4.3	0.31
10/18/1993	4.3	0.94	1.5	0.45
10/19/1993	1.5	0.94	0.94	0.65
10/20/1993	0.94	0.94	0.94	0.94
10/21/1993	11	3.8	0.94	0.79
10/22/1993	10	3.8	3.8	0.67
10/23/1993	3.8	3.8	0.89	0.56
10/24/1993	0.89	0.36	0.51	0.47
10/25/1993	0.51	0.36	0.36	0.4
10/26/1993	0.36	0.36	0.31	0.34
10/27/1993	0.31	0.2	0.23	0.28
10/28/1993	0.23	0.2	0.2	0.23
10/29/1993	0.2	0.2	0.2	0.2
10/30/1993	0.2	0.18	0.18	0.19
10/31/1993	0.18	0.18	0.18	0.18
11/1/1993	0.18	0.18	0.16	0.17
11/2/1993	0.16	0.16	0.16	0.16
11/3/1993	0.18	0.16	0.16	0.18
11/4/1993	0.2	0.16	0.18	0.2
11/5/1993	0.91	0.91	0.2	0.27
11/6/1993	5.9	0.91	0.91	0.32
11/7/1993	2.9	0.91	1.3	0.38
11/8/1993	1.3	0.65	0.84	0.46
11/9/1993	0.84	0.65	0.65	0.55
11/10/1993	0.65	0.65	0.65	0.65
11/11/1993	0.67	0.67	0.65	0.67
11/12/1993	1.3	0.67	0.67	1.3
11/13/1993	8.5	0.67	1.3	2.52
11/14/1993	10	6.2	6.2	3.95
11/15/1993	6.2	6.2	6.2	6.2
11/16/1993	6.2	6.2	4.4	4.59
11/17/1993	4.4	2	3.2	3.4
11/18/1993	3.2	2	2	2.52
11/19/1993	2	2	1.3	1.87
11/20/1993	1.3	0.76	0.83	1.3
11/21/1993	0.83	0.76	0.76	0.83
11/22/1993	0.76	0.76	0.76	0.76
11/23/1993	0.76	0.65	0.75	0.72
11/24/1993	0.75	0.65	0.65	0.68
11/25/1993	0.65	0.65	0.65	0.65
11/26/1993	7.8	6.8	0.65	0.72
11/27/1993	18	6.8	6.8	0.8
11/28/1993	6.8	6.8	2.7	0.88
11/29/1993	2.7	1.2	1.6	0.98
11/30/1993	1.6	1.2	1.2	1.08
12/1/1993	1.2	1.2	1.2	1.2
12/2/1993	1.4	1.4	1.2	1.4
12/3/1993	2.1	1.4	1.4	1.74
12/4/1993	2.1	1.4	2.1	2.1
12/5/1993	2.1	2	2	2.05
12/6/1993	2	2	2	2
12/7/1993	2.3	2	1.8	1.73
12/8/1993	1.8	1.3	1.3	1.5
12/9/1993	1.3	1.3	1.3	1.3
12/10/1993	1.3	1.3	1.2	1.19
12/11/1993	1.2	1	1	1.09
12/12/1993	1	1	1	1
12/13/1993	1	1	1	1
12/14/1993	1	0.95	1	1
12/15/1993	1	0.95	0.95	0.74
12/16/1993	0.95	0.95	0.82	0.54
12/17/1993	0.82	0.44	0.6	0.4
12/18/1993	0.6	0.44	0.44	0.29
12/19/1993	0.44	0.44	0.28	0.22
12/20/1993	0.28	0.16	0.2	0.16
12/21/1993	0.2	0.16	0.16	0.12
12/22/1993	0.16	0.16	0.09	0.09
12/23/1993	0.09	0.04	0.06	0.06
12/24/1993	0.06	0.04	0.04	0.05
12/25/1993	0.04	0.04	0.03	0.03
12/26/1993	0.03	0.01	0.02	0.03
12/27/1993	0.02	0.01	0.01	0.02
12/28/1993	0.01	0.01	0	0.01
12/29/1993	0	0	0	0
12/30/1993	0	0	0	0
12/31/1993	0	0	0	0
1/1/1994	0	0	0	0
1/2/1994	0	0	0	0
1/3/1994	0	0	0	0
1/4/1994	0	0	0	0
1/5/1994	0	0	0	0
1/6/1994	0	0	0	0
1/7/1994	0	0	0	0
1/8/1994	0	0	0	0
1/9/1994	0	0	0	0
1/10/1994	0	0	0	0
1/11/1994	0	0	0	0
1/12/1994	0	0	0	0
1/13/1994	0	0	0	0
1/14/1994	0	0	0	0
1/15/1994	0	0	0	0
1/16/1994	0	0	0	0
1/17/1994	0	0	0	0
1/18/1994	0	0	0	0
1/19/1994	0	0	0	0
1/20/1994	0	0	0	0
1/21/1994	0	0	0	0
1/22/1994	0	0	0	0
1/23/1994	0	0	0	0
1/24/1994	0	0	0	0
1/25/1994	0	0	0	0
1/26/1994	0	0	0	0
1/27/1994	0	0	0	0
1/28/1994	0	0	0	0
1/29/1994	0	0	0	0
1/30/1994	0	0	0	0
1/31/1994	0	0	0	0
2/1/1994	0	0	0	0
2/2/1994	0	0	0	0
2/3/1994	0	0	0	0
2/4/1994	0	0	0	0
2/5/1994	0	0	0	0
2/6/1994	0	0	0	0
2/7/1994	0	0	0	0
2/8/1994	0	0	0	0
2/9/1994	0	0	0	0
2/10/1994	0	0	0	0
2/11/1994	0	0	0	0
2/12/1994	0	0	0	0
2/13/1994	0	0	0	0
2/14/1994	0	0	0	0
2/15/1994	0	0	0	0
2/16/1994	0	0	0	0
2/17/1994	0	0	0	0
2/18/1994	0.8	0.8	0	0.01
2/19/1994	30	0.8	0.8	0.02
2/20/1994	120	0.8	30	0.03
2/21/1994	55	14	24	0.04
2/22/1994	24	14	14	0.06
2/23/1994	14	14	9.2	0.09
2/24/1994	9.2	5	6.4	0.12
2/25/1994	6.4	5	5	0.18
2/26/1994	5	5	3.8	0.25
2/27/1994	3.8	2.4	3	0.36
2/28/1994	3	2.4	2.4	0.51
3/1/1994	2.4	2.4	2.1	0.73
3/2/1994	2.1	1.5	1.5	1.05
3/3/1994	1.5	1.5	1.5	1.5
3/4/1994	4.5	1.5	1.5	1.68
3/5/1994	56	28	4.5	1.89
3/6/1994	90	28	28	2.11
3/7/1994	28	28	16	2.37
3/8/1994	16	6.2	11	2.66
3/9/1994	11	6.2	6.2	2.98
3/10/1994	6.2	6.2	4.7	3.34
3/11/1994	4.7	4.2	4.2	3.75
3/12/1994	4.2	4.2	4.2	4.2
3/13/1994	4.5	4.2	4.2	3.59
3/14/1994	6.6	6.6	4.5	3.07
3/15/1994	12	6.6	6.6	2.62
3/16/1994	9.6	6.6	4.5	2.24
3/17/1994	4.5	1.4	2.4	1.92
3/18/1994	2.4	1.4	1.4	1.64
3/19/1994	1.4	1.4	1.4	1.4
3/20/1994	2.6	2.6	1.4	1.55
3/21/1994	20	2.6	2.6	1.71
3/22/1994	18	2.6	13	1.89
3/23/1994	13	6	6.2	2.08
3/24/1994	6.2	6	6	2.3
3/25/1994	6	6	3.4	2.54
3/26/1994	3.4	3.1	3.1	2.81
3/27/1994	3.1	3.1	3.1	3.1
3/28/1994	3.6	3.1	3.1	3.25
3/29/1994	3.4	2.7	3.4	3.4
3/30/1994	3.4	2.7	2.7	3.03
3/31/1994	2.7	2.7	2.7	2.7
4/1/1994	2.9	2.9	2.7	2.9
4/2/1994	5.7	2.9	2.9	4.23
4/3/1994	5.3	2.9	5.3	5.3
4/4/1994	5.4	5.4	5.3	5.4
4/5/1994	11	5.4	5.4	8.62
4/6/1994	11	5.4	11	11
4/7/1994	12	12	11	8.8
4/8/1994	15	12	12	7.04
4/9/1994	13	12	7.6	5.63
4/10/1994	7.6	3.6	3.6	4.5
4/11/1994	3.6	3.6	3.6	3.6
4/12/1994	5.9	3.6	3.6	5.38
4/13/1994	28	12	5.9	8.03
4/14/1994	12	12	12	12
4/15/1994	49	12	12	8.33
4/16/1994	17	3.1	6.7	5.78
4/17/1994	6.7	3.1	3.1	4.02
4/18/1994	3.1	3.1	1.9	2.79
4/19/1994	1.9	1.1	1.4	1.9
4/20/1994	1.4	1.1	1.1	1.34
4/21/1994	1.1	1.1	0.72	0.93
4/22/1994	0.72	0.45	0.45	0.65
4/23/1994	0.45	0.45	0.45	0.45
4/24/1994	0.91	0.45	0.45	0.6
4/25/1994	460	16	0.91	0.8
4/26/1994	58	16	16	1.06
4/27/1994	16	16	7.1	1.4
4/28/1994	7.1	3.3	4.7	1.87
4/29/1994	4.7	3.3	3.3	2.48
4/30/1994	3.3	3.3	3.3	3.3
5/1/1994	7.4	3.9	3.3	2.8
5/2/1994	8.3	3.9	3.9	2.38
5/3/1994	3.9	3.9	2.1	2.02
5/4/1994	2.1	1.4	1.6	1.71
5/5/1994	1.6	1.4	1.4	1.45
5/6/1994	1.4	1.4	1.3	1.23
5/7/1994	1.3	0.65	0.8	1.05
5/8/1994	0.8	0.65	0.65	0.8
5/9/1994	0.65	0.65	0.64	0.65
5/10/1994	0.64	0.64	0.64	0.64
5/11/1994	1.3	0.64	0.64	0.67
5/12/1994	1.3	0.64	0.97	0.7
5/13/1994	0.97	0.77	0.77	0.74
5/14/1994	0.77	0.77	0.77	0.77
5/15/1994	1.8	0.77	0.77	0.66
5/16/1994	1.9	0.63	0.93	0.57
5/17/1994	0.93	0.63	0.63	0.49
5/18/1994	0.63	0.63	0.43	0.42
5/19/1994	0.43	0.29	0.39	0.36
5/20/1994	0.39	0.29	0.29	0.31
5/21/1994	0.29	0.29	0.23	0.27
5/22/1994	0.23	0.21	0.23	0.23
5/23/1994	0.24	0.21	0.21	0.22
5/24/1994	0.21	0.21	0.21	0.21
5/25/1994	0.3	0.3	0.21	0.23
5/26/1994	0.66	0.3	0.3	0.26
5/27/1994	0.41	0.3	0.31	0.28
5/28/1994	0.31	0.29	0.31	0.31
5/29/1994	0.33	0.29	0.29	0.17
5/30/1994	0.29	0.29	0.18	0.1
5/31/1994	0.18	0.01	0.04	0.06
6/1/1994	0.04	0.01	0.01	0.03
6/2/1994	0.01	0.01	0	0.01
6/3/1994	0	0	0	0
6/4/1994	0	0	0	0
6/5/1994	0	0	0	0
6/6/1994	0.03	0	0	0.01
6/7/1994	0	0	0	0
6/8/1994	0	0	0	0
6/9/1994	0	0	0	0
6/10/1994	0	0	0	0
6/11/1994	0	0	0	0
6/12/1994	0	0	0	0
6/13/1994	0.04	0	0	0.02
6/14/1994	0.04	0	0.04	0.04
6/15/1994	0.06	0	0	0.02
6/16/1994	0	0	0	0
6/17/1994	0	0	0	0
6/18/1994	0	0	0	0
6/19/1994	0	0	0	0
6/20/1994	0	0	0	0
6/21/1994	0	0	0	0
6/22/1994	0	0	0	0
6/23/1994	0	0	0	0
6/24/1994	0	0	0	0
6/25/1994	0	0	0	0
6/26/1994	0	0	0	0
6/27/1994	0	0	0	0
6/28/1994	0	0	0	0
6/29/1994	0	0	0	0
6/30/1994	0	0	0	0
7/1/1994	0	0	0	0
7/2/1994	0	0	0	0
7/3/1994	0	0	0	0
7/4/1994	0.1	0	0	0.04
7/5/1994	6.2	0	0.1	0.2
7/6/1994	16	4	4	0.89
7/7/1994	4	4	4	4
7/8/1994	6.3	4	4	1.99
7/9/1994	4.9	0.3	0.99	0.99
7/10/1994	0.99	0.3	0.3	0.49
7/11/1994	0.3	0.3	0.12	0.24
7/12/1994	0.12	0.06	0.06	0.12
7/13/1994	0.06	0.06	0.06	0.06
7/14/1994	0.08	0.06	0.06	0.06
7/15/1994	0.06	0.05	0.05	0.05
7/16/1994	0.05	0.05	0.05	0.05
7/17/1994	0.12	0.05	0.05	0.05
7/18/1994	0.05	0.05	0.05	0.05
7/19/1994	0.08	0.05	0.05	0.05
7/20/1994	0.08	0.05	0.06	0.06
7/21/1994	0.06	0.06	0.06	0.06
7/22/1994	0.07	0.06	0.06	0.06
7/23/1994	0.06	0.06	0.06	0.06
7/24/1994	0.07	0.07	0.06	0.04
7/25/1994	0.34	0.07	0.07	0.03
7/26/1994	0.11	0.07	0.06	0.02
7/27/1994	0.06	0	0	0.01
7/28/1994	0	0	0	0
7/29/1994	0.02	0	0	0.01
7/30/1994	0.04	0	0	0.01
7/31/1994	0	0	0	0
8/1/1994	0.23	0	0	0.03
8/2/1994	0.66	0.33	0.23	0.1
8/3/1994	0.33	0.33	0.33	0.33
8/4/1994	0.69	0.33	0.26	0.23
8/5/1994	0.26	0.08	0.18	0.16
8/6/1994	0.18	0.08	0.08	0.11
8/7/1994	0.08	0.08	0.08	0.08
8/8/1994	0.08	0.08	0.08	0.08
8/9/1994	0.08	0.08	0.08	0.08
8/10/1994	0.08	0.08	0.08	0.08
8/11/1994	0.09	0.04	0.06	0.06
8/12/1994	0.06	0.04	0.04	0.04
8/13/1994	0.04	0.04	0.02	0.03
8/14/1994	0.02	0	0.02	0.02
8/15/1994	0.02	0	0	0.01
8/16/1994	0	0	0	0
8/17/1994	0	0	0	0
8/18/1994	0	0	0	0
8/19/1994	0.19	0	0	0.01
8/20/1994	2	0.37	0.19	0.02
8/21/1994	1.3	0.37	0.37	0.02
8/22/1994	0.37	0.37	0.14	0.03
8/23/1994	0.14	0.07	0.1	0.04
8/24/1994	0.1	0.07	0.07	0.05
8/25/1994	0.07	0.07	0.07	0.07
8/26/1994	0.09	0	0.06	0.04
8/27/1994	0.06	0	0	0.02
8/28/1994	0	0	0	0
8/29/1994	0	0	0	0
8/30/1994	0	0	0	0
8/31/1994	0.06	0	0	0.01
9/1/1994	0.02	0	0	0.01
9/2/1994	0	0	0	0
9/3/1994	0	0	0	0
9/4/1994	0	0	0	0
9/5/1994	0	0	0	0
9/6/1994	0	0	0	0
9/7/1994	0	0	0	0
9/8/1994	0	0	0	0
9/9/1994	0	0	0	0
9/10/1994	0	0	0	0
9/11/1994	0	0	0	0
9/12/1994	0	0	0	0
9/13/1994	0	0	0	0
9/14/1994	0	0	0	0
9/15/1994	0	0	0	0
9/16/1994	0	0	0	0
9/17/1994	0	0	0	0
9/18/1994	0	0	0	0
9/19/1994	0	0	0	0
9/20/1994	0	0	0	0
9/21/1994	0	0	0	0
9/22/1994	0	0	0	0
9/23/1994	0	0	0	0
9/24/1994	0	0	0	0
9/25/1994	0	0	0	0
9/26/1994	0.08	0	0	0
9/27/1994	0.62	0	0.08	0
9/28/1994	1.5	0.36	0.53	0
9/29/1994	0.53	0.36	0.36	0
9/30/1994	0.36	0.36	0.36	0
10/1/2006	0	0	0	0
10/2/2006	0	0	0	0
10/3/2006	0	0	0	0
10/4/2006	0.43	0	0	0
10/5/2006	0	0	0	-999
10/6/2006	0	0	0	0
10/7/2006	0	0	0	0
10/8/2006	0	0	0	0
10/9/2006	0	0	0	0
10/10/2006	0	0	0	0
10/11/2006	0	0	0	0
10/12/2006	0	0	0	0
10/13/2006	0	0	0	0
10/14/2006	0	0	0	0
10/15/2006	0	0	0	0
10/16/2006	0	0	0	0
10/17/2006	0.14	0	0	0
10/18/2006	0	0	0	-999
10/19/2006	0	0	0	0
10/20/2006	0	0	0	0
10/21/2006	0	0	0	0
10/22/2006	0.32	0.32	0	0.01
10/23/2006	0.72	0.32	0.32	0.01
10/24/2006	0.53	0.32	0.23	0.01
10/25/2006	0.23	0.03	0.09	0.01
10/26/2006	0.09	0.03	0.03	0.01
10/27/2006	0.03	0.03	0	0.01
10/28/2006	0	0	0	0
10/29/2006	0	0	0	0
10/30/2006	0	0	0	0
10/31/2006	0	0	0	0
11/1/2006	0	0	0	0
11/2/2006	0	0	0	0
11/3/2006	0	0	0	0
11/4/2006	0	0	0	0
11/5/2006	0	0	0	0
11/6/2006	0	0	0	0
11/7/2006	0	0	0	0
11/8/2006	0	0	0	0
11/9/2006	0	0	0	0
11/10/2006	0	0	0	-999
11/11/2006	0	0	0	0
11/12/2006	0	0	0	0
11/13/2006	0	0	0	0
11/14/2006	0	0	0	0
11/15/2006	0	0	0	0
11/16/2006	0	0	0	0
11/17/2006	0	0	0	0
11/18/2006	0	0	0	0
11/19/2006	0.01	0	0	0.01
11/20/2006	0.05	0	0.01	0.01
11/21/2006	0.02	0.02	0.02	0.02
11/22/2006	0.02	0.02	0.02	0.02
11/23/2006	0.05	0.02	0.02	0.03
11/24/2006	0.05	0.05	0.05	0.04
11/25/2006	0.05	0.05	0.05	0.05
11/26/2006	0.06	0.05	0.05	0.06
11/27/2006	0.1	0.1	0.06	0.1
11/28/2006	0.61	0.1	0.1	0.17
11/29/2006	0.42	0.1	0.39	0.26
11/30/2006	0.39	0.39	0.39	0.39
12/1/2006	0.39	0.39	0.39	0.39
12/2/2006	0.39	0.39	0.39	0.39
12/3/2006	0.39	0.35	0.39	0.39
12/4/2006	0.39	0.35	0.35	0.36
12/5/2006	0.35	0.35	0.31	0.33
12/6/2006	0.31	0.31	0.31	0.31
12/7/2006	0.31	0.31	0.31	0.31
12/8/2006	0.31	0.31	0.31	0.31
12/9/2006	0.39	0.39	0.31	0.31
12/10/2006	0.42	0.39	0.39	0.31
12/11/2006	0.46	0.39	0.42	0.31
12/12/2006	0.65	0.65	0.46	0.31
12/13/2006	1.95	0.65	0.65	0.31
12/14/2006	2.37	0.65	1.5	0.31
12/15/2006	1.5	0.58	0.97	0.31
12/16/2006	0.97	0.58	0.58	0.31
12/17/2006	0.58	0.58	0.42	0.31
12/18/2006	0.42	0.31	0.33	0.31
12/19/2006	0.33	0.31	0.31	0.31
12/20/2006	0.31	0.31	0.31	0.31
12/21/2006	0.58	0.58	0.31	0.39
12/22/2006	30	0.58	0.58	0.48
12/23/2006	66.24	0.58	28.29	0.6
12/24/2006	28.29	5.86	11.71	0.76
12/25/2006	11.71	5.86	5.86	0.95
12/26/2006	5.86	5.86	3.16	1.18
12/27/2006	3.16	2.32	2.38	1.48
12/28/2006	2.38	2.32	2.32	1.85
12/29/2006	2.32	2.32	2.32	2.32
12/30/2006	4.62	4.62	2.32	2.14
12/31/2006	24.02	4.62	4.62	1.98
1/1/2007	75.82	4.62	18.91	1.84
1/2/2007	18.91	5.99	7.97	1.7
1/3/2007	7.97	5.99	5.99	1.57
1/4/2007	5.99	5.99	4.73	1.45
1/5/2007	4.73	2.39	3.38	1.35
1/6/2007	3.38	2.39	2.39	1.25
1/7/2007	2.39	2.39	1.99	1.15
1/8/2007	1.99	0.92	1.46	1.07
1/9/2007	1.46	0.92	0.92	0.99
1/10/2007	0.92	0.92	0.84	0.91
1/11/2007	0.84	0.7	0.84	0.84
1/12/2007	0.93	0.7	0.7	0.75
1/13/2007	0.7	0.7	0.62	0.66
1/14/2007	0.62	0.44	0.59	0.58
1/15/2007	0.59	0.44	0.44	0.52
1/16/2007	0.44	0.44	0.4	0.44
1/17/2007	0.4	0.37	0.4	0.4
1/18/2007	0.4	0.37	0.37	0.37
1/19/2007	0.37	0.37	0.32	0.34
1/20/2007	0.32	0.3	0.32	0.32
1/21/2007	0.32	0.3	0.3	0.27
1/22/2007	0.3	0.3	0.28	0.23
1/23/2007	0.28	0.14	0.2	0.2
1/24/2007	0.2	0.14	0.14	0.17
1/25/2007	0.14	0.14	0.14	0.14
1/26/2007	0.14	0.12	0.14	0.14
1/27/2007	0.14	0.12	0.12	0.13
1/28/2007	0.12	0.12	0.12	0.12
1/29/2007	0.12	0.09	0.09	0.1
1/30/2007	0.09	0.09	0.09	0.09
1/31/2007	0.1	0.09	0.09	0.1
2/1/2007	0.13	0.13	0.1	0.12
2/2/2007	0.13	0.13	0.13	0.13
2/3/2007	0.14	0.13	0.13	0.13
2/4/2007	0.14	0.14	0.14	0.14
2/5/2007	0.14	0.14	0.14	0.14
2/6/2007	0.14	0.14	0.14	0.14
2/7/2007	0.14	0.14	0.14	0.14
2/8/2007	0.14	0.14	0.14	0.14
2/9/2007	0.14	0.14	0.14	0.14
2/10/2007	0.14	0.14	0.14	0.14
2/11/2007	0.14	0.14	0.14	0.14
2/12/2007	0.14	0.14	0.14	0.14
2/13/2007	0.14	0.14	0.14	0.14
2/14/2007	0.14	0.14	0.14	0.14
2/15/2007	0.14	0.14	0.14	0.14
2/16/2007	0.14	0.14	0.14	0.14
2/17/2007	0.14	0.14	0.14	0.14
2/18/2007	0.14	0.14	0.14	0.14
2/19/2007	0.2	0.2	0.14	0.17
2/20/2007	0.26	0.2	0.2	0.22
2/21/2007	0.36	0.2	0.26	0.28
2/22/2007	0.6	0.55	0.36	0.35
2/23/2007	0.8	0.55	0.55	0.44
2/24/2007	0.55	0.55	0.55	0.55
2/25/2007	1.38	0.62	0.55	0.52
2/26/2007	0.84	0.62	0.62	0.49
2/27/2007	0.62	0.62	0.47	0.46
2/28/2007	0.47	0.41	0.41	0.43
3/1/2007	0.41	0.41	0.41	0.41
3/2/2007	0.43	0.41	0.41	0.42
3/3/2007	0.54	0.54	0.43	0.44
3/4/2007	0.59	0.54	0.54	0.45
3/5/2007	0.65	0.54	0.59	0.47
3/6/2007	0.99	0.7	0.65	0.49
3/7/2007	0.88	0.7	0.7	0.5
3/8/2007	0.7	0.7	0.54	0.52
3/9/2007	0.54	0.54	0.54	0.54
3/10/2007	0.65	0.54	0.54	0.65
3/11/2007	6.09	0.54	0.65	0.82
3/12/2007	230	92.13	6.09	1.01
3/13/2007	345	92.13	92.13	1.24
3/14/2007	92.13	92.13	20.66	1.53
3/15/2007	20.66	4.69	7.64	1.88
3/16/2007	7.64	4.69	4.69	2.32
3/17/2007	4.69	4.69	3.52	2.86
3/18/2007	3.52	3.52	3.52	3.52
3/19/2007	3.95	3.52	3.52	3.43
3/20/2007	4.5	3.52	3.27	3.35
3/21/2007	3.27	3.27	3.27	3.27
3/22/2007	52.98	3.27	3.27	4.69
3/23/2007	17.67	3.27	9.65	6.72
3/24/2007	9.65	9.65	9.65	9.65
3/25/2007	18.6	9.65	9.65	7.62
3/26/2007	18.71	9.65	9.66	6.02
3/27/2007	9.66	3.11	4.91	4.76
3/28/2007	4.91	3.11	3.11	3.76
3/29/2007	3.11	3.11	2.35	2.97
3/30/2007	2.35	2.35	2.35	2.35
3/31/2007	2.67	2.35	2.35	2.21
4/1/2007	19.72	2.35	2.67	2.08
4/2/2007	18.2	5.27	7.05	1.96
4/3/2007	7.05	5.27	5.27	1.84
4/4/2007	5.27	5.27	3.2	1.74
4/5/2007	3.2	1.45	2.01	1.63
4/6/2007	2.01	1.45	1.45	1.54
4/7/2007	1.45	1.45	1.27	1.45
4/8/2007	1.27	1.21	1.23	1.27
4/9/2007	1.23	1.21	1.21	1.23
4/10/2007	1.21	1.21	1.21	1.21
4/11/2007	1.32	1.32	1.21	1.19
4/12/2007	1.52	1.32	1.32	1.17
4/13/2007	2.97	1.32	1.52	1.15
4/14/2007	9.87	3.7	2.97	1.13
4/15/2007	6.07	3.7	3.7	1.11
4/16/2007	3.7	3.7	2.45	1.09
4/17/2007	2.45	1.68	1.97	1.08
4/18/2007	1.97	1.68	1.68	1.06
4/19/2007	1.68	1.68	1.43	1.04
4/20/2007	1.43	0.99	1.17	1.02
4/21/2007	1.17	0.99	0.99	1.01
4/22/2007	0.99	0.99	0.99	0.99
4/23/2007	1	0.75	0.89	0.9
4/24/2007	0.89	0.75	0.75	0.82
4/25/2007	0.75	0.75	0.75	0.75
4/26/2007	0.9	0.9	0.75	0.86
4/27/2007	3.65	0.9	0.9	0.98
4/28/2007	3.64	0.9	2.24	1.12
4/29/2007	2.24	1.46	1.46	1.28
4/30/2007	1.46	1.46	1.46	1.46
5/1/2007	34.28	1.46	1.46	1.33
5/2/2007	16.36	3.85	6.83	1.22
5/3/2007	6.83	3.85	3.85	1.11
5/4/2007	3.85	3.85	2.72	1.01
5/5/2007	2.72	1.67	2.15	0.92
5/6/2007	2.15	1.67	1.67	0.84
5/7/2007	1.67	1.67	1.34	0.77
5/8/2007	1.34	0.94	1.15	0.7
5/9/2007	1.15	0.94	0.94	0.64
5/10/2007	0.94	0.94	0.73	0.58
5/11/2007	0.73	0.43	0.53	0.53
5/12/2007	0.53	0.43	0.43	0.48
5/13/2007	0.43	0.43	0.4	0.43
5/14/2007	0.4	0.4	0.4	0.4
5/15/2007	1.38	0.4	0.4	0.42
5/16/2007	1.53	0.4	1.01	0.43
5/17/2007	1.01	0.56	0.7	0.45
5/18/2007	0.7	0.56	0.56	0.47
5/19/2007	0.56	0.56	0.51	0.49
5/20/2007	0.51	0.51	0.51	0.51
5/21/2007	0.52	0.51	0.51	0.44
5/22/2007	0.55	0.51	0.4	0.38
5/23/2007	0.4	0.25	0.3	0.33
5/24/2007	0.3	0.25	0.25	0.28
5/25/2007	0.25	0.25	0.25	0.25
5/26/2007	0.27	0.24	0.25	0.22
5/27/2007	0.28	0.24	0.24	0.19
5/28/2007	0.24	0.24	0.14	0.17
5/29/2007	0.14	0.13	0.13	0.14
5/30/2007	0.13	0.13	0.13	0.13
5/31/2007	0.13	0.13	0.13	0.1
6/1/2007	0.16	0.16	0.13	0.08
6/2/2007	0.33	0.16	0.16	0.07
6/3/2007	0.79	0.16	0.33	0.06
6/4/2007	0.58	0.23	0.34	0.04
6/5/2007	0.34	0.23	0.23	0.04
6/6/2007	0.23	0.23	0.2	0.03
6/7/2007	0.2	0.08	0.15	0.02
6/8/2007	0.15	0.08	0.08	0.02
6/9/2007	0.08	0.08	0.02	0.02
6/10/2007	0.02	0	0	0.01
6/11/2007	0	0	0	0
6/12/2007	0	0	0	0
6/13/2007	0	0	0	0
6/14/2007	0	0	0	0
6/15/2007	0	0	0	0
6/16/2007	0	0	0	0
6/17/2007	0	0	0	0
6/18/2007	0.02	0	0	0.01
6/19/2007	0.23	0	0	0.01
6/20/2007	0	0	0	0
6/21/2007	0	0	0	0
6/22/2007	0	0	0	0
6/23/2007	0	0	0	0
6/24/2007	0	0	0	0
6/25/2007	0	0	0	0
6/26/2007	0	0	0	0
6/27/2007	0	0	0	0
6/28/2007	0	0	0	0
6/29/2007	0	0	0	0
6/30/2007	0	0	0	0
7/1/2007	0	0	0	0
7/2/2007	0	0	0	0
7/3/2007	0.04	0	0	0.01
7/4/2007	0.05	0.02	0.04	0.01
7/5/2007	0.04	0.02	0.02	0.02
7/6/2007	0.02	0.02	0.02	0.02
7/7/2007	0.15	0	0.02	0.02
7/8/2007	0.02	0	0	0.01
7/9/2007	0	0	0	0
7/10/2007	0	0	0	0
7/11/2007	0	0	0	0
7/12/2007	0	0	0	0
7/13/2007	0	0	0	0
7/14/2007	0	0	0	0
7/15/2007	0	0	0	0
7/16/2007	0	0	0	0
7/17/2007	0	0	0	0
7/18/2007	0	0	0	0
7/19/2007	0	0	0	0
7/20/2007	0	0	0	0
7/21/2007	0	0	0	0
7/22/2007	0	0	0	0
7/23/2007	0	0	0	0
7/24/2007	0	0	0	0
7/25/2007	0	0	0	0
7/26/2007	0	0	0	0
7/27/2007	0	0	0	0
7/28/2007	0	0	0	0
7/29/2007	0	0	0	0
7/30/2007	0	0	0	0
7/31/2007	0	0	0	0
8/1/2007	0	0	0	0
8/2/2007	0	0	0	0
8/3/2007	0	0	0	0
8/4/2007	0	0	0	0
8/5/2007	0	0	0	0
8/6/2007	0	0	0	0
8/7/2007	0	0	0	0
8/8/2007	0	0	0	0
8/9/2007	0	0	0	0
8/10/2007	0	0	0	0
8/11/2007	0	0	0	0
8/12/2007	0	0	0	0
8/13/2007	0	0	0	0
8/14/2007	0	0	0	0
8/15/2007	0	0	0	0
8/16/2007	0	0	0	0
8/17/2007	0	0	0	0
8/18/2007	0	0	0	0
8/19/2007	0	0	0	0
8/20/2007	0	0	0	0
8/21/2007	0	0	0	0
8/22/2007	0	0	0	0
8/23/2007	0	0	0	0
8/24/2007	0	0	0	0
8/25/2007	0	0	0	0
8/26/2007	0	0	0	0
8/27/2007	0	0	0	0
8/28/2007	0	0	0	0
8/29/2007	0	0	0	0
8/30/2007	0	0	0	0
8/31/2007	0	0	0	0
9/1/2007	0	0	0	0
9/2/2007	0	0	0	0
9/3/2007	0	0	0	0
9/4/2007	0	0	0	0
9/5/2007	0	0	0	0
9/6/2007	0	0	0	0
9/7/2007	0	0	0	0
9/8/2007	0	0	0	0
9/9/2007	0	0	0	0
9/10/2007	0	0	0	0
9/11/2007	0	0	0	0
9/12/2007	0	0	0	0
9/13/2007	0	0	0	0
9/14/2007	0	0	0	0
9/15/2007	0	0	0	0
9/16/2007	0	0	0	0
9/17/2007	0	0	0	0
9/18/2007	0	0	0	0
9/19/2007	0	0	0	0
9/20/2007	0	0	0	0
9/21/2007	0	0	0	0
9/22/2007	0	0	0	0
9/23/2007	0	0	0	0
9/24/2007	0	0	0	0
9/25/2007	0	0	0	0
9/26/2007	0	0	0	0
9/27/2007	0	0	0	0
9/28/2007	0	0	0	0
9/29/2007	0	0	0	0
9/30/2007	0	0	0	0
10/1/2007	0	0	0	0
10/2/2007	0	0	0	0
10/3/2007	0	0	0	0
10/4/2007	0	0	0	0
10/5/2007	0	0	0	0
10/6/2007	0	0	0	0
10/7/2007	0	0	0	0
10/8/2007	0	0	0	0
10/9/2007	0	0	0	0
10/10/2007	0	0	0	0
10/11/2007	0	0	0	0
10/12/2007	0	0	0	0
10/13/2007	0	0	0	0
10/14/2007	0	0	0	0
10/15/2007	0	0	0	0
10/16/2007	0	0	0	0
10/17/2007	0	0	0	0
10/18/2007	9.55	0	0	0.01
10/19/2007	18.23	0	3.76	0.01
10/20/2007	3.76	0.15	0.83	0.01
10/21/2007	0.83	0.15	0.15	0.01
10/22/2007	0.15	0.15	0	0.01
10/23/2007	0	0	0	0
10/24/2007	0	0	0	0
10/25/2007	0	0	0	0
10/26/2007	0	0	0	0
10/27/2007	0	0	0	0
10/28/2007	0	0	0	0
10/29/2007	0	0	0	0
10/30/2007	0	0	0	0
10/31/2007	0	0	0	0
11/1/2007	0	0	0	0
11/2/2007	0	0	0	0
11/3/2007	0	0	0	0
11/4/2007	0	0	0	0
11/5/2007	0	0	0	0
11/6/2007	0	0	0	0
11/7/2007	0	0	0	0
11/8/2007	0	0	0	0
11/9/2007	0	0	0	0
11/10/2007	0	0	0	0
11/11/2007	0	0	0	0
11/12/2007	0	0	0	0
11/13/2007	0	0	0	0
11/14/2007	0	0	0	0
11/15/2007	0	0	0	0
11/16/2007	0	0	0	0
11/17/2007	0	0	0	0
11/18/2007	0	0	0	0
11/19/2007	0	0	0	0
11/20/2007	0	0	0	0
11/21/2007	0	0	0	0
11/22/2007	0	0	0	0
11/23/2007	0	0	0	0
11/24/2007	0	0	0	0
11/25/2007	0	0	0	0
11/26/2007	0	0	0	0
11/27/2007	0	0	0	0
11/28/2007	0	0	0	0
11/29/2007	0	0	0	0
11/30/2007	0	0	0	0
12/1/2007	0	0	0	0
12/2/2007	0	0	0	0
12/3/2007	0	0	0	0
12/4/2007	0	0	0	0
12/5/2007	0	0	0	0
12/6/2007	0	0	0	0
12/7/2007	0	0	0	0
12/8/2007	0	0	0	0
12/9/2007	0	0	0	0
12/10/2007	0	0	0	0
12/11/2007	0	0	0	0
12/12/2007	0	0	0	0
12/13/2007	0	0	0	0
12/14/2007	0	0	0	0
12/15/2007	0	0	0	0
12/16/2007	0	0	0	0
12/17/2007	0	0	0	0
12/18/2007	0	0	0	0
12/19/2007	0	0	0	0
12/20/2007	0	0	0	0
12/21/2007	0	0	0	0
12/22/2007	0	0	0	0
12/23/2007	13.18	0	0	0.31
12/24/2007	9.4	0	9.4	9.4
12/25/2007	11.72	3.94	6.85	7.09
12/26/2007	6.85	3.94	3.94	5.34
12/27/2007	3.94	3.94	2.54	3.94
12/28/2007	2.54	1.28	1.8	2.54
12/29/2007	1.8	1.28	1.28	1.8
12/30/2007	1.28	1.28	0.97	1.28
12/31/2007	0.97	0.74	0.8	0.97
1/1/2008	0.8	0.74	0.74	0.8
1/2/2008	0.74	0.74	0.74	0.74
1/3/2008	0.74	0.74	0.74	0.74
1/4/2008	0.74	0.74	0.74	0.74
1/5/2008	0.75	0.74	0.74	0.74
1/6/2008	1.3	1.3	0.75	0.73
1/7/2008	103.22	1.3	1.3	0.73
1/8/2008	205.34	1.3	103.22	0.72
1/9/2008	146.9	20.43	38.81	0.72
1/10/2008	38.81	20.43	20.43	0.71
1/11/2008	20.43	20.43	13.13	0.71
1/12/2008	13.13	6.72	9.45	0.7
1/13/2008	9.45	6.72	6.72	0.7
1/14/2008	6.72	6.72	5.46	0.7
1/15/2008	5.46	3.5	4.2	0.69
1/16/2008	4.2	3.5	3.5	0.69
1/17/2008	3.5	3.5	2.7	0.68
1/18/2008	2.7	1.7	2.2	0.68
1/19/2008	2.2	1.7	1.7	0.67
1/20/2008	1.7	1.7	1.4	0.67
1/21/2008	1.4	0.94	1.2	0.67
1/22/2008	1.2	0.94	0.94	0.66
1/23/2008	0.94	0.94	0.84	0.66
1/24/2008	0.84	0.68	0.71	0.65
1/25/2008	0.71	0.68	0.68	0.65
1/26/2008	0.68	0.68	0.66	0.65
1/27/2008	0.66	0.64	0.64	0.64
1/28/2008	0.64	0.64	0.64	0.64
1/29/2008	0.86	0.64	0.64	0.63
1/30/2008	1.7	1.5	0.86	0.63
1/31/2008	2.9	1.5	1.5	0.62
2/1/2008	1.5	1.5	1.1	0.62
2/2/2008	1.1	0.74	0.84	0.61
2/3/2008	0.84	0.74	0.74	0.61
2/4/2008	0.74	0.74	0.6	0.6
2/5/2008	0.6	0.6	0.6	0.6
2/6/2008	0.6	0.6	0.6	0.6
2/7/2008	0.6	0.6	0.6	0.6
2/8/2008	0.6	0.58	0.58	0.59
2/9/2008	0.58	0.58	0.58	0.58
2/10/2008	0.58	0.58	0.58	0.58
2/11/2008	1.2	1.2	0.58	0.63
2/12/2008	1.5	1.2	1.2	0.68
2/13/2008	1.3	1.2	1.2	0.74
2/14/2008	1.2	0.94	1	0.8
2/15/2008	1	0.94	0.94	0.87
2/16/2008	0.94	0.94	0.94	0.94
2/17/2008	1	1	0.94	0.99
2/18/2008	1.2	1	1	1.04
2/19/2008	1.1	1	1.1	1.1
2/20/2008	1.2	0.92	1.1	1.03
2/21/2008	1.1	0.92	0.92	0.96
2/22/2008	0.92	0.92	0.78	0.9
2/23/2008	0.78	0.64	0.66	0.78
2/24/2008	0.66	0.64	0.64	0.66
2/25/2008	0.64	0.64	0.63	0.64
2/26/2008	0.63	0.6	0.61	0.63
2/27/2008	0.61	0.6	0.6	0.61
2/28/2008	0.6	0.6	0.6	0.6
2/29/2008	0.6	0.59	0.59	0.6
3/1/2008	0.59	0.59	0.59	0.59
3/2/2008	0.74	0.59	0.59	0.73
3/3/2008	4	4	0.74	0.9
3/4/2008	21	4	4	1.11
3/5/2008	16	4	12	1.37
3/6/2008	12	7.4	9	1.69
3/7/2008	9	7.4	7.4	2.08
3/8/2008	7.4	7.4	6.2	2.57
3/9/2008	6.2	4.8	5.2	3.16
3/10/2008	5.2	4.8	4.8	3.9
3/11/2008	4.8	4.8	4.8	4.8
3/12/2008	5.4	4.4	4.6	4.66
3/13/2008	4.6	4.4	4.4	4.53
3/14/2008	4.4	4.4	4.4	4.4
3/15/2008	20	20	4.4	7.1
3/16/2008	39	20	20	11.45
3/17/2008	34	20	29.79	18.47
3/18/2008	29.79	29.79	29.79	29.79
3/19/2008	85.26	29.79	29.79	31.16
3/20/2008	159.38	29.79	85.26	32.6
3/21/2008	123.75	43.66	47.04	34.1
3/22/2008	47.04	43.66	43.66	35.67
3/23/2008	43.66	43.66	39.03	37.31
3/24/2008	39.03	39.03	39.03	39.03
3/25/2008	96.1	39.03	39.03	36.96
3/26/2008	159.82	39.03	89.28	35
3/27/2008	89.28	29.71	30.75	33.14
3/28/2008	30.75	29.71	29.71	30.75
3/29/2008	29.71	29.71	29.71	29.71
3/30/2008	29.73	29.73	29.71	26.79
3/31/2008	79.21	29.73	29.73	24.16
4/1/2008	230.69	29.73	36.31	21.78
4/2/2008	36.31	21.44	27.75	19.64
4/3/2008	27.75	21.44	21.44	17.71
4/4/2008	21.44	21.44	18.91	15.97
4/5/2008	18.91	11.71	15.67	14.4
4/6/2008	15.67	11.71	11.71	12.98
4/7/2008	11.71	11.71	11.71	11.71
4/8/2008	14.58	14.58	11.71	14.58
4/9/2008	177.42	14.58	14.58	31.94
4/10/2008	52.75	14.58	52.75	52.75
4/11/2008	380.44	49.61	52.75	38.1
4/12/2008	128.35	49.61	49.61	27.51
4/13/2008	49.61	49.61	18.79	19.87
4/14/2008	18.79	7.56	11.38	14.35
4/15/2008	11.38	7.56	7.56	10.36
4/16/2008	7.56	7.56	5.4	7.48
4/17/2008	5.4	5.4	5.4	5.4
4/18/2008	5.57	5.4	5.4	4.81
4/19/2008	5.42	5.4	4.01	4.28
4/20/2008	4.01	2.87	3.16	3.81
4/21/2008	3.16	2.87	2.87	3.16
4/22/2008	2.87	2.87	2.86	2.87
4/23/2008	2.86	2.39	2.39	2.68
4/24/2008	2.39	2.39	2.39	2.39
4/25/2008	11.1	2.39	2.39	2.46
4/26/2008	44.81	6.35	11.1	2.54
4/27/2008	11.3	6.35	6.35	2.61
4/28/2008	6.35	6.35	4.91	2.69
4/29/2008	4.91	2.95	3.64	2.78
4/30/2008	3.64	2.95	2.95	2.86
5/1/2008	2.95	2.95	2.95	2.95
5/2/2008	3.27	3.27	2.95	2.71
5/3/2008	5.39	3.27	3.27	2.49
5/4/2008	3.95	3.27	2.84	2.29
5/5/2008	2.84	2.18	2.28	2.1
5/6/2008	2.28	2.18	2.18	1.93
5/7/2008	2.18	2.18	1.93	1.78
5/8/2008	1.93	1.43	1.65	1.63
5/9/2008	1.65	1.43	1.43	1.5
5/10/2008	1.43	1.43	1.38	1.38
5/11/2008	1.38	1.07	1.19	1.27
5/12/2008	1.19	1.07	1.07	1.17
5/13/2008	1.07	1.07	1.07	1.07
5/14/2008	1.16	1.09	1.07	0.97
5/15/2008	1.3	1.09	1.09	0.88
5/16/2008	1.09	1.09	0.84	0.8
5/17/2008	0.84	0.63	0.7	0.72
5/18/2008	0.7	0.63	0.63	0.65
5/19/2008	0.63	0.63	0.58	0.59
5/20/2008	0.58	0.43	0.49	0.54
5/21/2008	0.49	0.43	0.43	0.49
5/22/2008	0.43	0.43	0.39	0.43
5/23/2008	0.39	0.33	0.36	0.39
5/24/2008	0.36	0.33	0.33	0.36
5/25/2008	0.33	0.33	0.33	0.33
5/26/2008	0.33	0.24	0.28	0.3
5/27/2008	0.28	0.24	0.24	0.27
5/28/2008	0.24	0.24	0.23	0.24
5/29/2008	0.23	0.23	0.23	0.23
5/30/2008	0.36	0.23	0.23	0.24
5/31/2008	0.31	0.23	0.26	0.25
6/1/2008	0.26	0.26	0.26	0.26
6/2/2008	0.41	0.26	0.26	0.27
6/3/2008	0.4	0.26	0.31	0.29
6/4/2008	0.31	0.31	0.31	0.31
6/5/2008	0.46	0.31	0.31	0.46
6/6/2008	0.49	0.31	0.46	0.49
6/7/2008	0.61	0.61	0.49	0.61
6/8/2008	25.36	0.61	0.61	1.85
6/9/2008	181.2	0.61	22.11	2.9
6/10/2008	22.11	7.11	7.11	4.54
6/11/2008	7.11	7.11	7.11	7.11
6/12/2008	34.43	7.11	7.11	5.63
6/13/2008	363.03	10.44	30.98	4.46
6/14/2008	30.98	10.44	10.44	3.53
6/15/2008	10.44	10.44	5	2.8
6/16/2008	5	2.06	3.06	2.22
6/17/2008	3.06	2.06	2.06	1.76
6/18/2008	2.06	2.06	1.41	1.39
6/19/2008	1.41	0.56	0.87	1.1
6/20/2008	0.87	0.56	0.56	0.87
6/21/2008	0.56	0.56	0.52	0.56
6/22/2008	0.52	0.37	0.46	0.52
6/23/2008	0.46	0.37	0.37	0.43
6/24/2008	0.37	0.37	0.28	0.34
6/25/2008	0.28	0.17	0.21	0.27
6/26/2008	0.21	0.17	0.17	0.21
6/27/2008	0.17	0.17	0.17	0.17
6/28/2008	0.2	0.16	0.17	0.16
6/29/2008	0.21	0.16	0.16	0.16
6/30/2008	0.16	0.16	0.15	0.15
7/1/2008	0.15	0.15	0.15	0.15
7/2/2008	55.61	0.15	0.15	0.22
7/3/2008	49.65	0.15	8.18	0.33
7/4/2008	8.18	1.08	2.42	0.49
7/5/2008	2.42	1.08	1.08	0.72
7/6/2008	1.08	1.08	1.08	1.08
7/7/2008	1.81	0.51	1.08	0.79
7/8/2008	1.53	0.51	0.51	0.58
7/9/2008	0.51	0.51	0.26	0.43
7/10/2008	0.26	0.23	0.23	0.26
7/11/2008	0.23	0.23	0.23	0.23
7/12/2008	6.8	0.23	0.23	0.26
7/13/2008	3.32	0.54	1.03	0.29
7/14/2008	1.03	0.54	0.54	0.33
7/15/2008	0.54	0.54	0.42	0.37
7/16/2008	0.42	0.42	0.42	0.42
7/17/2008	1.79	0.42	0.42	0.42
7/18/2008	2.96	0.42	1.08	0.42
7/19/2008	1.08	0.44	0.69	0.42
7/20/2008	0.69	0.44	0.44	0.42
7/21/2008	0.44	0.44	0.35	0.42
7/22/2008	0.35	0.17	0.27	0.35
7/23/2008	0.27	0.17	0.17	0.27
7/24/2008	0.17	0.17	0.09	0.17
7/25/2008	0.09	0	0.03	0.09
7/26/2008	0.03	0	0	0.03
7/27/2008	0	0	0	-999
7/28/2008	0	0	0	0
7/29/2008	0	0	0	0
7/30/2008	0	0	0	0
7/31/2008	0	0	0	0
8/1/2008	0	0	0	0
8/2/2008	0	0	0	0
8/3/2008	0	0	0	0
8/4/2008	0	0	0	0
8/5/2008	0	0	0	0
8/6/2008	0	0	0	0
8/7/2008	0	0	0	0
8/8/2008	0	0	0	0
8/9/2008	0	0	0	0
8/10/2008	0	0	0	0
8/11/2008	0	0	0	0
8/12/2008	0	0	0	0
8/13/2008	0	0	0	0
8/14/2008	0	0	0	0
8/15/2008	0	0	0	0
8/16/2008	0	0	0	0
8/17/2008	0	0	0	0
8/18/2008	0	0	0	0
8/19/2008	0	0	0	0
8/20/2008	0	0	0	0
8/21/2008	0	0	0	0
8/22/2008	0	0	0	0
8/23/2008	0	0	0	0
8/24/2008	0	0	0	0
8/25/2008	0	0	0	0
8/26/2008	0	0	0	0
8/27/2008	0	0	0	0
8/28/2008	0	0	0	0
8/29/2008	0	0	0	0
8/30/2008	0	0	0	0
8/31/2008	0	0	0	0
9/1/2008	0	0	0	0
9/2/2008	0	0	0	0
9/3/2008	0	0	0	0
9/4/2008	0	0	0	0
9/5/2008	0	0	0	0
9/6/2008	0	0	0	0
9/7/2008	0	0	0	0
9/8/2008	0	0	0	0
9/9/2008	0	0	0	0
9/10/2008	0	0	0	0
9/11/2008	0	0	0	0
9/12/2008	0	0	0	0
9/13/2008	0	0	0	0
9/14/2008	0	0	0	0
9/15/2008	0	0	0	0
9/16/2008	0	0	0	0
9/17/2008	0	0	0	0
9/18/2008	0	0	0	0
9/19/2008	0	0	0	0
9/20/2008	0	0	0	0
9/21/2008	0	0	0	0
9/22/2008	0	0	0	0
9/23/2008	0	0	0	0
9/24/2008	0	0	0	0
9/25/2008	0	0	0	0
9/26/2008	0	0	0	0
9/27/2008	0	0	0	0
9/28/2008	0	0	0	0
9/29/2008	0	0	0	0
9/30/2008	0	0	0	0
10/1/2008	0	0	0	0
10/2/2008	0	0	0	0
10/3/2008	0	0	0	0
10/4/2008	0	0	0	0
10/5/2008	0	0	0	0
10/6/2008	0	0	0	0
10/7/2008	0	0	0	0
10/8/2008	0	0	0	0
10/9/2008	0	0	0	0
10/10/2008	0	0	0	0
10/11/2008	0	0	0	0
10/12/2008	0	0	0	0
10/13/2008	0	0	0	0
10/14/2008	0	0	0	0
10/15/2008	0	0	0	0
10/16/2008	0	0	0	0
10/17/2008	0	0	0	0
10/18/2008	0	0	0	0
10/19/2008	0	0	0	0
10/20/2008	0	0	0	0
10/21/2008	0	0	0	0
10/22/2008	0	0	0	0
10/23/2008	0	0	0	0
10/24/2008	0	0	0	0
10/25/2008	0	0	0	0
10/26/2008	0	0	0	0
10/27/2008	0	0	0	0
10/28/2008	0	0	0	0
10/29/2008	0	0	0	0
10/30/2008	0	0	0	0
10/31/2008	0	0	0	0
11/1/2008	0	0	0	0
11/2/2008	0	0	0	0
11/3/2008	0	0	0	0
11/4/2008	0	0	0	0
11/5/2008	0	0	0	0
11/6/2008	0	0	0	0
11/7/2008	0	0	0	0
11/8/2008	0	0	0	0
11/9/2008	0	0	0	0
11/10/2008	0	0	0	0
11/11/2008	0	0	0	0
11/12/2008	0	0	0	0
11/13/2008	0	0	0	0
11/14/2008	0	0	0	0
11/15/2008	0	0	0	0
11/16/2008	0	0	0	0
11/17/2008	0	0	0	0
11/18/2008	0	0	0	0
11/19/2008	0	0	0	0
11/20/2008	0	0	0	0
11/21/2008	0	0	0	0
11/22/2008	0	0	0	0
11/23/2008	0	0	0	0
11/24/2008	0	0	0	0
11/25/2008	0	0	0	0
11/26/2008	0	0	0	0
11/27/2008	0	0	0	0
11/28/2008	0	0	0	0
11/29/2008	0	0	0	0
11/30/2008	0	0	0	0
12/1/2008	0	0	0	0
12/2/2008	0	0	0	0
12/3/2008	0	0	0	0
12/4/2008	0	0	0	0
12/5/2008	0	0	0	0
12/6/2008	0	0	0	0
12/7/2008	0	0	0	0
12/8/2008	0.19	0	0	0.01
12/9/2008	0	0	0	0
12/10/2008	0	0	0	0
12/11/2008	0	0	0	0
12/12/2008	0	0	0	0
12/13/2008	0	0	0	0
12/14/2008	0	0	0	0
12/15/2008	0	0	0	0
12/16/2008	0	0	0	0
12/17/2008	0	0	0	0
12/18/2008	0	0	0	0
12/19/2008	0	0	0	0
12/20/2008	0	0	0	0
12/21/2008	0	0	0	0
12/22/2008	0	0	0	0
12/23/2008	0	0	0	0
12/24/2008	0	0	0	0
12/25/2008	0	0	0	0
12/26/2008	0	0	0	0
12/27/2008	0	0	0	0
12/28/2008	0.06	0.06	0	0.01
12/29/2008	0.83	0.06	0.06	0.01
12/30/2008	1.89	0.06	0.83	0.01
12/31/2008	2.7	1	1.78	0.02
1/1/2009	1.78	1	1	0.02
1/2/2009	1	1	0.5	0.02
1/3/2009	0.5	0.32	0.38	0.02
1/4/2009	0.38	0.32	0.32	0.03
1/5/2009	0.32	0.32	0.28	0.03
1/6/2009	0.28	0.23	0.26	0.04
1/7/2009	0.26	0.23	0.23	0.04
1/8/2009	0.23	0.23	0.21	0.05
1/9/2009	0.21	0.17	0.2	0.05
1/10/2009	0.2	0.17	0.17	0.06
1/11/2009	0.17	0.17	0.15	0.07
1/12/2009	0.15	0.12	0.13	0.08
1/13/2009	0.13	0.12	0.12	0.09
1/14/2009	0.12	0.12	0.11	0.1
1/15/2009	0.11	0.11	0.11	0.11
1/16/2009	0.12	0.11	0.11	0.11
1/17/2009	0.13	0.11	0.1	0.1
1/18/2009	0.1	0.08	0.09	0.09
1/19/2009	0.09	0.08	0.08	0.09
1/20/2009	0.08	0.08	0.08	0.08
1/21/2009	0.09	0.08	0.08	0.08
1/22/2009	0.09	0.08	0.08	0.07
1/23/2009	0.08	0.08	0.07	0.07
1/24/2009	0.07	0.06	0.06	0.06
1/25/2009	0.06	0.06	0.06	0.06
1/26/2009	0.06	0.06	0.06	0.06
1/27/2009	0.06	0.06	0.06	0.06
1/28/2009	0.06	0.06	0.06	0.06
1/29/2009	0.07	0.06	0.06	0.07
1/30/2009	0.08	0.08	0.07	0.07
1/31/2009	0.11	0.08	0.08	0.08
2/1/2009	0.13	0.08	0.1	0.09
2/2/2009	0.1	0.09	0.1	0.1
2/3/2009	0.1	0.09	0.09	0.09
2/4/2009	0.09	0.09	0.09	0.09
2/5/2009	0.09	0.08	0.08	0.08
2/6/2009	0.08	0.08	0.08	0.08
2/7/2009	0.08	0.08	0.08	0.08
2/8/2009	0.08	0.08	0.08	0.08
2/9/2009	0.5	0.08	0.08	0.09
2/10/2009	20	0.08	0.5	0.1
2/11/2009	18	3.2	7	0.12
2/12/2009	7	3.2	3.2	0.13
2/13/2009	3.2	3.2	2.6	0.15
2/14/2009	2.6	2.1	2.3	0.17
2/15/2009	2.3	2.1	2.1	0.19
2/16/2009	2.1	2.1	1.7	0.22
2/17/2009	1.7	1	1.2	0.25
2/18/2009	1.2	1	1	0.28
2/19/2009	1	1	0.92	0.32
2/20/2009	0.92	0.8	0.86	0.36
2/21/2009	0.86	0.8	0.8	0.41
2/22/2009	0.8	0.8	0.74	0.47
2/23/2009	0.74	0.68	0.71	0.53
2/24/2009	0.71	0.68	0.68	0.6
2/25/2009	0.68	0.68	0.68	0.68
2/26/2009	0.8	0.8	0.68	0.67
2/27/2009	0.94	0.8	0.8	0.66
2/28/2009	0.82	0.8	0.78	0.66
3/1/2009	0.78	0.68	0.72	0.65
3/2/2009	0.72	0.68	0.68	0.64
3/3/2009	0.68	0.68	0.66	0.63
3/4/2009	0.66	0.62	0.62	0.63
3/5/2009	0.62	0.62	0.62	0.62
3/6/2009	2	0.62	0.62	0.83
3/7/2009	6.6	2	2	1.11
3/8/2009	3.6	2	2	1.49
3/9/2009	2	2	2	2
3/10/2009	3	3	2	2.02
3/11/2009	5	3	3	2.04
3/12/2009	4	3	2.6	2.06
3/13/2009	2.6	2.1	2.1	2.08
3/14/2009	2.1	2.1	2.1	2.1
3/15/2009	6.4	2.1	2.1	2.51
3/16/2009	17	17	6.4	2.99
3/17/2009	26	17	17	3.57
3/18/2009	55.97	17	20.44	4.26
3/19/2009	20.44	7.24	9.34	5.08
3/20/2009	9.34	7.24	7.24	6.06
3/21/2009	7.24	7.24	7.24	7.24
3/22/2009	9.86	8.31	7.24	7.75
3/23/2009	8.31	8.31	8.31	8.31
3/24/2009	12.09	8.31	8.31	7.29
3/25/2009	36.42	8.48	12.09	6.4
3/26/2009	15.58	8.48	8.48	5.62
3/27/2009	8.48	8.48	5.09	4.93
3/28/2009	5.09	3.34	3.91	4.33
3/29/2009	3.91	3.34	3.34	3.8
3/30/2009	3.34	3.34	3.34	3.34
3/31/2009	3.51	3.51	3.34	2.95
4/1/2009	7.68	3.51	3.51	2.62
4/2/2009	5.7	3.51	3.83	2.32
4/3/2009	3.83	2.35	2.92	2.05
4/4/2009	2.92	2.35	2.35	1.82
4/5/2009	2.35	2.35	1.87	1.61
4/6/2009	1.87	1.14	1.45	1.43
4/7/2009	1.45	1.14	1.14	1.26
4/8/2009	1.14	1.14	1.01	1.12
4/9/2009	1.01	0.69	0.85	0.99
4/10/2009	0.85	0.69	0.69	0.85
4/11/2009	0.69	0.69	0.59	0.69
4/12/2009	0.59	0.57	0.59	0.59
4/13/2009	0.59	0.57	0.57	0.59
4/14/2009	0.57	0.57	0.47	0.54
4/15/2009	0.47	0.36	0.37	0.47
4/16/2009	0.37	0.36	0.36	0.37
4/17/2009	0.36	0.36	0.33	0.36
4/18/2009	0.33	0.33	0.33	0.33
4/19/2009	0.4	0.33	0.33	0.4
4/20/2009	2.44	0.33	0.4	0.89
4/21/2009	37.02	11.96	2.44	1.46
4/22/2009	37.04	11.96	11.96	2.39
4/23/2009	11.96	11.96	6.39	3.9
4/24/2009	6.39	6.39	6.39	6.39
4/25/2009	16.45	6.39	6.39	5.6
4/26/2009	127.56	6.39	16.45	4.91
4/27/2009	62.8	8.21	18.43	4.3
4/28/2009	18.43	8.21	8.21	3.77
4/29/2009	8.21	8.21	4.8	3.3
4/30/2009	4.8	2.47	3.42	2.89
5/1/2009	3.42	2.47	2.47	2.53
5/2/2009	2.47	2.47	1.87	2.22
5/3/2009	1.87	1.12	1.44	1.87
5/4/2009	1.44	1.12	1.12	1.44
5/5/2009	1.12	1.12	1.04	1.12
5/6/2009	1.04	0.86	1.02	1.04
5/7/2009	1.02	0.86	0.86	1.02
5/8/2009	0.86	0.86	0.82	0.86
5/9/2009	0.82	0.73	0.75	0.82
5/10/2009	0.75	0.73	0.73	0.75
5/11/2009	0.73	0.73	0.53	0.68
5/12/2009	0.53	0.52	0.52	0.53
5/13/2009	0.52	0.52	0.52	0.52
5/14/2009	1.08	0.52	0.52	0.45
5/15/2009	1.31	0.6	0.92	0.39
5/16/2009	0.92	0.6	0.6	0.34
5/17/2009	0.6	0.6	0.46	0.3
5/18/2009	0.46	0.3	0.4	0.26
5/19/2009	0.4	0.3	0.3	0.23
5/20/2009	0.3	0.3	0.23	0.2
5/21/2009	0.23	0.14	0.17	0.17
5/22/2009	0.17	0.14	0.14	0.15
5/23/2009	0.14	0.14	0.13	0.13
5/24/2009	0.13	0.1	0.1	0.11
5/25/2009	0.1	0.1	0.1	0.1
5/26/2009	0.22	0.1	0.1	0.1
5/27/2009	11.7	11.7	0.22	0.11
5/28/2009	53.78	11.7	11.7	0.12
5/29/2009	16.37	11.7	5.45	0.12
5/30/2009	5.45	1.31	2.21	0.13
5/31/2009	2.21	1.31	1.31	0.14
6/1/2009	1.31	1.31	0.9	0.15
6/2/2009	0.9	0.46	0.65	0.16
6/3/2009	0.65	0.46	0.46	0.17
6/4/2009	0.46	0.46	0.28	0.18
6/5/2009	0.28	0.2	0.2	0.19
6/6/2009	0.2	0.2	0.2	0.2
6/7/2009	1.52	0.2	0.2	0.27
6/8/2009	146.86	18.43	1.52	0.36
6/9/2009	84.86	18.43	18.43	0.49
6/10/2009	18.43	18.43	7.3	0.66
6/11/2009	7.3	1.61	3.05	0.88
6/12/2009	3.05	1.61	1.61	1.19
6/13/2009	1.61	1.61	1.61	1.61
6/14/2009	1.9	1.28	1.61	1.18
6/15/2009	5.58	1.28	1.28	0.86
6/16/2009	1.28	1.28	0.58	0.63
6/17/2009	0.58	0.24	0.34	0.46
6/18/2009	0.34	0.24	0.24	0.34
6/19/2009	0.24	0.24	0.16	0.24
6/20/2009	0.16	0.1	0.11	0.16
6/21/2009	0.11	0.1	0.1	0.11
6/22/2009	0.1	0.1	0.1	0.1
6/23/2009	0.1	0	0.02	0.1
6/24/2009	0.02	0	0	0.02
6/25/2009	0	0	0	-999
6/26/2009	0	0	0	0
6/27/2009	0	0	0	0
6/28/2009	0	0	0	0
6/29/2009	0	0	0	0
6/30/2009	0	0	0	0
7/1/2009	0	0	0	0
7/2/2009	0	0	0	0
7/3/2009	0	0	0	0
7/4/2009	0	0	0	0
7/5/2009	0	0	0	0
7/6/2009	0	0	0	0
7/7/2009	0	0	0	0
7/8/2009	0	0	0	0
7/9/2009	0	0	0	0
7/10/2009	0	0	0	0
7/11/2009	0	0	0	0
7/12/2009	0	0	0	0
7/13/2009	0	0	0	0
7/14/2009	0	0	0	0
7/15/2009	0	0	0	0
7/16/2009	0	0	0	0
7/17/2009	0	0	0	0
7/18/2009	0	0	0	0
7/19/2009	0	0	0	0
7/20/2009	0	0	0	0
7/21/2009	0	0	0	0
7/22/2009	0	0	0	0
7/23/2009	0	0	0	0
7/24/2009	0	0	0	0
7/25/2009	0	0	0	0
7/26/2009	0	0	0	0
7/27/2009	0	0	0	0
7/28/2009	0	0	0	0
7/29/2009	0	0	0	0
7/30/2009	0	0	0	0
7/31/2009	0	0	0	0
8/1/2009	0	0	0	0
8/2/2009	0	0	0	0
8/3/2009	0	0	0	0
8/4/2009	0	0	0	0
8/5/2009	0	0	0	0
8/6/2009	0	0	0	0
8/7/2009	0	0	0	0
8/8/2009	0	0	0	0
8/9/2009	0	0	0	0
8/10/2009	0	0	0	0
8/11/2009	0	0	0	0
8/12/2009	0	0	0	0
8/13/2009	0	0	0	0
8/14/2009	0	0	0	0
8/15/2009	0	0	0	0
8/16/2009	0	0	0	0
8/17/2009	0	0	0	0
8/18/2009	0	0	0	0
8/19/2009	0	0	0	0
8/20/2009	0	0	0	0
8/21/2009	0	0	0	0
8/22/2009	0	0	0	0
8/23/2009	0	0	0	0
8/24/2009	0	0	0	0
8/25/2009	0	0	0	0
8/26/2009	0	0	0	0
8/27/2009	0	0	0	0
8/28/2009	0	0	0	0
8/29/2009	0	0	0	0
8/30/2009	0	0	0	0
8/31/2009	0	0	0	0
9/1/2009	0	0	0	0
9/2/2009	0	0	0	0
9/3/2009	0	0	0	0
9/4/2009	0	0	0	0
9/5/2009	0	0	0	0
9/6/2009	0	0	0	0
9/7/2009	0	0	0	0
9/8/2009	0	0	0	0
9/9/2009	0	0	0	0
9/10/2009	0	0	0	0
9/11/2009	0	0	0	0
9/12/2009	0	0	0	0
9/13/2009	0	0	0	0
9/14/2009	0	0	0	0
9/15/2009	0	0	0	0
9/16/2009	0	0	0	0
9/17/2009	0	0	0	0
9/18/2009	0	0	0	0
9/19/2009	0	0	0	0
9/20/2009	0	0	0	0
9/21/2009	0	0	0	0
9/22/2009	0	0	0	0
9/23/2009	0	0	0	0
9/24/2009	0	0	0	0
9/25/2009	0	0	0	0
9/26/2009	0	0	0	0
9/27/2009	0	0	0	0
9/28/2009	0	0	0	0
9/29/2009	0	0	0	0
9/30/2009	0	0	0	0
