DV_date	QTOT	QGW_fixed	QGW_slide	QGW_locmin
10D	12N	12N	12N	12N
10/01/1990	    7.80	    7.70	    7.70	    0.00
10/02/1990	    7.70	    7.70	    7.70	    0.00
10/03/1990	   10.00	    7.70	    7.70	    0.00
10/04/1990	    9.90	    7.70	    7.70	    0.00
10/05/1990	    8.80	    7.70	    7.80	    0.00
10/06/1990	    8.40	    7.70	    7.70	    0.00
10/07/1990	    7.80	    7.70	    7.70	    0.00
10/08/1990	    7.70	    7.70	    7.70	    7.70
10/09/1990	    8.10	    7.70	    7.70	    7.67
10/10/1990	    8.30	    7.70	    7.70	    7.64
10/11/1990	    8.30	    7.50	    8.10	    7.61
10/12/1990	    8.20	    7.50	    8.10	    7.59
10/13/1990	    8.10	    7.50	    7.50	    7.56
10/14/1990	    8.30	    7.50	    7.50	    7.53
10/15/1990	    7.50	    7.50	    7.50	    7.50
10/16/1990	    7.60	    7.60	    7.50	    7.46
10/17/1990	    7.60	    7.60	    7.50	    7.42
10/18/1990	    9.60	    7.60	    7.60	    7.38
10/19/1990	    8.40	    7.60	    7.60	    7.34
10/20/1990	    9.00	    7.60	    8.40	    7.30
10/21/1990	   11.00	    7.10	    7.80	    7.26
10/22/1990	    8.80	    7.10	    7.40	    7.22
10/23/1990	    7.80	    7.10	    7.10	    7.18
10/24/1990	    7.40	    7.10	    7.10	    7.14
10/25/1990	    7.10	    7.10	    7.10	    7.10
10/26/1990	    7.10	    7.00	    7.00	    7.07
10/27/1990	    7.20	    7.00	    7.00	    7.03
10/28/1990	    7.00	    7.00	    7.00	    7.00
10/29/1990	    7.20	    7.00	    7.00	    6.96
10/30/1990	    7.40	    7.00	    7.00	    6.93
10/31/1990	    7.30	    7.30	    7.20	    6.89
11/01/1990	    7.50	    7.30	    7.30	    6.85
11/02/1990	    7.90	    7.30	    7.30	    6.82
11/03/1990	    8.50	    7.30	    7.50	    6.78
11/04/1990	    8.80	    7.30	    7.20	    6.74
11/05/1990	    7.80	    6.60	    7.00	    6.71
11/06/1990	    7.20	    6.60	    6.60	    6.67
11/07/1990	    7.00	    6.60	    6.60	    6.64
11/08/1990	    6.60	    6.60	    6.60	    6.60
11/09/1990	    7.40	    6.60	    6.60	    6.60
11/10/1990	    7.50	    6.60	    6.60	    6.60
11/11/1990	    7.00	    6.60	    6.60	    6.60
11/12/1990	    6.60	    6.60	    6.60	    6.60
11/13/1990	    7.10	    6.60	    6.60	    6.73
11/14/1990	    7.30	    6.60	    6.60	    6.87
11/15/1990	    7.80	    7.30	    7.10	    7.01
11/16/1990	    7.80	    7.30	    7.30	    7.15
11/17/1990	    7.30	    7.30	    7.30	    7.30
11/18/1990	    7.70	    7.30	    7.30	    7.35
11/19/1990	    7.90	    7.30	    7.30	    7.41
11/20/1990	    7.80	    7.80	    7.70	    7.46
11/21/1990	   11.00	    7.80	    7.80	    7.52
11/22/1990	    9.70	    7.80	    7.80	    7.57
11/23/1990	    8.70	    7.80	    8.10	    7.63
11/24/1990	    8.10	    7.80	    7.80	    7.69
11/25/1990	    8.10	    7.80	    7.80	    7.74
11/26/1990	    7.80	    7.80	    7.80	    7.80
11/27/1990	   10.00	    7.80	    7.80	    7.83
11/28/1990	    9.00	    7.80	    7.80	    7.87
11/29/1990	    7.90	    7.80	    7.90	    7.90
11/30/1990	    8.10	    5.80	    7.80	    7.43
12/01/1990	    8.20	    5.80	    7.40	    6.98
12/02/1990	    7.80	    5.80	    5.80	    6.56
12/03/1990	    7.40	    5.80	    5.80	    6.17
12/04/1990	    5.80	    5.80	    5.80	    5.80
12/05/1990	    7.00	    7.00	    5.80	    6.29
12/06/1990	    8.00	    7.00	    5.80	    6.81
12/07/1990	    8.00	    7.00	    7.00	    7.38
12/08/1990	    8.00	    7.00	    8.00	    8.00
12/09/1990	    8.20	    7.00	    8.00	    7.93
12/10/1990	    8.20	    7.60	    8.00	    7.86
12/11/1990	    8.20	    7.60	    8.00	    7.80
12/12/1990	    8.20	    7.60	    7.60	    7.73
12/13/1990	    8.00	    7.60	    7.60	    7.67
12/14/1990	    7.60	    7.60	    7.60	    7.60
12/15/1990	    8.20	    8.20	    7.60	    7.79
12/16/1990	    8.20	    8.20	    7.60	    7.99
12/17/1990	    8.20	    8.20	    8.20	    8.20
12/18/1990	    8.20	    8.20	    8.20	    8.20
12/19/1990	    8.20	    8.20	    7.60	    7.95
12/20/1990	    8.20	    7.00	    7.20	    7.71
12/21/1990	    7.60	    7.00	    7.20	    7.47
12/22/1990	    7.20	    7.00	    7.00	    7.20
12/23/1990	    7.20	    7.00	    6.60	    7.02
12/24/1990	    7.00	    7.00	    6.40	    6.81
12/25/1990	    6.60	    6.40	    6.40	    6.60
12/26/1990	    6.40	    6.40	    6.40	    6.40
12/27/1990	    7.20	    6.40	    6.40	    6.52
12/28/1990	    9.00	    6.40	    6.40	    6.63
12/29/1990	    7.80	    6.40	    7.00	    6.75
12/30/1990	    7.20	    7.00	    7.00	    6.88
12/31/1990	    7.00	    7.00	    7.00	    7.00
01/01/1991	    7.00	    7.00	    7.00	    7.00
01/02/1991	    7.00	    7.00	    7.00	    7.00
01/03/1991	    7.00	    7.00	    7.00	    7.00
01/04/1991	    7.00	    7.00	    7.00	    7.00
01/05/1991	    7.00	    7.00	    7.00	    7.00
01/06/1991	    7.00	    7.00	    7.00	    7.00
01/07/1991	    7.00	    7.00	    7.00	    7.00
01/08/1991	    7.00	    7.00	    7.00	    7.00
01/09/1991	    7.00	    7.00	    7.00	    7.00
01/10/1991	    7.00	    7.00	    7.00	    7.00
01/11/1991	    7.00	    7.00	    7.00	    7.00
01/12/1991	    7.00	    7.00	    7.00	    7.00
01/13/1991	    7.00	    7.00	    7.00	    7.00
01/14/1991	    7.20	    7.00	    7.00	    7.00
01/15/1991	    7.20	    7.00	    7.00	    7.00
01/16/1991	    7.20	    7.00	    7.00	    7.00
01/17/1991	    7.20	    7.00	    7.00	    7.00
01/18/1991	    7.00	    7.00	    7.00	    7.00
01/19/1991	    7.00	    6.40	    6.60	    6.88
01/20/1991	    7.00	    6.40	    6.60	    6.75
01/21/1991	    6.60	    6.40	    6.40	    6.60
01/22/1991	    6.60	    6.40	    6.40	    6.52
01/23/1991	    6.40	    6.40	    6.40	    6.40
01/24/1991	    6.40	    6.40	    6.40	    6.40
01/25/1991	    6.40	    6.40	    6.40	    6.40
01/26/1991	    6.40	    6.40	    6.40	    6.40
01/27/1991	    6.60	    6.40	    6.40	    6.48
01/28/1991	    7.00	    6.40	    6.40	    6.56
01/29/1991	    7.20	    6.80	    6.60	    6.64
01/30/1991	    7.00	    6.80	    6.80	    6.72
01/31/1991	    6.80	    6.80	    6.80	    6.80
02/01/1991	    7.20	    6.80	    6.80	    6.83
02/02/1991	    7.40	    6.80	    6.80	    6.86
02/03/1991	    7.60	    7.00	    7.20	    6.89
02/04/1991	    7.80	    7.00	    7.10	    6.91
02/05/1991	    7.60	    7.00	    7.00	    6.94
02/06/1991	    7.10	    7.00	    7.00	    6.97
02/07/1991	    7.00	    7.00	    7.00	    7.00
02/08/1991	    8.00	    8.00	    7.00	    7.02
02/09/1991	    8.60	    8.00	    7.00	    7.04
02/10/1991	    8.60	    8.00	    8.00	    7.07
02/11/1991	    8.20	    8.00	    8.00	    7.09
02/12/1991	    8.00	    8.00	    7.60	    7.11
02/13/1991	    8.00	    7.20	    7.40	    7.13
02/14/1991	    7.60	    7.20	    7.20	    7.16
02/15/1991	    7.40	    7.20	    7.20	    7.18
02/16/1991	    7.20	    7.20	    7.20	    7.20
02/17/1991	    7.40	    7.20	    7.20	    7.31
02/18/1991	    8.00	    8.00	    7.20	    7.42
02/19/1991	    8.40	    8.00	    7.40	    7.53
02/20/1991	    9.00	    8.00	    8.00	    7.64
02/21/1991	    9.80	    8.00	    8.40	    7.75
02/22/1991	   12.00	    8.00	    9.00	    7.87
02/23/1991	   11.00	    8.80	    9.00	    7.99
02/24/1991	    9.60	    8.80	    8.80	    8.11
02/25/1991	    9.00	    8.80	    8.80	    8.23
02/26/1991	    8.80	    8.80	    8.60	    8.35
02/27/1991	    8.80	    8.80	    8.60	    8.47
02/28/1991	    8.60	    8.60	    8.60	    8.60
03/01/1991	   20.00	    8.60	    8.60	    9.15
03/02/1991	  100.00	    8.60	    8.60	    9.74
03/03/1991	   40.00	    8.60	   20.00	   10.36
03/04/1991	   30.00	    8.60	   24.00	   11.02
03/05/1991	   24.00	   17.00	   19.00	   11.73
03/06/1991	   28.00	   17.00	   17.00	   12.48
03/07/1991	   19.00	   17.00	   17.00	   13.28
03/08/1991	   17.00	   17.00	   16.00	   14.13
03/09/1991	   19.00	   17.00	   16.00	   15.04
03/10/1991	   16.00	   11.00	   16.00	   16.00
03/11/1991	   18.00	   11.00	   11.00	   14.12
03/12/1991	   19.00	   11.00	   11.00	   12.46
03/13/1991	   11.00	   11.00	   11.00	   11.00
03/14/1991	   17.00	   11.00	   11.00	   11.68
03/15/1991	   18.00	   18.00	   11.00	   12.40
03/16/1991	   19.00	   18.00	   17.00	   13.17
03/17/1991	   26.00	   18.00	   18.00	   13.98
03/18/1991	   54.00	   18.00	   19.00	   14.85
03/19/1991	   47.00	   18.00	   26.00	   15.77
03/20/1991	   40.00	   30.00	   36.00	   16.74
03/21/1991	   39.00	   30.00	   36.00	   17.78
03/22/1991	   36.00	   30.00	   30.00	   18.88
03/23/1991	   56.00	   30.00	   25.00	   20.05
03/24/1991	   30.00	   30.00	   24.00	   21.29
03/25/1991	   25.00	   24.00	   24.00	   22.60
03/26/1991	   24.00	   24.00	   24.00	   24.00
03/27/1991	   94.00	   24.00	   24.00	   23.08
03/28/1991	   37.00	   24.00	   24.00	   22.19
03/29/1991	   27.00	   24.00	   23.00	   21.34
03/30/1991	   24.00	   18.00	   21.00	   20.52
03/31/1991	   23.00	   18.00	   19.00	   19.73
04/01/1991	   21.00	   18.00	   18.00	   18.97
04/02/1991	   19.00	   18.00	   18.00	   18.24
04/03/1991	   18.00	   18.00	   17.00	   17.54
04/04/1991	   18.00	   15.00	   16.00	   16.87
04/05/1991	   17.00	   15.00	   15.00	   16.22
04/06/1991	   16.00	   15.00	   15.00	   15.60
04/07/1991	   15.00	   15.00	   15.00	   15.00
04/08/1991	   16.00	   15.00	   15.00	   15.70
04/09/1991	   37.00	   18.00	   15.00	   16.43
04/10/1991	   23.00	   18.00	   16.00	   17.20
04/11/1991	   18.00	   18.00	   18.00	   18.00
04/12/1991	   91.00	   18.00	   18.00	   18.36
04/13/1991	   92.00	   18.00	   18.00	   18.74
04/14/1991	   55.00	   26.00	   31.00	   19.12
04/15/1991	   41.00	   26.00	   28.00	   19.50
04/16/1991	   31.00	   26.00	   26.00	   19.90
04/17/1991	   28.00	   26.00	   26.00	   20.30
04/18/1991	   26.00	   26.00	   25.00	   20.71
04/19/1991	   27.00	   22.00	   22.00	   21.13
04/20/1991	   25.00	   22.00	   22.00	   21.56
04/21/1991	   22.00	   22.00	   22.00	   22.00
04/22/1991	   22.00	   22.00	   22.00	   22.00
04/23/1991	   24.00	   22.00	   20.00	   21.21
04/24/1991	   22.00	   19.00	   19.00	   20.45
04/25/1991	   20.00	   19.00	   19.00	   19.71
04/26/1991	   19.00	   19.00	   19.00	   19.00
04/27/1991	   22.00	   19.00	   19.00	   19.00
04/28/1991	   19.00	   19.00	   19.00	   19.00
04/29/1991	   20.00	   16.00	   17.00	   18.36
04/30/1991	   20.00	   16.00	   17.00	   17.74
05/01/1991	   17.00	   16.00	   16.00	   17.00
05/02/1991	   17.00	   16.00	   16.00	   16.56
05/03/1991	   16.00	   16.00	   16.00	   16.00
05/04/1991	   17.00	   17.00	   16.00	   16.00
05/05/1991	   22.00	   17.00	   16.00	   16.00
05/06/1991	   22.00	   17.00	   17.00	   16.00
05/07/1991	   18.00	   17.00	   17.00	   16.00
05/08/1991	   17.00	   17.00	   16.00	   16.00
05/09/1991	   17.00	   16.00	   16.00	   16.00
05/10/1991	   16.00	   16.00	   16.00	   16.00
05/11/1991	   16.00	   16.00	   16.00	   16.00
05/12/1991	   16.00	   16.00	   16.00	   16.00
05/13/1991	   34.00	   16.00	   16.00	   16.24
05/14/1991	   22.00	   17.00	   16.00	   16.49
05/15/1991	   18.00	   17.00	   17.00	   16.74
05/16/1991	   17.00	   17.00	   17.00	   17.00
05/17/1991	   17.00	   17.00	   17.00	   17.00
05/18/1991	   20.00	   17.00	   15.00	   16.31
05/19/1991	   17.00	   15.00	   15.00	   15.64
05/20/1991	   15.00	   15.00	   15.00	   15.00
05/21/1991	   16.00	   15.00	   15.00	   15.00
05/22/1991	   19.00	   15.00	   15.00	   15.00
05/23/1991	   16.00	   15.00	   15.00	   15.00
05/24/1991	   16.00	   15.00	   15.00	   15.00
05/25/1991	   15.00	   15.00	   15.00	   15.00
05/26/1991	   39.00	   15.00	   15.00	   15.48
05/27/1991	   22.00	   15.00	   15.00	   15.97
05/28/1991	   19.00	   15.00	   17.00	   16.48
05/29/1991	   17.00	   17.00	   17.00	   17.00
05/30/1991	   21.00	   17.00	   17.00	   17.00
05/31/1991	   24.00	   17.00	   17.00	   17.00
06/01/1991	   27.00	   17.00	   21.00	   17.00
06/02/1991	   22.00	   17.00	   18.00	   17.00
06/03/1991	   21.00	   17.00	   17.00	   17.00
06/04/1991	   18.00	   17.00	   17.00	   17.00
06/05/1991	   17.00	   17.00	   17.00	   17.00
06/06/1991	   17.00	   17.00	   17.00	   17.00
06/07/1991	   17.00	   17.00	   17.00	   17.00
06/08/1991	   18.00	   18.00	   17.00	   17.47
06/09/1991	   18.00	   18.00	   17.00	   17.95
06/10/1991	   22.00	   18.00	   18.00	   18.44
06/11/1991	   23.00	   18.00	   18.00	   18.95
06/12/1991	   21.00	   18.00	   20.00	   19.47
06/13/1991	   20.00	   20.00	   20.00	   20.00
06/14/1991	   32.00	   20.00	   20.00	   20.88
06/15/1991	 1030.00	   20.00	   20.00	   21.79
06/16/1991	   59.00	   20.00	   32.00	   22.75
06/17/1991	   39.00	   20.00	   30.00	   23.74
06/18/1991	   33.00	   27.00	   27.00	   24.78
06/19/1991	   30.00	   27.00	   27.00	   25.87
06/20/1991	   27.00	   27.00	   27.00	   27.00
06/21/1991	   73.00	   27.00	   24.00	   25.68
06/22/1991	   38.00	   27.00	   22.00	   24.42
06/23/1991	   24.00	   19.00	   21.00	   23.23
06/24/1991	   22.00	   19.00	   20.00	   22.00
06/25/1991	   21.00	   19.00	   19.00	   21.00
06/26/1991	   20.00	   19.00	   19.00	   19.98
06/27/1991	   19.00	   19.00	   19.00	   19.00
06/28/1991	   19.00	   18.00	   19.00	   19.00
06/29/1991	   19.00	   18.00	   19.00	   19.00
06/30/1991	   19.00	   18.00	   18.00	   18.66
07/01/1991	   19.00	   18.00	   18.00	   18.33
07/02/1991	   18.00	   18.00	   18.00	   18.00
07/03/1991	   18.00	   18.00	   18.00	   18.00
07/04/1991	   18.00	   18.00	   18.00	   18.00
07/05/1991	   18.00	   18.00	   18.00	   18.00
07/06/1991	   18.00	   18.00	   18.00	   18.00
07/07/1991	   24.00	   18.00	   18.00	   18.00
07/08/1991	   21.00	   18.00	   18.00	   18.00
07/09/1991	   18.00	   18.00	   18.00	   18.00
07/10/1991	   18.00	   18.00	   18.00	   18.00
07/11/1991	   18.00	   18.00	   18.00	   18.00
07/12/1991	   23.00	   18.00	   17.00	   17.66
07/13/1991	   20.00	   17.00	   17.00	   17.33
07/14/1991	   17.00	   17.00	   17.00	   17.00
07/15/1991	   17.00	   17.00	   17.00	   17.00
07/16/1991	   17.00	   17.00	   17.00	   17.00
07/17/1991	   17.00	   17.00	   17.00	   17.00
07/18/1991	   17.00	   17.00	   17.00	   17.00
07/19/1991	   17.00	   17.00	   17.00	   17.00
07/20/1991	   17.00	   17.00	   17.00	   17.00
07/21/1991	   17.00	   17.00	   16.00	   16.66
07/22/1991	   18.00	   17.00	   16.00	   16.33
07/23/1991	   16.00	   16.00	   16.00	   16.00
07/24/1991	   16.00	   16.00	   16.00	   16.00
07/25/1991	   16.00	   16.00	   16.00	   16.00
07/26/1991	   16.00	   16.00	   16.00	   16.00
07/27/1991	   16.00	   16.00	   16.00	   16.00
07/28/1991	   18.00	   17.00	   16.00	   16.24
07/29/1991	   20.00	   17.00	   16.00	   16.49
07/30/1991	   18.00	   17.00	   17.00	   16.74
07/31/1991	   17.00	   17.00	   17.00	   17.00
08/01/1991	   17.00	   17.00	   17.00	   17.00
08/02/1991	   17.00	   16.00	   17.00	   17.00
08/03/1991	   17.00	   16.00	   17.00	   17.00
08/04/1991	   20.00	   16.00	   16.00	   16.66
08/05/1991	   17.00	   16.00	   16.00	   16.33
08/06/1991	   16.00	   16.00	   16.00	   16.00
08/07/1991	   18.00	   18.00	   16.00	   16.16
08/08/1991	   94.00	   18.00	   16.00	   16.33
08/09/1991	   28.00	   18.00	   18.00	   16.49
08/10/1991	   20.00	   18.00	   17.00	   16.66
08/11/1991	   18.00	   18.00	   17.00	   16.83
08/12/1991	   17.00	   17.00	   17.00	   17.00
08/13/1991	   17.00	   17.00	   17.00	   17.00
08/14/1991	   17.00	   17.00	   17.00	   17.00
08/15/1991	   17.00	   17.00	   17.00	   17.00
08/16/1991	   17.00	   17.00	   17.00	   17.00
08/17/1991	   20.00	   16.00	   16.00	   16.66
08/18/1991	   17.00	   16.00	   16.00	   16.33
08/19/1991	   16.00	   16.00	   16.00	   16.00
08/20/1991	   16.00	   16.00	   16.00	   16.00
08/21/1991	   16.00	   16.00	   15.00	   15.66
08/22/1991	   16.00	   15.00	   15.00	   15.33
08/23/1991	   15.00	   15.00	   15.00	   15.00
08/24/1991	   15.00	   15.00	   15.00	   15.00
08/25/1991	   15.00	   15.00	   15.00	   15.00
08/26/1991	   15.00	   15.00	   15.00	   15.00
08/27/1991	   15.00	   15.00	   15.00	   15.00
08/28/1991	   15.00	   15.00	   15.00	   15.00
08/29/1991	   15.00	   15.00	   15.00	   15.00
08/30/1991	   15.00	   15.00	   15.00	   15.00
08/31/1991	   16.00	   15.00	   15.00	   15.00
09/01/1991	   15.00	   15.00	   15.00	   15.00
09/02/1991	   15.00	   15.00	   15.00	   15.00
09/03/1991	   20.00	   15.00	   15.00	   15.00
09/04/1991	   19.00	   15.00	   15.00	   15.00
09/05/1991	   15.00	   15.00	   15.00	   15.00
09/06/1991	   15.00	   15.00	   15.00	   15.00
09/07/1991	   15.00	   15.00	   15.00	   15.00
09/08/1991	   20.00	   15.00	   15.00	   15.00
09/09/1991	   21.00	   15.00	   15.00	   15.00
09/10/1991	   17.00	   15.00	   15.00	   15.00
09/11/1991	   15.00	   15.00	   15.00	   15.00
09/12/1991	   19.00	   15.00	   15.00	   14.89
09/13/1991	   19.00	   15.00	   15.00	   14.77
09/14/1991	   22.00	   15.00	   18.00	   14.66
09/15/1991	   22.00	   15.00	   16.00	   14.55
09/16/1991	   18.00	   14.00	   16.00	   14.44
09/17/1991	   16.00	   14.00	   15.00	   14.33
09/18/1991	   16.00	   14.00	   14.00	   14.22
09/19/1991	   15.00	   14.00	   14.00	   14.11
09/20/1991	   14.00	   14.00	   14.00	   14.00
09/21/1991	   15.00	   15.00	   14.00	   14.33
09/22/1991	   15.00	   15.00	   14.00	   14.66
09/23/1991	   15.00	   15.00	   15.00	   15.00
09/24/1991	   15.00	   15.00	   15.00	   15.00
09/25/1991	   16.00	   15.00	   14.00	   14.66
09/26/1991	   15.00	   14.00	   14.00	   14.33
09/27/1991	   14.00	   14.00	   14.00	   14.00
09/28/1991	   14.00	   14.00	   14.00	   14.00
09/29/1991	   14.00	   14.00	   14.00	   14.00
09/30/1991	   14.00	   14.00	   14.00	   14.00
10/01/1991	   14.00	   14.00	   14.00	   14.00
10/02/1991	   15.00	   14.00	   14.00	   14.16
10/03/1991	   15.00	   14.00	   14.00	   14.33
10/04/1991	   20.00	   14.00	   15.00	   14.49
10/05/1991	   24.00	   14.00	   15.00	   14.66
10/06/1991	   18.00	   14.00	   15.00	   14.83
10/07/1991	   15.00	   14.00	   15.00	   15.00
10/08/1991	   15.00	   14.00	   14.00	   14.66
10/09/1991	   15.00	   14.00	   14.00	   14.33
10/10/1991	   14.00	   14.00	   14.00	   14.00
10/11/1991	   15.00	   14.00	   14.00	   14.00
10/12/1991	   15.00	   14.00	   14.00	   14.00
10/13/1991	   14.00	   14.00	   14.00	   14.00
10/14/1991	   14.00	   14.00	   14.00	   14.00
10/15/1991	   14.00	   14.00	   14.00	   14.00
10/16/1991	   14.00	   14.00	   14.00	   14.00
10/17/1991	   14.00	   14.00	   14.00	   14.00
10/18/1991	   14.00	   14.00	   14.00	   14.00
10/19/1991	   14.00	   14.00	   14.00	   14.00
10/20/1991	   14.00	   14.00	   14.00	   14.00
10/21/1991	   15.00	   15.00	   14.00	   14.33
10/22/1991	   15.00	   15.00	   14.00	   14.66
10/23/1991	   15.00	   15.00	   15.00	   15.00
10/24/1991	   20.00	   15.00	   15.00	   15.56
10/25/1991	   28.00	   15.00	   15.00	   16.13
10/26/1991	   26.00	   18.00	   18.00	   16.73
10/27/1991	   21.00	   18.00	   18.00	   17.36
10/28/1991	   18.00	   18.00	   18.00	   18.00
10/29/1991	   21.00	   18.00	   17.00	   17.66
10/30/1991	   18.00	   18.00	   17.00	   17.33
10/31/1991	   17.00	   17.00	   17.00	   17.00
11/01/1991	   62.00	   17.00	   17.00	   16.87
11/02/1991	   32.00	   17.00	   17.00	   16.74
11/03/1991	   21.00	   17.00	   18.00	   16.62
11/04/1991	   20.00	   17.00	   17.00	   16.49
11/05/1991	   18.00	   16.00	   17.00	   16.37
11/06/1991	   17.00	   16.00	   16.00	   16.24
11/07/1991	   17.00	   16.00	   16.00	   16.12
11/08/1991	   16.00	   16.00	   16.00	   16.00
11/09/1991	   16.00	   16.00	   16.00	   16.00
11/10/1991	   17.00	   17.00	   16.00	   16.45
11/11/1991	   18.00	   17.00	   16.00	   16.92
11/12/1991	   18.00	   17.00	   17.00	   17.40
11/13/1991	   19.00	   17.00	   18.00	   17.89
11/14/1991	   22.00	   17.00	   18.00	   18.39
11/15/1991	   26.00	   20.00	   19.00	   18.91
11/16/1991	   21.00	   20.00	   20.00	   19.45
11/17/1991	   20.00	   20.00	   20.00	   20.00
11/18/1991	   43.00	   20.00	   20.00	   20.48
11/19/1991	   28.00	   20.00	   20.00	   20.98
11/20/1991	   24.00	   22.00	   22.00	   21.48
11/21/1991	   22.00	   22.00	   22.00	   22.00
11/22/1991	   22.00	   22.00	   22.00	   22.00
11/23/1991	   28.00	   22.00	   22.00	   21.80
11/24/1991	   25.00	   22.00	   22.00	   21.59
11/25/1991	   24.00	   21.00	   21.00	   21.39
11/26/1991	   22.00	   21.00	   21.00	   21.20
11/27/1991	   21.00	   21.00	   21.00	   21.00
11/28/1991	   21.00	   21.00	   21.00	   21.00
11/29/1991	   27.00	   21.00	   21.00	   21.32
11/30/1991	   68.00	   23.00	   21.00	   21.65
12/01/1991	   36.00	   23.00	   25.00	   21.98
12/02/1991	   27.00	   23.00	   23.00	   22.31
12/03/1991	   25.00	   23.00	   23.00	   22.65
12/04/1991	   23.00	   23.00	   23.00	   23.00
12/05/1991	   23.00	   23.00	   23.00	   23.00
12/06/1991	   23.00	   23.00	   23.00	   23.00
12/07/1991	   25.00	   23.00	   23.00	   23.65
12/08/1991	   27.00	   23.00	   23.00	   24.31
12/09/1991	   25.00	   23.00	   25.00	   25.00
12/10/1991	   25.00	   25.00	   25.00	   25.00
12/11/1991	   25.00	   25.00	   25.00	   25.00
12/12/1991	   52.00	   25.00	   25.00	   24.45
12/13/1991	   37.00	   25.00	   25.00	   23.91
12/14/1991	   26.00	   25.00	   24.00	   23.38
12/15/1991	   25.00	   21.00	   22.00	   22.87
12/16/1991	   24.00	   21.00	   22.00	   22.36
12/17/1991	   22.00	   21.00	   21.00	   21.87
12/18/1991	   22.00	   21.00	   21.00	   21.38
12/19/1991	   21.00	   21.00	   20.00	   20.91
12/20/1991	   21.00	   19.00	   20.00	   20.45
12/21/1991	   20.00	   19.00	   20.00	   20.00
12/22/1991	   20.00	   19.00	   19.00	   19.66
12/23/1991	   20.00	   19.00	   19.00	   19.33
12/24/1991	   19.00	   19.00	   19.00	   19.00
12/25/1991	   19.00	   19.00	   19.00	   19.00
12/26/1991	   19.00	   19.00	   19.00	   19.00
12/27/1991	   19.00	   19.00	   19.00	   19.00
12/28/1991	   19.00	   19.00	   19.00	   19.00
12/29/1991	   20.00	   19.00	   19.00	   19.00
12/30/1991	   20.00	   19.00	   19.00	   19.00
12/31/1991	   19.00	   19.00	   19.00	   19.00
01/01/1992	   19.00	   19.00	   19.00	   19.00
01/02/1992	   20.00	   19.00	   19.00	   19.25
01/03/1992	   20.00	   19.00	   19.00	   19.49
01/04/1992	   21.00	   20.00	   20.00	   19.75
01/05/1992	   20.00	   20.00	   20.00	   20.00
01/06/1992	   20.00	   20.00	   20.00	   20.00
01/07/1992	   20.00	   20.00	   20.00	   20.00
01/08/1992	   50.00	   20.00	   20.00	   20.95
01/09/1992	   52.00	   23.00	   20.00	   21.95
01/10/1992	   23.00	   23.00	   23.00	   23.00
01/11/1992	   27.00	   23.00	   23.00	   22.65
01/12/1992	   63.00	   23.00	   23.00	   22.30
01/13/1992	   43.00	   23.00	   23.00	   21.95
01/14/1992	   24.00	   21.00	   22.00	   21.61
01/15/1992	   23.00	   21.00	   21.00	   21.28
01/16/1992	   22.00	   21.00	   21.00	   20.95
01/17/1992	   21.00	   21.00	   20.00	   20.63
01/18/1992	   21.00	   21.00	   20.00	   20.31
01/19/1992	   20.00	   20.00	   20.00	   20.00
01/20/1992	   20.00	   20.00	   20.00	   20.00
01/21/1992	   22.00	   20.00	   20.00	   19.16
01/22/1992	   50.00	   20.00	   20.00	   18.35
01/23/1992	  100.00	   20.00	   20.00	   17.58
01/24/1992	   30.00	   15.00	   18.00	   16.83
01/25/1992	   20.00	   15.00	   17.00	   16.12
01/26/1992	   18.00	   15.00	   15.00	   15.44
01/27/1992	   17.00	   15.00	   14.00	   14.79
01/28/1992	   15.00	   15.00	   13.00	   14.17
01/29/1992	   14.00	   13.00	   13.00	   13.57
01/30/1992	   13.00	   13.00	   13.00	   13.00
01/31/1992	   13.00	   13.00	   13.00	   13.00
02/01/1992	   13.00	   13.00	   13.00	   13.00
02/02/1992	   15.00	   13.00	   13.00	   13.09
02/03/1992	   60.00	   18.00	   13.00	   13.18
02/04/1992	   40.00	   18.00	   15.00	   13.27
02/05/1992	   21.00	   18.00	   18.00	   13.36
02/06/1992	   20.00	   18.00	   17.00	   13.45
02/07/1992	   18.00	   18.00	   16.00	   13.54
02/08/1992	   17.00	   14.00	   15.00	   13.63
02/09/1992	   16.00	   14.00	   15.00	   13.72
02/10/1992	   15.00	   14.00	   14.00	   13.81
02/11/1992	   15.00	   14.00	   14.00	   13.91
02/12/1992	   14.00	   14.00	   14.00	   14.00
02/13/1992	   14.00	   14.00	   14.00	   14.00
02/14/1992	   14.00	   14.00	   14.00	   14.00
02/15/1992	   15.00	   14.00	   14.00	   14.92
02/16/1992	   15.00	   14.00	   14.00	   15.00
02/17/1992	   17.00	   14.00	   15.00	   16.94
02/18/1992	   26.00	   26.00	   15.00	   18.05
02/19/1992	   33.00	   26.00	   17.00	   19.23
02/20/1992	  195.00	   26.00	   26.00	   20.49
02/21/1992	   87.00	   26.00	   33.00	   21.84
02/22/1992	  153.00	   26.00	   87.00	   23.27
02/23/1992	  110.00	   30.00	   50.00	   24.80
02/24/1992	  117.00	   30.00	   30.00	   26.42
02/25/1992	   50.00	   30.00	   30.00	   28.15
02/26/1992	   30.00	   30.00	   30.00	   30.00
02/27/1992	   33.00	   30.00	   25.00	   28.23
02/28/1992	   30.00	   25.00	   25.00	   26.57
02/29/1992	   25.00	   25.00	   25.00	   25.00
03/01/1992	   26.00	   25.00	   25.00	   25.00
03/02/1992	   26.00	   25.00	   25.00	   25.00
03/03/1992	   25.00	   25.00	   25.00	   25.00
03/04/1992	   26.00	   26.00	   25.00	   24.89
03/05/1992	   27.00	   26.00	   25.00	   24.77
03/06/1992	   29.00	   26.00	   26.00	   24.66
03/07/1992	   29.00	   26.00	   27.00	   24.55
03/08/1992	   27.00	   26.00	   26.00	   24.44
03/09/1992	   38.00	   24.00	   25.00	   24.33
03/10/1992	   26.00	   24.00	   24.00	   24.22
03/11/1992	   25.00	   24.00	   24.00	   24.11
03/12/1992	   24.00	   24.00	   24.00	   24.00
03/13/1992	   24.00	   24.00	   23.00	   23.66
03/14/1992	   24.00	   22.00	   23.00	   23.33
03/15/1992	   23.00	   22.00	   23.00	   23.00
03/16/1992	   24.00	   22.00	   22.00	   22.66
03/17/1992	   24.00	   22.00	   22.00	   22.33
03/18/1992	   22.00	   22.00	   22.00	   22.00
03/19/1992	   22.00	   22.00	   22.00	   22.00
03/20/1992	   22.00	   22.00	   22.00	   22.00
03/21/1992	   22.00	   22.00	   22.00	   22.00
03/22/1992	   22.00	   22.00	   22.00	   22.00
03/23/1992	   23.00	   22.00	   22.00	   21.36
03/24/1992	   23.00	   19.00	   20.00	   20.75
03/25/1992	   22.00	   19.00	   19.00	   20.15
03/26/1992	   20.00	   19.00	   19.00	   19.57
03/27/1992	   19.00	   19.00	   19.00	   19.00
03/28/1992	   19.00	   19.00	   19.00	   19.00
03/29/1992	   22.00	   18.00	   19.00	   18.74
03/30/1992	   20.00	   18.00	   18.00	   18.49
03/31/1992	   19.00	   18.00	   18.00	   18.24
04/01/1992	   18.00	   18.00	   18.00	   18.00
04/02/1992	   18.00	   18.00	   18.00	   18.00
04/03/1992	   18.00	   18.00	   18.00	   18.00
04/04/1992	   18.00	   18.00	   18.00	   18.00
04/05/1992	   18.00	   18.00	   18.00	   18.00
04/06/1992	   18.00	   18.00	   18.00	   18.00
04/07/1992	   18.00	   18.00	   18.00	   18.00
04/08/1992	   18.00	   17.00	   18.00	   18.00
04/09/1992	   20.00	   17.00	   18.00	   17.74
04/10/1992	   19.00	   17.00	   17.00	   17.49
04/11/1992	   19.00	   17.00	   17.00	   17.24
04/12/1992	   17.00	   17.00	   17.00	   17.00
04/13/1992	   18.00	   18.00	   17.00	   17.88
04/14/1992	   18.00	   18.00	   17.00	   18.00
04/15/1992	   27.00	   18.00	   18.00	   19.77
04/16/1992	   33.00	   18.00	   18.00	   20.80
04/17/1992	   24.00	   18.00	   23.00	   21.87
04/18/1992	   23.00	   23.00	   23.00	   23.00
04/19/1992	   34.00	   23.00	   23.00	   22.89
04/20/1992	   49.00	   23.00	   23.00	   22.77
04/21/1992	   45.00	   23.00	   30.00	   22.66
04/22/1992	   33.00	   23.00	   28.00	   22.55
04/23/1992	   30.00	   22.00	   26.00	   22.44
04/24/1992	   28.00	   22.00	   24.00	   22.33
04/25/1992	   26.00	   22.00	   22.00	   22.22
04/26/1992	   24.00	   22.00	   22.00	   22.11
04/27/1992	   22.00	   22.00	   22.00	   22.00
04/28/1992	   22.00	   20.00	   21.00	   21.28
04/29/1992	   23.00	   20.00	   21.00	   20.58
04/30/1992	   21.00	   20.00	   20.00	   19.90
05/01/1992	   21.00	   20.00	   18.00	   19.25
05/02/1992	   20.00	   20.00	   18.00	   18.61
05/03/1992	   18.00	   17.00	   18.00	   18.00
05/04/1992	   18.00	   17.00	   17.00	   17.66
05/05/1992	   18.00	   17.00	   17.00	   17.33
05/06/1992	   17.00	   17.00	   17.00	   17.00
05/07/1992	   17.00	   17.00	   17.00	   17.00
05/08/1992	   17.00	   17.00	   17.00	   17.00
05/09/1992	   17.00	   17.00	   17.00	   17.00
05/10/1992	   17.00	   17.00	   17.00	   17.00
05/11/1992	   17.00	   17.00	   15.00	   16.31
05/12/1992	   17.00	   17.00	   15.00	   15.64
05/13/1992	   15.00	   15.00	   15.00	   15.00
05/14/1992	   15.00	   15.00	   15.00	   15.00
05/15/1992	   15.00	   15.00	   15.00	   15.00
05/16/1992	   15.00	   15.00	   14.00	   14.47
05/17/1992	   18.00	   15.00	   13.00	   13.96
05/18/1992	   14.00	   13.00	   13.00	   13.47
05/19/1992	   13.00	   13.00	   13.00	   13.00
05/20/1992	   13.00	   13.00	   13.00	   13.00
05/21/1992	   13.00	   13.00	   12.00	   12.47
05/22/1992	   13.00	   13.00	   11.00	   11.96
05/23/1992	   12.00	   11.00	   11.00	   11.47
05/24/1992	   11.00	   11.00	   11.00	   11.00
05/25/1992	   11.00	   11.00	   11.00	   11.00
05/26/1992	   11.00	   11.00	   10.00	   10.66
05/27/1992	   11.00	   11.00	   10.00	   10.32
05/28/1992	   10.00	    9.70	   10.00	   10.00
05/29/1992	   10.00	    9.70	    9.70	    9.90
05/30/1992	   10.00	    9.70	    9.70	    9.80
05/31/1992	    9.70	    9.70	    9.70	    9.70
06/01/1992	    9.70	    9.70	    9.70	    9.70
06/02/1992	    9.70	    9.70	    9.70	    9.70
06/03/1992	    9.70	    9.70	    9.70	    9.70
06/04/1992	   10.00	    9.70	    9.70	    9.76
06/05/1992	   10.00	    9.70	    9.70	    9.82
06/06/1992	   11.00	    9.70	   10.00	    9.88
06/07/1992	   11.00	   10.00	   10.00	    9.94
06/08/1992	   10.00	   10.00	   10.00	   10.00
06/09/1992	   11.00	   10.00	   10.00	   10.32
06/10/1992	   11.00	   10.00	   10.00	   10.66
06/11/1992	   11.00	   10.00	   11.00	   11.00
06/12/1992	   13.00	   13.00	   11.00	   11.27
06/13/1992	   13.00	   13.00	   11.00	   11.54
06/14/1992	   14.00	   13.00	   13.00	   11.82
06/15/1992	   14.00	   13.00	   13.00	   12.10
06/16/1992	   18.00	   13.00	   13.00	   12.39
06/17/1992	   15.00	   13.00	   13.00	   12.69
06/18/1992	   13.00	   13.00	   13.00	   13.00
06/19/1992	   14.00	   13.00	   13.00	   13.33
06/20/1992	   15.00	   13.00	   13.00	   13.66
06/21/1992	   14.00	   13.00	   14.00	   14.00
06/22/1992	   14.00	   14.00	   14.00	   14.00
06/23/1992	   16.00	   14.00	   14.00	   14.00
06/24/1992	   16.00	   14.00	   14.00	   14.00
06/25/1992	   15.00	   14.00	   14.00	   14.00
06/26/1992	   14.00	   14.00	   14.00	   14.00
06/27/1992	   14.00	   14.00	   14.00	   14.00
06/28/1992	   14.00	   14.00	   14.00	   14.00
06/29/1992	   15.00	   14.00	   14.00	   14.00
06/30/1992	   15.00	   14.00	   14.00	   14.00
07/01/1992	   14.00	   14.00	   14.00	   14.00
07/02/1992	   16.00	   15.00	   14.00	   14.19
07/03/1992	   15.00	   15.00	   14.00	   14.39
07/04/1992	   16.00	   15.00	   15.00	   14.59
07/05/1992	   16.00	   15.00	   15.00	   14.79
07/06/1992	   15.00	   15.00	   15.00	   15.00
07/07/1992	   17.00	   13.00	   15.00	   14.58
07/08/1992	   19.00	   13.00	   14.00	   14.17
07/09/1992	   16.00	   13.00	   13.00	   13.77
07/10/1992	   14.00	   13.00	   13.00	   13.38
07/11/1992	   13.00	   13.00	   13.00	   13.00
07/12/1992	   20.00	   16.00	   13.00	   13.00
07/13/1992	   26.00	   16.00	   13.00	   13.00
07/14/1992	   27.00	   16.00	   16.00	   13.00
07/15/1992	   17.00	   16.00	   15.00	   13.00
07/16/1992	   16.00	   16.00	   13.00	   13.00
07/17/1992	   15.00	   13.00	   13.00	   13.00
07/18/1992	   13.00	   13.00	   13.00	   13.00
07/19/1992	   14.00	   13.00	   13.00	   13.00
07/20/1992	   14.00	   13.00	   13.00	   13.00
07/21/1992	   13.00	   13.00	   13.00	   13.00
07/22/1992	   14.00	   14.00	   13.00	   13.00
07/23/1992	   15.00	   14.00	   13.00	   13.00
07/24/1992	   15.00	   14.00	   14.00	   13.00
07/25/1992	   16.00	   14.00	   15.00	   13.00
07/26/1992	   18.00	   14.00	   14.00	   13.00
07/27/1992	   15.00	   13.00	   13.00	   13.00
07/28/1992	   14.00	   13.00	   13.00	   13.00
07/29/1992	   13.00	   13.00	   13.00	   13.00
07/30/1992	   22.00	   13.00	   13.00	   13.00
07/31/1992	   20.00	   13.00	   13.00	   13.00
08/01/1992	   15.00	   13.00	   13.00	   13.00
08/02/1992	   13.00	   13.00	   13.00	   13.00
08/03/1992	   13.00	   13.00	   13.00	   13.00
08/04/1992	   13.00	   13.00	   13.00	   13.00
08/05/1992	   13.00	   13.00	   13.00	   13.00
08/06/1992	   13.00	   13.00	   13.00	   13.00
08/07/1992	   17.00	   13.00	   13.00	   13.64
08/08/1992	   19.00	   13.00	   13.00	   14.30
08/09/1992	   15.00	   13.00	   15.00	   15.00
08/10/1992	   20.00	   13.00	   14.00	   14.35
08/11/1992	   16.00	   12.00	   13.00	   13.72
08/12/1992	   14.00	   12.00	   12.00	   13.12
08/13/1992	   13.00	   12.00	   12.00	   12.55
08/14/1992	   12.00	   12.00	   12.00	   12.00
08/15/1992	   12.00	   12.00	   12.00	   12.00
08/16/1992	   12.00	   12.00	   12.00	   12.00
08/17/1992	   12.00	   12.00	   12.00	   12.00
08/18/1992	   13.00	   12.00	   12.00	   12.00
08/19/1992	   13.00	   12.00	   12.00	   12.00
08/20/1992	   12.00	   12.00	   12.00	   12.00
08/21/1992	   12.00	   11.00	   11.00	   11.66
08/22/1992	   12.00	   11.00	   11.00	   11.32
08/23/1992	   11.00	   11.00	   11.00	   11.00
08/24/1992	   11.00	   11.00	   11.00	   11.00
08/25/1992	   12.00	   11.00	   11.00	   11.00
08/26/1992	   14.00	   11.00	   11.00	   11.00
08/27/1992	   12.00	   11.00	   11.00	   11.00
08/28/1992	   11.00	   11.00	   11.00	   11.00
08/29/1992	   11.00	   11.00	   10.00	   10.66
08/30/1992	   11.00	   11.00	   10.00	   10.32
08/31/1992	   10.00	   10.00	   10.00	   10.00
09/01/1992	   11.00	   10.00	   10.00	   10.24
09/02/1992	   12.00	   10.00	   10.00	   10.49
09/03/1992	   12.00	   10.00	   11.00	   10.74
09/04/1992	   11.00	   10.00	   11.00	   11.00
09/05/1992	   11.00	   11.00	   11.00	   11.00
09/06/1992	   20.00	   11.00	   11.00	   11.12
09/07/1992	   17.00	   11.00	   11.00	   11.24
09/08/1992	   30.00	   11.00	   17.00	   11.36
09/09/1992	   22.00	   11.00	   14.00	   11.49
09/10/1992	   17.00	   12.00	   13.00	   11.61
09/11/1992	   14.00	   12.00	   12.00	   11.74
09/12/1992	   13.00	   12.00	   12.00	   11.87
09/13/1992	   12.00	   12.00	   12.00	   12.00
09/14/1992	   18.00	   12.00	   12.00	   13.48
09/15/1992	   21.00	   16.00	   12.00	   15.14
09/16/1992	   17.00	   16.00	   17.00	   17.00
09/17/1992	   17.00	   16.00	   16.00	   16.48
09/18/1992	   21.00	   16.00	   15.00	   15.97
09/19/1992	   16.00	   16.00	   15.00	   15.48
09/20/1992	   15.00	   13.00	   15.00	   15.00
09/21/1992	   18.00	   13.00	   14.00	   14.47
09/22/1992	   16.00	   13.00	   13.00	   13.96
09/23/1992	   14.00	   13.00	   13.00	   13.47
09/24/1992	   13.00	   13.00	   13.00	   13.00
09/25/1992	   13.00	   13.00	   13.00	   13.00
09/26/1992	   14.00	   13.00	   13.00	   13.00
09/27/1992	   17.00	   13.00	   13.00	   13.00
09/28/1992	   15.00	   13.00	   13.00	   13.00
09/29/1992	   13.00	   13.00	   13.00	   13.00
09/30/1992	   13.00	   13.00	   13.00	   13.00
10/01/1992	   13.00	   13.00	   13.00	   13.00
10/02/1992	   13.00	   13.00	   13.00	   13.00
10/03/1992	   13.00	   13.00	   13.00	   13.00
10/04/1992	   13.00	   13.00	   13.00	   13.00
10/05/1992	   13.00	   13.00	   13.00	   13.00
10/06/1992	   13.00	   13.00	   13.00	   13.00
10/07/1992	   13.00	   13.00	   13.00	   13.00
10/08/1992	   14.00	   13.00	   13.00	   13.00
10/09/1992	   15.00	   13.00	   13.00	   13.00
10/10/1992	   14.00	   13.00	   13.00	   13.00
10/11/1992	   13.00	   13.00	   13.00	   13.00
10/12/1992	   13.00	   13.00	   13.00	   13.00
10/13/1992	   13.00	   13.00	   13.00	   13.00
10/14/1992	   13.00	   13.00	   13.00	   13.00
10/15/1992	   14.00	   13.00	   13.00	   13.00
10/16/1992	   15.00	   13.00	   13.00	   13.00
10/17/1992	   14.00	   13.00	   13.00	   13.00
10/18/1992	   13.00	   13.00	   13.00	   13.00
10/19/1992	   13.00	   13.00	   13.00	   13.00
10/20/1992	   15.00	   13.00	   13.00	   13.00
10/21/1992	   14.00	   13.00	   13.00	   13.00
10/22/1992	   14.00	   13.00	   13.00	   13.00
10/23/1992	   14.00	   13.00	   13.00	   13.00
10/24/1992	   13.00	   13.00	   13.00	   13.00
10/25/1992	   14.00	   13.00	   13.00	   13.00
10/26/1992	   13.00	   13.00	   13.00	   13.00
10/27/1992	   13.00	   13.00	   13.00	   13.00
10/28/1992	   13.00	   13.00	   13.00	   13.00
10/29/1992	   13.00	   13.00	   13.00	   13.00
10/30/1992	   13.00	   13.00	   13.00	   13.00
10/31/1992	   13.00	   13.00	   13.00	   13.00
11/01/1992	   18.00	   13.00	   13.00	   13.14
11/02/1992	   26.00	   13.00	   13.00	   13.28
11/03/1992	   22.00	   13.00	   16.00	   13.42
11/04/1992	   17.00	   14.00	   15.00	   13.56
11/05/1992	   16.00	   14.00	   14.00	   13.71
11/06/1992	   15.00	   14.00	   14.00	   13.85
11/07/1992	   14.00	   14.00	   14.00	   14.00
11/08/1992	   14.00	   14.00	   14.00	   14.00
11/09/1992	   15.00	   14.00	   14.00	   14.00
11/10/1992	   15.00	   14.00	   14.00	   14.00
11/11/1992	   14.00	   14.00	   14.00	   14.00
11/12/1992	   15.00	   14.00	   14.00	   13.74
11/13/1992	   14.00	   14.00	   13.00	   13.49
11/14/1992	   14.00	   13.00	   13.00	   13.24
11/15/1992	   13.00	   13.00	   13.00	   13.00
11/16/1992	   14.00	   13.00	   13.00	   13.33
11/17/1992	   14.00	   13.00	   13.00	   13.66
11/18/1992	   14.00	   13.00	   14.00	   14.00
11/19/1992	   14.00	   14.00	   14.00	   14.00
11/20/1992	   47.00	   14.00	   14.00	   14.39
11/21/1992	   73.00	   14.00	   14.00	   14.80
11/22/1992	   33.00	   14.00	   26.00	   15.22
11/23/1992	   34.00	   14.00	   24.00	   15.64
11/24/1992	   26.00	   21.00	   24.00	   16.08
11/25/1992	   24.00	   21.00	   22.00	   16.54
11/26/1992	   24.00	   21.00	   21.00	   17.00
11/27/1992	   22.00	   21.00	   20.00	   17.48
11/28/1992	   21.00	   21.00	   19.00	   17.97
11/29/1992	   20.00	   18.00	   19.00	   18.48
11/30/1992	   19.00	   18.00	   19.00	   19.00
12/01/1992	   19.00	   18.00	   18.00	   18.12
12/02/1992	   19.00	   18.00	   16.00	   17.29
12/03/1992	   18.00	   18.00	   15.00	   16.49
12/04/1992	   16.00	   15.00	   15.00	   15.73
12/05/1992	   15.00	   15.00	   15.00	   15.00
12/06/1992	   21.00	   15.00	   15.00	   15.14
12/07/1992	   18.00	   15.00	   15.00	   15.28
12/08/1992	   18.00	   15.00	   17.00	   15.42
12/09/1992	   18.00	   16.00	   17.00	   15.56
12/10/1992	   17.00	   16.00	   16.00	   15.71
12/11/1992	   17.00	   16.00	   16.00	   15.85
12/12/1992	   16.00	   16.00	   16.00	   16.00
12/13/1992	   17.00	   16.00	   16.00	   16.08
12/14/1992	   17.00	   17.00	   16.00	   16.16
12/15/1992	   33.00	   17.00	   17.00	   16.24
12/16/1992	   50.00	   17.00	   17.00	   16.33
12/17/1992	   30.00	   17.00	   23.00	   16.41
12/18/1992	   25.00	   17.00	   21.00	   16.49
12/19/1992	   23.00	   18.00	   19.00	   16.58
12/20/1992	   21.00	   18.00	   18.00	   16.66
12/21/1992	   19.00	   18.00	   18.00	   16.74
12/22/1992	   18.00	   18.00	   17.00	   16.83
12/23/1992	   18.00	   18.00	   17.00	   16.91
12/24/1992	   17.00	   17.00	   17.00	   17.00
12/25/1992	   17.00	   17.00	   17.00	   17.00
12/26/1992	   17.00	   17.00	   17.00	   17.00
12/27/1992	   18.00	   17.00	   17.00	   17.14
12/28/1992	   19.00	   17.00	   17.00	   17.28
12/29/1992	   19.00	   18.00	   18.00	   17.42
12/30/1992	   20.00	   18.00	   19.00	   17.56
12/31/1992	   20.00	   18.00	   18.00	   17.71
01/01/1993	   19.00	   18.00	   18.00	   17.85
01/02/1993	   18.00	   18.00	   18.00	   18.00
01/03/1993	   19.00	   18.00	   18.00	   17.83
01/04/1993	   30.00	   18.00	   18.00	   17.66
01/05/1993	   21.00	   18.00	   18.00	   17.49
01/06/1993	   18.00	   18.00	   17.00	   17.33
01/07/1993	   18.00	   18.00	   17.00	   17.16
01/08/1993	   17.00	   17.00	   17.00	   17.00
01/09/1993	   17.00	   17.00	   17.00	   17.00
01/10/1993	   17.00	   17.00	   17.00	   17.00
01/11/1993	   18.00	   17.00	   17.00	   17.00
01/12/1993	   19.00	   17.00	   17.00	   17.00
01/13/1993	   20.00	   18.00	   18.00	   17.00
01/14/1993	   19.00	   18.00	   18.00	   17.00
01/15/1993	   19.00	   18.00	   18.00	   17.00
01/16/1993	   18.00	   18.00	   17.00	   17.00
01/17/1993	   18.00	   18.00	   17.00	   17.00
01/18/1993	   17.00	   17.00	   17.00	   17.00
01/19/1993	   17.00	   17.00	   17.00	   17.00
01/20/1993	   20.00	   17.00	   17.00	   16.79
01/21/1993	   22.00	   17.00	   17.00	   16.58
01/22/1993	   24.00	   17.00	   19.00	   16.37
01/23/1993	   21.00	   17.00	   19.00	   16.17
01/24/1993	   19.00	   17.00	   18.00	   15.97
01/25/1993	   19.00	   17.00	   17.00	   15.77
01/26/1993	   18.00	   17.00	   16.00	   15.57
01/27/1993	   17.00	   17.00	   15.00	   15.38
01/28/1993	   16.00	   15.00	   15.00	   15.19
01/29/1993	   15.00	   15.00	   15.00	   15.00
01/30/1993	   16.00	   15.00	   15.00	   15.38
01/31/1993	   18.00	   15.00	   15.00	   15.77
02/01/1993	   22.00	   15.00	   16.00	   16.17
02/02/1993	   19.00	   17.00	   17.00	   16.58
02/03/1993	   17.00	   17.00	   17.00	   17.00
02/04/1993	   19.00	   17.00	   17.00	   16.58
02/05/1993	   21.00	   17.00	   17.00	   16.17
02/06/1993	   19.00	   17.00	   15.00	   15.77
02/07/1993	   17.00	   15.00	   15.00	   15.38
02/08/1993	   15.00	   15.00	   15.00	   15.00
02/09/1993	   15.00	   15.00	   15.00	   15.00
02/10/1993	   18.00	   15.00	   15.00	   15.00
02/11/1993	   19.00	   15.00	   15.00	   15.00
02/12/1993	   16.00	   14.00	   15.00	   15.00
02/13/1993	   15.00	   14.00	   15.00	   15.00
02/14/1993	   15.00	   14.00	   14.00	   14.47
02/15/1993	   15.00	   14.00	   13.00	   13.96
02/16/1993	   14.00	   14.00	   13.00	   13.47
02/17/1993	   13.00	   13.00	   13.00	   13.00
02/18/1993	   14.00	   13.00	   13.00	   13.00
02/19/1993	   15.00	   13.00	   13.00	   13.00
02/20/1993	   15.00	   13.00	   14.00	   13.00
02/21/1993	   15.00	   13.00	   14.00	   13.00
02/22/1993	   15.00	   13.00	   13.00	   13.00
02/23/1993	   14.00	   13.00	   13.00	   13.00
02/24/1993	   13.00	   13.00	   13.00	   13.00
02/25/1993	   13.00	   13.00	   13.00	   13.00
02/26/1993	   13.00	   13.00	   13.00	   13.00
02/27/1993	   13.00	   13.00	   13.00	   13.00
02/28/1993	   14.00	   13.00	   13.00	   13.36
03/01/1993	   17.00	   13.00	   13.00	   13.72
03/02/1993	   20.00	   13.00	   14.00	   14.10
03/03/1993	   50.00	   13.00	   17.00	   14.49
03/04/1993	  150.00	  110.00	   20.00	   14.89
03/05/1993	  110.00	  110.00	   50.00	   15.30
03/06/1993	  130.00	  110.00	  110.00	   15.72
03/07/1993	  203.00	  110.00	  110.00	   16.15
03/08/1993	  246.00	  110.00	   67.00	   16.59
03/09/1993	  128.00	   19.00	   32.00	   17.05
03/10/1993	   67.00	   19.00	   20.00	   17.52
03/11/1993	   32.00	   19.00	   19.00	   18.00
03/12/1993	   20.00	   19.00	   19.00	   18.49
03/13/1993	   19.00	   19.00	   19.00	   19.00
03/14/1993	   19.00	   19.00	   19.00	   19.00
03/15/1993	   28.00	   19.00	   19.00	   20.07
03/16/1993	  350.00	   19.00	   19.00	   21.20
03/17/1993	   45.00	   19.00	   25.00	   22.40
03/18/1993	   35.00	   19.00	   25.00	   23.66
03/19/1993	   25.00	   21.00	   25.00	   25.00
03/20/1993	   28.00	   21.00	   25.00	   23.93
03/21/1993	   31.00	   21.00	   21.00	   22.91
03/22/1993	   26.00	   21.00	   21.00	   21.94
03/23/1993	   21.00	   21.00	   21.00	   21.00
03/24/1993	   29.00	   29.00	   21.00	   27.96
03/25/1993	  524.00	   29.00	   21.00	   37.23
03/26/1993	  459.00	   29.00	   29.00	   49.57
03/27/1993	  358.00	   29.00	  117.00	   66.00
03/28/1993	  199.00	   29.00	  117.00	   87.87
03/29/1993	  117.00	   46.00	  117.00	  117.00
03/30/1993	  285.00	   46.00	   66.00	   99.88
03/31/1993	  263.00	   46.00	   46.00	   85.26
04/01/1993	   66.00	   46.00	   41.00	   66.00
04/02/1993	   46.00	   46.00	   37.00	   46.00
04/03/1993	   41.00	   33.00	   34.00	   41.00
04/04/1993	   37.00	   33.00	   33.00	   37.00
04/05/1993	   34.00	   33.00	   33.00	   34.00
04/06/1993	   33.00	   33.00	   33.00	   33.00
04/07/1993	   37.00	   33.00	   33.00	   33.41
04/08/1993	   61.00	   39.00	   33.00	   33.83
04/09/1993	   49.00	   39.00	   37.00	   34.25
04/10/1993	   40.00	   39.00	   39.00	   34.68
04/11/1993	   47.00	   39.00	   36.00	   35.12
04/12/1993	   39.00	   39.00	   36.00	   35.56
04/13/1993	   36.00	   36.00	   36.00	   36.00
04/14/1993	   42.00	   36.00	   36.00	   38.44
04/15/1993	   66.00	   36.00	   36.00	   41.06
04/16/1993	   67.00	   36.00	   42.00	   43.84
04/17/1993	   57.00	   36.00	   50.00	   46.82
04/18/1993	   50.00	   50.00	   50.00	   50.00
04/19/1993	   62.00	   50.00	   50.00	   48.15
04/20/1993	  118.00	   50.00	   50.00	   46.37
04/21/1993	   69.00	   50.00	   47.00	   44.66
04/22/1993	   52.00	   50.00	   45.00	   43.01
04/23/1993	   47.00	   37.00	   40.00	   41.42
04/24/1993	   45.00	   37.00	   37.00	   39.89
04/25/1993	   40.00	   37.00	   37.00	   38.42
04/26/1993	   37.00	   37.00	   37.00	   37.00
04/27/1993	   38.00	   37.00	   37.00	   36.49
04/28/1993	   47.00	   35.00	   35.00	   35.99
04/29/1993	   38.00	   35.00	   35.00	   35.49
04/30/1993	   35.00	   35.00	   35.00	   35.00
05/01/1993	   60.00	   35.00	   35.00	   35.29
05/02/1993	   70.00	   35.00	   35.00	   35.59
05/03/1993	  229.00	   56.00	   60.00	   35.89
05/04/1993	  104.00	   56.00	   56.00	   36.18
05/05/1993	   71.00	   56.00	   56.00	   36.49
05/06/1993	   56.00	   56.00	   55.00	   36.79
05/07/1993	   67.00	   56.00	   47.00	   37.10
05/08/1993	   55.00	   44.00	   45.00	   37.41
05/09/1993	   47.00	   44.00	   45.00	   37.72
05/10/1993	   45.00	   44.00	   44.00	   38.04
05/11/1993	   54.00	   44.00	   39.00	   38.36
05/12/1993	   44.00	   44.00	   39.00	   38.68
05/13/1993	   39.00	   35.00	   39.00	   39.00
05/14/1993	   40.00	   35.00	   36.00	   37.96
05/15/1993	   39.00	   35.00	   35.00	   36.95
05/16/1993	   36.00	   35.00	   35.00	   35.96
05/17/1993	   35.00	   35.00	   35.00	   35.00
05/18/1993	   38.00	   34.00	   35.00	   34.75
05/19/1993	   36.00	   34.00	   34.00	   34.50
05/20/1993	   36.00	   34.00	   34.00	   34.25
05/21/1993	   34.00	   34.00	   34.00	   34.00
05/22/1993	   35.00	   34.00	   34.00	   33.80
05/23/1993	   49.00	   33.00	   34.00	   33.60
05/24/1993	   47.00	   33.00	   33.00	   33.40
05/25/1993	   36.00	   33.00	   33.00	   33.20
05/26/1993	   33.00	   33.00	   33.00	   33.00
05/27/1993	   37.00	   33.00	   32.00	   32.66
05/28/1993	   35.00	   32.00	   32.00	   32.33
05/29/1993	   32.00	   32.00	   32.00	   32.00
05/30/1993	   45.00	   32.00	   32.00	   32.00
05/31/1993	   38.00	   32.00	   32.00	   32.00
06/01/1993	   32.00	   32.00	   32.00	   32.00
06/02/1993	   40.00	   32.00	   32.00	   32.00
06/03/1993	   45.00	   32.00	   32.00	   32.00
06/04/1993	   36.00	   32.00	   32.00	   32.00
06/05/1993	   36.00	   32.00	   32.00	   32.00
06/06/1993	   32.00	   32.00	   32.00	   32.00
06/07/1993	   97.00	   38.00	   32.00	   32.48
06/08/1993	   83.00	   38.00	   32.00	   32.97
06/09/1993	   49.00	   38.00	   38.00	   33.47
06/10/1993	   40.00	   38.00	   35.00	   33.97
06/11/1993	   38.00	   38.00	   35.00	   34.48
06/12/1993	   35.00	   35.00	   35.00	   35.00
06/13/1993	   37.00	   35.00	   35.00	   35.33
06/14/1993	   58.00	   35.00	   35.00	   35.66
06/15/1993	   36.00	   35.00	   36.00	   36.00
06/16/1993	   37.00	   35.00	   36.00	   36.70
06/17/1993	   75.00	   49.00	   36.00	   37.41
06/18/1993	  141.00	   49.00	   37.00	   38.14
06/19/1993	   60.00	   49.00	   49.00	   38.88
06/20/1993	   57.00	   49.00	   44.00	   39.64
06/21/1993	   49.00	   49.00	   42.00	   40.41
06/22/1993	   44.00	   42.00	   42.00	   41.20
06/23/1993	   42.00	   42.00	   42.00	   42.00
06/24/1993	   44.00	   42.00	   42.00	   42.00
06/25/1993	   53.00	   42.00	   42.00	   42.00
06/26/1993	   42.00	   42.00	   42.00	   42.00
06/27/1993	   44.00	   44.00	   42.00	   42.71
06/28/1993	   96.00	   44.00	   42.00	   43.43
06/29/1993	   52.00	   44.00	   44.00	   44.16
06/30/1993	  234.00	   44.00	   52.00	   44.90
07/01/1993	   57.00	   44.00	   49.00	   45.66
07/02/1993	   55.00	   48.00	   48.00	   46.42
07/03/1993	   49.00	   48.00	   48.00	   47.21
07/04/1993	   48.00	   48.00	   48.00	   48.00
07/05/1993	  151.00	   48.00	   48.00	   53.10
07/06/1993	  126.00	   48.00	   48.00	   58.75
07/07/1993	   65.00	   65.00	   65.00	   65.00
07/08/1993	   65.00	   65.00	   65.00	   65.00
07/09/1993	  844.00	   65.00	   65.00	   65.95
07/10/1993	  569.00	   65.00	   65.00	   66.91
07/11/1993	  372.00	   65.00	  105.00	   67.89
07/12/1993	  119.00	   73.00	   91.00	   68.88
07/13/1993	  105.00	   73.00	   79.00	   69.89
07/14/1993	   91.00	   73.00	   73.00	   70.91
07/15/1993	   79.00	   73.00	   73.00	   71.95
07/16/1993	   73.00	   73.00	   73.00	   73.00
07/17/1993	  156.00	   72.00	   73.00	   72.26
07/18/1993	   99.00	   72.00	   73.00	   71.54
07/19/1993	   86.00	   72.00	   72.00	   70.81
07/20/1993	   75.00	   72.00	   69.00	   70.10
07/21/1993	   72.00	   72.00	   68.00	   69.39
07/22/1993	   69.00	   66.00	   68.00	   68.69
07/23/1993	   68.00	   66.00	   68.00	   68.00
07/24/1993	   69.00	   66.00	   66.00	   67.33
07/25/1993	   83.00	   66.00	   66.00	   66.66
07/26/1993	   66.00	   66.00	   66.00	   66.00
07/27/1993	   71.00	   61.00	   63.00	   64.71
07/28/1993	   72.00	   61.00	   61.00	   63.45
07/29/1993	   63.00	   61.00	   61.00	   62.21
07/30/1993	   61.00	   61.00	   61.00	   61.00
07/31/1993	   84.00	   61.00	   61.00	   60.59
08/01/1993	   77.00	   59.00	   61.00	   60.19
08/02/1993	   64.00	   59.00	   59.00	   59.79
08/03/1993	   61.00	   59.00	   59.00	   59.39
08/04/1993	   59.00	   59.00	   59.00	   59.00
08/05/1993	   60.00	   59.00	   59.00	   59.00
08/06/1993	   73.00	   59.00	   59.00	   59.00
08/07/1993	   61.00	   59.00	   59.00	   59.00
08/08/1993	   59.00	   59.00	   59.00	   59.00
08/09/1993	   69.00	   59.00	   59.00	   58.80
08/10/1993	   65.00	   59.00	   59.00	   58.60
08/11/1993	   59.00	   58.00	   58.00	   58.40
08/12/1993	   61.00	   58.00	   58.00	   58.20
08/13/1993	   58.00	   58.00	   58.00	   58.00
08/14/1993	   86.00	   58.00	   58.00	   59.68
08/15/1993	  158.00	   58.00	   58.00	   61.40
08/16/1993	   80.00	   65.00	   65.00	   63.17
08/17/1993	   65.00	   65.00	   65.00	   65.00
08/18/1993	  129.00	   65.00	   65.00	   64.75
08/19/1993	   92.00	   65.00	   64.00	   64.50
08/20/1993	   69.00	   65.00	   64.00	   64.25
08/21/1993	   64.00	   59.00	   64.00	   64.00
08/22/1993	   67.00	   59.00	   64.00	   62.79
08/23/1993	   89.00	   59.00	   59.00	   61.60
08/24/1993	   65.00	   59.00	   59.00	   60.44
08/25/1993	   59.00	   59.00	   57.00	   59.00
08/26/1993	   59.00	   56.00	   56.00	   58.18
08/27/1993	   57.00	   56.00	   56.00	   57.00
08/28/1993	   56.00	   56.00	   56.00	   56.00
08/29/1993	   88.00	   56.00	   56.00	   56.00
08/30/1993	   69.00	   56.00	   56.00	   56.00
08/31/1993	   60.00	   53.00	   56.00	   56.00
09/01/1993	   56.00	   53.00	   56.00	   56.00
09/02/1993	   58.00	   53.00	   53.00	   54.98
09/03/1993	   56.00	   53.00	   53.00	   53.98
09/04/1993	   53.00	   53.00	   53.00	   53.00
09/05/1993	   54.00	   52.00	   52.00	   52.66
09/06/1993	   54.00	   52.00	   52.00	   52.33
09/07/1993	   52.00	   52.00	   52.00	   52.00
09/08/1993	   55.00	   52.00	   51.00	   51.49
09/09/1993	   54.00	   52.00	   50.00	   50.99
09/10/1993	   51.00	   50.00	   50.00	   50.49
09/11/1993	   50.00	   50.00	   50.00	   50.00
09/12/1993	   53.00	   50.00	   50.00	   50.00
09/13/1993	   61.00	   50.00	   50.00	   50.00
09/14/1993	   72.00	   50.00	   52.00	   50.00
09/15/1993	   57.00	   50.00	   52.00	   50.00
09/16/1993	   52.00	   50.00	   50.00	   50.00
09/17/1993	   52.00	   50.00	   50.00	   50.00
09/18/1993	   50.00	   50.00	   50.00	   50.00
09/19/1993	   53.00	   50.00	   50.00	   49.49
09/20/1993	   59.00	   47.00	   50.00	   48.98
09/21/1993	   56.00	   47.00	   50.00	   48.48
09/22/1993	   54.00	   47.00	   47.00	   47.98
09/23/1993	   50.00	   47.00	   47.00	   47.49
09/24/1993	   47.00	   47.00	   47.00	   47.00
09/25/1993	   52.00	   44.00	   47.00	   46.38
09/26/1993	   58.00	   44.00	   47.00	   45.78
09/27/1993	   52.00	   44.00	   44.00	   45.18
09/28/1993	   48.00	   44.00	   44.00	   44.58
09/29/1993	   44.00	   44.00	   44.00	   44.00
09/30/1993	   44.00	   43.00	   43.00	   43.66
10/01/1993	   47.00	   43.00	   43.00	   43.33
10/02/1993	   43.00	   43.00	   43.00	   43.00
10/03/1993	   44.00	   43.00	   41.00	   42.32
10/04/1993	   44.00	   43.00	   41.00	   41.66
10/05/1993	   41.00	   41.00	   41.00	   41.00
10/06/1993	   48.00	   41.00	   41.00	   40.87
10/07/1993	   45.00	   41.00	   41.00	   40.75
10/08/1993	   44.00	   41.00	   42.00	   40.62
10/09/1993	   52.00	   41.00	   41.00	   40.50
10/10/1993	   42.00	   40.00	   41.00	   40.37
10/11/1993	   41.00	   40.00	   40.00	   40.25
10/12/1993	   41.00	   40.00	   40.00	   40.12
10/13/1993	   40.00	   40.00	   40.00	   40.00
10/14/1993	   42.00	   40.00	   40.00	   40.20
10/15/1993	   44.00	   41.00	   40.00	   40.40
10/16/1993	   47.00	   41.00	   41.00	   40.60
10/17/1993	   42.00	   41.00	   41.00	   40.80
10/18/1993	   41.00	   41.00	   41.00	   41.00
10/19/1993	   41.00	   41.00	   41.00	   41.00
10/20/1993	   41.00	   37.00	   37.00	   39.62
10/21/1993	   42.00	   37.00	   37.00	   38.29
10/22/1993	   37.00	   37.00	   37.00	   37.00
10/23/1993	   39.00	   37.00	   37.00	   36.74
10/24/1993	   39.00	   37.00	   37.00	   36.49
10/25/1993	   39.00	   37.00	   38.00	   36.24
10/26/1993	   39.00	   37.00	   38.00	   35.99
10/27/1993	   38.00	   37.00	   37.00	   35.74
10/28/1993	   40.00	   37.00	   35.00	   35.49
10/29/1993	   37.00	   37.00	   35.00	   35.24
10/30/1993	   35.00	   35.00	   35.00	   35.00
10/31/1993	   35.00	   35.00	   35.00	   35.00
11/01/1993	   36.00	   35.00	   35.00	   35.00
11/02/1993	   37.00	   35.00	   35.00	   35.00
11/03/1993	   38.00	   35.00	   36.00	   35.00
11/04/1993	   39.00	   35.00	   35.00	   35.00
11/05/1993	   38.00	   35.00	   35.00	   35.00
11/06/1993	   35.00	   35.00	   35.00	   35.00
11/07/1993	   35.00	   35.00	   35.00	   35.00
11/08/1993	   36.00	   35.00	   35.00	   35.00
11/09/1993	   35.00	   35.00	   35.00	   35.00
11/10/1993	   36.00	   35.00	   35.00	   34.81
11/11/1993	   37.00	   35.00	   35.00	   34.63
11/12/1993	   37.00	   35.00	   36.00	   34.44
11/13/1993	   44.00	   35.00	   37.00	   34.26
11/14/1993	   37.00	   35.00	   36.00	   34.08
11/15/1993	   37.00	   35.00	   36.00	   33.89
11/16/1993	   36.00	   35.00	   35.00	   33.71
11/17/1993	   36.00	   35.00	   35.00	   33.53
11/18/1993	   35.00	   35.00	   33.00	   33.35
11/19/1993	   36.00	   33.00	   33.00	   33.18
11/20/1993	   33.00	   33.00	   33.00	   33.00
11/21/1993	   35.00	   33.00	   33.00	   33.33
11/22/1993	   34.00	   33.00	   33.00	   33.66
11/23/1993	   34.00	   33.00	   34.00	   34.00
11/24/1993	   34.00	   34.00	   34.00	   34.00
11/25/1993	   38.00	   34.00	   34.00	   33.48
11/26/1993	   38.00	   34.00	   34.00	   32.97
11/27/1993	   34.00	   34.00	   33.00	   32.47
11/28/1993	   34.00	   34.00	   31.00	   31.97
11/29/1993	   33.00	   31.00	   31.00	   31.48
11/30/1993	   31.00	   31.00	   31.00	   31.00
12/01/1993	   32.00	   31.00	   31.00	   31.41
12/02/1993	   35.00	   31.00	   31.00	   31.83
12/03/1993	   33.00	   31.00	   32.00	   32.25
12/04/1993	   36.00	   34.00	   33.00	   32.68
12/05/1993	   36.00	   34.00	   33.00	   33.11
12/06/1993	   38.00	   34.00	   34.00	   33.55
12/07/1993	   34.00	   34.00	   34.00	   34.00
12/08/1993	   34.00	   34.00	   34.00	   34.00
12/09/1993	   35.00	   30.00	   30.00	   32.61
12/10/1993	   34.00	   30.00	   30.00	   31.28
12/11/1993	   30.00	   30.00	   30.00	   30.00
12/12/1993	   31.00	   30.00	   30.00	   30.39
12/13/1993	   32.00	   30.00	   30.00	   30.78
12/14/1993	   34.00	   32.00	   31.00	   31.18
12/15/1993	   34.00	   32.00	   32.00	   31.59
12/16/1993	   32.00	   32.00	   32.00	   32.00
12/17/1993	   34.00	   32.00	   32.00	   31.40
12/18/1993	   35.00	   32.00	   32.00	   30.81
12/19/1993	   33.00	   29.00	   31.00	   30.24
12/20/1993	   33.00	   29.00	   30.00	   29.67
12/21/1993	   31.00	   29.00	   29.00	   29.12
12/22/1993	   30.00	   29.00	   28.00	   28.57
12/23/1993	   29.00	   29.00	   27.00	   28.04
12/24/1993	   28.00	   25.00	   27.00	   27.51
12/25/1993	   27.00	   25.00	   27.00	   27.00
12/26/1993	   27.00	   25.00	   25.00	   26.32
12/27/1993	   27.00	   25.00	   25.00	   25.65
12/28/1993	   25.00	   25.00	   25.00	   25.00
12/29/1993	   25.00	   25.00	   25.00	   25.00
12/30/1993	   25.00	   25.00	   25.00	   25.00
12/31/1993	   26.00	   25.00	   25.00	   25.00
01/01/1994	   28.00	   25.00	   25.00	   25.00
01/02/1994	   28.00	   25.00	   26.00	   25.00
01/03/1994	   27.00	   25.00	   25.00	   25.00
01/04/1994	   26.00	   25.00	   25.00	   25.00
01/05/1994	   25.00	   25.00	   25.00	   25.00
01/06/1994	   25.00	   25.00	   25.00	   25.00
01/07/1994	   25.00	   25.00	   25.00	   25.00
01/08/1994	   25.00	   25.00	   25.00	   25.00
01/09/1994	   27.00	   25.00	   25.00	   24.55
01/10/1994	   28.00	   25.00	   25.00	   24.10
01/11/1994	   28.00	   25.00	   25.00	   23.67
01/12/1994	   27.00	   25.00	   24.00	   23.24
01/13/1994	   25.00	   22.00	   22.00	   22.82
01/14/1994	   24.00	   22.00	   22.00	   22.41
01/15/1994	   22.00	   22.00	   22.00	   22.00
01/16/1994	   22.00	   22.00	   22.00	   22.00
01/17/1994	   22.00	   22.00	   22.00	   22.00
01/18/1994	   22.00	   22.00	   22.00	   22.00
01/19/1994	   22.00	   22.00	   22.00	   22.00
01/20/1994	   22.00	   22.00	   22.00	   22.00
01/21/1994	   22.00	   22.00	   22.00	   22.00
01/22/1994	   23.00	   22.00	   22.00	   22.33
01/23/1994	   23.00	   23.00	   22.00	   22.66
01/24/1994	   23.00	   23.00	   23.00	   23.00
01/25/1994	   23.00	   23.00	   23.00	   23.00
01/26/1994	   23.00	   23.00	   23.00	   23.00
01/27/1994	   23.00	   23.00	   23.00	   23.00
01/28/1994	   23.00	   22.00	   23.00	   23.00
01/29/1994	   23.00	   22.00	   22.00	   22.66
01/30/1994	   23.00	   22.00	   22.00	   22.33
01/31/1994	   22.00	   22.00	   22.00	   22.00
02/01/1994	   22.00	   22.00	   22.00	   22.00
02/02/1994	   22.00	   22.00	   22.00	   22.00
02/03/1994	   22.00	   22.00	   22.00	   22.00
02/04/1994	   22.00	   22.00	   22.00	   22.00
02/05/1994	   22.00	   22.00	   22.00	   22.00
02/06/1994	   22.00	   22.00	   22.00	   22.00
02/07/1994	   22.00	   21.00	   22.00	   22.00
02/08/1994	   22.00	   21.00	   21.00	   21.66
02/09/1994	   22.00	   21.00	   21.00	   21.33
02/10/1994	   21.00	   21.00	   21.00	   21.00
02/11/1994	   21.00	   21.00	   21.00	   21.00
02/12/1994	   22.00	   22.00	   21.00	   21.33
02/13/1994	   22.00	   22.00	   21.00	   21.66
02/14/1994	   22.00	   22.00	   22.00	   22.00
02/15/1994	   23.00	   22.00	   22.00	   22.15
02/16/1994	   24.00	   22.00	   22.00	   22.30
02/17/1994	   25.00	   25.00	   23.00	   22.45
02/18/1994	   28.00	   25.00	   24.00	   22.60
02/19/1994	  600.00	   25.00	   25.00	   22.75
02/20/1994	  250.00	   25.00	   28.00	   22.90
02/21/1994	   45.00	   25.00	   30.00	   23.06
02/22/1994	   34.00	   25.00	   27.00	   23.21
02/23/1994	   30.00	   25.00	   26.00	   23.37
02/24/1994	   27.00	   25.00	   25.00	   23.52
02/25/1994	   26.00	   25.00	   24.00	   23.68
02/26/1994	   25.00	   25.00	   24.00	   23.84
02/27/1994	   24.00	   24.00	   24.00	   24.00
02/28/1994	   24.00	   24.00	   24.00	   24.00
03/01/1994	   24.00	   24.00	   24.00	   24.00
03/02/1994	   25.00	   24.00	   24.00	   24.19
03/03/1994	   27.00	   24.00	   24.00	   24.39
03/04/1994	  291.00	   31.00	   25.00	   24.58
03/05/1994	  164.00	   31.00	   27.00	   24.78
03/06/1994	   63.00	   31.00	   31.00	   24.98
03/07/1994	   39.00	   31.00	   29.00	   25.18
03/08/1994	   31.00	   31.00	   28.00	   25.38
03/09/1994	   29.00	   26.00	   26.00	   25.59
03/10/1994	   28.00	   26.00	   26.00	   25.79
03/11/1994	   26.00	   26.00	   26.00	   26.00
03/12/1994	   28.00	   26.00	   26.00	   26.00
03/13/1994	   28.00	   26.00	   26.00	   26.00
03/14/1994	   29.00	   27.00	   28.00	   26.00
03/15/1994	   30.00	   27.00	   27.00	   26.00
03/16/1994	   28.00	   27.00	   27.00	   26.00
03/17/1994	   27.00	   27.00	   26.00	   26.00
03/18/1994	   27.00	   27.00	   26.00	   26.00
03/19/1994	   26.00	   26.00	   26.00	   26.00
03/20/1994	   27.00	   26.00	   26.00	   25.66
03/21/1994	   30.00	   26.00	   26.00	   25.32
03/22/1994	   28.00	   26.00	   25.00	   24.98
03/23/1994	   28.00	   26.00	   24.00	   24.65
03/24/1994	   25.00	   24.00	   24.00	   24.32
03/25/1994	   24.00	   24.00	   24.00	   24.00
03/26/1994	   24.00	   24.00	   24.00	   24.00
03/27/1994	   25.00	   24.00	   23.00	   23.48
03/28/1994	   24.00	   24.00	   22.00	   22.98
03/29/1994	   23.00	   22.00	   22.00	   22.48
03/30/1994	   22.00	   22.00	   22.00	   22.00
03/31/1994	   22.00	   22.00	   22.00	   22.00
04/01/1994	   22.00	   22.00	   22.00	   22.00
04/02/1994	   22.00	   22.00	   22.00	   22.00
04/03/1994	   23.00	   23.00	   22.00	   22.25
04/04/1994	   24.00	   23.00	   22.00	   22.49
04/05/1994	   25.00	   23.00	   23.00	   22.75
04/06/1994	   23.00	   23.00	   23.00	   23.00
04/07/1994	   23.00	   23.00	   23.00	   23.00
04/08/1994	   23.00	   21.00	   22.00	   22.48
04/09/1994	   24.00	   21.00	   21.00	   21.98
04/10/1994	   22.00	   21.00	   21.00	   21.48
04/11/1994	   21.00	   21.00	   21.00	   21.00
04/12/1994	   26.00	   21.00	   21.00	   22.26
04/13/1994	   28.00	   22.00	   21.00	   23.59
04/14/1994	   25.00	   22.00	   25.00	   25.00
04/15/1994	   30.00	   22.00	   22.00	   23.96
04/16/1994	   25.00	   22.00	   22.00	   22.96
04/17/1994	   22.00	   22.00	   22.00	   22.00
04/18/1994	   22.00	   21.00	   21.00	   21.66
04/19/1994	   22.00	   21.00	   21.00	   21.33
04/20/1994	   21.00	   21.00	   21.00	   21.00
04/21/1994	   21.00	   21.00	   21.00	   21.00
04/22/1994	   21.00	   21.00	   21.00	   21.00
04/23/1994	   22.00	   22.00	   21.00	   21.53
04/24/1994	   23.00	   22.00	   21.00	   22.07
04/25/1994	   23.00	   22.00	   22.00	   22.63
04/26/1994	   29.00	   22.00	   23.00	   23.20
04/27/1994	   28.00	   22.00	   23.00	   23.79
04/28/1994	   26.00	   25.00	   25.00	   24.39
04/29/1994	   25.00	   25.00	   25.00	   25.00
04/30/1994	   26.00	   25.00	   25.00	   24.37
05/01/1994	   29.00	   25.00	   24.00	   23.75
05/02/1994	   25.00	   25.00	   22.00	   23.15
05/03/1994	   24.00	   22.00	   22.00	   22.57
05/04/1994	   22.00	   22.00	   22.00	   22.00
05/05/1994	   22.00	   22.00	   22.00	   22.00
05/06/1994	   22.00	   22.00	   22.00	   22.00
05/07/1994	   24.00	   22.00	   20.00	   21.28
05/08/1994	   23.00	   18.00	   19.00	   20.58
05/09/1994	   20.00	   18.00	   19.00	   19.90
05/10/1994	   19.00	   18.00	   18.00	   19.00
05/11/1994	   19.00	   18.00	   18.00	   18.61
05/12/1994	   18.00	   18.00	   18.00	   18.00
05/13/1994	   19.00	   18.00	   18.00	   17.83
05/14/1994	   19.00	   18.00	   18.00	   17.66
05/15/1994	   20.00	   18.00	   18.00	   17.49
05/16/1994	   18.00	   18.00	   17.00	   17.33
05/17/1994	   18.00	   18.00	   17.00	   17.16
05/18/1994	   17.00	   17.00	   17.00	   17.00
05/19/1994	   18.00	   17.00	   17.00	   17.00
05/20/1994	   18.00	   17.00	   17.00	   17.00
05/21/1994	   18.00	   17.00	   17.00	   17.00
05/22/1994	   17.00	   17.00	   17.00	   17.00
05/23/1994	   26.00	   19.00	   17.00	   17.16
05/24/1994	   26.00	   19.00	   17.00	   17.33
05/25/1994	   23.00	   19.00	   19.00	   17.49
05/26/1994	   24.00	   19.00	   18.00	   17.66
05/27/1994	   19.00	   19.00	   18.00	   17.83
05/28/1994	   18.00	   17.00	   18.00	   18.00
05/29/1994	   18.00	   17.00	   17.00	   17.66
05/30/1994	   18.00	   17.00	   17.00	   17.33
05/31/1994	   17.00	   17.00	   17.00	   17.00
06/01/1994	   17.00	   17.00	   17.00	   17.00
06/02/1994	   17.00	   17.00	   17.00	   17.00
06/03/1994	   17.00	   17.00	   17.00	   17.00
06/04/1994	   17.00	   17.00	   17.00	   17.00
06/05/1994	   17.00	   17.00	   17.00	   17.00
06/06/1994	   17.00	   17.00	   17.00	   17.00
06/07/1994	   19.00	   17.00	   17.00	   17.00
06/08/1994	   18.00	   17.00	   17.00	   17.00
06/09/1994	   17.00	   17.00	   17.00	   17.00
06/10/1994	   18.00	   17.00	   17.00	   17.33
06/11/1994	   20.00	   17.00	   17.00	   17.66
06/12/1994	   18.00	   17.00	   18.00	   18.00
06/13/1994	   22.00	   17.00	   18.00	   17.65
06/14/1994	   19.00	   17.00	   17.00	   17.31
06/15/1994	   18.00	   17.00	   17.00	   16.97
06/16/1994	   17.00	   17.00	   16.00	   16.64
06/17/1994	   17.00	   16.00	   16.00	   16.32
06/18/1994	   16.00	   16.00	   16.00	   16.00
06/19/1994	   16.00	   16.00	   16.00	   16.00
06/20/1994	   37.00	   16.00	   16.00	   16.64
06/21/1994	   21.00	   16.00	   16.00	   17.31
06/22/1994	   18.00	   18.00	   18.00	   18.00
06/23/1994	  115.00	   18.00	   18.00	   18.24
06/24/1994	   74.00	   18.00	   18.00	   18.49
06/25/1994	   23.00	   18.00	   19.00	   18.74
06/26/1994	   19.00	   18.00	   19.00	   19.00
06/27/1994	   27.00	   27.00	   19.00	   20.47
06/28/1994	   37.00	   27.00	   19.00	   22.05
06/29/1994	   36.00	   27.00	   27.00	   23.76
06/30/1994	   36.00	   27.00	   33.00	   25.59
07/01/1994	   36.00	   27.00	   32.00	   27.57
07/02/1994	   33.00	   26.00	   32.00	   29.70
07/03/1994	   32.00	   26.00	   32.00	   32.00
07/04/1994	   70.00	   26.00	   26.00	   29.86
07/05/1994	   38.00	   26.00	   26.00	   27.86
07/06/1994	   26.00	   26.00	   26.00	   26.00
07/07/1994	   27.00	   24.00	   26.00	   25.59
07/08/1994	   50.00	   24.00	   26.00	   25.18
07/09/1994	   30.00	   24.00	   24.00	   24.78
07/10/1994	   26.00	   24.00	   24.00	   24.39
07/11/1994	   24.00	   24.00	   24.00	   24.00
07/12/1994	   24.00	   24.00	   24.00	   24.00
07/13/1994	   25.00	   24.00	   24.00	   23.55
07/14/1994	   82.00	   24.00	   24.00	   23.10
07/15/1994	   28.00	   24.00	   24.00	   22.67
07/16/1994	   24.00	   24.00	   22.00	   22.24
07/17/1994	   24.00	   21.00	   21.00	   21.82
07/18/1994	   22.00	   21.00	   21.00	   21.40
07/19/1994	   21.00	   21.00	   21.00	   21.00
07/20/1994	   74.00	   21.00	   21.00	   20.85
07/21/1994	   27.00	   21.00	   21.00	   20.71
07/22/1994	   27.00	   20.00	   22.00	   20.57
07/23/1994	   23.00	   20.00	   21.00	   20.42
07/24/1994	   22.00	   20.00	   20.00	   20.28
07/25/1994	   21.00	   20.00	   20.00	   20.14
07/26/1994	   20.00	   20.00	   20.00	   20.00
07/27/1994	   20.00	   19.00	   19.00	   19.66
07/28/1994	   20.00	   19.00	   19.00	   19.33
07/29/1994	   19.00	   19.00	   19.00	   19.00
07/30/1994	   20.00	   19.00	   19.00	   19.00
07/31/1994	   19.00	   19.00	   19.00	   19.00
08/01/1994	   19.00	   19.00	   19.00	   19.00
08/02/1994	   20.00	   19.00	   19.00	   19.00
08/03/1994	   22.00	   19.00	   19.00	   19.00
08/04/1994	   24.00	   19.00	   19.00	   19.00
08/05/1994	   19.00	   19.00	   19.00	   19.00
08/06/1994	   19.00	   18.00	   19.00	   19.00
08/07/1994	   19.00	   18.00	   18.00	   18.66
08/08/1994	   19.00	   18.00	   18.00	   18.33
08/09/1994	   18.00	   18.00	   18.00	   18.00
08/10/1994	   26.00	   18.00	   18.00	   18.00
08/11/1994	   24.00	   19.00	   18.00	   18.00
08/12/1994	   21.00	   19.00	   20.00	   18.00
08/13/1994	   21.00	   19.00	   19.00	   18.00
08/14/1994	   20.00	   19.00	   18.00	   18.00
08/15/1994	   19.00	   19.00	   18.00	   18.00
08/16/1994	   18.00	   18.00	   18.00	   18.00
08/17/1994	   18.00	   18.00	   18.00	   18.00
08/18/1994	   25.00	   18.00	   18.00	   18.56
08/19/1994	   24.00	   18.00	   18.00	   19.14
08/20/1994	   27.00	   18.00	   21.00	   19.74
08/21/1994	   22.00	   21.00	   21.00	   20.36
08/22/1994	   21.00	   21.00	   21.00	   21.00
08/23/1994	   21.00	   21.00	   21.00	   21.00
08/24/1994	   21.00	   21.00	   21.00	   21.00
08/25/1994	   21.00	   21.00	   21.00	   21.00
08/26/1994	   24.00	   21.00	   21.00	   21.00
08/27/1994	   22.00	   21.00	   21.00	   21.00
08/28/1994	   22.00	   21.00	   21.00	   21.00
08/29/1994	   21.00	   21.00	   21.00	   21.00
08/30/1994	   21.00	   21.00	   19.00	   20.31
08/31/1994	   21.00	   19.00	   19.00	   19.64
09/01/1994	   19.00	   19.00	   19.00	   19.00
09/02/1994	   19.00	   19.00	   19.00	   19.00
09/03/1994	   25.00	   19.00	   19.00	   19.64
09/04/1994	   22.00	   19.00	   19.00	   20.31
09/05/1994	   21.00	   21.00	   21.00	   21.00
09/06/1994	   21.00	   21.00	   21.00	   21.00
09/07/1994	   21.00	   21.00	   21.00	   21.00
09/08/1994	   22.00	   21.00	   21.00	   20.48
09/09/1994	   22.00	   21.00	   19.00	   19.97
09/10/1994	   21.00	   19.00	   19.00	   19.48
09/11/1994	   19.00	   19.00	   19.00	   19.00
09/12/1994	   19.00	   19.00	   19.00	   19.00
09/13/1994	   19.00	   19.00	   19.00	   19.00
09/14/1994	   19.00	   19.00	   19.00	   19.00
09/15/1994	   20.00	   18.00	   19.00	   18.74
09/16/1994	   20.00	   18.00	   18.00	   18.49
09/17/1994	   19.00	   18.00	   18.00	   18.24
09/18/1994	   18.00	   18.00	   18.00	   18.00
09/19/1994	   18.00	   18.00	   18.00	   18.00
09/20/1994	   18.00	   18.00	   18.00	   18.00
09/21/1994	   18.00	   18.00	   18.00	   18.00
09/22/1994	   21.00	   18.00	   18.00	   18.00
09/23/1994	   21.00	   18.00	   18.00	   18.00
09/24/1994	   26.00	   18.00	   21.00	   18.00
09/25/1994	   44.00	   20.00	   21.00	   18.00
09/26/1994	   31.00	   20.00	   22.00	   18.00
09/27/1994	   23.00	   20.00	   20.00	   18.00
09/28/1994	   22.00	   20.00	   20.00	   18.00
09/29/1994	   20.00	   20.00	   20.00	   18.00
09/30/1994	   20.00	   20.00	   20.00	   18.00
