DV_date	QTOT	QGW_fixed	QGW_slide	QGW_locmin
10D	12N	12N	12N	12N
10/1/1990	2.7	2.7	2.7	0
10/2/1990	2.7	2.7	2.7	2.7
10/3/1990	4	2.7	2.7	2.63
10/4/1990	2.7	2.5	2.5	2.56
10/5/1990	2.5	2.5	2.5	2.5
10/6/1990	2.5	2.5	2.3	2.4
10/7/1990	2.3	2.3	2.3	2.3
10/8/1990	2.3	2.3	2.3	2.3
10/9/1990	2.4	2.3	2.3	2.3
10/10/1990	2.3	2.3	2.3	2.3
10/11/1990	2.3	2.3	2.3	2.3
10/12/1990	2.3	2.3	2.3	2.3
10/13/1990	2.4	2.2	2.3	2.27
10/14/1990	2.3	2.2	2.2	2.23
10/15/1990	2.2	2.2	2.2	2.2
10/16/1990	2.2	2.2	2.2	2.2
10/17/1990	2.2	2.2	2.2	2.2
10/18/1990	2.6	2.2	2.2	2.25
10/19/1990	2.3	2.3	2.3	2.3
10/20/1990	2.3	2.3	2.3	2.3
10/21/1990	2.6	2.3	2.3	2.27
10/22/1990	2.4	2.2	2.3	2.25
10/23/1990	2.3	2.2	2.2	2.22
10/24/1990	2.2	2.2	2.2	2.2
10/25/1990	2.2	2.2	2.2	2.2
10/26/1990	2.2	2.2	2.2	2.2
10/27/1990	2.2	2.2	2.2	2.2
10/28/1990	2.2	2.2	2.2	2.2
10/29/1990	2.2	2.2	2.2	2.2
10/30/1990	2.2	2.2	2.2	2.2
10/31/1990	2.2	2.1	2.2	2.2
11/1/1990	2.2	2.1	2.1	2.15
11/2/1990	2.1	2.1	2.1	2.1
11/3/1990	2.2	2.2	2.1	2.1
11/4/1990	2.3	2.2	2.2	2.1
11/5/1990	2.2	2.2	2.1	2.1
11/6/1990	2.1	2.1	2.1	2.1
11/7/1990	2.1	2.1	2.1	2.1
11/8/1990	2.1	2.1	2.1	2.1
11/9/1990	2.1	2.1	2.1	2.1
11/10/1990	2.1	2.1	2.1	2.1
11/11/1990	2.1	2.1	2.1	2.1
11/12/1990	2.1	2.1	2.1	2.1
11/13/1990	2.1	2.1	2.1	2.1
11/14/1990	2.1	2.1	2.1	2.1
11/15/1990	2.1	2.1	2.1	2.1
11/16/1990	2.1	2.1	2.1	2.1
11/17/1990	2.1	2.1	2.1	2.1
11/18/1990	2.1	2.1	2.1	2.1
11/19/1990	2.1	2.1	2.1	2.1
11/20/1990	2.1	2.1	2.1	2.1
11/21/1990	2.1	2	2.1	2.1
11/22/1990	2.1	2	2	2.05
11/23/1990	2	2	2	2
11/24/1990	2	2	2	2
11/25/1990	2	2	2	2
11/26/1990	2	2	2	2
11/27/1990	2	2	2	2
11/28/1990	2	2	2	2
11/29/1990	2	2	2	2
11/30/1990	2	2	2	2
12/1/1990	2	2	2	2
12/2/1990	2	2	1.6	1.79
12/3/1990	1.6	1.6	1.6	1.6
12/4/1990	2	1.6	1.6	1.79
12/5/1990	2	1.6	2	2
12/6/1990	2.1	2.1	2	2.03
12/7/1990	2.2	2.1	2.1	2.07
12/8/1990	2.1	2.1	2.1	2.1
12/9/1990	2.1	2.1	2.1	2.1
12/10/1990	2.1	2.1	2.1	2.1
12/11/1990	2.1	2.1	2.1	2.1
12/12/1990	2.1	1.9	2	2.03
12/13/1990	2	1.9	1.9	1.96
12/14/1990	1.9	1.9	1.9	1.9
12/15/1990	2	2	1.9	1.95
12/16/1990	2	2	2	2
12/17/1990	2.1	2	2	2.05
12/18/1990	2.1	1.9	2.1	2.1
12/19/1990	2.1	1.9	1.9	2
12/20/1990	1.9	1.9	1.9	1.9
12/21/1990	2	1.6	1.8	1.79
12/22/1990	1.8	1.6	1.6	1.69
12/23/1990	1.6	1.6	1.6	1.6
12/24/1990	1.6	1.6	1.6	1.6
12/25/1990	1.7	1.6	1.6	1.57
12/26/1990	1.6	1.6	1.5	1.53
12/27/1990	1.5	1.5	1.5	1.5
12/28/1990	1.7	1.5	1.5	1.59
12/29/1990	1.9	1.5	1.7	1.69
12/30/1990	1.8	1.8	1.8	1.8
12/31/1990	1.8	1.8	1.8	1.8
1/1/1991	1.9	1.8	1.8	1.77
1/2/1991	1.8	1.7	1.7	1.73
1/3/1991	1.7	1.7	1.7	1.7
1/4/1991	1.8	1.7	1.7	1.76
1/5/1991	1.9	1.9	1.8	1.83
1/6/1991	1.9	1.9	1.9	1.9
1/7/1991	1.9	1.9	1.9	1.9
1/8/1991	1.9	1.9	1.9	1.9
1/9/1991	1.9	1.9	1.9	1.9
1/10/1991	1.9	1.9	1.9	1.9
1/11/1991	2	2	1.9	1.96
1/12/1991	2.1	2	2	2.03
1/13/1991	2.1	2	2.1	2.1
1/14/1991	2.2	2.1	2.1	2.1
1/15/1991	2.1	2.1	2.1	2.1
1/16/1991	2.1	2.1	2.1	2.1
1/17/1991	2.1	2.1	2.1	2.1
1/18/1991	2.1	2.1	2.1	2.1
1/19/1991	2.1	2.1	2	1.99
1/20/1991	2	1.7	1.8	1.89
1/21/1991	1.8	1.7	1.7	1.79
1/22/1991	1.7	1.7	1.7	1.7
1/23/1991	2	1.6	1.7	1.67
1/24/1991	1.7	1.6	1.6	1.63
1/25/1991	1.6	1.6	1.6	1.6
1/26/1991	1.6	1.6	1.6	1.6
1/27/1991	1.9	1.6	1.6	1.63
1/28/1991	1.8	1.6	1.7	1.67
1/29/1991	1.7	1.7	1.7	1.7
1/30/1991	1.7	1.7	1.7	1.7
1/31/1991	1.7	1.7	1.7	1.7
2/1/1991	1.7	1.7	1.7	1.7
2/2/1991	1.8	1.7	1.7	1.8
2/3/1991	2.1	1.7	1.8	1.98
2/4/1991	2.4	2.3	2.1	2.13
2/5/1991	2.3	2.3	2.3	2.3
2/6/1991	2.3	2.3	2.3	2.3
2/7/1991	2.3	2.3	2.3	2.3
2/8/1991	2.4	2.3	2.3	2.21
2/9/1991	2.3	2.3	2.2	2.13
2/10/1991	2.2	1.9	2	2.05
2/11/1991	2	1.9	1.9	1.97
2/12/1991	1.9	1.9	1.9	1.9
2/13/1991	2	1.9	1.9	1.85
2/14/1991	2.3	1.9	1.9	1.8
2/15/1991	1.9	1.9	1.7	1.75
2/16/1991	1.7	1.7	1.7	1.7
2/17/1991	2	1.7	1.7	1.8
2/18/1991	1.9	1.7	1.9	1.9
2/19/1991	1.9	1.9	1.9	1.9
2/20/1991	1.9	1.9	1.9	1.9
2/21/1991	2.2	1.9	1.9	1.88
2/22/1991	2.3	2	2.1	1.86
2/23/1991	2.1	2	2	1.84
2/24/1991	2	2	1.8	1.82
2/25/1991	1.8	1.8	1.8	1.8
2/26/1991	1.8	1.8	1.8	1.8
2/27/1991	1.9	1.8	1.8	1.85
2/28/1991	1.9	1.9	1.9	1.9
3/1/1991	2.6	1.9	1.9	2.05
3/2/1991	3.9	1.9	2.6	2.22
3/3/1991	2.8	2.6	2.6	2.4
3/4/1991	2.6	2.6	2.6	2.6
3/5/1991	3.2	2.6	2.6	2.7
3/6/1991	4.2	2.9	2.9	2.8
3/7/1991	2.9	2.9	2.9	2.9
3/8/1991	3	2.9	2.9	2.92
3/9/1991	3.1	3.1	3	2.93
3/10/1991	3.2	3.1	3.1	2.95
3/11/1991	4.1	3.1	3.2	2.97
3/12/1991	3.3	3	3	2.98
3/13/1991	3	3	3	3
3/14/1991	3.3	3	3	3.03
3/15/1991	3.3	3.1	3.1	3.07
3/16/1991	3.1	3.1	3.1	3.1
3/17/1991	3.3	3.1	3.1	3.15
3/18/1991	3.4	3.4	3.3	3.19
3/19/1991	3.5	3.4	3.4	3.24
3/20/1991	3.7	3.4	3.5	3.29
3/21/1991	4.3	4.3	3.7	3.34
3/22/1991	5.6	4.3	4.3	3.39
3/23/1991	6.9	4.3	4.4	3.44
3/24/1991	4.4	3.6	3.8	3.49
3/25/1991	3.8	3.6	3.6	3.55
3/26/1991	3.6	3.6	3.6	3.6
3/27/1991	5.1	3.5	3.6	3.55
3/28/1991	3.8	3.5	3.5	3.5
3/29/1991	3.5	3.5	3.4	3.45
3/30/1991	3.4	3.2	3.4	3.4
3/31/1991	3.5	3.2	3.2	3.3
4/1/1991	3.2	3.2	3.1	3.19
4/2/1991	3.1	3	3	3.1
4/3/1991	3	3	3	3
4/4/1991	3	3	2.9	2.92
4/5/1991	2.9	2.7	2.8	2.85
4/6/1991	2.8	2.7	2.7	2.77
4/7/1991	2.7	2.7	2.7	2.7
4/8/1991	4.1	3.1	2.7	2.75
4/9/1991	3.3	3.1	3.1	2.8
4/10/1991	3.1	3.1	2.9	2.85
4/11/1991	2.9	2.9	2.9	2.9
4/12/1991	3.4	2.9	2.9	3.14
4/13/1991	3.4	2.9	3.4	3.4
4/14/1991	4.3	3.4	3.4	3.35
4/15/1991	3.7	3.4	3.4	3.3
4/16/1991	3.4	3.4	3.2	3.25
4/17/1991	3.2	3.2	3.2	3.2
4/18/1991	3.4	3.2	3.2	3.3
4/19/1991	4.6	3.2	3.4	3.39
4/20/1991	3.7	3.6	3.6	3.5
4/21/1991	3.6	3.6	3.6	3.6
4/22/1991	3.8	3.6	3.6	3.44
4/23/1991	3.9	3	3.3	3.29
4/24/1991	3.3	3	3	3.14
4/25/1991	3	3	3	3
4/26/1991	3.3	3.3	3	3.22
4/27/1991	5.4	3.3	3.3	3.45
4/28/1991	3.7	3.3	3.7	3.7
4/29/1991	25	5.6	3.7	3.88
4/30/1991	7.2	5.6	5.6	4.07
5/1/1991	5.6	5.6	5	4.27
5/2/1991	5	4.7	4.7	4.48
5/3/1991	4.7	4.7	4.7	4.7
5/4/1991	4.7	4.7	4.7	4.7
5/5/1991	11	5.3	4.7	4.89
5/6/1991	7.1	5.3	5.3	5.09
5/7/1991	5.3	5.3	5.3	5.3
5/8/1991	6.1	4.6	5.1	5.03
5/9/1991	5.1	4.6	4.6	4.78
5/10/1991	4.6	4.6	4.2	4.54
5/11/1991	4.2	4.1	4.1	4.2
5/12/1991	4.1	4.1	4.1	4.1
5/13/1991	4.4	4.1	3.9	4
5/14/1991	3.9	3.9	3.9	3.9
5/15/1991	4.4	3.9	3.9	3.97
5/16/1991	19	3.9	4.4	4.04
5/17/1991	7	5.2	6.1	4.12
5/18/1991	6.1	5.2	5.2	4.19
5/19/1991	5.2	5.2	4.9	4.26
5/20/1991	4.9	4.5	4.7	4.34
5/21/1991	4.7	4.5	4.5	4.42
5/22/1991	4.5	4.5	4.5	4.5
5/23/1991	4.8	4.5	4.5	4.5
5/24/1991	4.7	4.5	4.5	4.5
5/25/1991	4.5	4.5	4.5	4.5
5/26/1991	5	4.3	4.3	4.4
5/27/1991	4.3	4.3	4.3	4.3
5/28/1991	6	4.3	4.3	4.3
5/29/1991	4.4	4.3	4.3	4.3
5/30/1991	4.3	4.3	4.3	4.3
5/31/1991	7.1	4.3	4.3	4.1
6/1/1991	5.1	4	4.3	3.92
6/2/1991	4.3	4	4	3.74
6/3/1991	4	4	3.7	3.57
6/4/1991	3.7	3.1	3.2	3.4
6/5/1991	3.2	3.1	3.1	3.2
6/6/1991	3.1	3.1	3.1	3.1
6/7/1991	3.1	3.1	3.1	3.1
6/8/1991	3.1	3.1	3.1	3.1
6/9/1991	3.1	3.1	3.1	3.1
6/10/1991	3.5	2.9	3.1	3.03
6/11/1991	3.2	2.9	2.9	2.97
6/12/1991	2.9	2.9	2.9	2.9
6/13/1991	3	3	2.9	2.89
6/14/1991	3.6	3	3	2.87
6/15/1991	5	3	3.4	2.86
6/16/1991	3.4	3	3.2	2.84
6/17/1991	3.2	3	3	2.83
6/18/1991	3	3	2.8	2.81
6/19/1991	2.8	2.8	2.8	2.8
6/20/1991	2.9	2.8	2.8	2.85
6/21/1991	2.9	2.8	2.9	2.9
6/22/1991	2.9	2.6	2.7	2.8
6/23/1991	2.7	2.6	2.6	2.7
6/24/1991	2.6	2.6	2.6	2.6
6/25/1991	2.8	2.8	2.6	2.74
6/26/1991	3	2.8	2.8	2.88
6/27/1991	3.2	2.8	3	3.04
6/28/1991	3.2	3.2	3.2	3.2
6/29/1991	3.2	3.2	3.2	3.2
6/30/1991	3.2	3.2	3.2	3.2
7/1/1991	3.3	3	3	3.1
7/2/1991	3	3	3	3
7/3/1991	3	3	3	3
7/4/1991	3.1	3.1	3	3.05
7/5/1991	3.1	3.1	3.1	3.1
7/6/1991	3.4	3.1	3.1	3.22
7/7/1991	3.5	3.5	3.4	3.34
7/8/1991	3.6	3.5	3.5	3.47
7/9/1991	3.6	3.5	3.6	3.6
7/10/1991	3.6	3.3	3.3	3.45
7/11/1991	3.3	3.3	3.3	3.3
7/12/1991	3.9	3.3	3.1	3.2
7/13/1991	3.1	3	3	3.1
7/14/1991	3	3	3	3
7/15/1991	3.1	3	3	3.05
7/16/1991	3.1	3.1	3.1	3.1
7/17/1991	3.7	3.1	3.1	3.03
7/18/1991	3.3	3.1	2.9	2.97
7/19/1991	2.9	2.9	2.9	2.9
7/20/1991	3.9	2.9	2.9	2.81
7/21/1991	6.6	2.9	3.9	2.71
7/22/1991	5.7	2.6	2.9	2.63
7/23/1991	2.9	2.6	2.6	2.54
7/24/1991	2.6	2.6	2.4	2.46
7/25/1991	2.4	2.3	2.3	2.38
7/26/1991	2.3	2.3	2.3	2.3
7/27/1991	2.4	2.3	2.3	2.39
7/28/1991	3	2.7	2.4	2.49
7/29/1991	2.8	2.7	2.7	2.59
7/30/1991	2.7	2.7	2.7	2.7
7/31/1991	2.8	2.8	2.7	2.7
8/1/1991	2.9	2.8	2.8	2.7
8/2/1991	3	2.8	2.9	2.7
8/3/1991	2.9	2.7	2.8	2.7
8/4/1991	2.8	2.7	2.7	2.7
8/5/1991	2.7	2.7	2.7	2.7
8/6/1991	2.7	2.7	2.7	2.7
8/7/1991	3.3	2.7	2.7	2.73
8/8/1991	8.2	2.7	3.3	2.76
8/9/1991	3.7	3.3	3.4	2.78
8/10/1991	3.4	3.3	3.3	2.81
8/11/1991	3.3	3.3	3.1	2.84
8/12/1991	3.1	2.9	2.9	2.87
8/13/1991	2.9	2.9	2.9	2.9
8/14/1991	2.9	2.9	2.7	2.8
8/15/1991	2.7	2.7	2.7	2.7
8/16/1991	2.9	2.7	2.7	2.77
8/17/1991	3	2.7	2.9	2.83
8/18/1991	2.9	2.9	2.9	2.9
8/19/1991	2.9	2.9	2.9	2.9
8/20/1991	3	2.9	2.9	2.68
8/21/1991	3	2.1	2.7	2.47
8/22/1991	2.7	2.1	2.1	2.28
8/23/1991	2.1	2.1	2.1	2.1
8/24/1991	2.1	2.1	2.1	2.1
8/25/1991	2.4	2.1	2.1	2.16
8/26/1991	2.4	2.1	2.3	2.23
8/27/1991	2.3	2.3	2.3	2.3
8/28/1991	2.5	2.3	2.3	2.36
8/29/1991	2.6	2.3	2.5	2.43
8/30/1991	2.5	2.4	2.5	2.5
8/31/1991	2.5	2.4	2.4	2.45
9/1/1991	2.4	2.4	2.4	2.4
9/2/1991	2.5	2.4	2.4	2.4
9/3/1991	2.6	2.4	2.4	2.4
9/4/1991	2.4	2.4	2.4	2.4
9/5/1991	2.4	2.4	2.4	2.4
9/6/1991	2.4	2.4	2.4	2.4
9/7/1991	2.4	2.4	2.4	2.4
9/8/1991	3.1	2.6	2.4	2.46
9/9/1991	3	2.6	2.6	2.53
9/10/1991	2.6	2.6	2.6	2.6
9/11/1991	3.1	2.7	2.6	2.63
9/12/1991	2.9	2.7	2.7	2.67
9/13/1991	2.7	2.7	2.7	2.7
9/14/1991	4.1	2.8	2.7	2.68
9/15/1991	3	2.8	2.8	2.66
9/16/1991	2.8	2.8	2.7	2.64
9/17/1991	2.7	2.6	2.6	2.62
9/18/1991	2.6	2.6	2.6	2.6
9/19/1991	2.6	2.6	2.6	2.6
9/20/1991	2.6	2.5	2.6	2.6
9/21/1991	2.6	2.5	2.5	2.5
9/22/1991	2.5	2.5	2.3	2.4
9/23/1991	2.3	2.3	2.3	2.3
9/24/1991	2.7	2.3	2.3	2.35
9/25/1991	2.7	2.3	2.6	2.4
9/26/1991	2.6	2.5	2.5	2.45
9/27/1991	2.5	2.5	2.5	2.5
9/28/1991	2.5	2.5	2.5	2.5
9/29/1991	2.5	2.5	2.5	2.5
9/30/1991	2.5	2.5	2.5	2.5
10/1/1991	2.5	2.5	2.5	2.5
10/2/1991	2.5	2.5	2.5	2.5
10/3/1991	2.5	2.5	2.5	2.5
10/4/1991	2.6	2.5	2.5	2.57
10/5/1991	2.8	2.8	2.6	2.65
10/6/1991	3.1	2.8	2.8	2.72
10/7/1991	2.8	2.8	2.8	2.8
10/8/1991	2.8	2.6	2.7	2.73
10/9/1991	2.7	2.6	2.6	2.67
10/10/1991	2.6	2.6	2.6	2.6
10/11/1991	2.7	2.7	2.6	2.65
10/12/1991	2.7	2.7	2.7	2.7
10/13/1991	2.7	2.7	2.7	2.7
10/14/1991	2.8	2.8	2.7	2.75
10/15/1991	2.8	2.8	2.8	2.8
10/16/1991	2.8	2.8	2.8	2.8
10/17/1991	2.8	2.7	2.7	2.75
10/18/1991	2.7	2.7	2.7	2.7
10/19/1991	2.7	2.7	2.7	2.7
10/20/1991	2.7	2.7	2.7	2.7
10/21/1991	2.7	2.7	2.7	2.7
10/22/1991	2.8	2.7	2.7	2.75
10/23/1991	3.1	3.1	2.8	2.8
10/24/1991	5.2	3.1	3.1	2.85
10/25/1991	3.3	3.1	3.1	2.9
10/26/1991	3.1	3	3	2.95
10/27/1991	3	3	3	3
10/28/1991	3	3	3	3
10/29/1991	3	2.9	2.9	2.95
10/30/1991	2.9	2.9	2.9	2.9
10/31/1991	3.2	2.9	2.9	3.1
11/1/1991	25	6.9	3.2	3.32
11/2/1991	7.8	6.9	6.9	3.56
11/3/1991	6.9	6.9	6.2	3.81
11/4/1991	6.2	5.4	5.8	4.08
11/5/1991	5.8	5.4	5.4	4.36
11/6/1991	5.4	5.4	5	4.67
11/7/1991	5	5	5	5
11/8/1991	5.2	5	5	5.2
11/9/1991	5.7	5	5.2	5.46
11/10/1991	5.7	5	5.7	5.7
11/11/1991	5.7	5	5	5.31
11/12/1991	5	5	4.6	4.94
11/13/1991	4.6	4.6	4.6	4.6
11/14/1991	6.1	4.6	4.6	4.88
11/15/1991	7.3	4.6	5.5	5.18
11/16/1991	5.5	5.5	5.5	5.5
11/17/1991	7.3	5.5	5.5	5.34
11/18/1991	10	5.5	5.4	5.19
11/19/1991	5.4	4.8	4.9	5.05
11/20/1991	4.9	4.8	4.8	4.9
11/21/1991	4.8	4.8	4.6	4.77
11/22/1991	4.6	4.5	4.5	4.6
11/23/1991	4.5	4.5	4.5	4.5
11/24/1991	4.6	4.5	3.9	4.18
11/25/1991	3.9	3.6	3.6	3.88
11/26/1991	3.6	3.6	3.6	3.6
11/27/1991	3.8	3.6	3.6	3.65
11/28/1991	4	4	3.8	3.7
11/29/1991	5.8	4	4	3.75
11/30/1991	7	4	5	3.79
12/1/1991	5	4.1	4.3	3.85
12/2/1991	4.3	4.1	4.1	3.9
12/3/1991	4.1	4.1	4	3.95
12/4/1991	4	3.8	4	4
12/5/1991	4	3.8	3.8	3.9
12/6/1991	3.8	3.8	3.8	3.8
12/7/1991	4.2	4.2	3.8	3.96
12/8/1991	4.5	4.2	4.2	4.13
12/9/1991	4.3	4.2	4.3	4.3
12/10/1991	4.3	4.1	4.1	4.2
12/11/1991	4.1	4.1	4.1	4.1
12/12/1991	7.5	4.1	4.1	4.02
12/13/1991	5.7	4.2	4.6	3.94
12/14/1991	4.6	4.2	4.2	3.86
12/15/1991	4.2	4.2	4	3.79
12/16/1991	4	3.6	3.9	3.71
12/17/1991	3.9	3.6	3.6	3.64
12/18/1991	3.6	3.6	3.5	3.57
12/19/1991	3.5	3.5	3.5	3.5
12/20/1991	4.1	3.5	3.5	3.69
12/21/1991	3.9	3.5	3.9	3.9
12/22/1991	4	3.7	3.9	3.83
12/23/1991	3.9	3.7	3.7	3.77
12/24/1991	3.7	3.7	3.7	3.7
12/25/1991	3.7	3.6	3.7	3.7
12/26/1991	3.7	3.6	3.6	3.65
12/27/1991	3.6	3.6	3.6	3.6
12/28/1991	3.6	3.6	3.6	3.6
12/29/1991	3.6	3.6	3.6	3.6
12/30/1991	3.6	3.6	3.6	3.6
12/31/1991	3.6	3.6	3.6	3.6
1/1/1992	3.6	3.6	3.6	3.6
1/2/1992	3.6	3.6	3.6	3.6
1/3/1992	3.6	3.4	3.5	3.53
1/4/1992	3.5	3.4	3.4	3.47
1/5/1992	3.4	3.4	3.4	3.4
1/6/1992	3.4	3.4	3.4	3.4
1/7/1992	3.4	3.4	3.4	3.4
1/8/1992	3.4	3.4	3.4	3.4
1/9/1992	3.4	3.2	3.2	3.3
1/10/1992	3.2	3.2	3.2	3.2
1/11/1992	3.2	3.2	3.2	3.2
1/12/1992	3.3	3.1	3.2	3.07
1/13/1992	3.3	3.1	3.1	2.94
1/14/1992	3.1	3.1	2.7	2.83
1/15/1992	2.7	2.6	2.6	2.7
1/16/1992	2.6	2.6	2.6	2.6
1/17/1992	2.6	2.6	2.5	2.55
1/18/1992	2.5	2.5	2.5	2.5
1/19/1992	2.7	2.5	2.5	2.58
1/20/1992	3	2.5	2.7	2.66
1/21/1992	3.2	3.2	3	2.74
1/22/1992	3.5	3.2	3.2	2.82
1/23/1992	3.2	3.2	3	2.91
1/24/1992	3	2.9	3	3
1/25/1992	3	2.9	2.9	2.95
1/26/1992	2.9	2.9	2.9	2.9
1/27/1992	2.9	2.9	2.9	2.9
1/28/1992	2.9	2.9	2.9	2.9
1/29/1992	2.9	2.9	2.9	2.9
1/30/1992	3	3	2.9	2.93
1/31/1992	3.2	3	3	2.97
2/1/1992	3	3	3	3
2/2/1992	3	3	3	3
2/3/1992	3.4	3	3	3.07
2/4/1992	3.3	3	3.2	3.13
2/5/1992	3.2	2.8	3.2	3.2
2/6/1992	3.2	2.8	2.8	3.01
2/7/1992	2.8	2.8	2.7	2.8
2/8/1992	2.7	2.5	2.5	2.66
2/9/1992	2.5	2.5	2.5	2.5
2/10/1992	2.6	2.5	2.5	2.47
2/11/1992	2.7	2.4	2.6	2.45
2/12/1992	2.7	2.4	2.4	2.42
2/13/1992	2.4	2.4	2.4	2.4
2/14/1992	2.5	2.5	2.4	2.45
2/15/1992	2.5	2.5	2.5	2.5
2/16/1992	2.5	2.5	2.5	2.5
2/17/1992	4.1	2.9	2.5	2.48
2/18/1992	3.3	2.9	2.9	2.47
2/19/1992	2.9	2.9	2.6	2.45
2/20/1992	2.6	2.4	2.5	2.43
2/21/1992	2.5	2.4	2.4	2.42
2/22/1992	2.4	2.4	2.4	2.4
2/23/1992	2.5	2.5	2.4	2.45
2/24/1992	2.5	2.5	2.5	2.5
2/25/1992	2.5	2.5	2.5	2.5
2/26/1992	3.6	3.6	2.5	2.91
2/27/1992	6.2	3.6	3.6	3.39
2/28/1992	6.5	3.6	4.6	3.95
2/29/1992	4.6	4.6	4.6	4.6
3/1/1992	8.1	4.6	4.6	4.84
3/2/1992	5.1	4.6	5.1	5.1
3/3/1992	5.2	5.2	5.1	5.05
3/4/1992	6.7	5.2	5.2	5
3/5/1992	5.6	5.2	5.5	4.95
3/6/1992	5.5	4.8	5	4.9
3/7/1992	5	4.8	4.8	4.85
3/8/1992	4.8	4.8	4.8	4.8
3/9/1992	8.8	5.1	4.8	4.74
3/10/1992	5.5	5.1	5.1	4.68
3/11/1992	5.1	5.1	4.7	4.62
3/12/1992	4.7	4.5	4.5	4.56
3/13/1992	4.5	4.5	4.5	4.5
3/14/1992	4.5	4.5	4.3	4.4
3/15/1992	4.3	4.3	4.3	4.3
3/16/1992	4.6	4.3	4.3	4.25
3/17/1992	4.6	4.3	4.5	4.2
3/18/1992	4.5	4.2	4.3	4.15
3/19/1992	4.3	4.2	4.2	4.1
3/20/1992	4.2	4.2	4	4.05
3/21/1992	4	4	4	4
3/22/1992	4	4	4	4
3/23/1992	4.4	4	4	4.1
3/24/1992	4.2	4	4.2	4.2
3/25/1992	4.2	4	4	4.03
3/26/1992	4	4	3.7	3.86
3/27/1992	3.7	3.7	3.7	3.7
3/28/1992	3.9	3.7	3.7	3.73
3/29/1992	4.8	3.7	3.9	3.77
3/30/1992	4.4	4.1	4.3	3.8
3/31/1992	4.3	4.1	4.1	3.83
4/1/1992	4.1	4.1	3.9	3.87
4/2/1992	3.9	3.9	3.9	3.9
4/3/1992	4	3.9	3.9	3.83
4/4/1992	3.9	3.9	3.7	3.77
4/5/1992	3.7	3.7	3.7	3.7
4/6/1992	3.7	3.7	3.7	3.7
4/7/1992	3.7	3.7	3.6	3.65
4/8/1992	3.6	3.6	3.6	3.6
4/9/1992	3.7	3.6	3.6	3.6
4/10/1992	3.6	3.6	3.6	3.6
4/11/1992	3.7	3.5	3.5	3.55
4/12/1992	3.5	3.5	3.5	3.5
4/13/1992	3.5	3.5	3.5	3.5
4/14/1992	3.5	3.5	3.5	3.5
4/15/1992	4.8	3.5	3.5	3.66
4/16/1992	5.4	3.5	4.4	3.83
4/17/1992	4.4	4.2	4.2	4.01
4/18/1992	4.2	4.2	4.2	4.2
4/19/1992	5.6	4.2	4.2	4.21
4/20/1992	8.9	6	5.6	4.22
4/21/1992	7.5	6	6	4.23
4/22/1992	6	6	5.4	4.24
4/23/1992	5.4	5	5.2	4.25
4/24/1992	5.2	5	5	4.26
4/25/1992	5	5	4.7	4.27
4/26/1992	4.7	4.3	4.5	4.28
4/27/1992	4.5	4.3	4.3	4.29
4/28/1992	4.3	4.3	4.3	4.3
4/29/1992	4.3	4	4.1	4.2
4/30/1992	4.1	4	4	4.1
5/1/1992	4	4	3.9	4
5/2/1992	3.9	3.8	3.9	3.9
5/3/1992	3.9	3.8	3.8	3.77
5/4/1992	3.8	3.8	3.7	3.65
5/5/1992	3.7	3.3	3.5	3.53
5/6/1992	3.5	3.3	3.3	3.41
5/7/1992	3.3	3.3	3.3	3.3
5/8/1992	3.4	3.3	3.3	3.3
5/9/1992	3.4	3.3	3.3	3.3
5/10/1992	3.3	3.3	3.3	3.3
5/11/1992	3.6	3.4	3.3	3.35
5/12/1992	3.4	3.4	3.4	3.4
5/13/1992	3.4	3.4	3.4	3.4
5/14/1992	3.4	3.3	3.3	3.35
5/15/1992	3.3	3.3	3.3	3.3
5/16/1992	6.7	3.3	3.3	3.36
5/17/1992	5.4	3.7	4	3.42
5/18/1992	4	3.7	3.7	3.48
5/19/1992	3.7	3.7	3.6	3.54
5/20/1992	3.6	3.6	3.6	3.6
5/21/1992	5	3.6	3.6	3.66
5/22/1992	5.7	3.6	4.6	3.72
5/23/1992	4.6	3.9	4	3.78
5/24/1992	4	3.9	3.9	3.84
5/25/1992	3.9	3.9	3.9	3.9
5/26/1992	4	3.6	3.7	3.77
5/27/1992	3.7	3.6	3.6	3.64
5/28/1992	3.6	3.6	3.4	3.52
5/29/1992	3.4	3.2	3.4	3.4
5/30/1992	3.4	3.2	3.2	3.3
5/31/1992	3.2	3.2	3.2	3.2
6/1/1992	3.2	3.2	3.2	3.2
6/2/1992	3.2	3.2	3.2	3.2
6/3/1992	3.2	3.2	3.2	3.2
6/4/1992	3.2	3.2	3.2	3.2
6/5/1992	3.2	3.2	3.2	3.2
6/6/1992	3.4	3.2	3.2	3.17
6/7/1992	3.2	3.1	3.1	3.13
6/8/1992	3.1	3.1	3.1	3.1
6/9/1992	3.1	3.1	3	3.05
6/10/1992	3	2.9	3	3
6/11/1992	3	2.9	2.9	2.95
6/12/1992	2.9	2.9	2.9	2.9
6/13/1992	2.9	2.8	2.9	2.9
6/14/1992	3.1	2.8	2.8	2.85
6/15/1992	2.8	2.8	2.8	2.8
6/16/1992	3.7	3.7	2.8	2.82
6/17/1992	4.5	3.7	3.7	2.83
6/18/1992	4.2	3.7	3.4	2.85
6/19/1992	3.4	2.9	3.1	2.87
6/20/1992	3.1	2.9	2.9	2.88
6/21/1992	2.9	2.9	2.9	2.9
6/22/1992	3	3	2.9	2.88
6/23/1992	3.5	3	3	2.87
6/24/1992	3.3	3	3	2.85
6/25/1992	3	2.8	2.9	2.83
6/26/1992	2.9	2.8	2.8	2.82
6/27/1992	2.8	2.8	2.8	2.8
6/28/1992	2.8	2.7	2.8	2.8
6/29/1992	2.9	2.7	2.7	2.75
6/30/1992	2.7	2.7	2.7	2.7
7/1/1992	2.8	2.8	2.7	2.77
7/2/1992	4.6	2.8	2.8	2.85
7/3/1992	3.3	2.8	3	2.92
7/4/1992	3	2.9	3	3
7/5/1992	3	2.9	2.9	2.95
7/6/1992	2.9	2.9	2.9	2.9
7/7/1992	2.9	2.9	2.9	2.9
7/8/1992	3.4	2.9	2.9	2.95
7/9/1992	3	2.9	3	3
7/10/1992	3.1	3	3	3
7/11/1992	3	3	3	3
7/12/1992	3.2	3	3	3.03
7/13/1992	5.9	3.7	3.2	3.07
7/14/1992	4.2	3.7	3.7	3.1
7/15/1992	3.7	3.7	3.5	3.13
7/16/1992	3.5	3.2	3.2	3.17
7/17/1992	3.2	3.2	3.2	3.2
7/18/1992	3.2	3.2	3.2	3.2
7/19/1992	3.2	3	3.1	3.13
7/20/1992	3.1	3	3	3.07
7/21/1992	3	3	3	3
7/22/1992	4.9	3.5	3	3.02
7/23/1992	4.2	3.5	3.5	3.03
7/24/1992	3.5	3.5	3.4	3.05
7/25/1992	3.4	3.1	3.3	3.07
7/26/1992	3.3	3.1	3.1	3.08
7/27/1992	3.1	3.1	3.1	3.1
7/28/1992	3.1	3	3	3.05
7/29/1992	3	3	3	3
7/30/1992	3	3	3	3
7/31/1992	3	3	3	3
8/1/1992	5.5	3	3	3.06
8/2/1992	5.2	3	3.7	3.12
8/3/1992	3.7	3.3	3.5	3.18
8/4/1992	3.5	3.3	3.3	3.24
8/5/1992	3.3	3.3	3.3	3.3
8/6/1992	3.4	3.4	3.3	3.25
8/7/1992	4	3.4	3.4	3.2
8/8/1992	3.6	3.4	3.3	3.15
8/9/1992	3.3	3	3.2	3.1
8/10/1992	3.2	3	3	3.05
8/11/1992	3	3	3	3
8/12/1992	3.1	3	3	2.97
8/13/1992	3.1	3	3	2.95
8/14/1992	3	3	2.9	2.92
8/15/1992	2.9	2.9	2.9	2.9
8/16/1992	3	2.9	2.9	2.95
8/17/1992	3	2.9	3	3
8/18/1992	3	2.9	2.9	2.95
8/19/1992	2.9	2.9	2.9	2.9
8/20/1992	2.9	2.9	2.8	2.85
8/21/1992	2.8	2.7	2.8	2.8
8/22/1992	2.8	2.7	2.7	2.75
8/23/1992	2.7	2.7	2.7	2.7
8/24/1992	2.7	2.7	2.7	2.7
8/25/1992	2.9	2.7	2.7	2.73
8/26/1992	2.9	2.7	2.8	2.77
8/27/1992	2.8	2.7	2.8	2.8
8/28/1992	2.8	2.7	2.7	2.75
8/29/1992	2.7	2.7	2.7	2.7
8/30/1992	2.7	2.6	2.6	2.65
8/31/1992	2.6	2.6	2.6	2.6
9/1/1992	2.6	2.6	2.6	2.6
9/2/1992	3.1	2.9	2.6	2.75
9/3/1992	2.9	2.9	2.9	2.9
9/4/1992	3.1	2.9	2.9	2.92
9/5/1992	3.6	3.2	3.1	2.94
9/6/1992	3.9	3.2	3.2	2.96
9/7/1992	3.2	3.2	3	2.98
9/8/1992	3	3	3	3
9/9/1992	3.9	3	3	2.92
9/10/1992	3.1	3	2.9	2.85
9/11/1992	2.9	2.7	2.7	2.77
9/12/1992	2.7	2.7	2.7	2.7
9/13/1992	2.8	2.7	2.7	2.8
9/14/1992	4.5	3.3	2.8	3.09
9/15/1992	3.3	3.3	3.3	3.3
9/16/1992	63	3.3	3.3	3.32
9/17/1992	7.3	5.2	5.9	3.34
9/18/1992	5.9	5.2	5.2	3.36
9/19/1992	5.2	5.2	4.9	3.38
9/20/1992	4.9	4.2	4.7	3.4
9/21/1992	4.7	4.2	4.2	3.42
9/22/1992	4.2	4.2	3.8	3.44
9/23/1992	3.8	3.5	3.6	3.46
9/24/1992	3.6	3.5	3.5	3.48
9/25/1992	3.5	3.5	3.5	3.5
9/26/1992	3.6	3.3	3.5	3.43
9/27/1992	3.5	3.3	3.3	3.37
9/28/1992	3.3	3.3	3.3	3.3
9/29/1992	3.3	3.3	3.3	3.3
9/30/1992	3.3	3.3	3.3	3.3
10/1/1992	3.3	3.3	3.2	3.25
10/2/1992	3.2	3.2	3.2	3.2
10/3/1992	3.2	3.2	3.2	3.2
10/4/1992	3.2	3.2	3.2	3.2
10/5/1992	3.2	3.2	3.2	3.2
10/6/1992	3.5	3.2	3.2	3.43
10/7/1992	3.6	3.2	3.5	3.6
10/8/1992	4.2	4.2	3.6	3.92
10/9/1992	4.2	4.2	4.2	4.2
10/10/1992	4.2	4.2	3.9	4.03
10/11/1992	3.9	3.7	3.7	3.86
10/12/1992	3.7	3.7	3.7	3.7
10/13/1992	3.9	3.7	3.7	3.73
10/14/1992	3.9	3.8	3.8	3.77
10/15/1992	3.8	3.8	3.8	3.8
10/16/1992	3.8	3.8	3.7	3.75
10/17/1992	3.7	3.7	3.7	3.7
10/18/1992	3.7	3.7	3.7	3.7
10/19/1992	3.9	3.7	3.7	3.72
10/20/1992	4.6	3.8	3.9	3.75
10/21/1992	4.2	3.8	3.8	3.77
10/22/1992	3.8	3.8	3.8	3.8
10/23/1992	4.1	4	3.8	3.9
10/24/1992	4	4	4	4
10/25/1992	4	4	4	4
10/26/1992	4.1	3.9	3.9	3.95
10/27/1992	3.9	3.9	3.9	3.9
10/28/1992	4	3.9	3.7	3.8
10/29/1992	3.7	3.6	3.6	3.7
10/30/1992	3.6	3.6	3.6	3.6
10/31/1992	3.6	3.6	3.6	3.6
11/1/1992	5.1	5.1	3.6	3.6
11/2/1992	8.3	5.1	5.1	3.6
11/3/1992	5.8	5.1	5	3.6
11/4/1992	5	4.5	4.7	3.6
11/5/1992	4.7	4.5	4.5	3.6
11/6/1992	4.5	4.5	4.2	3.6
11/7/1992	4.2	4	4.1	3.6
11/8/1992	4.1	4	4	3.6
11/9/1992	4	4	3.7	3.6
11/10/1992	3.7	3.6	3.6	3.6
11/11/1992	3.6	3.6	3.6	3.6
11/12/1992	3.6	3.6	3.6	3.6
11/13/1992	3.6	3.5	3.5	3.55
11/14/1992	3.5	3.5	3.5	3.5
11/15/1992	3.5	3.5	3.5	3.5
11/16/1992	3.5	3.5	3.5	3.5
11/17/1992	3.6	3.5	3.5	3.55
11/18/1992	3.6	3.5	3.6	3.6
11/19/1992	3.9	3.9	3.6	3.65
11/20/1992	9.8	3.9	3.9	3.7
11/21/1992	7.9	3.9	6.4	3.75
11/22/1992	6.4	5	5.8	3.81
11/23/1992	5.8	5	5	3.86
11/24/1992	5	5	4.7	3.92
11/25/1992	4.7	4.4	4.6	3.97
11/26/1992	4.6	4.4	4.4	4.03
11/27/1992	4.4	4.4	4.3	4.08
11/28/1992	4.3	4.2	4.2	4.14
11/29/1992	4.2	4.2	4.2	4.2
11/30/1992	4.2	4.2	4.2	4.2
12/1/1992	4.2	4.2	4.2	4.2
12/2/1992	4.2	4.2	4.2	4.2
12/3/1992	4.3	4.2	4.2	4.12
12/4/1992	4.2	3.9	4.1	4.05
12/5/1992	4.1	3.9	3.9	3.97
12/6/1992	3.9	3.9	3.9	3.9
12/7/1992	3.9	3.9	3.9	3.9
12/8/1992	3.9	3.9	3.9	3.9
12/9/1992	3.9	3.9	3.6	3.69
12/10/1992	3.6	3.3	3.3	3.49
12/11/1992	3.3	3.3	3.3	3.3
12/12/1992	3.3	3.3	3.2	3.25
12/13/1992	3.2	3.2	3.2	3.2
12/14/1992	3.8	3.2	3.2	3.18
12/15/1992	4.4	3.2	3.8	3.17
12/16/1992	4.5	3.7	3.9	3.15
12/17/1992	3.9	3.7	3.7	3.13
12/18/1992	3.7	3.7	3.1	3.12
12/19/1992	3.1	3.1	3.1	3.1
12/20/1992	3.5	3.1	3.1	2.97
12/21/1992	3.4	3.1	3.3	2.84
12/22/1992	3.3	2.6	2.6	2.72
12/23/1992	2.6	2.6	2.6	2.6
12/24/1992	3.1	2.6	2.6	2.79
12/25/1992	3	3	3	3
12/26/1992	3	3	3	3
12/27/1992	3.4	3	3	3.02
12/28/1992	3.5	3.5	3.4	3.03
12/29/1992	3.8	3.5	3.5	3.05
12/30/1992	3.8	3.5	3.3	3.07
12/31/1992	3.3	3.1	3.1	3.08
1/1/1993	3.1	3.1	3.1	3.1
1/2/1993	3.2	3.1	3.1	3.14
1/3/1993	3.5	3.4	3.2	3.18
1/4/1993	3.5	3.4	3.4	3.22
1/5/1993	3.4	3.4	3.3	3.26
1/6/1993	3.3	3.2	3.3	3.3
1/7/1993	3.3	3.2	3.2	3.25
1/8/1993	3.2	3.2	3.2	3.2
1/9/1993	3.3	3.2	3.2	3.2
1/10/1993	3.2	3.2	3.2	3.2
1/11/1993	3.3	3.2	3.2	3.2
1/12/1993	3.4	3.2	3.3	3.2
1/13/1993	3.4	3.2	3.2	3.2
1/14/1993	3.2	3.2	3.2	3.2
1/15/1993	3.2	2.6	2.7	3.01
1/16/1993	2.7	2.6	2.6	2.7
1/17/1993	2.6	2.6	2.5	2.6
1/18/1993	2.5	2.5	2.5	2.5
1/19/1993	2.6	2.5	2.5	2.6
1/20/1993	2.7	2.5	2.6	2.7
1/21/1993	3.1	3	2.7	2.87
1/22/1993	3	3	3	3
1/23/1993	3.1	3	2.8	2.9
1/24/1993	2.8	2.8	2.8	2.8
1/25/1993	2.9	2.8	2.8	2.82
1/26/1993	3.3	2.8	2.9	2.85
1/27/1993	3	2.9	2.9	2.87
1/28/1993	2.9	2.9	2.9	2.9
1/29/1993	3	2.9	2.9	2.95
1/30/1993	3	3	3	3
1/31/1993	3.5	3	3	3.15
2/1/1993	3.3	3	3.3	3.3
2/2/1993	3.3	3.1	3.3	3.3
2/3/1993	3.3	3.1	3.1	3.2
2/4/1993	3.1	3.1	3.1	3.1
2/5/1993	3.2	3	3.1	3.05
2/6/1993	3.1	3	3	3
2/7/1993	3	3	2.9	2.95
2/8/1993	2.9	2.9	2.9	2.9
2/9/1993	2.9	2.9	2.9	2.9
2/10/1993	3	2.9	2.9	2.86
2/11/1993	3.1	3.1	3	2.81
2/12/1993	3.3	3.1	3.1	2.77
2/13/1993	3.2	3.1	2.8	2.72
2/14/1993	2.8	2.6	2.7	2.68
2/15/1993	2.7	2.6	2.6	2.64
2/16/1993	2.6	2.6	2.6	2.6
2/17/1993	2.6	2.5	2.5	2.55
2/18/1993	2.5	2.5	2.5	2.5
2/19/1993	2.8	2.5	2.5	2.56
2/20/1993	3.4	3.4	2.8	2.63
2/21/1993	3.5	3.4	3.4	2.69
2/22/1993	3.5	3.4	3.1	2.76
2/23/1993	3.1	2.9	2.9	2.83
2/24/1993	2.9	2.9	2.9	2.9
2/25/1993	3.1	2.9	2.9	3
2/26/1993	3.2	3.2	3.1	3.1
2/27/1993	3.2	3.2	3.2	3.2
2/28/1993	3.2	3.2	3.2	3.2
3/1/1993	3.5	3.4	3.2	3.3
3/2/1993	3.4	3.4	3.4	3.4
3/3/1993	3.6	3.4	3.4	3.47
3/4/1993	3.7	3.7	3.6	3.55
3/5/1993	3.9	3.7	3.7	3.62
3/6/1993	3.7	3.7	3.7	3.7
3/7/1993	4.3	4.3	3.7	3.62
3/8/1993	5	4.3	4.3	3.54
3/9/1993	4.8	4.3	4.6	3.46
3/10/1993	4.6	3.6	4.1	3.39
3/11/1993	4.1	3.6	3.6	3.31
3/12/1993	3.6	3.6	3.2	3.24
3/13/1993	3.2	3.1	3.1	3.17
3/14/1993	3.1	3.1	3.1	3.1
3/15/1993	3.6	3.1	3.1	3.2
3/16/1993	4.1	3.4	3.4	3.3
3/17/1993	3.4	3.4	3.4	3.4
3/18/1993	3.6	3.4	3.4	3.5
3/19/1993	3.7	3.7	3.6	3.6
3/20/1993	3.7	3.7	3.7	3.7
3/21/1993	3.8	3.7	3.7	3.75
3/22/1993	3.8	3.8	3.8	3.8
3/23/1993	3.8	3.8	3.8	3.8
3/24/1993	4.9	3.8	3.8	4.43
3/25/1993	5.7	5.7	4.9	5.16
3/26/1993	7.6	5.7	5.7	6.01
3/27/1993	7	5.7	7	7
3/28/1993	7.6	7.6	7	7.23
3/29/1993	8.2	7.6	7.6	7.46
3/30/1993	7.7	7.6	7.7	7.7
3/31/1993	21	8	7.7	7.41
4/1/1993	9.8	8	8	7.14
4/2/1993	8	8	7.3	6.87
4/3/1993	7.3	6.3	6.7	6.61
4/4/1993	6.7	6.3	6.3	6.37
4/5/1993	6.3	6.3	5.9	6.13
4/6/1993	5.9	5.9	5.9	5.9
4/7/1993	6.9	5.9	5.9	5.97
4/8/1993	8.4	5.9	6.9	6.05
4/9/1993	7	6.2	6.2	6.12
4/10/1993	6.2	6.2	6.2	6.2
4/11/1993	9.7	6.2	6.2	6.3
4/12/1993	7.2	6.5	6.5	6.4
4/13/1993	6.5	6.5	6.5	6.5
4/14/1993	7.3	6.5	6.5	6.76
4/15/1993	10	8.7	7.3	7.03
4/16/1993	11	8.7	8.7	7.31
4/17/1993	8.7	8.7	7.9	7.6
4/18/1993	7.9	7.9	7.9	7.9
4/19/1993	27	7.9	7.9	8.77
4/20/1993	17	7.9	13	9.74
4/21/1993	13	12	12	10.81
4/22/1993	12	12	12	12
4/23/1993	12	12	11	11.41
4/24/1993	11	9.8	10	10.84
4/25/1993	10	9.8	9.8	10
4/26/1993	9.8	9.8	9.8	9.8
4/27/1993	16	10	9.8	9.75
4/28/1993	12	10	10	9.7
4/29/1993	10	10	9.6	9.65
4/30/1993	9.6	9.6	9.6	9.6
5/1/1993	12	9.6	9.6	10.34
5/2/1993	13	9.6	12	11.14
5/3/1993	12	10	12	12
5/4/1993	12	10	10	11.1
5/5/1993	10	10	9.5	10
5/6/1993	9.5	9	9.5	9.5
5/7/1993	9.5	9	9	9.15
5/8/1993	9	9	8.5	8.82
5/9/1993	8.5	8.5	8.5	8.5
5/10/1993	10	8.5	8.5	7.92
5/11/1993	9.2	8.5	7.6	7.39
5/12/1993	7.6	5.6	5.8	6.89
5/13/1993	5.8	5.6	5.6	5.8
5/14/1993	5.6	5.6	5.3	5.6
5/15/1993	5.3	5.2	5.2	5.3
5/16/1993	5.2	5.2	5.2	5.2
5/17/1993	5.2	5.2	5.2	5.2
5/18/1993	5.2	5	5.1	5.1
5/19/1993	5.1	5	5	5
5/20/1993	5	5	4.8	4.9
5/21/1993	4.8	4.8	4.8	4.8
5/22/1993	5	4.8	4.8	4.8
5/23/1993	6.4	4.8	5	4.8
5/24/1993	5.8	4.8	5.3	4.8
5/25/1993	5.3	4.8	4.8	4.8
5/26/1993	4.8	4.8	4.8	4.8
5/27/1993	4.9	4.2	4.6	4.59
5/28/1993	4.6	4.2	4.2	4.39
5/29/1993	4.2	4.2	4.2	4.2
5/30/1993	8.7	4.8	4.2	4.12
5/31/1993	5.8	4.8	4.8	4.04
6/1/1993	4.8	4.8	4.6	3.96
6/2/1993	4.6	4.1	4.3	3.89
6/3/1993	4.3	4.1	4.1	3.81
6/4/1993	4.1	4.1	3.8	3.74
6/5/1993	3.8	3.6	3.6	3.67
6/6/1993	3.6	3.6	3.6	3.6
6/7/1993	5.6	3.6	3.6	3.84
6/8/1993	25	6.7	5.6	4.1
6/9/1993	8.3	6.7	6.7	4.37
6/10/1993	6.7	6.7	5.8	4.66
6/11/1993	5.8	5.3	5.3	4.97
6/12/1993	5.3	5.3	5.3	5.3
6/13/1993	5.7	5.3	5.2	5.13
6/14/1993	5.2	4.8	4.8	4.96
6/15/1993	4.8	4.8	4.8	4.8
6/16/1993	7.2	4.8	4.8	5.85
6/17/1993	14	8.7	7.2	7.14
6/18/1993	8.7	8.7	8.7	8.7
6/19/1993	19	8.7	8.7	8.56
6/20/1993	16	8.3	9.4	8.41
6/21/1993	9.4	8.3	8.3	8.27
6/22/1993	8.3	8.3	8	8.14
6/23/1993	8	7.8	8	8
6/24/1993	9.7	7.8	7.8	7.6
6/25/1993	7.8	7.8	7	7.22
6/26/1993	7	6.2	6.7	6.87
6/27/1993	6.7	6.2	6.2	6.52
6/28/1993	6.2	6.2	6.2	6.2
6/29/1993	6.4	6	6.2	6.13
6/30/1993	6.8	6	6	6.07
7/1/1993	6	6	6	6
7/2/1993	19	9.8	6	6.31
7/3/1993	31	9.8	9.8	6.63
7/4/1993	9.8	9.8	8.7	6.97
7/5/1993	8.7	7.7	7.7	7.33
7/6/1993	7.7	7.7	7.7	7.7
7/7/1993	8.3	7.7	7.6	7.49
7/8/1993	7.6	6.9	7.2	7.29
7/9/1993	7.2	6.9	6.9	7.09
7/10/1993	6.9	6.9	6.9	6.9
7/11/1993	8.1	6.7	6.7	6.8
7/12/1993	6.7	6.7	6.7	6.7
7/13/1993	7.7	6.7	6.7	6.6
7/14/1993	6.9	6.3	6.4	6.5
7/15/1993	6.4	6.3	6.3	6.4
7/16/1993	6.3	6.3	6.3	6.3
7/17/1993	6.7	6.2	6.3	6.11
7/18/1993	6.7	6.2	6.2	5.92
7/19/1993	6.2	6.2	5.8	5.74
7/20/1993	5.8	5.4	5.4	5.57
7/21/1993	5.4	5.4	5.4	5.4
7/22/1993	5.4	5.4	5.4	5.4
7/23/1993	5.9	5.8	5.4	5.6
7/24/1993	5.8	5.8	5.8	5.8
7/25/1993	5.9	5.8	5.4	5.6
7/26/1993	5.4	5.4	5.4	5.4
7/27/1993	10	5.4	5.4	5.45
7/28/1993	6.5	5.4	5.9	5.5
7/29/1993	5.9	5.6	5.6	5.55
7/30/1993	5.6	5.6	5.6	5.6
7/31/1993	6.1	5.6	5.6	5.5
8/1/1993	5.8	5.2	5.4	5.39
8/2/1993	5.4	5.2	5.2	5.29
8/3/1993	5.2	5.2	5.1	5.2
8/4/1993	5.1	5.1	5.1	5.1
8/5/1993	5.1	5.1	5.1	5.1
8/6/1993	5.3	5.1	5.1	5.15
8/7/1993	5.2	5.2	5.2	5.2
8/8/1993	5.3	5.2	5.2	5.3
8/9/1993	15	5.2	5.3	5.58
8/10/1993	6.8	6.2	6.4	5.78
8/11/1993	6.4	6.2	6.2	5.99
8/12/1993	6.2	6.2	6.2	6.2
8/13/1993	6.2	6.2	6.2	6.2
8/14/1993	6.3	6.2	6.2	6.27
8/15/1993	12	6.2	6.3	6.35
8/16/1993	7.2	6.5	6.5	6.42
8/17/1993	6.5	6.5	6.5	6.5
8/18/1993	14	6.5	6.5	6.33
8/19/1993	7.2	6.2	6.5	6.16
8/20/1993	6.5	6.2	6.2	6
8/21/1993	6.2	6.2	6	5.84
8/22/1993	6	5.6	5.8	5.68
8/23/1993	5.8	5.6	5.6	5.53
8/24/1993	5.6	5.6	5.3	5.38
8/25/1993	5.3	5.1	5.1	5.24
8/26/1993	5.1	5.1	5.1	5.1
8/27/1993	5.2	5.1	5.1	5.07
8/28/1993	5.1	5	5	5.03
8/29/1993	5	5	5	5
8/30/1993	20	5	5	5.1
8/31/1993	6.9	6	6.3	5.19
9/1/1993	6.3	6	6	5.29
9/2/1993	6	6	5.8	5.39
9/3/1993	5.8	5.6	5.6	5.5
9/4/1993	5.6	5.6	5.6	5.6
9/5/1993	5.6	5.6	5.6	5.6
9/6/1993	5.6	5.4	5.4	5.5
9/7/1993	5.4	5.4	5.4	5.4
9/8/1993	5.5	5.4	5.4	5.3
9/9/1993	5.5	5.1	5.1	5.2
9/10/1993	5.1	5.1	5.1	5.1
9/11/1993	5.9	5.1	5.1	5.39
9/12/1993	5.7	5.7	5.7	5.7
9/13/1993	13	5.7	5.7	5.67
9/14/1993	7.6	5.7	6.2	5.63
9/15/1993	6.2	5.6	5.8	5.6
9/16/1993	5.8	5.6	5.6	5.57
9/17/1993	5.6	5.6	5.5	5.53
9/18/1993	5.5	5.5	5.5	5.5
9/19/1993	5.7	5.5	5.5	5.57
9/20/1993	5.9	5.5	5.7	5.63
9/21/1993	5.7	5.4	5.7	5.7
9/22/1993	5.8	5.4	5.4	5.57
9/23/1993	5.4	5.4	5.3	5.4
9/24/1993	5.3	5.2	5.2	5.3
9/25/1993	5.2	5.2	5.2	5.2
9/26/1993	5.3	5.2	5.2	5.25
9/27/1993	5.3	5.2	5.3	5.3
9/28/1993	5.3	5.2	5.2	5.2
9/29/1993	5.2	5.2	5	5.1
9/30/1993	5	4.9	5	5
10/1/1993	5	4.9	4.9	4.93
10/2/1993	4.9	4.9	4.8	4.87
10/3/1993	4.8	4.8	4.8	4.8
10/4/1993	4.8	4.8	4.8	4.8
10/5/1993	4.8	4.8	4.8	4.8
10/6/1993	5	4.9	4.8	4.85
10/7/1993	4.9	4.9	4.9	4.9
10/8/1993	5.2	4.9	4.9	4.9
10/9/1993	5.1	4.9	4.9	4.9
10/10/1993	4.9	4.9	4.9	4.9
10/11/1993	4.9	4.9	4.9	4.9
10/12/1993	5	4.9	4.9	4.9
10/13/1993	5	4.9	4.9	4.9
10/14/1993	4.9	4.9	4.9	4.9
10/15/1993	5.4	5.2	4.9	4.92
10/16/1993	5.4	5.2	5.2	4.94
10/17/1993	5.2	5.2	5.1	4.96
10/18/1993	5.1	5	5	4.98
10/19/1993	5	5	5	5
10/20/1993	5.3	5	5	5
10/21/1993	5.6	5	5.1	5
10/22/1993	5.1	5	5	5
10/23/1993	5	5	5	5
10/24/1993	5	5	5	5
10/25/1993	5	5	5	5
10/26/1993	5	5	5	5
10/27/1993	5	4.9	4.9	4.95
10/28/1993	4.9	4.9	4.9	4.9
10/29/1993	4.9	4.9	4.7	4.8
10/30/1993	4.7	4.6	4.6	4.7
10/31/1993	4.6	4.6	4.6	4.6
11/1/1993	4.6	4.6	4.6	4.6
11/2/1993	4.6	4.6	4.6	4.6
11/3/1993	4.9	4.6	4.6	4.62
11/4/1993	5	4.6	4.9	4.64
11/5/1993	5.1	4.7	4.9	4.66
11/6/1993	4.9	4.7	4.7	4.68
11/7/1993	4.7	4.7	4.7	4.7
11/8/1993	4.9	4.9	4.7	4.8
11/9/1993	4.9	4.9	4.9	4.9
11/10/1993	5.1	4.9	4.9	4.95
11/11/1993	5	5	5	5
11/12/1993	5.2	5	5	5.1
11/13/1993	5.8	5	5.2	5.2
11/14/1993	5.3	5	5.3	5.3
11/15/1993	5.3	5	5	5.16
11/16/1993	5	5	4.9	5
11/17/1993	4.9	4.9	4.9	4.9
11/18/1993	4.9	4.9	4.9	4.9
11/19/1993	5	4.9	4.9	4.9
11/20/1993	4.9	4.9	4.9	4.9
11/21/1993	5	4.9	4.9	4.87
11/22/1993	4.9	4.9	4.8	4.83
11/23/1993	4.8	4.8	4.8	4.8
11/24/1993	4.8	4.8	4.8	4.8
11/25/1993	5.1	4.8	4.8	4.85
11/26/1993	4.9	4.9	4.9	4.9
11/27/1993	5	4.9	4.9	4.8
11/28/1993	5	4.9	4.6	4.7
11/29/1993	4.6	4.5	4.5	4.6
11/30/1993	4.5	4.5	4.5	4.5
12/1/1993	4.6	4.5	4.5	4.6
12/2/1993	5.1	4.8	4.6	4.7
12/3/1993	4.8	4.8	4.8	4.8
12/4/1993	5	4.8	4.8	4.7
12/5/1993	5	4.4	4.9	4.6
12/6/1993	4.9	4.4	4.4	4.5
12/7/1993	4.4	4.4	4.4	4.4
12/8/1993	4.5	4.5	4.4	4.37
12/9/1993	4.8	4.5	4.5	4.35
12/10/1993	4.7	4.5	4.3	4.32
12/11/1993	4.3	4.3	4.3	4.3
12/12/1993	4.6	4.3	4.3	4.43
12/13/1993	5	4.3	4.6	4.57
12/14/1993	5.7	5	5	4.71
12/15/1993	5.4	5	5	4.85
12/16/1993	5	5	5	5
12/17/1993	5.1	5.1	5	5.05
12/18/1993	5.1	5.1	5.1	5.1
12/19/1993	5.2	5.1	5	5.05
12/20/1993	5	5	5	5
12/21/1993	5	5	5	5
12/22/1993	5.1	5	4.3	4.77
12/23/1993	4.3	4	4.2	4.3
12/24/1993	4.2	4	4	4.2
12/25/1993	4	4	3.8	4
12/26/1993	3.8	3.6	3.7	3.8
12/27/1993	3.7	3.6	3.6	3.7
12/28/1993	3.6	3.6	3.6	3.6
12/29/1993	3.7	3.7	3.6	3.7
12/30/1993	3.9	3.7	3.7	3.9
12/31/1993	4.7	3.7	3.9	4.12
1/1/1994	4.7	4.5	4.5	4.3
1/2/1994	4.5	4.5	4.5	4.5
1/3/1994	4.6	4.5	4.5	4.41
1/4/1994	4.6	4.3	4.4	4.33
1/5/1994	4.4	4.3	4.3	4.24
1/6/1994	4.3	4.3	4.1	4.16
1/7/1994	4.1	4	4	4.08
1/8/1994	4	4	4	4
1/9/1994	4.1	4	4	4.1
1/10/1994	4.3	4.3	4.1	4.2
1/11/1994	4.3	4.3	4.3	4.3
1/12/1994	4.4	4.3	4.2	4.19
1/13/1994	4.2	3.9	4	4.08
1/14/1994	4	3.9	3.9	3.98
1/15/1994	3.9	3.9	3.8	3.88
1/16/1994	3.8	3.6	3.7	3.78
1/17/1994	3.7	3.6	3.6	3.68
1/18/1994	3.6	3.6	3.5	3.59
1/19/1994	3.5	3.5	3.5	3.5
1/20/1994	3.6	3.5	3.5	3.6
1/21/1994	3.8	3.5	3.6	3.8
1/22/1994	4	4	3.8	3.96
1/23/1994	4.3	4	4	4.13
1/24/1994	4.3	4	4.3	4.3
1/25/1994	4.3	4.2	4.3	4.3
1/26/1994	4.3	4.2	4.2	4.25
1/27/1994	4.2	4.2	4.2	4.2
1/28/1994	4.2	4.2	4.2	4.2
1/29/1994	4.2	4.2	4.2	4.2
1/30/1994	4.2	4.2	4.2	4.2
1/31/1994	4.2	4.2	4.2	4.2
2/1/1994	4.2	4.2	4.2	4.2
2/2/1994	4.2	4.2	4.2	4.2
2/3/1994	4.3	4.2	4.2	4.2
2/4/1994	4.3	4.2	4.2	4.2
2/5/1994	4.2	4.2	4.2	4.2
2/6/1994	4.2	4.2	4.2	4.2
2/7/1994	4.2	4.2	4.2	4.2
2/8/1994	4.2	4.2	4.2	4.2
2/9/1994	4.4	4.4	4.2	4.29
2/10/1994	4.6	4.4	4.4	4.39
2/11/1994	4.8	4.4	4.6	4.48
2/12/1994	4.9	4.9	4.8	4.58
2/13/1994	5	4.9	4.9	4.68
2/14/1994	5.2	4.9	5	4.79
2/15/1994	5.1	5	5	4.89
2/16/1994	5	5	5	5
2/17/1994	5.2	5	5	4.99
2/18/1994	7.3	7.2	5.2	4.97
2/19/1994	59	7.2	7.2	4.96
2/20/1994	7.2	7.2	6	4.94
2/21/1994	6	4.9	5	4.93
2/22/1994	5	4.9	4.9	4.91
2/23/1994	4.9	4.9	4.9	4.9
2/24/1994	4.9	4.8	4.8	4.85
2/25/1994	4.8	4.8	4.8	4.8
2/26/1994	4.8	4.8	4.8	4.8
2/27/1994	4.9	4.9	4.8	4.87
2/28/1994	5	4.9	4.9	4.93
3/1/1994	5	4.9	5	5
3/2/1994	5	5	5	5
3/3/1994	6.1	5	5	5.06
3/4/1994	21	5	6.1	5.12
3/5/1994	15	6.4	8.8	5.18
3/6/1994	8.8	6.4	6.4	5.24
3/7/1994	6.4	6.4	5.8	5.31
3/8/1994	5.8	5.5	5.7	5.37
3/9/1994	5.7	5.5	5.5	5.43
3/10/1994	5.5	5.5	5.5	5.5
3/11/1994	5.6	5.6	5.5	5.6
3/12/1994	6.1	5.6	5.6	5.76
3/13/1994	5.9	5.6	5.9	5.9
3/14/1994	6.8	5.7	5.9	5.83
3/15/1994	6.1	5.7	5.7	5.77
3/16/1994	5.7	5.7	5.7	5.7
3/17/1994	5.7	5.7	5.7	5.7
3/18/1994	5.7	5.7	5.7	5.7
3/19/1994	5.8	5.7	5.7	5.64
3/20/1994	6.5	6.2	5.8	5.58
3/21/1994	6.4	6.2	6.2	5.53
3/22/1994	6.2	6.2	6	5.47
3/23/1994	6	5.3	5.6	5.41
3/24/1994	5.6	5.3	5.3	5.36
3/25/1994	5.3	5.3	5.3	5.3
3/26/1994	5.6	5.4	5.3	5.21
3/27/1994	5.5	5.4	5.4	5.13
3/28/1994	5.4	5.4	5.2	5.04
3/29/1994	5.2	4.8	4.9	4.96
3/30/1994	4.9	4.8	4.8	4.88
3/31/1994	4.8	4.8	4.8	4.8
4/1/1994	4.8	4.8	4.8	4.8
4/2/1994	4.9	4.8	4.8	4.8
4/3/1994	4.8	4.8	4.8	4.8
4/4/1994	5.4	5.4	4.8	4.99
4/5/1994	5.5	5.4	5.4	5.19
4/6/1994	5.4	5.4	5.4	5.4
4/7/1994	5.4	5.4	5.4	5.4
4/8/1994	5.6	5.4	5.4	5.27
4/9/1994	5.4	5.4	5.2	5.14
4/10/1994	5.2	4.9	4.9	5.02
4/11/1994	4.9	4.9	4.9	4.9
4/12/1994	6.9	4.9	4.9	5.15
4/13/1994	6.4	5.7	5.7	5.42
4/14/1994	5.7	5.7	5.7	5.7
4/15/1994	9.2	5.7	5.7	5.48
4/16/1994	5.9	5	5.2	5.27
4/17/1994	5.2	5	5	5.07
4/18/1994	5	5	4.5	4.87
4/19/1994	4.5	4.2	4.4	4.5
4/20/1994	4.4	4.2	4.2	4.4
4/21/1994	4.2	4.2	4.1	4.2
4/22/1994	4.1	4	4	4.1
4/23/1994	4	4	4	4
4/24/1994	4.9	4	4	4.5
4/25/1994	9	7.4	4.9	5.06
4/26/1994	23	7.4	7.4	5.69
4/27/1994	7.4	7.4	7.2	6.4
4/28/1994	7.2	6.1	7.2	7.2
4/29/1994	7.2	6.1	6.1	6.8
4/30/1994	6.1	6.1	5.8	6.1
5/1/1994	5.8	5.2	5.4	5.8
5/2/1994	5.4	5.2	5.2	5.4
5/3/1994	5.2	5.2	5.1	5.2
5/4/1994	5.1	5	5.1	5.1
5/5/1994	5.2	5	5	4.97
5/6/1994	5	5	4.9	4.85
5/7/1994	4.9	4.5	4.7	4.73
5/8/1994	4.7	4.5	4.5	4.61
5/9/1994	4.5	4.5	4.5	4.5
5/10/1994	4.6	4.6	4.5	4.5
5/11/1994	5.8	4.6	4.6	4.5
5/12/1994	4.8	4.6	4.5	4.5
5/13/1994	4.5	4.5	4.5	4.5
5/14/1994	5.1	4.5	4.5	4.42
5/15/1994	5	4.5	4.5	4.35
5/16/1994	4.5	4.2	4.3	4.28
5/17/1994	4.3	4.2	4.2	4.21
5/18/1994	4.2	4.2	4.1	4.14
5/19/1994	4.1	4	4	4.07
5/20/1994	4	4	4	4
5/21/1994	4.1	4	4	4.1
5/22/1994	4.2	4.2	4.1	4.2
5/23/1994	4.5	4.2	4.2	4.3
5/24/1994	4.4	4.2	4.4	4.4
5/25/1994	4.5	4.1	4.4	4.27
5/26/1994	4.4	4.1	4.1	4.14
5/27/1994	4.1	4.1	3.9	4.02
5/28/1994	3.9	3.9	3.9	3.9
5/29/1994	4	3.9	3.9	3.85
5/30/1994	4.5	3.9	4	3.8
5/31/1994	4.5	3.8	3.9	3.75
6/1/1994	3.9	3.8	3.8	3.7
6/2/1994	3.8	3.8	3.6	3.65
6/3/1994	3.6	3.6	3.6	3.6
6/4/1994	3.7	3.6	3.6	3.7
6/5/1994	5.1	3.6	3.7	4.12
6/6/1994	4.4	4.3	4.4	4.4
6/7/1994	4.4	4.3	4.3	4.26
6/8/1994	4.3	4.3	4	4.13
6/9/1994	4	4	4	4
6/10/1994	4	4	4	4
6/11/1994	4	4	3.9	3.95
6/12/1994	3.9	3.8	3.9	3.9
6/13/1994	4.6	3.8	3.8	3.82
6/14/1994	3.8	3.8	3.7	3.75
6/15/1994	3.7	3.6	3.6	3.67
6/16/1994	3.6	3.6	3.6	3.6
6/17/1994	3.6	3.6	3.6	3.6
6/18/1994	3.7	3.7	3.6	3.54
6/19/1994	3.9	3.7	3.7	3.48
6/20/1994	3.9	3.7	3.7	3.42
6/21/1994	3.7	3.3	3.3	3.36
6/22/1994	3.3	3.3	3.3	3.3
6/23/1994	4.2	3.3	3.3	3.37
6/24/1994	3.7	3.5	3.5	3.43
6/25/1994	3.5	3.5	3.5	3.5
6/26/1994	4.2	3.5	3.5	3.6
6/27/1994	3.7	3.7	3.7	3.7
6/28/1994	3.7	3.7	3.7	3.7
6/29/1994	4	3.7	3.7	3.66
6/30/1994	3.8	3.6	3.7	3.62
7/1/1994	3.7	3.6	3.6	3.58
7/2/1994	3.6	3.6	3.5	3.54
7/3/1994	3.5	3.5	3.5	3.5
7/4/1994	3.6	3.5	3.5	3.58
7/5/1994	4.4	3.5	3.6	3.66
7/6/1994	4.8	4.8	4.4	3.75
7/7/1994	7	4.8	4.8	3.83
7/8/1994	7	4.8	4.7	3.92
7/9/1994	4.7	4.1	4.1	4.01
7/10/1994	4.1	4.1	4.1	4.1
7/11/1994	4.1	4.1	4	4.03
7/12/1994	4	3.9	3.9	3.97
7/13/1994	3.9	3.9	3.9	3.9
7/14/1994	4	3.9	3.8	3.85
7/15/1994	3.8	3.8	3.8	3.8
7/16/1994	4	3.8	3.8	3.7
7/17/1994	3.9	3.8	3.6	3.59
7/18/1994	3.6	3.4	3.4	3.5
7/19/1994	3.4	3.4	3.4	3.4
7/20/1994	3.4	3.4	3.4	3.4
7/21/1994	3.6	3.4	3.4	3.4
7/22/1994	3.6	3.4	3.4	3.4
7/23/1994	3.4	3.4	3.4	3.4
7/24/1994	3.5	3.4	3.4	3.4
7/25/1994	3.4	3.4	3.4	3.4
7/26/1994	3.4	3.4	3.4	3.4
7/27/1994	3.8	3.4	3.4	3.34
7/28/1994	3.6	3.4	3.4	3.28
7/29/1994	3.4	3.4	3.2	3.22
7/30/1994	3.2	3.1	3.1	3.16
7/31/1994	3.1	3.1	3.1	3.1
8/1/1994	3.4	3.1	3.1	3.25
8/2/1994	3.4	3.4	3.4	3.4
8/3/1994	4.1	3.4	3.4	3.55
8/4/1994	3.7	3.4	3.7	3.7
8/5/1994	3.8	3.8	3.7	3.65
8/6/1994	4	3.8	3.8	3.6
8/7/1994	4	3.8	3.5	3.55
8/8/1994	3.5	3.5	3.5	3.5
8/9/1994	3.5	3.5	3.5	3.5
8/10/1994	23	3.5	3.5	3.54
8/11/1994	6	4.6	5	3.57
8/12/1994	5	4.6	4.6	3.61
8/13/1994	4.6	4.6	4.5	3.65
8/14/1994	4.5	4.1	4.2	3.68
8/15/1994	4.2	4.1	4.1	3.72
8/16/1994	4.1	4.1	3.8	3.76
8/17/1994	3.8	3.8	3.8	3.8
8/18/1994	8.6	3.8	3.8	3.85
8/19/1994	5.7	3.8	4.8	3.9
8/20/1994	4.8	4.2	4.5	3.95
8/21/1994	4.5	4.2	4.2	4
8/22/1994	4.2	4.2	4.1	4.05
8/23/1994	4.1	4.1	4.1	4.1
8/24/1994	4.3	4.1	4.1	4.2
8/25/1994	4.3	4.1	4.3	4.3
8/26/1994	4.5	4.2	4.3	4.22
8/27/1994	4.3	4.2	4.2	4.15
8/28/1994	4.2	4.2	4	4.07
8/29/1994	4	4	4	4
8/30/1994	7.7	4	4	4.02
8/31/1994	4.8	4	4.4	4.05
9/1/1994	4.4	4.1	4.1	4.07
9/2/1994	4.1	4.1	4.1	4.1
9/3/1994	4.6	4.1	4.1	4.3
9/4/1994	4.5	4.1	4.5	4.5
9/5/1994	4.5	4.1	4.1	4.33
9/6/1994	4.1	4.1	4	4.1
9/7/1994	4	3.8	4	4
9/8/1994	4.3	3.8	3.8	3.87
9/9/1994	3.8	3.8	3.6	3.74
9/10/1994	3.6	3.5	3.5	3.6
9/11/1994	3.5	3.5	3.5	3.5
9/12/1994	3.5	3.5	3.5	3.5
9/13/1994	3.7	3.7	3.5	3.64
9/14/1994	24	3.7	3.7	3.78
9/15/1994	6.4	3.7	5.9	3.92
9/16/1994	5.9	4.4	5.1	4.08
9/17/1994	5.1	4.4	4.4	4.24
9/18/1994	4.4	4.4	4.4	4.4
9/19/1994	4.4	4.4	4.4	4.4
9/20/1994	4.4	4.4	4.4	4.4
9/21/1994	4.8	4.4	4.4	4.8
9/22/1994	7.1	6.3	4.8	5.26
9/23/1994	8	6.3	6.3	5.76
9/24/1994	6.3	6.3	6.3	6.3
9/25/1994	6.4	6	6.3	6.09
9/26/1994	6.5	6	6	5.88
9/27/1994	6	6	5.6	5.68
9/28/1994	5.6	5.3	5.3	5.49
9/29/1994	5.3	5.3	5.3	5.3
9/30/1994	5.3	5.3	4	4.6
10/1/2002	4	3	3.5	3.99
10/2/2002	3.5	3	3	3.46
10/3/2002	3	3	3	3
10/4/2002	10	5.5	3	4.06
10/5/2002	5.5	5.5	5.5	5.5
10/6/2002	6	5.5	4.4	4.65
10/7/2002	4.4	2.8	3.7	3.92
10/8/2002	3.7	2.8	2.8	3.31
10/9/2002	2.8	2.8	2.8	2.8
10/10/2002	4.3	3.6	2.8	2.72
10/11/2002	3.7	3.6	3.6	2.65
10/12/2002	3.6	3.6	2.8	2.57
10/13/2002	2.8	2.5	2.6	2.5
10/14/2002	2.6	2.5	2.5	2.43
10/15/2002	2.5	2.5	2.3	2.37
10/16/2002	2.3	2.3	2.3	2.3
10/17/2002	2.3	2.3	2.3	2.3
10/18/2002	2.6	2.3	2.3	2.35
10/19/2002	2.4	2.4	2.4	2.4
10/20/2002	2.5	2.4	2.4	2.45
10/21/2002	3.2	2.4	2.5	2.5
10/22/2002	2.8	2.6	2.6	2.55
10/23/2002	2.6	2.6	2.6	2.6
10/24/2002	2.6	2.6	2.6	2.6
10/25/2002	2.8	2.8	2.6	2.7
10/26/2002	3	2.8	2.8	2.8
10/27/2002	2.9	2.8	2.9	2.9
10/28/2002	2.9	2.8	2.8	2.85
10/29/2002	2.8	2.8	2.8	2.8
10/30/2002	2.8	2.8	2.6	2.7
10/31/2002	2.6	2.6	2.6	2.6
11/1/2002	2.6	2.6	2.6	2.6
11/2/2002	2.8	2.6	2.6	2.7
11/3/2002	2.8	2.8	2.8	2.8
11/4/2002	2.8	2.8	2.8	2.8
11/5/2002	2.9	2.8	2.8	2.85
11/6/2002	2.9	2.9	2.9	2.9
11/7/2002	2.9	2.9	2.9	2.9
11/8/2002	3	2.9	2.9	2.95
11/9/2002	3	3	3	3
11/10/2002	3.1	3	3	3
11/11/2002	3	3	3	3
11/12/2002	3	3	3	3
11/13/2002	3	3	3	3
11/14/2002	3	3	2.9	2.95
11/15/2002	2.9	2.9	2.9	2.9
11/16/2002	2.9	2.9	2.9	2.9
11/17/2002	2.9	2.9	2.9	2.9
11/18/2002	2.9	2.9	2.9	2.9
11/19/2002	2.9	2.9	2.9	2.9
11/20/2002	2.9	2.9	2.8	2.83
11/21/2002	2.8	2.7	2.7	2.77
11/22/2002	2.7	2.7	2.7	2.7
11/23/2002	2.8	2.7	2.7	2.67
11/24/2002	2.7	2.6	2.6	2.63
11/25/2002	2.6	2.6	2.6	2.6
11/26/2002	2.6	2.6	2.6	2.6
11/27/2002	2.6	2.6	2.6	2.6
11/28/2002	2.7	2.6	2.6	2.63
11/29/2002	3	2.6	2.7	2.67
11/30/2002	2.7	2.7	2.7	2.7
12/1/2002	2.8	2.7	2.7	2.67
12/2/2002	2.7	2.7	2.6	2.63
12/3/2002	2.6	2.4	2.6	2.6
12/4/2002	2.6	2.4	2.4	2.5
12/5/2002	2.4	2.4	2.4	2.4
12/6/2002	2.4	2.2	2.4	2.4
12/7/2002	2.4	2.2	2.2	2.3
12/8/2002	2.2	2.2	2.2	2.2
12/9/2002	2.4	2.4	2.2	2.3
12/10/2002	2.4	2.4	2.4	2.4
12/11/2002	2.5	2.4	2.4	2.4
12/12/2002	2.5	2.4	2.4	2.4
12/13/2002	2.4	2.4	2.4	2.4
12/14/2002	2.4	2.4	2.4	2.4
12/15/2002	2.5	2.4	2.4	2.4
12/16/2002	2.6	2.4	2.4	2.4
12/17/2002	2.4	2.4	2.4	2.4
12/18/2002	3	2.6	2.4	2.42
12/19/2002	2.7	2.6	2.6	2.45
12/20/2002	2.6	2.6	2.5	2.47
12/21/2002	2.5	2.4	2.5	2.5
12/22/2002	2.5	2.4	2.4	2.45
12/23/2002	2.4	2.4	2.4	2.4
12/24/2002	2.4	2.3	2.3	2.35
12/25/2002	2.3	2.3	2.3	2.3
12/26/2002	2.3	2.3	2.3	2.3
12/27/2002	2.4	2.4	2.3	2.34
12/28/2002	2.5	2.4	2.4	2.38
12/29/2002	2.7	2.4	2.5	2.42
12/30/2002	2.8	2.5	2.5	2.46
12/31/2002	2.5	2.5	2.5	2.5
1/1/2003	2.6	2.5	2.5	2.5
1/2/2003	2.5	2.5	2.5	2.5
1/3/2003	2.5	2.5	2.5	2.5
1/4/2003	2.7	2.5	2.5	2.56
1/5/2003	2.9	2.7	2.7	2.63
1/6/2003	2.7	2.7	2.7	2.7
1/7/2003	2.9	2.7	2.7	2.8
1/8/2003	2.9	2.5	2.9	2.9
1/9/2003	2.9	2.5	2.5	2.69
1/10/2003	2.5	2.5	2.5	2.5
1/11/2003	2.6	2.6	2.5	2.46
1/12/2003	2.7	2.6	2.6	2.42
1/13/2003	2.7	2.6	2.6	2.38
1/14/2003	2.6	2.3	2.3	2.34
1/15/2003	2.3	2.3	2.3	2.3
1/16/2003	2.4	2.3	2.3	2.35
1/17/2003	2.4	2.4	2.4	2.4
1/18/2003	2.4	2.4	2.4	2.4
1/19/2003	2.5	2.4	2.4	2.29
1/20/2003	2.5	2.1	2.3	2.19
1/21/2003	2.3	2.1	2.1	2.09
1/22/2003	2.1	2.1	1.9	1.99
1/23/2003	1.9	1.9	1.9	1.9
1/24/2003	2.1	1.9	1.9	2.05
1/25/2003	2.5	1.9	2.1	2.22
1/26/2003	2.4	2.4	2.4	2.4
1/27/2003	2.5	2.4	2.4	2.45
1/28/2003	2.5	2.4	2.5	2.5
1/29/2003	2.5	2.5	2.5	2.5
1/30/2003	2.8	2.5	2.5	2.65
1/31/2003	2.8	2.5	2.8	2.8
2/1/2003	3	2.8	2.8	2.72
2/2/2003	3	2.8	2.8	2.65
2/3/2003	2.8	2.8	2.5	2.57
2/4/2003	2.5	2.4	2.5	2.5
2/5/2003	2.5	2.4	2.4	2.45
2/6/2003	2.4	2.4	2.4	2.4
2/7/2003	2.4	2.3	2.3	2.35
2/8/2003	2.3	2.3	2.3	2.3
2/9/2003	2.3	2.3	2.3	2.3
2/10/2003	2.3	2.2	2.3	2.3
2/11/2003	2.4	2.2	2.2	2.25
2/12/2003	2.2	2.2	2.2	2.2
2/13/2003	2.3	2.2	2.2	2.2
2/14/2003	2.3	2.2	2.2	2.2
2/15/2003	2.2	2.2	2.2	2.2
2/16/2003	2.3	2.3	2.2	2.3
2/17/2003	2.5	2.3	2.3	2.4
2/18/2003	2.5	2.3	2.5	2.5
2/19/2003	2.6	2.6	2.5	2.49
2/20/2003	11	2.6	2.6	2.47
2/21/2003	11	2.6	4.6	2.46
2/22/2003	4.6	2.5	2.8	2.44
2/23/2003	2.8	2.5	2.5	2.43
2/24/2003	2.5	2.5	2.4	2.41
2/25/2003	2.4	2.4	2.4	2.4
2/26/2003	2.4	2.4	2.4	2.4
2/27/2003	2.6	2.4	2.4	2.42
2/28/2003	2.7	2.5	2.6	2.45
3/1/2003	2.8	2.5	2.5	2.47
3/2/2003	2.5	2.5	2.5	2.5
3/3/2003	2.6	2.4	2.5	2.47
3/4/2003	2.5	2.4	2.4	2.43
3/5/2003	2.4	2.4	2.4	2.4
3/6/2003	2.6	2.3	2.4	2.37
3/7/2003	2.4	2.3	2.3	2.33
3/8/2003	2.3	2.3	2.3	2.3
3/9/2003	2.3	2.3	2.3	2.3
3/10/2003	2.4	2.3	2.3	2.4
3/11/2003	3.1	2.3	2.4	2.68
3/12/2003	2.9	2.9	2.9	2.9
3/13/2003	3.2	2.9	2.9	3.13
3/14/2003	34	2.9	3.2	3.37
3/15/2003	30	8.9	20	3.63
3/16/2003	20	8.9	8.9	3.91
3/17/2003	8.9	8.9	5.1	4.22
3/18/2003	5.1	4.9	4.9	4.55
3/19/2003	4.9	4.9	4.9	4.9
3/20/2003	7.2	4.9	4.9	4.73
3/21/2003	9.9	4.4	5.3	4.56
3/22/2003	5.3	4.4	4.4	4.39
3/23/2003	4.4	4.4	4.2	4.24
3/24/2003	4.2	3.8	4	4.09
3/25/2003	4	3.8	3.8	3.94
3/26/2003	3.8	3.8	3.8	3.8
3/27/2003	17	5.4	3.8	3.76
3/28/2003	13	5.4	5.4	3.72
3/29/2003	5.4	5.4	4.6	3.69
3/30/2003	4.6	4.3	4.4	3.65
3/31/2003	4.4	4.3	4.3	3.61
4/1/2003	4.3	4.3	4.1	3.58
4/2/2003	4.1	3.8	4	3.54
4/3/2003	4	3.8	3.8	3.5
4/4/2003	3.8	3.8	3.7	3.47
4/5/2003	3.7	3.4	3.4	3.43
4/6/2003	3.4	3.4	3.4	3.4
4/7/2003	3.4	3.4	3.3	3.35
4/8/2003	3.3	3.3	3.3	3.3
4/9/2003	3.3	3.3	3.3	3.3
4/10/2003	3.3	3.3	3.2	3.25
4/11/2003	3.2	3.2	3.2	3.2
4/12/2003	3.2	3.2	3.2	3.2
4/13/2003	3.2	3.2	3.2	3.2
4/14/2003	3.2	3.2	3.2	3.2
4/15/2003	3.4	3.2	3.2	3.4
4/16/2003	10	3.2	3.4	4.2
4/17/2003	7.5	5.5	5.5	4.8
4/18/2003	5.5	5.5	5.5	5.5
4/19/2003	7.6	5.5	5.5	5.29
4/20/2003	7.6	5	5.8	5.09
4/21/2003	5.8	5	5	4.9
4/22/2003	5	5	4.7	4.71
4/23/2003	4.7	4.3	4.5	4.54
4/24/2003	4.5	4.3	4.3	4.36
4/25/2003	4.3	4.3	4.2	4.2
4/26/2003	4.2	3.7	4	4.04
4/27/2003	4	3.7	3.7	3.89
4/28/2003	3.7	3.7	3.6	3.7
4/29/2003	3.6	3.6	3.6	3.6
4/30/2003	3.7	3.6	3.6	3.5
5/1/2003	3.6	3.6	3.3	3.39
5/2/2003	3.3	3.2	3.2	3.3
5/3/2003	3.2	3.2	3.2	3.2
5/4/2003	3.8	3.2	3.2	3.59
5/5/2003	7.3	4.5	3.8	4.02
5/6/2003	4.5	4.5	4.5	4.5
5/7/2003	4.5	4.5	4.2	4.35
5/8/2003	4.2	4.2	4.2	4.2
5/9/2003	6.6	4.2	4.2	4.58
5/10/2003	5	4.2	5	5
5/11/2003	12	5.7	5	5.22
5/12/2003	7.1	5.7	5.7	5.46
5/13/2003	5.7	5.7	5.7	5.7
5/14/2003	12	6.2	5.7	5.64
5/15/2003	7.9	6.2	6.2	5.58
5/16/2003	6.2	6.2	5.7	5.52
5/17/2003	5.7	5.4	5.4	5.46
5/18/2003	5.4	5.4	5.4	5.4
5/19/2003	5.4	5.4	5.2	5.22
5/20/2003	5.2	4.7	4.8	5.04
5/21/2003	4.8	4.7	4.7	4.8
5/22/2003	4.7	4.7	4.7	4.7
5/23/2003	4.7	4.6	4.6	4.65
5/24/2003	4.6	4.6	4.6	4.6
5/25/2003	4.7	4.6	4.6	4.6
5/26/2003	4.9	4.6	4.6	4.6
5/27/2003	4.6	4.6	4.6	4.6
5/28/2003	4.6	4.6	4.4	4.5
5/29/2003	4.4	4.2	4.4	4.4
5/30/2003	4.7	4.2	4.2	4.06
5/31/2003	4.2	4.2	3.9	3.74
6/1/2003	3.9	3.5	3.7	3.45
6/2/2003	3.7	3.5	3.5	3.19
6/3/2003	3.5	3.5	2.9	2.94
6/4/2003	2.9	2.5	2.5	2.71
6/5/2003	2.5	2.5	2.5	2.5
6/6/2003	3.4	2.5	2.5	2.92
6/7/2003	3.4	3.4	3.4	3.4
6/8/2003	6.2	3.4	3.4	3.95
6/9/2003	4.6	3.4	4.6	4.6
6/10/2003	6.3	4.6	4.6	4.48
6/11/2003	4.8	4.6	4.6	4.36
6/12/2003	4.6	4.6	4.5	4.24
6/13/2003	4.5	3.9	4	4.12
6/14/2003	4	3.9	3.9	4
6/15/2003	3.9	3.9	3.8	3.9
6/16/2003	3.8	3.7	3.8	3.8
6/17/2003	3.8	3.7	3.7	3.69
6/18/2003	3.7	3.7	3.5	3.59
6/19/2003	3.5	3.3	3.4	3.49
6/20/2003	3.4	3.3	3.3	3.39
6/21/2003	3.3	3.3	3.3	3.3
6/22/2003	3.3	3.3	3.3	3.3
6/23/2003	3.4	3.3	3.3	3.38
6/24/2003	4.2	3.3	3.4	3.45
6/25/2003	4	3.7	3.8	3.53
6/26/2003	3.8	3.7	3.7	3.62
6/27/2003	3.7	3.7	3.7	3.7
6/28/2003	3.7	3.3	3.6	3.56
6/29/2003	3.6	3.3	3.3	3.43
6/30/2003	3.3	3.3	3.3	3.3
7/1/2003	3.3	3.2	3.2	3.25
7/2/2003	3.2	3.2	3.2	3.2
7/3/2003	4.8	3.2	3.2	3.33
7/4/2003	4.3	3.6	3.6	3.46
7/5/2003	3.6	3.6	3.6	3.6
7/6/2003	3.6	3.6	3.6	3.6
7/7/2003	4	3.4	3.5	3.53
7/8/2003	3.5	3.4	3.4	3.47
7/9/2003	3.4	3.4	3.4	3.4
7/10/2003	3.6	3.3	3.4	3.32
7/11/2003	3.5	3.3	3.3	3.25
7/12/2003	3.3	3.3	3.1	3.17
7/13/2003	3.1	3	3.1	3.1
7/14/2003	3.1	3	3	3.05
7/15/2003	3	3	3	3
7/16/2003	3	2.9	3	3
7/17/2003	3	2.9	2.9	2.95
7/18/2003	2.9	2.9	2.9	2.9
7/19/2003	2.9	2.8	2.9	2.9
7/20/2003	2.9	2.8	2.8	2.85
7/21/2003	2.8	2.8	2.8	2.8
7/22/2003	2.8	2.5	2.6	2.7
7/23/2003	2.6	2.5	2.5	2.6
7/24/2003	2.5	2.5	2.5	2.5
7/25/2003	2.6	2.6	2.5	2.47
7/26/2003	2.7	2.6	2.6	2.45
7/27/2003	2.6	2.6	2.4	2.42
7/28/2003	2.4	2.4	2.4	2.4
7/29/2003	2.4	2.4	2.4	2.4
7/30/2003	2.5	2.4	2.4	2.49
7/31/2003	2.8	2.8	2.5	2.59
8/1/2003	2.9	2.8	2.8	2.69
8/2/2003	2.8	2.8	2.8	2.8
8/3/2003	3	2.9	2.8	2.83
8/4/2003	3	2.9	2.9	2.87
8/5/2003	2.9	2.9	2.9	2.9
8/6/2003	3.1	2.7	2.9	2.83
8/7/2003	3	2.7	2.7	2.77
8/8/2003	2.7	2.7	2.7	2.7
8/9/2003	2.7	2.5	2.6	2.62
8/10/2003	2.6	2.5	2.5	2.55
8/11/2003	2.5	2.5	2.4	2.47
8/12/2003	2.4	2.4	2.4	2.4
8/13/2003	2.4	2.4	2.4	2.4
8/14/2003	2.4	2.4	2.4	2.4
8/15/2003	2.4	2.4	2.4	2.4
8/16/2003	2.4	2.4	2.4	2.4
8/17/2003	2.4	2.4	2.4	2.4
8/18/2003	2.4	2.4	2.4	2.4
8/19/2003	2.6	2.4	2.4	2.4
8/20/2003	2.7	2.4	2.4	2.4
8/21/2003	2.4	2.4	2.4	2.4
8/22/2003	2.7	2.4	2.4	2.45
8/23/2003	2.5	2.4	2.5	2.5
8/24/2003	2.5	2.5	2.5	2.5
8/25/2003	3	2.5	2.5	2.5
8/26/2003	3	2.5	2.7	2.5
8/27/2003	2.7	2.5	2.6	2.5
8/28/2003	2.6	2.5	2.5	2.5
8/29/2003	2.5	2.5	2.5	2.5
8/30/2003	2.5	2.5	2.5	2.5
8/31/2003	2.5	2.5	2.5	2.5
9/1/2003	2.5	2.5	2.4	2.45
9/2/2003	2.4	2.4	2.4	2.4
9/3/2003	2.4	2.4	2.4	2.4
9/4/2003	2.4	2.4	2.4	2.4
9/5/2003	2.4	2.2	2.4	2.4
9/6/2003	2.4	2.2	2.2	2.3
9/7/2003	2.2	2.2	2.1	2.2
9/8/2003	2.1	2.1	2.1	2.1
9/9/2003	2.1	2.1	2.1	2.1
9/10/2003	2.2	2.1	2.1	2.15
9/11/2003	2.3	2.3	2.2	2.2
9/12/2003	3.4	2.3	2.3	2.24
9/13/2003	3	2.3	2.7	2.3
9/14/2003	2.7	2.4	2.4	2.35
9/15/2003	2.4	2.4	2.4	2.4
9/16/2003	2.5	2.4	2.3	2.35
9/17/2003	2.3	2.3	2.3	2.3
9/18/2003	3.2	2.3	2.3	2.32
9/19/2003	4.9	2.3	2.6	2.35
9/20/2003	2.6	2.4	2.4	2.37
9/21/2003	2.4	2.4	2.4	2.4
9/22/2003	2.5	2.4	2.3	2.29
9/23/2003	2.3	2	2.1	2.19
9/24/2003	2.1	2	2	2.09
9/25/2003	2	2	2	2
9/26/2003	2.2	2.1	2	2.03
9/27/2003	2.3	2.1	2.1	2.07
9/28/2003	2.1	2.1	2.1	2.1
9/29/2003	2.1	2.1	2.1	2.1
9/30/2003	2.2	2.1	2.1	2.11
10/1/2003	2.21	2.1	2.13	2.12
10/2/2003	2.13	2.13	2.13	2.13
10/3/2003	2.46	2.13	2.13	2.14
10/4/2003	2.23	2.13	2.2	2.14
10/5/2003	2.2	2.15	2.15	2.14
10/6/2003	2.15	2.15	2.15	2.15
10/7/2003	2.19	2.15	2.15	2.15
10/8/2003	2.16	2.16	2.16	2.16
10/9/2003	2.25	2.16	2.16	2.19
10/10/2003	2.21	2.16	2.21	2.21
10/11/2003	2.87	2.32	2.21	2.25
10/12/2003	2.78	2.32	2.32	2.29
10/13/2003	2.32	2.32	2.32	2.32
10/14/2003	2.5	2.34	2.32	2.33
10/15/2003	2.45	2.34	2.34	2.33
10/16/2003	2.34	2.34	2.34	2.34
10/17/2003	2.4	2.39	2.34	2.31
10/18/2003	2.55	2.39	2.39	2.29
10/19/2003	2.39	2.39	2.28	2.27
10/20/2003	2.28	2.21	2.26	2.25
10/21/2003	2.26	2.21	2.21	2.23
10/22/2003	2.21	2.21	2.21	2.21
10/23/2003	2.3	2.3	2.21	2.25
10/24/2003	2.34	2.3	2.3	2.29
10/25/2003	2.39	2.3	2.34	2.33
10/26/2003	2.47	2.41	2.39	2.37
10/27/2003	2.41	2.41	2.41	2.41
10/28/2003	2.9	2.41	2.41	2.59
10/29/2003	2.78	2.54	2.78	2.78
10/30/2003	2.79	2.54	2.54	2.63
10/31/2003	2.54	2.54	2.37	2.5
11/1/2003	2.37	2.37	2.37	2.37
11/2/2003	2.47	2.37	2.37	2.36
11/3/2003	2.81	2.37	2.47	2.36
11/4/2003	4.11	2.63	2.81	2.35
11/5/2003	2.95	2.63	2.63	2.34
11/6/2003	2.63	2.63	2.56	2.34
11/7/2003	2.56	2.33	2.33	2.33
11/8/2003	2.33	2.33	2.33	2.33
11/9/2003	2.47	2.33	2.33	2.47
11/10/2003	2.81	2.79	2.47	2.62
11/11/2003	2.79	2.79	2.79	2.79
11/12/2003	2.81	2.79	2.5	2.64
11/13/2003	2.5	2.5	2.5	2.5
11/14/2003	2.54	2.5	2.5	2.54
11/15/2003	2.82	2.5	2.54	2.59
11/16/2003	2.63	2.63	2.63	2.63
11/17/2003	2.71	2.63	2.63	2.58
11/18/2003	3.57	2.63	2.71	2.53
11/19/2003	2.85	2.34	2.75	2.48
11/20/2003	2.75	2.34	2.34	2.43
11/21/2003	2.34	2.34	2.34	2.34
11/22/2003	2.34	2.34	2.34	2.34
11/23/2003	3.12	2.34	2.34	2.43
11/24/2003	2.53	2.34	2.53	2.53
11/25/2003	2.71	2.41	2.53	2.45
11/26/2003	2.57	2.41	2.41	2.37
11/27/2003	2.41	2.41	2.22	2.3
11/28/2003	2.22	2.22	2.22	2.22
11/29/2003	2.28	2.22	2.22	2.16
11/30/2003	2.36	2.22	2.1	2.1
12/1/2003	2.1	1.97	1.97	2.03
12/2/2003	1.97	1.97	1.97	1.97
12/3/2003	2.14	1.97	1.97	2.05
12/4/2003	2.13	2.13	2.13	2.13
12/5/2003	2.28	2.13	2.13	2.19
12/6/2003	2.25	2.13	2.25	2.25
12/7/2003	2.3	2.3	2.25	2.2
12/8/2003	2.62	2.3	2.3	2.15
12/9/2003	2.93	2.3	2.62	2.1
12/10/2003	2.66	1.95	2.08	2.05
12/11/2003	2.08	1.95	1.95	2
12/12/2003	1.95	1.95	1.95	1.95
12/13/2003	2.12	2.12	1.95	1.99
12/14/2003	2.37	2.12	2.12	2.02
12/15/2003	2.51	2.12	2.37	2.05
12/16/2003	2.44	2.12	2.12	2.09
12/17/2003	2.12	2.12	2.12	2.12
12/18/2003	2.21	2.12	1.97	2.04
12/19/2003	1.97	1.97	1.97	1.97
12/20/2003	2.19	1.97	1.97	1.94
12/21/2003	2.28	1.97	2.11	1.91
12/22/2003	2.11	1.82	1.96	1.88
12/23/2003	1.96	1.82	1.82	1.85
12/24/2003	1.82	1.82	1.82	1.82
12/25/2003	1.86	1.86	1.82	1.86
12/26/2003	2	1.86	1.86	1.93
12/27/2003	2.75	1.86	2	1.99
12/28/2003	3.56	2.54	2.75	2.05
12/29/2003	2.78	2.54	2.54	2.11
12/30/2003	2.54	2.54	2.24	2.17
12/31/2003	2.24	2.24	2.24	2.24
1/1/2004	2.46	2.24	2.24	2.09
1/2/2004	2.6	2.24	2.1	1.96
1/3/2004	2.1	1.6	2	1.83
1/4/2004	2	1.6	1.6	1.71
1/5/2004	1.6	1.6	1.6	1.6
1/6/2004	1.63	1.63	1.6	1.63
1/7/2004	1.91	1.63	1.63	1.73
1/8/2004	2	1.63	1.91	1.8
1/9/2004	2.02	2.02	2	1.88
1/10/2004	2.2	2.02	2.02	1.95
1/11/2004	2.32	2.02	2.2	2.03
1/12/2004	2.22	2.2	2.2	2.12
1/13/2004	2.2	2.2	2.2	2.2
1/14/2004	2.33	2.2	2.13	2.17
1/15/2004	2.13	2.13	2.13	2.13
1/16/2004	2.2	2.13	2.13	2.01
1/17/2004	2.33	2.13	1.8	1.9
1/18/2004	1.8	1.8	1.8	1.8
1/19/2004	1.92	1.8	1.8	1.78
1/20/2004	2.03	1.8	1.92	1.76
1/21/2004	2.13	1.72	1.72	1.74
1/22/2004	1.72	1.72	1.72	1.72
1/23/2004	2.07	1.72	1.72	1.75
1/24/2004	2.17	2.17	2.07	1.77
1/25/2004	2.27	2.17	2.17	1.8
1/26/2004	2.29	2.17	2.25	1.83
1/27/2004	2.25	1.99	2.03	1.86
1/28/2004	2.03	1.99	1.99	1.89
1/29/2004	1.99	1.99	1.95	1.92
1/30/2004	1.95	1.95	1.95	1.95
1/31/2004	1.96	1.95	1.95	1.93
2/1/2004	2.1	1.95	1.96	1.91
2/2/2004	2.22	1.86	1.91	1.89
2/3/2004	1.91	1.86	1.86	1.87
2/4/2004	1.86	1.86	1.86	1.86
2/5/2004	2.11	2.1	1.86	1.89
2/6/2004	2.23	2.1	2.1	1.93
2/7/2004	2.1	2.1	2	1.97
2/8/2004	2	2	2	2
2/9/2004	2.1	2	2	2.05
2/10/2004	2.09	2	2.09	2.09
2/11/2004	2.15	2.09	2.09	2.05
2/12/2004	2.09	2.09	2.09	2.01
2/13/2004	2.09	2.09	2.02	1.97
2/14/2004	2.02	1.9	1.9	1.94
2/15/2004	1.9	1.9	1.9	1.9
2/16/2004	1.96	1.9	1.9	1.94
2/17/2004	1.98	1.98	1.96	1.98
2/18/2004	2.08	1.98	1.98	2.03
2/19/2004	2.3	1.98	2.08	2.07
2/20/2004	2.47	2.26	2.29	2.12
2/21/2004	2.29	2.26	2.26	2.16
2/22/2004	2.26	2.26	2.26	2.21
2/23/2004	2.26	2.26	2.26	2.26
2/24/2004	2.3	2.26	2.26	2.3
2/25/2004	2.4	2.26	2.3	2.4
2/26/2004	2.57	2.57	2.4	2.57
2/27/2004	2.8	2.57	2.57	2.8
2/28/2004	4.19	2.57	2.8	3.5
2/29/2004	5.7	5.7	4.19	3.81
3/1/2004	34.02	5.7	5.7	4.16
3/2/2004	20.12	5.7	5.66	4.54
3/3/2004	5.66	5.4	5.4	4.95
3/4/2004	5.4	5.4	5.4	5.4
3/5/2004	9.08	5.4	5.4	6.09
3/6/2004	6.87	3.08	6.87	6.87
3/7/2004	7.88	3.08	3.08	4.6
3/8/2004	3.08	3.08	3.08	3.08
3/9/2004	4.57	4.57	3.08	2.99
3/10/2004	14.33	4.57	4.57	2.9
3/11/2004	7.51	4.57	2.74	2.82
3/12/2004	2.74	2.74	2.74	2.74
3/13/2004	3.16	2.74	2.74	2.45
3/14/2004	3.17	2.74	1.98	2.2
3/15/2004	1.98	1.98	1.98	1.98
3/16/2004	3.15	1.98	1.98	2.71
3/17/2004	5.64	1.98	3.15	3.7
3/18/2004	8.75	6.94	5.64	5.07
3/19/2004	6.94	6.94	6.94	6.94
3/20/2004	21.55	6.94	3.87	5.3
3/21/2004	3.87	3.09	3.09	3.87
3/22/2004	3.09	3.09	3.09	3.09
3/23/2004	6.69	3.09	3.09	4.05
3/24/2004	9.79	6.98	6.69	5.32
3/25/2004	6.98	6.98	6.98	6.98
3/26/2004	7.05	6.98	5.03	5.92
3/27/2004	5.03	4.38	5.03	5.03
3/28/2004	5.18	4.38	4.38	4.74
3/29/2004	4.38	4.38	4	4.38
3/30/2004	4	3.47	3.68	4
3/31/2004	3.68	3.47	3.47	3.68
4/1/2004	3.47	3.47	3.36	3.47
4/2/2004	3.36	3.16	3.21	3.36
4/3/2004	3.21	3.16	3.16	3.21
4/4/2004	3.16	3.16	3.16	3.16
4/5/2004	3.29	3.24	3.16	3.08
4/6/2004	3.31	3.24	3.24	3.01
4/7/2004	3.24	3.24	3.03	2.94
4/8/2004	3.03	2.81	2.81	2.88
4/9/2004	2.81	2.81	2.81	2.81
4/10/2004	2.83	2.81	2.77	2.76
4/11/2004	2.77	2.71	2.71	2.71
4/12/2004	2.71	2.71	2.71	2.66
4/13/2004	2.71	2.71	2.69	2.61
4/14/2004	2.69	2.49	2.5	2.56
4/15/2004	2.5	2.49	2.49	2.5
4/16/2004	2.49	2.49	2.42	2.47
4/17/2004	2.42	2.42	2.42	2.42
4/18/2004	2.58	2.42	2.42	2.58
4/19/2004	3.55	2.42	2.58	2.87
4/20/2004	3.12	2.84	3.12	3.12
4/21/2004	3.56	2.84	2.84	2.92
4/22/2004	2.84	2.84	2.6	2.73
4/23/2004	2.6	2.39	2.39	2.56
4/24/2004	2.39	2.39	2.39	2.39
4/25/2004	3.43	2.39	2.39	2.4
4/26/2004	2.81	2.4	2.4	2.4
4/27/2004	2.4	2.4	2.4	2.4
4/28/2004	2.48	2.4	2.04	2.27
4/29/2004	2.04	1.87	1.97	2.04
4/30/2004	1.97	1.87	1.87	1.97
5/1/2004	1.87	1.87	1.71	1.87
5/2/2004	1.71	1.71	1.71	1.71
5/3/2004	1.71	1.71	1.71	1.71
5/4/2004	1.86	1.71	1.71	1.74
5/5/2004	1.77	1.54	1.77	1.77
5/6/2004	1.82	1.54	1.54	1.65
5/7/2004	1.54	1.54	1.54	1.54
5/8/2004	2.35	2.12	1.54	1.8
5/9/2004	2.12	2.12	2.12	2.12
5/10/2004	6.19	2.12	2.12	2.32
5/11/2004	2.53	2.53	2.53	2.53
5/12/2004	2.56	2.53	2.53	2.52
5/13/2004	12.84	2.53	2.56	2.51
5/14/2004	5.12	3.36	3.83	2.5
5/15/2004	3.83	3.36	3.36	2.49
5/16/2004	3.36	3.36	2.98	2.48
5/17/2004	2.98	2.46	2.57	2.47
5/18/2004	2.57	2.46	2.46	2.47
5/19/2004	2.46	2.46	2.46	2.46
5/20/2004	24.94	6.55	2.46	4.01
5/21/2004	6.55	6.55	6.55	6.55
5/22/2004	9.82	6.55	6.55	6.01
5/23/2004	8.69	4.97	6.04	5.52
5/24/2004	6.04	4.97	4.97	5.07
5/25/2004	4.97	4.97	4.28	4.66
5/26/2004	4.28	3.74	4.28	4.28
5/27/2004	5.1	3.74	3.74	4
5/28/2004	3.74	3.74	3.74	3.74
5/29/2004	8.85	8.85	3.74	3.71
5/30/2004	24.19	8.85	8.85	3.67
5/31/2004	10.58	8.85	6.61	3.63
6/1/2004	6.61	4.59	5.61	3.6
6/2/2004	5.61	4.59	4.59	3.56
6/3/2004	4.59	4.59	4.16	3.53
6/4/2004	4.16	3.83	4.12	3.49
6/5/2004	4.12	3.83	3.83	3.46
6/6/2004	3.83	3.83	3.39	3.42
6/7/2004	3.39	3.39	3.39	3.39
6/8/2004	4.44	3.39	3.39	3.76
6/9/2004	81.36	3.39	4.44	4.16
6/10/2004	17.26	13.95	16.16	4.62
6/11/2004	16.16	13.95	13.95	5.12
6/12/2004	13.95	13.95	10.65	5.67
6/13/2004	10.65	7.73	8.72	6.29
6/14/2004	8.72	7.73	7.73	6.97
6/15/2004	7.73	7.73	7.73	7.73
6/16/2004	13.96	7.41	7.73	7.43
6/17/2004	10.36	7.41	7.41	7.15
6/18/2004	7.41	7.41	6.76	6.88
6/19/2004	6.76	6.4	6.5	6.62
6/20/2004	6.5	6.4	6.4	6.37
6/21/2004	6.4	6.4	5.89	6.12
6/22/2004	5.89	5.77	5.89	5.89
6/23/2004	6	5.77	5.77	5.71
6/24/2004	5.77	5.77	5.37	5.54
6/25/2004	5.37	5.21	5.21	5.37
6/26/2004	5.21	5.21	5.21	5.21
6/27/2004	5.31	5.21	5.21	5.1
6/28/2004	5.21	4.82	4.99	4.98
6/29/2004	4.99	4.82	4.82	4.87
6/30/2004	4.82	4.82	4.81	4.77
7/1/2004	4.81	4.56	4.56	4.66
7/2/2004	4.56	4.56	4.56	4.56
7/3/2004	4.88	4.56	4.56	4.55
7/4/2004	5.04	4.55	4.55	4.55
7/5/2004	4.55	4.55	4.55	4.55
7/6/2004	7.08	4.55	4.55	4.55
7/7/2004	5.56	4.59	4.83	4.56
7/8/2004	4.83	4.59	4.59	4.57
7/9/2004	4.59	4.59	4.59	4.58
7/10/2004	4.59	4.58	4.59	4.59
7/11/2004	4.83	4.58	4.58	4.49
7/12/2004	4.58	4.58	4.47	4.4
7/13/2004	4.47	4.13	4.19	4.31
7/14/2004	4.19	4.13	4.13	4.19
7/15/2004	4.13	4.13	4.09	4.13
7/16/2004	4.09	3.89	3.97	4.05
7/17/2004	3.97	3.89	3.89	3.97
7/18/2004	3.89	3.89	3.89	3.89
7/19/2004	3.92	3.92	3.89	3.83
7/20/2004	4	3.92	3.92	3.77
7/21/2004	4.15	3.92	3.9	3.72
7/22/2004	3.9	3.56	3.66	3.67
7/23/2004	3.66	3.56	3.56	3.61
7/24/2004	3.56	3.56	3.56	3.56
7/25/2004	3.59	3.59	3.56	3.58
7/26/2004	3.61	3.59	3.59	3.6
7/27/2004	3.61	3.59	3.61	3.61
7/28/2004	3.62	3.62	3.61	3.62
7/29/2004	3.93	3.62	3.62	3.65
7/30/2004	3.75	3.62	3.69	3.67
7/31/2004	3.69	3.69	3.69	3.69
8/1/2004	3.69	3.69	3.69	3.69
8/2/2004	4.36	3.69	3.69	3.66
8/3/2004	3.86	3.59	3.78	3.64
8/4/2004	3.78	3.59	3.59	3.62
8/5/2004	3.59	3.59	3.57	3.59
8/6/2004	3.57	3.57	3.57	3.57
8/7/2004	3.6	3.57	3.57	3.58
8/8/2004	3.74	3.57	3.6	3.59
8/9/2004	3.8	3.61	3.65	3.59
8/10/2004	3.65	3.61	3.61	3.6
8/11/2004	3.61	3.61	3.61	3.61
8/12/2004	3.62	3.47	3.47	3.54
8/13/2004	3.47	3.47	3.47	3.47
8/14/2004	3.52	3.47	3.47	3.46
8/15/2004	3.54	3.54	3.52	3.44
8/16/2004	4.45	3.54	3.54	3.42
8/17/2004	3.9	3.54	3.76	3.4
8/18/2004	3.76	3.43	3.47	3.38
8/19/2004	3.47	3.43	3.43	3.36
8/20/2004	3.43	3.43	3.32	3.34
8/21/2004	3.32	3.32	3.32	3.32
8/22/2004	3.59	3.32	3.32	3.25
8/23/2004	3.46	3.32	3.37	3.18
8/24/2004	3.37	3.27	3.31	3.11
8/25/2004	3.31	3.27	3.27	3.05
8/26/2004	3.27	3.27	3.03	2.98
8/27/2004	3.03	2.85	2.85	2.92
8/28/2004	2.85	2.85	2.85	2.85
8/29/2004	3.24	2.85	2.85	2.98
8/30/2004	3.72	3.24	3.24	3.1
8/31/2004	3.24	3.24	3.24	3.24
9/1/2004	3.38	3.24	3.24	3.2
9/2/2004	3.36	3.08	3.16	3.16
9/3/2004	3.16	3.08	3.08	3.12
9/4/2004	3.08	3.08	3.08	3.08
9/5/2004	3.34	3.34	3.08	3.19
9/6/2004	4.8	3.34	3.34	3.3
9/7/2004	3.42	3.34	3.42	3.42
9/8/2004	3.46	3.46	3.42	3.4
9/9/2004	3.5	3.46	3.46	3.38
9/10/2004	3.49	3.46	3.45	3.36
9/11/2004	3.45	3.3	3.33	3.34
9/12/2004	3.33	3.3	3.3	3.32
9/13/2004	3.3	3.3	3.3	3.3
9/14/2004	4.16	4.16	3.3	3.24
9/15/2004	19.11	4.16	4.16	3.18
9/16/2004	4.28	4.16	3.67	3.12
9/17/2004	3.67	3.39	3.5	3.06
9/18/2004	3.5	3.39	3.39	3
9/19/2004	3.39	3.39	2.99	2.95
9/20/2004	2.99	2.84	2.84	2.89
9/21/2004	2.84	2.84	2.84	2.84
9/22/2004	2.86	2.84	2.84	2.86
9/23/2004	2.97	2.94	2.86	2.9
9/24/2004	2.94	2.94	2.94	2.94
9/25/2004	3.05	2.94	2.83	2.86
9/26/2004	2.83	2.63	2.82	2.78
9/27/2004	2.82	2.63	2.63	2.71
9/28/2004	2.63	2.63	2.63	2.63
9/29/2004	2.73	2.73	2.63	2.7
9/30/2004	2.88	2.73	2.73	2.77
10/1/2004	4.31	2.73	2.88	2.84
10/2/2004	3.68	3.07	3.56	2.91
10/3/2004	3.56	3.07	3.07	2.99
10/4/2004	3.07	3.07	3.07	3.07
10/5/2004	3.19	3.19	3.07	3.13
10/6/2004	3.29	3.19	3.19	3.19
10/7/2004	3.25	3.19	3.25	3.25
10/8/2004	3.48	2.83	3.06	3.14
10/9/2004	3.06	2.83	2.83	3.03
10/10/2004	2.83	2.83	2.82	2.83
10/11/2004	2.82	2.82	2.82	2.82
10/12/2004	2.91	2.82	2.82	2.85
10/13/2004	3.09	2.82	2.91	2.88
10/14/2004	3.45	3.23	3.09	2.91
10/15/2004	3.3	3.23	3.23	2.94
10/16/2004	3.23	3.23	2.99	2.96
10/17/2004	2.99	2.94	2.99	2.99
10/18/2004	3.06	2.94	2.94	2.97
10/19/2004	2.94	2.94	2.94	2.94
10/20/2004	2.96	2.83	2.83	2.89
10/21/2004	2.83	2.83	2.83	2.83
10/22/2004	3.24	2.83	2.83	2.79
10/23/2004	3.38	2.68	2.88	2.75
10/24/2004	2.88	2.68	2.68	2.71
10/25/2004	2.68	2.68	2.68	2.68
10/26/2004	2.87	2.87	2.68	2.81
10/27/2004	3.47	2.87	2.87	2.94
10/28/2004	3.81	2.87	3.47	3.09
10/29/2004	5.67	3.89	3.81	3.24
10/30/2004	6.35	3.89	3.89	3.39
10/31/2004	3.89	3.89	3.73	3.56
11/1/2004	3.73	3.56	3.73	3.73
11/2/2004	3.81	3.56	3.56	3.65
11/3/2004	3.56	3.56	3.56	3.56
11/4/2004	3.57	3.5	3.5	3.53
11/5/2004	3.5	3.5	3.5	3.5
11/6/2004	3.59	3.5	3.1	3.32
11/7/2004	3.1	3	3	3.1
11/8/2004	3	3	3	3
11/9/2004	3.33	3	3	2.93
11/10/2004	3.44	2.74	2.78	2.87
11/11/2004	2.78	2.74	2.74	2.78
11/12/2004	2.74	2.74	2.74	2.74
11/13/2004	2.76	2.76	2.74	2.76
11/14/2004	2.87	2.76	2.76	2.87
11/15/2004	3.34	2.76	2.87	3.05
11/16/2004	3.52	3.38	3.34	3.15
11/17/2004	3.45	3.38	3.38	3.27
11/18/2004	3.38	3.38	3.38	3.38
11/19/2004	4.42	3.57	3.38	3.45
11/20/2004	4.57	3.57	3.57	3.51
11/21/2004	3.57	3.57	3.57	3.57
11/22/2004	3.63	3.27	3.47	3.48
11/23/2004	3.47	3.27	3.27	3.39
11/24/2004	3.27	3.27	3.21	3.27
11/25/2004	3.21	3.21	3.21	3.21
11/26/2004	3.59	3.21	3.21	3.23
11/27/2004	4.5	3.21	3.59	3.25
11/28/2004	3.8	3.3	3.47	3.27
11/29/2004	3.47	3.3	3.3	3.28
11/30/2004	3.3	3.3	3.3	3.3
12/1/2004	3.34	3.31	3.3	3.3
12/2/2004	3.31	3.31	3.31	3.3
12/3/2004	3.31	3.31	3.31	3.31
12/4/2004	3.59	3.35	3.31	3.33
12/5/2004	3.35	3.35	3.35	3.35
12/6/2004	3.55	3.35	3.35	3.43
12/7/2004	3.65	3.59	3.55	3.51
12/8/2004	3.59	3.59	3.59	3.59
12/9/2004	3.83	3.59	3.59	3.52
12/10/2004	4.48	3.85	3.83	3.45
12/11/2004	3.93	3.85	3.85	3.38
12/12/2004	3.85	3.85	3.35	3.31
12/13/2004	3.35	3.17	3.17	3.24
12/14/2004	3.17	3.17	3.17	3.17
12/15/2004	3.58	3.17	3.17	3.2
12/16/2004	3.56	3.26	3.26	3.23
12/17/2004	3.26	3.26	3.26	3.26
12/18/2004	3.3	3.26	2.66	2.95
12/19/2004	2.66	2.66	2.66	2.66
12/20/2004	3.33	2.66	2.66	2.65
12/21/2004	3.14	2.66	2.66	2.63
12/22/2004	2.66	2.59	2.59	2.61
12/23/2004	2.59	2.59	2.59	2.59
12/24/2004	2.7	2.59	2.59	2.7
12/25/2004	3.48	3.01	2.7	2.86
12/26/2004	3.01	3.01	3.01	3.01
12/27/2004	3.34	3.01	3.01	3.13
12/28/2004	3.52	3.4	3.34	3.27
12/29/2004	3.4	3.4	3.4	3.4
12/30/2004	4.7	3.4	3.4	3.25
12/31/2004	3.68	2.97	2.97	3.11
1/1/2005	2.97	2.97	2.97	2.97
1/2/2005	3.28	2.97	2.91	2.9
1/3/2005	2.91	2.7	2.89	2.83
1/4/2005	2.89	2.7	2.7	2.76
1/5/2005	2.7	2.7	2.7	2.7
1/6/2005	3.01	2.83	2.7	2.76
1/7/2005	2.83	2.83	2.83	2.83
1/8/2005	3.09	2.83	2.83	2.86
1/9/2005	3.29	2.93	2.93	2.89
1/10/2005	2.93	2.93	2.93	2.93
1/11/2005	3.1	2.93	2.93	2.76
1/12/2005	3.47	2.41	2.55	2.61
1/13/2005	2.55	2.41	2.41	2.47
1/14/2005	2.41	2.41	2.2	2.33
1/15/2005	2.2	2.19	2.2	2.2
1/16/2005	2.23	2.19	2.19	2.19
1/17/2005	2.19	2.19	2.19	2.19
1/18/2005	2.77	2.77	2.19	2.42
1/19/2005	3.05	2.77	2.77	2.67
1/20/2005	2.95	2.77	2.95	2.95
1/21/2005	2.98	2.5	2.95	2.79
1/22/2005	2.98	2.5	2.5	2.64
1/23/2005	2.5	2.5	2.5	2.5
1/24/2005	3.09	2.64	2.5	2.43
1/25/2005	3.12	2.64	2.64	2.36
1/26/2005	2.64	2.64	2.22	2.29
1/27/2005	2.22	2.22	2.22	2.22
1/28/2005	2.7	2.22	2.22	2.36
1/29/2005	3.17	2.22	2.7	2.51
1/30/2005	3.08	3.03	3.06	2.68
1/31/2005	3.06	3.03	3.03	2.85
2/1/2005	3.03	3.03	3.03	3.03
2/2/2005	3.24	3.24	3.03	3.05
2/3/2005	3.32	3.24	3.24	3.07
2/4/2005	4.31	3.24	3.32	3.09
2/5/2005	21.56	5.07	4.31	3.11
2/6/2005	49.27	5.07	5.07	3.13
2/7/2005	5.07	5.07	3.46	3.15
2/8/2005	3.46	3.21	3.35	3.17
2/9/2005	3.35	3.21	3.21	3.19
2/10/2005	3.21	3.21	3.21	3.21
2/11/2005	3.6	3.6	3.21	3.09
2/12/2005	6.59	3.6	3.6	2.98
2/13/2005	7.23	3.6	6.43	2.87
2/14/2005	6.43	2.7	3.95	2.76
2/15/2005	3.95	2.7	2.7	2.66
2/16/2005	2.7	2.7	2.47	2.56
2/17/2005	2.47	2.47	2.47	2.47
2/18/2005	2.49	2.47	2.47	2.43
2/19/2005	2.53	2.47	2.49	2.4
2/20/2005	3.02	2.31	2.53	2.37
2/21/2005	2.57	2.31	2.31	2.34
2/22/2005	2.31	2.31	2.31	2.31
2/23/2005	2.37	2.37	2.31	2.35
2/24/2005	2.54	2.37	2.37	2.38
2/25/2005	2.83	2.37	2.46	2.42
2/26/2005	2.46	2.46	2.46	2.46
2/27/2005	2.75	2.46	2.46	2.39
2/28/2005	2.64	2.46	2.32	2.32
3/1/2005	2.32	2.19	2.19	2.25
3/2/2005	2.19	2.19	2.19	2.19
3/3/2005	2.31	2.19	2.19	2.29
3/4/2005	3.49	3.49	2.31	2.4
3/5/2005	5.81	3.49	3.49	2.52
3/6/2005	36.87	3.49	5.81	2.64
3/7/2005	9.65	3.04	3.56	2.77
3/8/2005	3.56	3.04	3.04	2.9
3/9/2005	3.04	3.04	3.04	3.04
3/10/2005	3.88	2.79	3.04	2.95
3/11/2005	3.46	2.79	2.79	2.86
3/12/2005	2.79	2.79	2.7	2.78
3/13/2005	2.7	2.7	2.7	2.7
3/14/2005	2.79	2.7	2.7	2.76
3/15/2005	3.05	2.7	2.79	2.83
3/16/2005	3.65	3.05	3.05	2.9
3/17/2005	3.44	3.05	3.05	2.97
3/18/2005	3.05	3.05	3.05	3.05
3/19/2005	3.41	2.96	3.05	3.02
3/20/2005	3.07	2.96	2.96	2.99
3/21/2005	2.96	2.96	2.96	2.96
3/22/2005	3.02	3.02	2.96	3.02
3/23/2005	3.67	3.02	3.02	3.18
3/24/2005	5.53	3.02	3.67	3.29
3/25/2005	8.17	8.17	5.53	3.4
3/26/2005	13.99	8.17	8.17	3.52
3/27/2005	32.84	8.17	13.99	3.65
3/28/2005	50.32	25.11	32.84	3.78
3/29/2005	40.42	25.11	25.11	3.91
3/30/2005	25.11	25.11	12.4	4.05
3/31/2005	12.4	6.72	7.27	4.19
4/1/2005	7.27	6.72	6.72	4.34
4/2/2005	6.72	6.72	6.55	4.5
4/3/2005	6.55	6.4	6.46	4.65
4/4/2005	6.46	6.4	6.4	4.82
4/5/2005	6.4	6.4	6.28	4.99
4/6/2005	6.28	5.91	6.18	5.17
4/7/2005	6.18	5.91	5.91	5.35
4/8/2005	5.91	5.91	5.73	5.54
4/9/2005	5.73	5.63	5.73	5.73
4/10/2005	5.81	5.63	5.63	5.68
4/11/2005	5.63	5.63	5.63	5.63
4/12/2005	5.89	4.88	5.29	5.39
4/13/2005	5.29	4.88	4.88	5.17
4/14/2005	4.88	4.88	4.74	4.88
4/15/2005	4.74	4.74	4.74	4.74
4/16/2005	5.23	4.74	4.74	4.95
4/17/2005	5.81	4.74	5.23	5.16
4/18/2005	5.38	5.38	5.38	5.38
4/19/2005	7.74	5.38	5.38	5.38
4/20/2005	5.92	5.38	5.8	5.37
4/21/2005	5.8	5.44	5.77	5.36
4/22/2005	5.77	5.44	5.44	5.35
4/23/2005	5.44	5.44	5.34	5.35
4/24/2005	5.34	5.34	5.34	5.34
4/25/2005	5.47	5.34	5.34	5.21
4/26/2005	5.64	5.34	5.32	5.09
4/27/2005	5.32	4.85	4.85	4.97
4/28/2005	4.85	4.85	4.85	4.85
4/29/2005	4.89	4.85	4.63	4.74
4/30/2005	4.63	4.43	4.61	4.63
5/1/2005	4.61	4.43	4.43	4.53
5/2/2005	4.43	4.43	4.43	4.43
5/3/2005	4.6	4.29	4.38	4.32
5/4/2005	4.38	4.29	4.29	4.22
5/5/2005	4.29	4.29	4.28	4.12
5/6/2005	4.28	3.92	3.92	4.02
5/7/2005	3.92	3.92	3.92	3.92
5/8/2005	4.22	3.92	3.92	3.86
5/9/2005	4.3	3.66	3.9	3.79
5/10/2005	3.9	3.66	3.66	3.72
5/11/2005	3.66	3.66	3.66	3.66
5/12/2005	4.98	4.97	3.66	3.75
5/13/2005	6.12	4.97	4.97	3.83
5/14/2005	4.97	4.97	4.58	3.92
5/15/2005	4.58	4.11	4.11	4.02
5/16/2005	4.11	4.11	4.11	4.11
5/17/2005	4.56	4.11	4.11	4.09
5/18/2005	5.49	4.96	4.56	4.06
5/19/2005	6.51	4.96	4.96	4.04
5/20/2005	4.96	4.96	4.68	4.02
5/21/2005	4.68	4.37	4.58	3.99
5/22/2005	4.58	4.37	4.37	3.97
5/23/2005	4.37	4.37	4.06	3.95
5/24/2005	4.06	3.9	3.9	3.93
5/25/2005	3.9	3.9	3.9	3.9
5/26/2005	4	3.9	3.9	3.93
5/27/2005	3.95	3.95	3.95	3.95
5/28/2005	4.43	3.95	3.95	3.9
5/29/2005	4.21	3.95	3.93	3.85
5/30/2005	3.93	3.77	3.8	3.8
5/31/2005	3.8	3.77	3.77	3.75
6/1/2005	3.77	3.77	3.72	3.71
6/2/2005	3.72	3.61	3.61	3.66
6/3/2005	3.61	3.61	3.61	3.61
6/4/2005	4.02	3.61	3.61	3.66
6/5/2005	4.02	3.75	3.75	3.71
6/6/2005	3.75	3.75	3.75	3.75
6/7/2005	4.33	3.75	3.75	3.81
6/8/2005	5.57	3.98	4.25	3.87
6/9/2005	4.25	3.98	3.98	3.92
6/10/2005	3.98	3.98	3.98	3.98
6/11/2005	9.91	4.9	3.98	3.95
6/12/2005	5.29	4.9	4.9	3.92
6/13/2005	4.9	4.9	4.67	3.89
6/14/2005	4.67	4.16	4.37	3.86
6/15/2005	4.37	4.16	4.16	3.83
6/16/2005	4.16	4.16	4.02	3.8
6/17/2005	4.02	3.74	3.89	3.77
6/18/2005	3.89	3.74	3.74	3.74
6/19/2005	3.74	3.74	3.69	3.72
6/20/2005	3.69	3.54	3.69	3.69
6/21/2005	3.76	3.54	3.54	3.61
6/22/2005	3.54	3.54	3.54	3.54
6/23/2005	3.58	3.48	3.5	3.52
6/24/2005	3.5	3.48	3.48	3.5
6/25/2005	3.48	3.48	3.48	3.48
6/26/2005	3.52	3.19	3.48	3.38
6/27/2005	3.58	3.19	3.19	3.29
6/28/2005	3.19	3.19	3.19	3.19
6/29/2005	3.3	3.17	3.19	3.19
6/30/2005	3.25	3.17	3.17	3.18
7/1/2005	3.17	3.17	3.16	3.17
7/2/2005	3.16	3.16	3.16	3.16
7/3/2005	3.37	3.16	3.16	3.14
7/4/2005	3.45	3.16	3.25	3.12
7/5/2005	3.25	3.05	3.11	3.1
7/6/2005	3.11	3.05	3.05	3.08
7/7/2005	3.05	3.05	3.03	3.05
7/8/2005	3.03	2.86	3.03	3.03
7/9/2005	3.14	2.86	2.86	2.93
7/10/2005	2.86	2.86	2.74	2.83
7/11/2005	2.74	2.74	2.74	2.74
7/12/2005	2.79	2.74	2.74	2.72
7/13/2005	2.82	2.74	2.69	2.71
7/14/2005	2.69	2.68	2.69	2.69
7/15/2005	2.72	2.68	2.68	2.66
7/16/2005	2.68	2.68	2.61	2.63
7/17/2005	2.61	2.61	2.61	2.61
7/18/2005	3.12	2.61	2.61	2.7
7/19/2005	2.79	2.61	2.79	2.79
7/20/2005	3.13	2.85	2.79	2.79
7/21/2005	3.11	2.85	2.85	2.79
7/22/2005	2.85	2.85	2.79	2.79
7/23/2005	2.79	2.79	2.79	2.79
7/24/2005	3.12	2.79	2.79	2.72
7/25/2005	5.86	2.79	3.12	2.66
7/26/2005	4.44	3.17	3.3	2.61
7/27/2005	3.3	3.17	3.17	2.55
7/28/2005	3.17	3.17	2.83	2.49
7/29/2005	2.83	2.74	2.81	2.44
7/30/2005	2.81	2.74	2.74	2.38
7/31/2005	2.74	2.74	2.59	2.33
8/1/2005	2.59	2.54	2.58	2.28
8/2/2005	2.58	2.54	2.54	2.23
8/3/2005	2.54	2.54	2.13	2.18
8/4/2005	2.13	2.13	2.13	2.13
8/5/2005	2.18	2.13	2.13	2.18
8/6/2005	2.19	2.13	2.18	2.19
8/7/2005	2.33	2.33	2.19	2.33
8/8/2005	2.34	2.33	2.33	2.34
8/9/2005	2.78	2.33	2.34	2.49
8/10/2005	2.73	2.64	2.64	2.56
8/11/2005	2.64	2.64	2.64	2.64
8/12/2005	3.25	2.64	2.49	2.54
8/13/2005	2.49	2.24	2.27	2.43
8/14/2005	2.27	2.24	2.24	2.27
8/15/2005	2.24	2.24	2.24	2.24
8/16/2005	2.24	2.2	2.2	2.22
8/17/2005	2.2	2.2	2.2	2.2
8/18/2005	3.01	2.2	2.2	2.51
8/19/2005	2.87	2.42	2.87	2.87
8/20/2005	3.27	2.42	2.42	2.66
8/21/2005	2.42	2.42	2.29	2.42
8/22/2005	2.29	2.29	2.29	2.29
8/23/2005	2.34	2.29	2.29	2.31
8/24/2005	2.33	2.29	2.33	2.33
8/25/2005	2.4	2.4	2.33	2.3
8/26/2005	3.64	2.4	2.4	2.27
8/27/2005	3	2.4	2.28	2.24
8/28/2005	2.28	2.16	2.25	2.22
8/29/2005	2.25	2.16	2.16	2.19
8/30/2005	2.16	2.16	2.16	2.16
8/31/2005	2.22	2.07	2.07	2.12
9/1/2005	2.07	2.07	2.07	2.07
9/2/2005	2.1	2.07	2.07	2.06
9/3/2005	2.15	2.15	2.1	2.05
9/4/2005	2.46	2.15	2.15	2.04
9/5/2005	2.38	2.15	2.25	2.03
9/6/2005	2.25	2.01	2.01	2.02
9/7/2005	2.01	2.01	2.01	2.01
9/8/2005	2.43	2.01	2.01	2.04
9/9/2005	2.65	2.13	2.43	2.07
9/10/2005	2.45	2.13	2.13	2.1
9/11/2005	2.13	2.13	2.13	2.13
9/12/2005	2.19	2.19	2.13	2.12
9/13/2005	3.14	2.19	2.19	2.12
9/14/2005	2.47	2.19	2.13	2.11
9/15/2005	2.13	2.1	2.1	2.11
9/16/2005	2.1	2.1	2.1	2.1
9/17/2005	2.23	2.1	2.1	2.12
9/18/2005	2.28	2.22	2.23	2.13
9/19/2005	2.62	2.22	2.22	2.15
9/20/2005	2.22	2.22	2.19	2.17
9/21/2005	2.19	1.79	2.19	2.19
9/22/2005	2.27	1.79	1.79	1.98
9/23/2005	1.79	1.79	1.79	1.79
9/24/2005	2.17	2.17	1.79	2.08
9/25/2005	8.11	2.17	2.17	2.42
9/26/2005	3.91	2.17	3.26	2.81
9/27/2005	3.26	3.26	3.26	3.26
9/28/2005	3.63	3.26	3.26	3.29
9/29/2005	3.32	3.26	3.32	3.32
9/30/2005	3.46	3.46	3.32	3.27
10/1/2005	3.53	3.46	3.46	3.22
10/2/2005	3.54	3.46	3.53	3.17
10/3/2005	3.68	3.55	3.54	3.12
10/4/2005	3.73	3.55	3.55	3.07
10/5/2005	3.55	3.55	3	3.02
10/6/2005	3	2.88	2.99	2.97
10/7/2005	2.99	2.88	2.88	2.93
10/8/2005	2.88	2.88	2.83	2.88
10/9/2005	2.83	2.83	2.83	2.83
10/10/2005	2.85	2.83	2.83	2.78
10/11/2005	2.92	2.83	2.85	2.73
10/12/2005	3.01	3.01	2.92	2.68
10/13/2005	3.65	3.01	3.01	2.63
10/14/2005	3.1	3.01	2.64	2.58
10/15/2005	2.64	2.49	2.49	2.54
10/16/2005	2.49	2.49	2.49	2.49
10/17/2005	2.95	2.49	2.49	2.41
10/18/2005	2.78	2.3	2.53	2.34
10/19/2005	2.53	2.3	2.3	2.27
10/20/2005	2.3	2.3	2.13	2.2
10/21/2005	2.13	2.1	2.13	2.13
10/22/2005	2.35	2.1	2.1	2.07
10/23/2005	2.1	2.1	1.94	2.02
10/24/2005	1.94	1.87	1.93	1.94
10/25/2005	1.93	1.87	1.87	1.91
10/26/2005	1.87	1.87	1.83	1.86
10/27/2005	1.83	1.77	1.77	1.82
10/28/2005	1.77	1.77	1.77	1.77
10/29/2005	1.97	1.77	1.77	1.79
10/30/2005	2.47	1.86	1.97	1.81
10/31/2005	2.22	1.86	1.86	1.83
11/1/2005	1.86	1.86	1.86	1.86
11/2/2005	1.98	1.91	1.86	1.87
11/3/2005	1.97	1.91	1.91	1.89
11/4/2005	1.91	1.91	1.91	1.91
11/5/2005	2.07	2	1.91	1.86
11/6/2005	2.13	2	2	1.81
11/7/2005	2	2	1.84	1.76
11/8/2005	1.84	1.63	1.83	1.72
11/9/2005	1.83	1.63	1.63	1.68
11/10/2005	1.63	1.63	1.63	1.63
11/11/2005	1.76	1.76	1.63	1.64
11/12/2005	2.46	1.76	1.76	1.65
11/13/2005	2.49	1.76	1.67	1.66
11/14/2005	1.67	1.67	1.67	1.67
11/15/2005	2.46	1.67	1.67	1.71
11/16/2005	2.44	1.67	1.81	1.76
11/17/2005	1.81	1.81	1.81	1.81
11/18/2005	2.3	1.81	1.81	1.89
11/19/2005	2.22	1.81	2.08	1.99
11/20/2005	2.08	2.08	2.08	2.08
11/21/2005	2.13	2.08	2.08	2.08
11/22/2005	2.08	2.08	2.08	2.08
11/23/2005	2.19	1.53	1.53	1.79
11/24/2005	1.53	1.53	1.53	1.53
11/25/2005	1.64	1.53	1.53	1.58
11/26/2005	1.78	1.78	1.64	1.62
11/27/2005	2.74	1.78	1.78	1.67
11/28/2005	4.01	1.78	2.56	1.72
11/29/2005	2.56	1.82	1.82	1.76
11/30/2005	1.82	1.82	1.82	1.82
12/1/2005	1.88	1.82	1.81	1.81
12/2/2005	1.81	1.81	1.81	1.81
12/3/2005	2.04	1.81	1.81	1.74
12/4/2005	1.82	1.81	1.71	1.66
12/5/2005	1.71	1.53	1.53	1.6
12/6/2005	1.53	1.53	1.53	1.53
12/7/2005	1.56	1.53	1.53	1.56
12/8/2005	1.78	1.78	1.56	1.68
12/9/2005	2.03	1.78	1.78	1.76
12/10/2005	2.42	1.78	2.03	1.85
12/11/2005	2.31	2.03	2.03	1.94
12/12/2005	2.03	2.03	2.03	2.03
12/13/2005	2.23	2.03	2.03	1.92
12/14/2005	2.57	2.02	2.23	1.81
12/15/2005	2.53	2.02	2.02	1.71
12/16/2005	2.02	2.02	1.53	1.62
12/17/2005	1.53	1.44	1.44	1.53
12/18/2005	1.44	1.44	1.44	1.44
12/19/2005	1.65	1.44	1.44	1.52
12/20/2005	2.07	2.07	1.65	1.59
12/21/2005	2.21	2.07	2.07	1.67
12/22/2005	2.21	2.07	2.21	1.75
12/23/2005	2.25	1.93	1.93	1.84
12/24/2005	1.93	1.93	1.93	1.93
12/25/2005	2.03	1.93	1.93	1.95
12/26/2005	1.98	1.98	1.98	1.98
12/27/2005	2.1	1.98	1.98	2.01
12/28/2005	2.16	1.98	2.09	2.05
12/29/2005	2.09	2.09	2.09	2.09
12/30/2005	2.22	2.09	2.09	2.05
12/31/2005	2.14	2.09	1.98	2.02
1/1/2006	1.98	1.98	1.98	1.98
1/2/2006	2.2	1.98	1.98	2.04
1/3/2006	2.52	1.98	2.2	2.09
1/4/2006	2.59	2.2	2.2	2.14
1/5/2006	2.2	2.2	2.2	2.2
1/6/2006	2.29	2.2	2.2	2.13
1/7/2006	2.43	1.99	2.29	2.07
1/8/2006	2.39	1.99	1.99	2
1/9/2006	1.99	1.99	1.88	1.94
1/10/2006	1.88	1.88	1.88	1.88
1/11/2006	2.19	1.88	1.88	1.87
1/12/2006	2.29	1.88	2.09	1.85
1/13/2006	2.09	1.83	1.83	1.84
1/14/2006	1.83	1.83	1.83	1.83
1/15/2006	2.2	1.83	1.83	1.85
1/16/2006	2.33	1.91	2.05	1.87
1/17/2006	2.05	1.91	1.91	1.89
1/18/2006	1.91	1.91	1.91	1.91
1/19/2006	2.19	1.85	1.91	1.89
1/20/2006	2.01	1.85	1.85	1.87
1/21/2006	1.85	1.85	1.85	1.85
1/22/2006	1.97	1.97	1.85	1.95
1/23/2006	2.01	1.97	1.97	2.01
1/24/2006	2.57	1.97	2.01	2.17
1/25/2006	2.28	2.28	2.28	2.28
1/26/2006	2.34	2.28	2.28	2.34
1/27/2006	2.65	2.28	2.34	2.46
1/28/2006	2.7	2.7	2.65	2.55
1/29/2006	3.63	2.7	2.7	2.65
1/30/2006	2.94	2.7	2.86	2.75
1/31/2006	2.86	2.86	2.86	2.86
2/1/2006	3.01	2.86	2.86	2.72
2/2/2006	3.01	2.86	2.76	2.59
2/3/2006	2.76	2.35	2.35	2.47
2/4/2006	2.35	2.35	2.35	2.35
2/5/2006	2.38	2.35	2.29	2.32
2/6/2006	2.29	2.25	2.29	2.29
2/7/2006	2.39	2.25	2.25	2.26
2/8/2006	2.25	2.25	2.21	2.23
2/9/2006	2.21	2.21	2.21	2.21
2/10/2006	2.66	2.21	2.21	2.28
2/11/2006	2.35	2.21	2.35	2.35
2/12/2006	2.43	2.43	2.35	2.25
2/13/2006	2.5	2.43	2.43	2.15
2/14/2006	2.78	2.43	2.29	2.05
2/15/2006	2.29	1.79	2.21	1.96
2/16/2006	2.21	1.79	1.79	1.88
2/17/2006	1.79	1.79	1.79	1.79
2/18/2006	1.85	1.85	1.79	1.83
2/19/2006	2.41	1.85	1.85	1.86
2/20/2006	2.9	1.85	2.41	1.9
2/21/2006	2.92	2.79	2.9	1.94
2/22/2006	2.97	2.79	2.79	1.98
2/23/2006	2.79	2.79	2.63	2.02
2/24/2006	2.63	2.14	2.43	2.06
2/25/2006	2.43	2.14	2.14	2.1
2/26/2006	2.14	2.14	2.14	2.14
2/27/2006	2.53	2.53	2.14	2.19
2/28/2006	2.67	2.53	2.53	2.25
3/1/2006	2.8	2.53	2.67	2.3
3/2/2006	2.8	2.42	2.42	2.36
3/3/2006	2.42	2.42	2.42	2.42
3/4/2006	2.51	2.42	2.42	2.51
3/5/2006	2.76	2.76	2.51	2.64
3/6/2006	2.76	2.76	2.76	2.76
3/7/2006	2.96	2.76	2.76	2.78
3/8/2006	7.03	3.5	2.96	2.79
3/9/2006	14.29	3.5	3.5	2.8
3/10/2006	3.5	3.5	3.33	2.82
3/11/2006	3.33	2.85	2.85	2.83
3/12/2006	2.85	2.85	2.85	2.85
3/13/2006	3.73	2.85	2.64	2.64
3/14/2006	2.64	2.26	2.26	2.44
3/15/2006	2.26	2.26	2.26	2.26
3/16/2006	2.41	2.26	2.17	2.21
3/17/2006	2.17	2.17	2.17	2.17
3/18/2006	2.23	2.17	2.17	2.23
3/19/2006	2.37	2.17	2.23	2.37
3/20/2006	2.56	2.56	2.37	2.47
3/21/2006	2.6	2.56	2.56	2.59
3/22/2006	2.91	2.56	2.6	2.7
3/23/2006	3.06	3.06	2.91	2.82
3/24/2006	3.97	3.06	3.06	2.95
3/25/2006	4.23	3.06	3.97	3.09
3/26/2006	5.8	3.88	4.01	3.22
3/27/2006	4.01	3.88	3.88	3.37
3/28/2006	3.88	3.88	3.68	3.52
3/29/2006	3.68	3.68	3.68	3.68
3/30/2006	6.19	3.68	3.68	4.19
3/31/2006	10.34	3.68	5.44	4.77
4/1/2006	5.44	5.44	5.44	5.44
4/2/2006	8.1	5.44	5.44	5.18
4/3/2006	5.8	5.44	4.73	4.94
4/4/2006	4.73	4.49	4.49	4.71
4/5/2006	4.49	4.49	4.49	4.49
4/6/2006	4.49	4.49	4.44	4.34
4/7/2006	4.44	3.91	3.93	4.19
4/8/2006	3.93	3.91	3.91	3.93
4/9/2006	3.91	3.91	3.91	3.91
4/10/2006	4.02	3.66	3.88	3.82
4/11/2006	3.88	3.66	3.66	3.73
4/12/2006	3.66	3.66	3.55	3.64
4/13/2006	3.55	3.41	3.55	3.55
4/14/2006	3.61	3.41	3.41	3.49
4/15/2006	3.41	3.41	3.39	3.41
4/16/2006	3.39	3.25	3.28	3.37
4/17/2006	3.28	3.25	3.25	3.28
4/18/2006	3.25	3.25	3.25	3.25
4/19/2006	3.33	3.17	3.18	3.23
4/20/2006	3.18	3.17	3.17	3.18
4/21/2006	3.17	3.17	3.15	3.17
4/22/2006	3.15	3.14	3.15	3.15
4/23/2006	3.16	3.14	3.14	3.06
4/24/2006	3.14	3.14	2.88	2.97
4/25/2006	2.88	2.88	2.88	2.88
4/26/2006	2.89	2.88	2.88	2.89
4/27/2006	2.96	2.88	2.89	2.91
4/28/2006	2.93	2.93	2.93	2.93
4/29/2006	3.08	2.93	2.93	2.92
4/30/2006	4.07	2.93	3.08	2.9
5/1/2006	3.76	3.34	3.56	2.89
5/2/2006	3.56	3.34	3.34	2.88
5/3/2006	3.34	3.34	3.11	2.86
5/4/2006	3.11	2.82	2.9	2.85
5/5/2006	2.9	2.82	2.82	2.83
5/6/2006	2.82	2.82	2.82	2.82
5/7/2006	2.96	2.96	2.82	2.89
5/8/2006	2.96	2.96	2.96	2.96
5/9/2006	4.45	2.96	2.96	3.04
5/10/2006	3.72	3.2	3.2	3.12
5/11/2006	3.2	3.2	3.2	3.2
5/12/2006	3.59	3.2	3.2	3.17
5/13/2006	3.8	3.8	3.59	3.15
5/14/2006	3.87	3.8	3.8	3.12
5/15/2006	3.98	3.8	3.81	3.1
5/16/2006	3.81	3.26	3.46	3.07
5/17/2006	3.46	3.26	3.26	3.05
5/18/2006	3.26	3.26	3.22	3.03
5/19/2006	3.22	2.96	3.14	3
5/20/2006	3.14	2.96	2.96	2.98
5/21/2006	2.96	2.96	2.96	2.96
5/22/2006	2.96	2.96	2.96	2.96
5/23/2006	2.97	2.96	2.96	2.97
5/24/2006	2.99	2.96	2.97	2.97
5/25/2006	3.06	2.99	2.99	2.98
5/26/2006	2.99	2.99	2.99	2.98
5/27/2006	2.99	2.99	2.99	2.99
5/28/2006	3.03	2.9	2.9	2.95
5/29/2006	2.9	2.9	2.9	2.9
5/30/2006	3.37	2.9	2.78	2.84
5/31/2006	2.78	2.64	2.69	2.77
6/1/2006	2.69	2.64	2.64	2.69
6/2/2006	2.64	2.64	2.56	2.64
6/3/2006	2.56	2.53	2.53	2.56
6/4/2006	2.53	2.53	2.53	2.53
6/5/2006	2.55	2.53	2.53	2.52
6/6/2006	3.11	2.56	2.55	2.5
6/7/2006	2.73	2.56	2.56	2.48
6/8/2006	2.56	2.56	2.45	2.47
6/9/2006	2.45	2.45	2.45	2.45
6/10/2006	2.52	2.45	2.45	2.44
6/11/2006	2.59	2.45	2.45	2.44
6/12/2006	2.45	2.42	2.42	2.43
6/13/2006	2.42	2.42	2.42	2.42
6/14/2006	2.51	2.42	2.42	2.4
6/15/2006	2.55	2.55	2.51	2.39
6/16/2006	2.65	2.55	2.55	2.37
6/17/2006	2.69	2.55	2.58	2.35
6/18/2006	2.58	2.29	2.36	2.33
6/19/2006	2.36	2.29	2.29	2.31
6/20/2006	2.29	2.29	2.29	2.29
6/21/2006	2.5	2.05	2.18	2.21
6/22/2006	2.18	2.05	2.05	2.13
6/23/2006	2.05	2.05	2.05	2.05
6/24/2006	2.28	2.28	2.05	2.07
6/25/2006	2.81	2.28	2.28	2.09
6/26/2006	2.45	2.28	2.34	2.11
6/27/2006	2.34	2.16	2.22	2.13
6/28/2006	2.22	2.16	2.16	2.15
6/29/2006	2.16	2.16	2.16	2.16
6/30/2006	2.18	2.14	2.16	2.1
7/1/2006	2.33	2.14	2.14	2.04
7/2/2006	2.14	2.14	2.07	1.98
7/3/2006	2.07	1.81	1.94	1.92
7/4/2006	1.94	1.81	1.81	1.86
7/5/2006	1.81	1.81	1.81	1.81
7/6/2006	1.83	1.83	1.81	1.82
7/7/2006	1.83	1.83	1.83	1.83
7/8/2006	2.04	1.83	1.83	1.85
7/9/2006	2.1	1.88	1.88	1.86
7/10/2006	1.88	1.88	1.88	1.88
7/11/2006	2.03	1.88	1.88	1.94
7/12/2006	2.11	2.08	2.03	2.01
7/13/2006	2.08	2.08	2.08	2.08
7/14/2006	2.32	2.08	2.08	2.13
7/15/2006	2.19	2.19	2.19	2.19
7/16/2006	2.37	2.19	2.19	2.18
7/17/2006	2.35	2.19	2.14	2.16
7/18/2006	2.14	2.14	2.14	2.14
7/19/2006	2.36	2.14	2.14	2.22
7/20/2006	4.27	2.14	2.36	2.3
7/21/2006	2.39	2.34	2.39	2.39
7/22/2006	2.42	2.34	2.34	2.37
7/23/2006	2.34	2.34	2.34	2.34
7/24/2006	2.35	2.3	2.34	2.28
7/25/2006	2.79	2.3	2.3	2.21
7/26/2006	2.3	2.3	2.13	2.14
7/27/2006	2.13	2.02	2.02	2.08
7/28/2006	2.02	2.02	2.02	2.02
7/29/2006	2.03	2.02	2.02	2.03
7/30/2006	2.11	2.05	2.03	2.04
7/31/2006	2.07	2.05	2.05	2.05
8/1/2006	2.05	2.05	2.05	2.05
8/2/2006	3.3	1.87	2.05	1.99
8/3/2006	2.14	1.87	1.87	1.93
8/4/2006	1.87	1.87	1.82	1.87
8/5/2006	1.82	1.67	1.82	1.82
8/6/2006	2.28	1.67	1.67	1.7
8/7/2006	1.67	1.67	1.49	1.59
8/8/2006	1.49	1.49	1.49	1.49
8/9/2006	1.5	1.49	1.49	1.48
8/10/2006	1.63	1.49	1.45	1.46
8/11/2006	1.45	1.45	1.45	1.45
8/12/2006	1.49	1.45	1.45	1.49
8/13/2006	2.26	1.45	1.49	1.63
8/14/2006	4.17	1.96	2.07	1.74
8/15/2006	2.07	1.96	1.96	1.85
8/16/2006	1.96	1.96	1.96	1.96
8/17/2006	2.44	2.29	1.96	1.94
8/18/2006	2.36	2.29	2.29	1.92
8/19/2006	2.29	2.29	1.96	1.9
8/20/2006	1.96	1.84	1.91	1.88
8/21/2006	1.91	1.84	1.84	1.86
8/22/2006	1.84	1.84	1.84	1.84
8/23/2006	2.25	2.25	1.84	1.88
8/24/2006	2.25	2.25	2.25	1.92
8/25/2006	3.28	2.25	2.25	1.95
8/26/2006	2.61	2.07	2.27	1.99
8/27/2006	2.27	2.07	2.07	2.03
8/28/2006	2.07	2.07	2.07	2.07
8/29/2006	2.25	1.9	2.07	2.02
8/30/2006	2.15	1.9	1.9	1.97
8/31/2006	1.9	1.9	1.85	1.9
9/1/2006	1.85	1.83	1.83	1.85
9/2/2006	1.83	1.83	1.83	1.83
9/3/2006	2.02	1.83	1.83	1.85
9/4/2006	2.34	1.96	2.02	1.87
9/5/2006	2.1	1.96	1.96	1.9
9/6/2006	1.96	1.96	1.94	1.92
9/7/2006	1.94	1.57	1.94	1.94
9/8/2006	2.02	1.57	1.57	1.75
9/9/2006	1.57	1.57	1.57	1.57
9/10/2006	1.7	1.7	1.57	1.65
9/11/2006	2.65	1.7	1.7	1.73
9/12/2006	2.47	1.7	2.21	1.81
9/13/2006	2.21	1.99	1.99	1.9
9/14/2006	1.99	1.99	1.99	1.99
9/15/2006	2	1.99	1.99	1.94
9/16/2006	2.38	1.93	2	1.89
9/17/2006	3.01	1.93	1.93	1.85
9/18/2006	1.93	1.93	1.81	1.8
9/19/2006	1.81	1.71	1.71	1.76
9/20/2006	1.71	1.71	1.71	1.71
9/21/2006	1.78	1.71	1.71	1.77
9/22/2006	2.64	2.34	1.78	1.83
9/23/2006	2.55	2.34	2.34	1.89
9/24/2006	2.34	2.34	2.02	1.96
9/25/2006	2.02	2.02	2.02	2.02
9/26/2006	2.04	2.02	2.02	2.02
9/27/2006	2.57	2.02	2	2.01
9/28/2006	2	2	2	2
9/29/2006	2.05	2	2	2
9/30/2006	2.34	2	2.05	2
10/1/2006	2.28	2.28	2.28	2.09
10/2/2006	2.67	2.28	2.28	2.09
10/3/2006	2.63	2.28	2.57	2.09
10/4/2006	2.57	2.09	2.09	2.09
10/5/2006	2.09	2.09	2.09	2.09
10/6/2006	2.16	2.09	2.09	2.07
10/7/2006	2.53	2.11	2.16	2.05
10/8/2006	2.56	2.11	2.11	2.03
10/9/2006	2.11	2.11	2	2.02
10/10/2006	2	1.69	2	2
10/11/2006	2.39	1.69	1.69	1.84
10/12/2006	1.69	1.69	1.69	1.69
10/13/2006	1.99	1.95	1.69	1.82
10/14/2006	1.95	1.95	1.95	1.95
10/15/2006	2.02	1.95	1.95	1.99
10/16/2006	2.67	2.23	2.02	2.02
10/17/2006	2.74	2.23	2.23	2.06
10/18/2006	2.23	2.23	2.14	2.1
10/19/2006	2.14	2.14	2.14	2.14
10/20/2006	2.16	2.14	2.14	2.04
10/21/2006	2.15	2.14	1.87	1.95
10/22/2006	1.87	1.85	1.87	1.87
10/23/2006	1.93	1.85	1.85	1.86
10/24/2006	1.85	1.85	1.85	1.85
10/25/2006	1.9	1.71	1.71	1.78
10/26/2006	1.71	1.71	1.71	1.71
10/27/2006	1.88	1.71	1.71	1.77
10/28/2006	1.97	1.89	1.88	1.83
10/29/2006	1.89	1.89	1.89	1.89
10/30/2006	2.24	1.89	1.56	1.72
10/31/2006	1.56	1.43	1.43	1.56
11/1/2006	1.43	1.43	1.43	1.43
11/2/2006	1.44	1.43	1.43	1.44
11/3/2006	1.45	1.45	1.44	1.45
11/4/2006	1.76	1.45	1.45	1.67
11/5/2006	1.76	1.45	1.76	1.76
11/6/2006	1.84	1.84	1.76	1.75
11/7/2006	2.18	1.84	1.84	1.75
11/8/2006	2.44	1.84	2.01	1.75
11/9/2006	2.01	1.75	1.77	1.75
11/10/2006	1.77	1.75	1.75	1.75
11/11/2006	1.75	1.75	1.75	1.75
11/12/2006	1.9	1.9	1.75	1.77
11/13/2006	2.74	1.9	1.9	1.8
11/14/2006	2.63	1.9	2.6	1.82
11/15/2006	2.6	2.34	2.47	1.85
11/16/2006	2.47	2.34	2.34	1.87
11/17/2006	2.34	2.34	2.22	1.9
11/18/2006	2.22	1.98	2.02	1.93
11/19/2006	2.02	1.98	1.98	1.95
11/20/2006	1.98	1.98	1.98	1.98
11/21/2006	2.34	2.2	1.98	2.09
11/22/2006	2.2	2.2	2.2	2.2
11/23/2006	2.3	2.2	2.2	2.22
11/24/2006	2.49	2.25	2.25	2.23
11/25/2006	2.25	2.25	2.25	2.25
11/26/2006	2.31	2.25	2.25	2.2
11/27/2006	2.63	2.63	2.31	2.16
11/28/2006	4.14	2.63	2.63	2.11
11/29/2006	4.19	2.63	2.56	2.07
11/30/2006	2.56	2.11	2.43	2.02
12/1/2006	2.43	2.11	2.11	1.98
12/2/2006	2.11	2.11	1.9	1.94
12/3/2006	1.9	1.9	1.9	1.9
12/4/2006	2.08	1.9	1.9	1.77
12/5/2006	2.1	1.9	2.08	1.65
12/6/2006	2.21	1.43	1.43	1.54
12/7/2006	1.43	1.43	1.43	1.43
12/8/2006	1.78	1.43	1.43	1.59
12/9/2006	2.18	2.14	1.78	1.75
12/10/2006	2.22	2.14	2.14	1.94
12/11/2006	2.14	2.14	2.14	2.14
12/12/2006	2.85	2.4	2.14	2.27
12/13/2006	2.4	2.4	2.4	2.4
12/14/2006	2.54	2.4	2.3	2.24
12/15/2006	2.3	1.9	2.23	2.08
12/16/2006	2.23	1.9	1.9	1.94
12/17/2006	1.9	1.9	1.68	1.8
12/18/2006	1.68	1.56	1.56	1.68
12/19/2006	1.56	1.56	1.56	1.56
12/20/2006	1.8	1.56	1.56	1.57
12/21/2006	4.33	2.56	1.8	1.58
12/22/2006	2.86	2.56	2.56	1.58
12/23/2006	2.56	2.56	2.09	1.59
12/24/2006	2.09	1.61	1.85	1.6
12/25/2006	1.85	1.61	1.61	1.61
12/26/2006	1.61	1.61	1.61	1.61
12/27/2006	1.67	1.46	1.54	1.56
12/28/2006	1.54	1.46	1.46	1.51
12/29/2006	1.46	1.46	1.46	1.46
12/30/2006	1.71	1.71	1.46	1.61
12/31/2006	6.07	1.71	1.71	1.78
1/1/2007	3.05	1.71	2.17	1.97
1/2/2007	2.17	2.17	2.17	2.17
1/3/2007	2.3	2.17	2.17	2.07
1/4/2007	2.58	2.17	2.3	1.97
1/5/2007	2.6	2.16	2.23	1.87
1/6/2007	2.23	2.16	2.16	1.78
1/7/2007	2.16	2.16	1.98	1.69
1/8/2007	1.98	1.53	1.53	1.61
1/9/2007	1.53	1.53	1.53	1.53
1/10/2007	1.63	1.53	1.53	1.44
1/11/2007	1.91	1.21	1.38	1.36
1/12/2007	1.38	1.21	1.21	1.28
1/13/2007	1.21	1.21	1.21	1.21
1/14/2007	1.36	0.88	1.21	1.09
1/15/2007	1.4	0.88	0.88	0.98
1/16/2007	0.88	0.88	0.88	0.88
1/17/2007	1.16	1.16	0.88	0.92
1/18/2007	1.53	1.16	1.16	0.97
1/19/2007	1.29	1.16	1.06	1.01
1/20/2007	1.06	1.06	1.06	1.06
1/21/2007	1.42	1.06	1.06	1.09
1/22/2007	1.48	1.06	1.42	1.12
1/23/2007	1.42	1.22	1.37	1.15
1/24/2007	1.37	1.22	1.22	1.18
1/25/2007	1.22	1.22	1.22	1.22
1/26/2007	1.65	1	1.22	1.14
1/27/2007	1.31	1	1	1.07
1/28/2007	1	1	1	1
1/29/2007	1.19	0.98	0.98	0.99
1/30/2007	0.98	0.98	0.98	0.98
1/31/2007	0.99	0.98	0.98	0.82
2/1/2007	1.12	0.63	0.91	0.7
2/2/2007	0.91	0.63	0.63	0.59
2/3/2007	0.63	0.63	0.45	0.49
2/4/2007	0.45	0.35	0.35	0.42
2/5/2007	0.35	0.35	0.35	0.35
2/6/2007	0.56	0.35	0.35	0.41
2/7/2007	0.67	0.65	0.56	0.48
2/8/2007	0.66	0.65	0.65	0.56
2/9/2007	0.65	0.65	0.65	0.65
2/10/2007	0.74	0.74	0.65	0.68
2/11/2007	1.08	0.74	0.74	0.7
2/12/2007	1.16	0.74	1.03	0.72
2/13/2007	1.03	0.8	0.85	0.75
2/14/2007	0.85	0.8	0.8	0.77
2/15/2007	0.8	0.8	0.8	0.8
2/16/2007	0.99	0.99	0.8	0.85
2/17/2007	1.1	0.99	0.99	0.91
2/18/2007	1.12	0.99	1.1	0.97
2/19/2007	1.38	1.38	1.12	1.03
2/20/2007	1.5	1.38	1.38	1.1
2/21/2007	3.8	1.38	1.5	1.17
2/22/2007	3.2	1.33	1.33	1.25
2/23/2007	1.33	1.33	1.33	1.33
2/24/2007	1.35	1.33	1.33	1.35
2/25/2007	1.79	1.46	1.35	1.39
2/26/2007	1.73	1.46	1.46	1.42
2/27/2007	1.46	1.46	1.46	1.46
2/28/2007	1.47	1.47	1.46	1.38
3/1/2007	1.75	1.47	1.47	1.3
3/2/2007	1.71	1.47	1.28	1.23
3/3/2007	1.28	1.1	1.11	1.16
3/4/2007	1.11	1.1	1.1	1.09
3/5/2007	1.1	1.1	0.98	1.03
3/6/2007	0.98	0.98	0.98	0.98
3/7/2007	1.15	0.98	0.98	1.13
3/8/2007	1.2	0.98	1.15	1.2
3/9/2007	1.46	1.46	1.2	1.46
3/10/2007	1.74	1.46	1.46	1.74
3/11/2007	2.7	1.46	1.74	2.02
3/12/2007	34.43	11.09	2.7	2.33
3/13/2007	80.98	11.09	11.09	2.7
3/14/2007	11.09	11.09	4.98	3.12
3/15/2007	4.98	4.17	4.17	3.61
3/16/2007	4.17	4.17	4.17	4.17
3/17/2007	4.33	4.17	4.17	4.25
3/18/2007	4.33	4.17	4.33	4.33
3/19/2007	7.23	4.17	4.17	4.25
3/20/2007	4.17	4.17	4.17	4.17
3/21/2007	5.87	4.72	4.17	4.25
3/22/2007	10.91	4.72	4.72	4.33
3/23/2007	4.72	4.72	4.49	4.41
3/24/2007	4.49	4.44	4.49	4.49
3/25/2007	5	4.44	4.44	4.33
3/26/2007	4.44	4.44	4.08	4.17
3/27/2007	4.08	3.72	4.03	4.01
3/28/2007	4.03	3.72	3.72	3.87
3/29/2007	3.72	3.72	3.72	3.72
3/30/2007	5.28	5.28	3.72	3.71
3/31/2007	5.52	5.28	5.28	3.69
4/1/2007	5.92	5.28	4.8	3.67
4/2/2007	4.8	4.14	4.68	3.66
4/3/2007	4.68	4.14	4.14	3.64
4/4/2007	4.14	4.14	3.88	3.62
4/5/2007	3.88	3.62	3.71	3.6
4/6/2007	3.71	3.62	3.62	3.59
4/7/2007	3.62	3.62	3.62	3.57
4/8/2007	3.62	3.52	3.59	3.56
4/9/2007	3.59	3.52	3.52	3.54
4/10/2007	3.52	3.52	3.52	3.52
4/11/2007	3.92	3.92	3.52	3.52
4/12/2007	3.94	3.92	3.92	3.51
4/13/2007	4.12	3.92	3.94	3.5
4/14/2007	4.13	3.81	3.89	3.49
4/15/2007	3.89	3.81	3.81	3.49
4/16/2007	3.81	3.81	3.74	3.48
4/17/2007	3.74	3.53	3.61	3.47
4/18/2007	3.61	3.53	3.53	3.47
4/19/2007	3.53	3.53	3.45	3.46
4/20/2007	3.45	3.45	3.45	3.45
4/21/2007	3.53	3.45	3.45	3.43
4/22/2007	3.64	3.45	3.53	3.4
4/23/2007	3.62	3.33	3.34	3.38
4/24/2007	3.34	3.33	3.33	3.34
4/25/2007	3.33	3.33	3.33	3.33
4/26/2007	3.34	3.26	3.33	3.3
4/27/2007	3.35	3.26	3.26	3.27
4/28/2007	3.26	3.26	3.21	3.24
4/29/2007	3.21	3.18	3.18	3.21
4/30/2007	3.18	3.18	3.18	3.18
5/1/2007	3.32	3.18	3.09	3.12
5/2/2007	3.09	3	3.03	3.07
5/3/2007	3.03	3	3	3.01
5/4/2007	3	3	2.97	2.96
5/5/2007	2.97	2.86	2.86	2.91
5/6/2007	2.86	2.86	2.86	2.86
5/7/2007	2.96	2.86	2.86	2.83
5/8/2007	3.06	2.97	2.96	2.81
5/9/2007	3.01	2.97	2.97	2.79
5/10/2007	2.97	2.97	2.81	2.76
5/11/2007	2.81	2.72	2.72	2.74
5/12/2007	2.72	2.72	2.72	2.72
5/13/2007	3.08	2.72	2.72	2.66
5/14/2007	3.07	2.6	2.83	2.61
5/15/2007	2.83	2.6	2.6	2.56
5/16/2007	2.6	2.6	2.44	2.51
5/17/2007	2.44	2.42	2.42	2.44
5/18/2007	2.42	2.42	2.42	2.42
5/19/2007	2.74	2.42	2.42	2.49
5/20/2007	2.56	2.56	2.56	2.56
5/21/2007	2.7	2.56	2.56	2.57
5/22/2007	2.8	2.56	2.7	2.59
5/23/2007	3.23	2.95	2.8	2.6
5/24/2007	4.19	2.95	2.95	2.61
5/25/2007	2.95	2.95	2.82	2.62
5/26/2007	2.82	2.66	2.74	2.64
5/27/2007	2.74	2.66	2.66	2.65
5/28/2007	2.66	2.66	2.66	2.66
5/29/2007	2.77	2.74	2.66	2.7
5/30/2007	2.74	2.74	2.74	2.74
5/31/2007	2.87	2.74	2.65	2.7
6/1/2007	2.65	2.65	2.65	2.65
6/2/2007	2.78	2.65	2.65	2.62
6/3/2007	2.89	2.65	2.78	2.58
6/4/2007	2.88	2.51	2.51	2.55
6/5/2007	2.51	2.51	2.51	2.51
6/6/2007	2.53	2.51	2.51	2.37
6/7/2007	2.82	2	2.16	2.24
6/8/2007	2.16	2	2	2.12
6/9/2007	2	2	2	2
6/10/2007	2.14	1.97	2	1.98
6/11/2007	2.05	1.97	1.97	1.97
6/12/2007	1.97	1.97	1.93	1.95
6/13/2007	1.93	1.93	1.93	1.93
6/14/2007	1.97	1.93	1.93	1.89
6/15/2007	2.02	1.93	1.97	1.86
6/16/2007	2.02	2.02	2.02	1.82
6/17/2007	2.12	2.02	2.02	1.79
6/18/2007	2.35	2.02	1.89	1.76
6/19/2007	1.89	1.69	1.69	1.72
6/20/2007	1.69	1.69	1.69	1.69
6/21/2007	2.19	1.69	1.69	1.69
6/22/2007	1.7	1.69	1.69	1.69
6/23/2007	1.69	1.69	1.69	1.68
6/24/2007	1.69	1.69	1.68	1.68
6/25/2007	1.68	1.63	1.68	1.68
6/26/2007	1.8	1.63	1.63	1.58
6/27/2007	1.63	1.63	1.33	1.48
6/28/2007	1.33	1.29	1.3	1.33
6/29/2007	1.3	1.29	1.29	1.3
6/30/2007	1.29	1.29	1.16	1.23
7/1/2007	1.16	1.16	1.16	1.16
7/2/2007	1.19	1.16	1.16	1.18
7/3/2007	1.56	1.16	1.19	1.2
7/4/2007	1.68	1.28	1.37	1.23
7/5/2007	1.37	1.28	1.28	1.25
7/6/2007	1.28	1.28	1.28	1.28
7/7/2007	1.38	1.38	1.28	1.23
7/8/2007	1.56	1.38	1.38	1.19
7/9/2007	1.41	1.38	1.19	1.14
7/10/2007	1.19	1.02	1.03	1.1
7/11/2007	1.03	1.02	1.02	1.03
7/12/2007	1.02	1.02	1.02	1.02
7/13/2007	1.04	1.04	1.02	1.03
7/14/2007	1.19	1.04	1.04	1.04
7/15/2007	1.06	1.04	1.06	1.06
7/16/2007	1.13	1.13	1.06	1.04
7/17/2007	1.49	1.13	1.13	1.02
7/18/2007	1.57	1.13	1.34	1
7/19/2007	1.34	0.97	0.97	0.98
7/20/2007	0.97	0.97	0.97	0.97
7/21/2007	0.98	0.97	0.97	0.98
7/22/2007	1.4	1.4	0.98	1.09
7/23/2007	2.41	1.4	1.4	1.16
7/24/2007	1.42	1.4	1.31	1.23
7/25/2007	1.31	1.31	1.31	1.31
7/26/2007	1.6	1.31	1.31	1.26
7/27/2007	2.39	1.31	1.21	1.22
7/28/2007	1.21	1.08	1.15	1.17
7/29/2007	1.15	1.08	1.08	1.13
7/30/2007	1.08	1.08	1.05	1.08
7/31/2007	1.05	1.03	1.05	1.05
8/1/2007	1.07	1.03	1.03	1
8/2/2007	1.03	1.03	0.89	0.94
8/3/2007	0.89	0.89	0.89	0.89
8/4/2007	1.11	0.89	0.89	0.95
8/5/2007	2.25	0.89	1.11	1.01
8/6/2007	1.6	1.22	1.57	1.07
8/7/2007	1.57	1.22	1.22	1.15
8/8/2007	1.22	1.22	1.22	1.22
8/9/2007	1.71	1.25	1.22	1.23
8/10/2007	1.25	1.25	1.25	1.25
8/11/2007	3.22	1.25	1.25	1.61
8/12/2007	8.69	2.69	2.69	2.08
8/13/2007	2.69	2.69	2.69	2.69
8/14/2007	11.04	2.69	2.69	2.62
8/15/2007	3.39	2.42	2.88	2.55
8/16/2007	2.88	2.42	2.42	2.49
8/17/2007	2.42	2.42	2.42	2.42
8/18/2007	3.48	3.48	2.42	2.49
8/19/2007	15.67	3.48	3.48	2.55
8/20/2007	6.13	3.48	5.12	2.62
8/21/2007	5.12	3.99	4.6	2.69
8/22/2007	4.6	3.99	3.99	2.76
8/23/2007	3.99	3.99	3.67	2.83
8/24/2007	3.67	3.06	3.3	2.91
8/25/2007	3.3	3.06	3.06	2.99
8/26/2007	3.06	3.06	3.06	3.06
8/27/2007	3.61	2.95	3.06	2.93
8/28/2007	3.33	2.95	2.95	2.81
8/29/2007	2.95	2.95	2.58	2.69
8/30/2007	2.58	2.31	2.44	2.57
8/31/2007	2.44	2.31	2.31	2.44
9/1/2007	2.31	2.31	2.25	2.31
9/2/2007	2.25	2.25	2.25	2.25
9/3/2007	2.3	2.25	2.25	2.25
9/4/2007	2.25	2.25	2.25	2.25
9/5/2007	2.28	2.26	2.25	2.25
9/6/2007	2.26	2.26	2.26	2.26
9/7/2007	5.87	2.26	2.26	2.42
9/8/2007	3.09	2.78	2.78	2.59
9/9/2007	2.78	2.78	2.78	2.78
9/10/2007	2.97	2.78	2.78	2.72
9/11/2007	2.88	2.61	2.61	2.66
9/12/2007	2.61	2.61	2.61	2.61
9/13/2007	2.72	2.61	2.49	2.51
9/14/2007	2.49	2.34	2.34	2.42
9/15/2007	2.34	2.34	2.34	2.34
9/16/2007	2.49	2.34	2.34	2.38
9/17/2007	2.61	2.61	2.49	2.42
9/18/2007	2.91	2.61	2.61	2.47
9/19/2007	2.64	2.61	2.56	2.52
9/20/2007	2.56	2.56	2.56	2.56
9/21/2007	3.14	2.56	2.56	2.58
9/22/2007	2.68	2.56	2.6	2.59
9/23/2007	2.6	2.6	2.6	2.6
9/24/2007	3.31	2.6	2.6	2.78
9/25/2007	9.32	2.6	3.31	2.96
9/26/2007	4.16	3.61	4.12	3.17
9/27/2007	4.12	3.61	3.61	3.38
9/28/2007	3.61	3.61	3.61	3.61
9/29/2007	4.01	4.01	3.61	3.61
9/30/2007	6.33	4.01	4.01	3.61
